13:54:42	Suna	Guardian	Yo :o
13:54:56	Suna	Guardian	haha, you finished it?
14:05:40	Suna	Guardian	Gime some money and a rain vest, i wanna make the most op look evah :o
14:06:08	Suna	Guardian	asshole
14:11:22	Suna	Raditz	kaguya light
14:13:01	Suna	Raditz	Guardian
14:13:07	Suna	Guardian	Sup
14:13:28	Suna	Raditz	say yolo for me real quick 
14:13:32	Suna	Guardian	yolo
14:13:36	Suna	Guardian	lol
14:13:36	Suna	Raditz	nice faction 
14:14:58	Suna	Raditz	Guardian leave that faction real quick
14:15:05	Suna	Guardian	done
14:15:53	Suna	Raditz	That&#39;s a better faction name
14:15:58	Suna	Guardian	
14:16:02	Suna	Guardian	Eww
14:16:04	Suna	Guardian	jk
14:16:05	Suna	Raditz	:D
14:16:47	Suna	Raditz	ok
14:17:53	Kiri	Kirito	Exteban
14:17:59	Kiri	Kirito	its me sensuya ^_^
14:18:16	Kiri	Kirito	nm :3
14:20:32	Kiri	Kirito	Exte make me lvl 100 now!
14:20:36	Kiri	Kirito	:p
14:20:39	Kiri	Kirito	and why did you wipe lol
14:23:15	Kiri	Kirito	Exte
14:23:54	Suna	Guardian	eww
14:23:57	Suna	Raditz	noo
14:24:00	Kiri	Kirito	Exte kun
14:24:14	Suna	Guardian	chicken
14:24:15	Kiri	Kirito	Make me lvl 50 or something exte :l
14:24:16	Suna	Guardian	jajajja
14:24:26	Kiri	Kirito	do you know how long it took me to train last wipe? 
14:24:43	Kiri	Kirito	why exte
14:24:48	Suna	Guardian	Make me rain leader for 10 min :o
14:24:55	Suna	Guardian	I wanna see how i would look with it
14:25:02	Kiri	Kirito	catch ya later then exte lol
14:25:11	Kiri	Kirito	u need to log on your other game so i can join it
14:25:14	Kiri	Kirito	i got your key added
14:25:33	Suna	Raditz	guardian have you got verbs of the faction
14:25:34	Suna	Raditz	?
14:25:45	Suna	Guardian	not anymore
14:25:47	Suna	Guardian	jajajaja
14:25:53	Suna	Uchiha -E-	raditz
14:25:56	Suna	Raditz	?
14:25:58	Suna	Uchiha -E-	like run + jutsu?
14:26:03	Suna	Raditz	huh
14:26:14	Suna	Raditz	no
14:26:26	Suna	Uchiha -E-	lol why?
14:26:29	Suna	Raditz	i like it the way its always been
14:26:42	Suna	Uchiha -E-	they are gona add this on officials
14:26:54	Suna	Raditz	
14:26:57	Kiri	Bloodtaster	Rawr.
14:26:59	Kiri	Bloodtaster	Old saves.
14:27:02	Suna	Raditz	Battles had an issue where they could miss out on regeneration in certain scenarios while poisoned
14:27:41	Suna	Raditz	ok
14:27:47	Suna	Guardian	lol
14:28:02	Suna	Raditz	Who wants spagetti with bolonaise
14:28:06	Suna	Guardian	ME
14:28:09	Suna	Uchiha -E-	xD
14:28:12	Suna	Raditz	Coming right up
14:28:18	Suna	Guardian	mm
14:29:24	Suna	Uchiha -E-	i want some pizza
14:29:44	Suna	Guardian	i had it yesterday
14:29:46	Suna	Raditz	Are you sure ?
14:29:49	Suna	Guardian	ohh come on
14:29:52	Suna	Uchiha -E-	LOl
14:29:57	Suna	Raditz	lol
14:29:58	Suna	Guardian	..
14:30:14	Suna	Uchiha -E-	what rank you want?
14:30:19	Suna	Guardian	well atleast its original :o
14:30:32	Suna	Guardian	i like it
14:30:41	Suna	Uchiha -E-	lol
14:30:45	Suna	Uchiha -E-	ik you do
14:30:49	Suna	Guardian	jk
14:30:50	Suna	Guardian	-.-
14:34:17	Suna	Raditz	exte
14:34:49	Suna	Uchiha -E-	?
14:36:03	Suna	Raditz	taizu
14:36:05	Suna	Raditz	good luck
14:36:09	Suna	Taizu	o.o
14:36:11	Suna	Taizu	?
14:36:16	Suna	Guardian	lol
14:36:18	Suna	Guardian	yay
14:36:19	Suna	Taizu	-.-
14:36:21	Suna	Guardian	Chewnin
14:36:28	Suna	Raditz	2 suna nins fighting each other for chunin
14:36:43	Suna	Taizu	rofl
14:36:46	Suna	Guardian	ohh lol
14:36:49	Suna	Guardian	Im not a genin
14:36:49	Suna	Taizu	looks like e doesnt want you to do it
14:36:55	Suna	Raditz	omg
14:37:16	Suna	Uchiha -E-	bug o.o
14:37:16	Suna	Guardian	-.-
14:37:26	Suna	Raditz	It&#39;s exte messing about with it
14:37:33	Suna	Uchiha -E-	nope
14:37:43	Suna	Guardian	JAJAJAJJAJAJAJAJAJJAJAJAJJAJAJAJAJAJJAJAJAJJAJAJAJAJAJJAJAJAJJAJAJAJAJAJJAJAJAJJAJAJAJAJAJJAJAJAJJAJAJAJAJAJJAJAJAJJAJAJAJAJAJJAJAJAJJAJAJAJAJAJJAJAJAJJAJAJAJAJAJ
14:38:28	Suna	Guardian	
14:38:45	Suna	Guardian	what about mah rain vestie :/
