19:51:59	Konoha	Namikaze Taizu	o.o
19:52:08	Konoha	Namikaze Taizu	exteban what r you doin with this server?
19:52:17	Konoha	Hatake -E-	fixing it
19:52:20	Konoha	Hatake -E-	why o.O
19:52:23	Konoha	Namikaze Taizu	r you gonna leave it up?
19:52:30	Konoha	Namikaze Taizu	like as a leveling
19:52:36	Konoha	Namikaze Taizu	or just insta 100..
19:52:45	Konoha	Hatake -E-	leveling
19:52:52	Konoha	Hatake -E-	insta 100 sucks
19:52:56	Konoha	Namikaze Taizu	anytime soon?
19:52:56	Konoha	Hatake -E-	isnt fun at all
19:53:06	Konoha	Hatake -E-	as soon as i finish testing everything
19:53:14	Konoha	Namikaze Taizu	want me to help with testing?
19:53:28	Konoha	Hatake -E-	yeh i needed help with some stuff
19:53:39	Konoha	Namikaze Taizu	ack
19:53:45	Konoha	Namikaze Taizu	u didnt put in a point distributer &gt;.&lt;
19:53:51	Konoha	Hatake -E-	lol forgot
19:53:58	Konoha	Hatake -E-	ill put one later &gt;.&lt;
19:54:02	Konoha	Hatake -E-	use kawa plz
19:54:16	Konoha	Namikaze Taizu	its goin
19:54:32	Konoha	Hatake -E-	use again plz
19:54:45	Konoha	Hatake -E-	****
19:54:48	Konoha	Hatake -E-	isnt done
19:54:49	Konoha	Hatake -E-	...
19:54:50	Konoha	Namikaze Taizu	its doin it too early
19:55:00	Konoha	Hatake -E-	its auto activating QQ
19:55:23	Konoha	Namikaze Taizu	clones still bugged?
19:55:48	Konoha	Hatake -E-	clones are going to be like dan wanted them to be at the start
19:55:54	Konoha	Hatake -E-	non jutsu users
19:55:58	Konoha	Hatake -E-	but high tai dmg
19:55:58	Konoha	Namikaze Taizu	o.o
19:56:17	Konoha	Namikaze Taizu	windmill and shuriken
19:56:21	Konoha	Namikaze Taizu	add those to em
19:56:53	Konoha	Namikaze Taizu	or make em atleast able to throw windmills
19:56:55	Konoha	Hatake -E-	ok this one working fine
19:57:07	Konoha	Namikaze Taizu	not so much shirken that can be lag central
19:57:08	Konoha	Hatake -E-	this one too
19:57:18	Konoha	Namikaze Taizu	dont even know what you did lol
19:57:23	Konoha	Namikaze Taizu	was distributing for jutsus
19:57:26	Konoha	Hatake -E-	wind bomb xD
19:57:44	Konoha	Namikaze Taizu	o.o neck bind did 7.4k?
19:57:59	Kiri	Yuzuki Kush	yo
19:58:09	Kiri	Yuzuki Kush	Pass the link around till GOA gets lagg fixed
19:58:16	Konoha	Namikaze Taizu	hey you should probably reduce the stun on rasengan too
19:58:21	Konoha	Namikaze Taizu	just by like 2 seconds
19:58:28	Konoha	Namikaze Taizu	2 or 3 seconds
19:58:49	Konoha	Namikaze Taizu	ye
20:01:43	Konoha	Namikaze Taizu	bout to find out
20:01:49	Konoha	Namikaze Taizu	im testing my ruthy build on a wof lol
20:14:02	Konoha	Hatake -E-	what was the skill that needed fix?
20:14:55	Konoha	Hatake -E-	ok reduced the delay alot
20:15:41	Konoha	Hatake -E-	shark
20:15:43	Konoha	Hatake -E-	:o
20:16:00	Konoha	Hatake -E-	xD
20:16:05	Konoha	Hatake -E-	cant talk on v say?
20:16:24	Konoha	Yuzuki Kush	yup
20:16:42	Konoha	Hatake -E-	ok factions are working fine
20:17:38	Konoha	Yuzuki Kush	pwning taizu
20:18:13	Konoha	Hatake -E-	it should o.o
20:18:23	Konoha	Yuzuki Kush	pre update lion cpmbo suxked
20:18:27	Konoha	Hatake -E-	^
20:18:33	Konoha	Yuzuki Kush	lol if you dont remeber
20:18:37	Konoha	Yuzuki Kush	you bette roff wid clones
20:18:52	Konoha	Hatake -E-	im chaging clones too lol
20:18:58	Konoha	Hatake -E-	they are gona be all taijutsu
20:18:58	Konoha	Yuzuki Kush	can movment and decap delay be fixed exte?
20:19:09	Konoha	Hatake -E-	cant sadly
20:19:17	Konoha	Hatake -E-	would have to change the whole movement system
20:19:20	Konoha	Yuzuki Kush	man con rfx is pointless den 
20:19:37	Konoha	Hatake -E-	werent you 2/2/2 pre update?
20:19:46	Konoha	Yuzuki Kush	nope
20:20:14	Konoha	Hatake -E-	well i remember that movement was exactly like this and you were still good with rfx
20:20:21	Konoha	Hatake -E-	o.O
20:20:34	Konoha	Hatake -E-	hmm
20:20:40	Konoha	Hatake -E-	shunshin delay too big i think
20:21:29	Konoha	Yuzuki Kush	hell no i could shnunshin ad decap automatically based on ym timing
20:21:35	Konoha	Yuzuki Kush	my*
20:22:28	Konoha	Hatake -E-	the delay is 0.5 lol
20:22:34	Konoha	Hatake -E-	imma make it 0.1 
20:22:34	Konoha	Namikaze Taizu	Round trip ping-pong took 2.4 seconds.
20:22:41	Konoha	Yuzuki Kush	yea lets test that
20:22:44	Konoha	Namikaze Taizu	the agony
20:22:59	Konoha	Hatake -E-	ty for help me test guys
20:23:04	Konoha	Namikaze Taizu	np
20:23:06	Konoha	Yuzuki Kush	I will make the sharky faction the bset
20:23:08	Konoha	Yuzuki Kush	np
20:23:17	Konoha	Yuzuki Kush	I got some free time till my job interview
20:24:25	Konoha	Hatake -E-	btw IS is good?
20:24:31	Konoha	Hatake -E-	used to be bugged
20:24:32	Konoha	Yuzuki Kush	is?
20:24:37	Konoha	Hatake -E-	iron skin
20:24:43	Konoha	Yuzuki Kush	yea its works fine 
20:27:28	Konoha	Yuzuki Kush	decap lagg still there
20:28:42	Konoha	Hatake -E-	xD
20:29:05	Konoha	Hatake -E-	lol
20:29:07	Konoha	Yuzuki Kush	wtf bs
20:29:11	Konoha	Hatake -E-	nara 2op
20:29:14	Konoha	Yuzuki Kush	a chiodri zenbon hitr you
20:29:36	Konoha	Yuzuki Kush	amg cheapness
20:29:47	Konoha	Hatake -E-	nara + ruthless xD
20:30:12	Konoha	Hatake -E-	lol
20:30:20	Konoha	Yuzuki Kush	slut
20:30:21	Konoha	Hatake -E-	did lww do dmg?
20:30:35	Konoha	Yuzuki Kush	idk but this decap timing needs major work
20:31:01	Konoha	Yuzuki Kush	no last damage ig otf rom you was a a ****ing 5k bind
20:31:35	Konoha	Hatake -E-	lemme see if lww is doing dmg
20:31:45	Konoha	Hatake -E-	ñope
20:31:47	Konoha	Yuzuki Kush	nope
20:33:56	Konoha	Hatake -E-	QQ
20:34:07	Konoha	Yuzuki Kush	10k stam
20:34:18	Konoha	Yuzuki Kush	ima try my tank build and se eif ig e tlike 14k boosted
20:34:26	Konoha	Hatake -E-	lol
20:34:33	Konoha	Yuzuki Kush	respec me real quick
20:37:45	Konoha	Hatake -E-	shunshin decap should be fixed
20:37:52	Konoha	Hatake -E-	shunshin tai too 
20:39:15	Konoha	Hatake -E-	can you help me test something real fast?
20:39:20	Konoha	Yuzuki Kush	sure
20:40:29	Konoha	Hatake -E-	come here plz
20:50:52	Konoha	Hatake -E-	:o
20:53:02	Konoha	Hatake -E-	xDD
20:54:24	Konoha	Hatake -E-	talk here
20:54:32	Konoha	Yuzuki Kush	ipbd sucks
20:54:36	Konoha	Hatake -E-	ok
20:54:42	Konoha	Yuzuki Kush	Lol I feel like Jiraya
20:54:46	Konoha	Hatake -E-	xD
20:55:03	Konoha	Yuzuki Kush	I out rank juu :O
20:55:14	Konoha	Hatake -E-	you sure?
20:55:16	Konoha	Hatake -E-	&gt;.&gt;
20:55:19	Konoha	Yuzuki Kush	lMAO
20:55:21	Konoha	Yuzuki Kush	Troll
20:55:23	Konoha	Hatake -E-	xD
20:55:41	Konoha	Yuzuki Kush	Just cuz you killed a sanin with 6 of your friends dont mean poop
20:56:08	Konoha	Hatake -E-	Pfft
20:56:08	Konoha	Yuzuki Kush	Yea at ths point con/rfx beats just about everything
20:56:15	Konoha	Uchiha Crystal	Extban
20:56:18	Konoha	Hatake -E-	?
20:57:15	Konoha	Yuzuki Kush	exteban a gen gaara would dominate the game
20:57:45	Konoha	Hatake -E-	why you say that o.O
20:58:12	Konoha	Uchiha Crystal	Yall need more clan on this game
20:58:18	Konoha	Yuzuki Kush	bind does 2k minimum and gen op
20:58:45	Konoha	Hatake -E-	more clans here would ruin the game
20:59:07	Konoha	Hatake -E-	gen aint op here o.O
20:59:30	Konoha	Yuzuki Kush	one sec afk
21:14:33	Suna	Acuzio Kush	exteban gonzales
21:14:51	Suna	Acuzio Kush	Wassup
21:15:21	Suna	Acuzio Kush	aiit
21:15:35	Suna	Acuzio Kush	u gone add new clans?
21:21:52	Suna	Acuzio Kush	aiit
21:34:07	Suna	Acuzio Kush	u fixed multiclan?
21:35:00	Suna	Acuzio Kush	hmm
21:35:51	Konoha	Hyuuga Kush	lol
21:36:04	Konoha	Hyuuga Kush	im a hyuuga with uchiha skills
21:36:13	Konoha	Hatake -E-	o.o
21:36:53	Konoha	Hyuuga Kush	see
21:37:31	Konoha	Hatake -E-	guess i didnt fix it yet
21:37:37	Konoha	Hatake -E-	how you did that?
21:37:41	Konoha	Hyuuga Kush	i dont have hyuuga skills
21:38:59	Konoha	Hyuuga Kush	hmm Gaara
21:39:06	Konoha	Hyuuga Kush	might control sand monster
21:40:05	Suna	King Scorpion	fail
21:43:15	Suna	Scorpion	XD
21:43:36	Kiri	Yagura	Yo Exte
21:44:08	Kiri	Yagura	make me kage :D
21:44:19	Suna	Scorpion	Example:i click first on akimichi clan then i click done then i have to come up with a name and while that box is appearing i click on uchiha clan 
21:46:05	Kiri	Yagura	aff
21:46:11	Kiri	Yagura	i need remake real quick
21:48:17	Kiri	Kaguya KaguyaSousuke	kk back
21:48:21	Kiri	Kaguya KaguyaSousuke	EW!
21:50:43	Kiri	Sousuke	Hey exte
21:50:51	Kiri	Sousuke	Gimme rain leader =o
21:51:00	Kiri	Sousuke	:(
21:51:03	Kiri	Sousuke	Kage?
21:51:07	Kiri	Sousuke	:(
21:51:13	Kiri	Sousuke	:(
21:53:23	Kiri	Sousuke	eh
21:57:23	Kiri	Kaguya Sousuke	aff
21:59:56	Suna	Scorpion	exteban
22:13:05	Kiri	Orochimaru	Exte
22:24:27	Kiri	Orochimaru	The old goa is so sexy
22:24:30	Kiri	Orochimaru	^^
22:26:23	Kiri	Orochimaru	Hello cha
22:26:25	Kiri	Orochimaru	&lt;3
22:31:31	Kiri	Kaguya Kirbyy	why the real goa aint working?
22:31:39	Kiri	Orochimaru	Nope its lame
22:31:48	Kiri	Kaguya Kirbyy	no i mean why is it messed up?
22:31:52	Kiri	Orochimaru	Yes
22:31:55	Kiri	Orochimaru	&lt;- killerz
22:32:05	Kiri	Kaguya Kirbyy	ohh sup bro this darthranger
22:32:07	Kiri	Orochimaru	Ik
22:32:10	Kiri	Kaguya Kirbyy	how?
22:32:13	Kiri	Orochimaru	Key
22:32:25	Kiri	Kaguya Kirbyy	is dan woking on it?
22:32:25	Kiri	Orochimaru	Im using a diff key
22:32:35	Kiri	Orochimaru	No no admin is
22:32:41	Kiri	Orochimaru	they havent been on all day
22:32:48	Kiri	Yagura Sousuke	o-o
22:32:48	Kiri	Orochimaru	its been like that since this morining
22:32:51	Kiri	Kaguya Kirbyy	oh so it literally just messed up outta no where?
22:32:52	Kiri	Orochimaru	o-o
22:33:02	Kiri	Orochimaru	Yeah
22:33:03	Kiri	Orochimaru	idk
22:33:05	Kiri	Orochimaru	why
22:33:06	Kiri	Kaguya Kirbyy	oh
22:33:13	Kiri	Kaguya Kirbyy	thought was just my comp at first
22:33:27	Kiri	Orochimaru	I love this versions
22:33:31	Kiri	Orochimaru	of goa
22:33:36	Kiri	Kaguya Kirbyy	yea
22:33:59	Kiri	Orochimaru	i would rape everyone.
22:34:08	Kiri	Kaguya Kirbyy	yea this way better
22:34:21	Kiri	Orochimaru	go to dojo
22:34:21	Kiri	Kaguya Kirbyy	but new way aint bad cause i like big screen this screen small
22:34:33	Kiri	Orochimaru	^ thats the only good thing
22:34:38	Kiri	Orochimaru	if this had big sreen
22:34:42	Kiri	Yagura Sousuke	too bad
22:34:42	Kiri	Orochimaru	it would be 2op
22:34:47	Kiri	Kaguya Kirbyy	yea
22:34:52	Kiri	Yagura Sousuke	I am a beast in this version.
22:34:56	Kiri	Orochimaru	Me to
22:35:02	Kiri	Orochimaru	im beast in both versions
22:35:04	Kiri	Orochimaru	;)
22:35:09	Kiri	Yagura Sousuke	hm
22:35:16	Kiri	Yagura Sousuke	I killed you Mr. Beast
22:35:18	Kiri	Yagura Sousuke	;)
22:35:22	Kiri	Orochimaru	WHen?
22:35:28	Kiri	Yagura Sousuke	On my kag
22:35:34	Kiri	Yagura Sousuke	Better of 3
22:35:37	Kiri	Orochimaru	oh thats when i wasnt playing forreat
22:35:41	Kiri	Orochimaru	lets go again
22:35:45	Kiri	Yagura Sousuke	Sure sure lololololo
22:35:46	Kiri	Orochimaru	that was a con str build
22:35:48	Kiri	Orochimaru	?
22:35:50	Kiri	Orochimaru	im con rfx now
22:36:04	Kiri	Orochimaru	fight me on my con rfx build
22:36:32	Kiri	Orochimaru	omfg this boost!!!
22:36:33	Kiri	Orochimaru	&lt;3
22:36:38	Kiri	Orochimaru	it stays so long
22:36:53	Kiri	Yagura Sousuke	huh?
22:37:01	Kiri	Orochimaru	this ruthy boost &lt;3
22:37:06	Kiri	Yagura Sousuke	why ya is killing meh?
22:37:16	Kiri	Orochimaru	lol
22:37:19	Kiri	Orochimaru	i was testing
22:37:22	Kiri	Orochimaru	i have heals
22:37:32	Kiri	Orochimaru	ill heal you
22:37:52	Kiri	Orochimaru	let me test this
22:37:53	Kiri	Orochimaru	rasen
22:40:32	Kiri	Orochimaru	Yes Exte
22:40:37	Kiri	Orochimaru	&lt;- killerz
22:40:51	Kiri	Orochimaru	How lng this game going to be up
22:40:52	Kiri	Orochimaru	?
22:40:52	Kiri	Yagura Sousuke	Yes exte
22:40:57	Kiri	Yagura Sousuke	&lt;- Ya daddy
22:41:06	Kiri	Orochimaru	i want everyone to play this version
22:41:09	Kiri	Orochimaru	x-x
22:42:10	Kiri	Orochimaru	ik
22:42:17	Kiri	Orochimaru	so it souldntmatter
22:42:18	Kiri	Orochimaru	?
22:42:25	Kiri	Orochimaru	can i just play with it
22:42:26	Kiri	Orochimaru	x-x
22:42:30	Kiri	Orochimaru	until then
22:42:36	Kiri	Orochimaru	plox&lt;3
22:43:51	Kiri	Kaguya Kirbyy	orochimaru where you you said you would be dojo?
22:44:27	Missing	Orochimaru	.-.
22:44:38	Missing	Orochimaru	2op
22:44:44	Missing	Kaguya Kirbyy	dude
22:44:54	Missing	Kaguya Kirbyy	lol put me
22:46:07	Missing	Kaguya Kirbyy	orochimaru where u?
22:47:28	Kiri	Jack Sparrow	Oh lag free , loving it
23:14:04	Kiri	Yagura Sousuke	who want spar?
23:48:33	Kiri	Sadistic Taizu	summon me to leaf?
23:48:37	Kiri	Sadistic Taizu	can you do that?
