21:25:29	Uchiha M4CHiiN	dam it
21:25:33	Uchiha M4CHiiN	missted the E
21:25:37	Uchiha M4CHiiN	/3
21:33:33	Uchiha M4CHiiN3	Uchiha Nemesis says: i was one of the best gen users on officials anyways you telling me i suck is ridiculous
21:33:42	Uchiha Nemesis	yup
21:33:44	Yassrab	Lmao
21:33:44	Uchiha Nemesis	:)
21:33:56	Exteban	best gen users on officials after update right?
21:33:58	Uchiha Nemesis	only lost to eury in gen fights pre update
21:34:09	Uchiha Nemesis	i did beat eury after update
21:34:12	Exteban	cus pre update only thing that used gen was your clones
21:34:31	Uchiha Nemesis	i cloned you cause all you did back then was cloning me
21:34:36	Uchiha M4CHiiN3	well time to mish
21:34:36	Uchiha M4CHiiN3	:d
21:34:50	Uchiha M4CHiiN3	No more wipes?
21:34:55	Uchiha Nemesis	also uchiha propably sucks
21:34:56	Exteban	ohoh you didnt only clone me
21:35:00	Exteban	so yeh
21:35:11	Exteban	for you everything sucks
21:35:19	Exteban	so everything you say is irrelevant for me
21:35:27	Uchiha Nemesis	how is that everything
21:35:36	Uchiha Nemesis	your not articulating on anything
21:35:56	Uchiha M4CHiiN3	mh hello
21:37:02	Uchiha M4CHiiN3	First time i&#39;ve mished since 09
21:37:20	Negro	Boobies :O
21:37:27	Uchiha M4CHiiN3	cat ?
21:37:29	Uchiha M4CHiiN3	&gt;.&gt;
21:37:30	Uchiha M4CHiiN3	Cat...
21:37:33	Negro	Heu
21:37:40	Negro	Puzzy
21:37:45	Negro	Boobies
21:37:48	Negro	Cock
21:37:52	Negro	Vagina
21:37:59	Uchiha Nemesis	there was one sweet use of gen !
21:38:00	Negro	Anal
21:38:05	Uchiha Nemesis	btw does bt work?
21:38:15	Negro	stupid question I THINK SO
21:38:26	Uchiha Nemesis	stupid question? you aint even sure?
21:38:37	Negro	Its a stupid question Nem nem
21:38:46	Uchiha Nemesis	you still dont know ahah
21:38:58	Capacity DrJ	wat we doin here
21:39:07	Uchiha Nemesis	we are playing a rip jeez
21:39:07	Uchiha M4CHiiN3	Pedro chupa pollas grandes
21:39:09	Uchiha M4CHiiN3	o.o
21:39:25	Uchiha M4CHiiN3	&gt;.&lt;
21:39:52	Uchiha Nemesis	BEHOLD DIVINE POWER M4
21:40:01	Uchiha M4CHiiN3	&gt;.&gt;
21:40:11	Exteban	im alergic to Hi&#39;s
21:40:21	Uchiha M4CHiiN3	**** **** enuff poop not funny anymore
21:40:29	Uchiha Nemesis	there is this one thing
21:40:35	Uchiha Nemesis	that makes this game epic
21:40:37	Uchiha Nemesis	SEBI
21:40:42	Negro	!!!!!!!!!!!
21:40:53	Uchiha M4CHiiN3	Gtfo
21:40:58	Uchiha Nemesis	pew
21:41:03	Uchiha M4CHiiN3	Banned Negro (LILMESSI18, 3708973846, 99.228.236.138) ... LILMESSI18 has been banned by Uchiha M4CHiiN3.
21:41:05	Uchiha M4CHiiN3	there...
21:41:07	Exteban	why you banned him?
21:41:13	Uchiha M4CHiiN3	dam annoying as poop
21:41:20	Yassrab	that naruke?
21:41:30	Uchiha Nemesis	i see ima have to stop being &#39;&#39;annoying&#39;&#39;
21:41:43	Exteban	your saying the mute poop?
21:41:52	Uchiha M4CHiiN3	Not in the mood dam.
21:42:02	Exteban	if your talking about the mute
21:42:04	Exteban	that was me
21:42:07	Exteban	o.O
21:42:11	Uchiha M4CHiiN3	**** you
21:42:11	Uchiha M4CHiiN3	then
21:42:12	Uchiha M4CHiiN3	:d
21:42:17	Uchiha Nemesis	i thought that was obvious
21:42:28	Uchiha Nemesis	watch it dont click my nme
21:42:31	Uchiha Nemesis	*name
21:42:53	Uchiha M4CHiiN3	now then
21:43:00	Uchiha Nemesis	oh new kawa
21:43:09	Uchiha Nemesis	but no untarget?
21:43:15	Exteban	no
21:43:40	Uchiha M4CHiiN3	Act more professional
21:43:40	Uchiha M4CHiiN3	hoe
21:43:54	Uchiha Nemesis	omg derease sharingan cost :D
21:44:05	Uchiha M4CHiiN3	anyone seen Thief ?
21:44:07	Uchiha M4CHiiN3	o.o
21:44:27	Uchiha Nemesis	i dont usually log on rips so i wouldnt know 
21:44:36	Uchiha Nemesis	oh yeah heads up uchiha bug
21:44:46	Uchiha Nemesis	i use sharingan and i aint visible
21:45:22	Uchiha M4CHiiN3	Btw.
21:45:30	Uchiha M4CHiiN3	Exte, you know how to fix vote to mute
21:47:49	Uchiha M4CHiiN3	Gotta find a dbz game to paly 
21:47:52	Uchiha M4CHiiN3	play asap
21:48:21	Uchiha Nemesis	i see how being admin on a goa game is relevant
21:48:48	Uchiha M4CHiiN3	you dont understand
21:48:52	Uchiha Nemesis	lol
21:48:53	Uchiha M4CHiiN3	what im trying to do that&#39;s why.
21:48:57	Uchiha M4CHiiN3	:D
21:49:07	Uchiha Nemesis	aww no npc
21:49:13	Uchiha Nemesis	can i have an A rank?
21:49:30	Uchiha Nemesis	since i am so supportive of this project and all
21:49:43	Uchiha M4CHiiN3	i dont like to be admin to have the right to say i own the game all i try to do i help the players and let other people have the fun and things i use to have on Old Generation of GOA Games ! you feel me 
21:50:14	Uchiha Nemesis	*akward silence*
21:50:20	Uchiha M4CHiiN3	ikr dam
21:50:25	Uchiha M4CHiiN3	tuff crowed
21:50:25	Uchiha M4CHiiN3	eh
21:50:28	Uchiha Nemesis	for real thought
21:50:31	Uchiha Nemesis	i like this 
21:50:36	Uchiha M4CHiiN3	ik you do
21:50:42	Uchiha M4CHiiN3	you trying to be a hater but it failed 
21:50:42	Uchiha Nemesis	just remindes me of the crap it had on it ;d
21:50:43	Uchiha M4CHiiN3	:D 
21:51:00	Uchiha M4CHiiN3	Exteban ghosted ?
21:51:03	Uchiha Nemesis	adding balanced shippuden skills was a taboo
21:51:08	Uchiha Nemesis	for no freakin reason
21:51:27	Uchiha M4CHiiN3	mhm
21:51:39	Uchiha Nemesis	well the reason was kobata ruled this
21:52:06	Uchiha M4CHiiN3	only reason i dont play GOA is cuz Roi kicked my out of leaf, so i was like **** this 
21:52:08	Uchiha Nemesis	and having no physical form doesnt help me
21:52:15	Uchiha M4CHiiN3	mhm.
21:52:26	Uchiha Nemesis	i only have my hair
21:52:41	Uchiha M4CHiiN3	nem what the hell you talking about..
21:52:48	Uchiha Nemesis	sharingab bug
21:52:52	Uchiha M4CHiiN3	oo
21:53:00	Uchiha Nemesis	i use it and i have no form till it ends
21:53:09	Uchiha M4CHiiN3	you look fine ?
21:54:36	Uchiha M4CHiiN3	hell you go
