06:09:52	Uchiha -E-	WHAT
06:09:52	Uchiha -E-	WHAT
06:10:53	Uchiha -E-	what you wnted
06:10:53	Uchiha -E-	what you wnted
06:46:50	Pl	Not taking orders from you hoe
06:46:50	Pl	Not taking orders from you hoe
06:47:32	Uchiha -E-	wasnt an order
06:47:33	Uchiha -E-	wasnt an order
06:47:37	Uchiha -E-	was a request
06:47:37	Uchiha -E-	was a request
06:47:54	Pl	btw make it = request in non br
06:47:54	Pl	btw make it = request in non br
06:48:04	Pl	non*
06:48:04	Pl	non*
06:48:19	Uchiha -E-	why you so racist?
06:48:19	Uchiha -E-	why you so racist?
06:48:35	Uchiha -E-	thats sad, not even joking right now
06:48:35	Uchiha -E-	thats sad, not even joking right now
06:48:45	Pl	you gave blood this src he said o.o
06:48:45	Pl	you gave blood this src he said o.o
06:48:59	Uchiha -E-	i bugged it 1st
06:48:59	Uchiha -E-	i bugged it 1st
06:49:06	Uchiha -E-	he doesnt have clones and poop
06:49:06	Uchiha -E-	he doesnt have clones and poop
06:49:46	Pl	nothing to say
06:49:46	Pl	nothing to say
06:49:49	Pl	to you :/
06:49:49	Pl	to you :/
06:50:26	Uchiha -E-	good
06:50:26	Uchiha -E-	good
06:50:31	Uchiha -E-	idc either
06:50:31	Uchiha -E-	idc either
06:50:59	Uchiha -E-	this source without my update and clones is just another reborn
06:50:59	Uchiha -E-	this source without my update and clones is just another reborn
06:55:22	Pl	for a person who doesnt give out sources you sure do give out sources o.o
06:55:22	Pl	for a person who doesnt give out sources you sure do give out sources o.o
06:55:59	Uchiha -E-	sources that arent mine
06:55:59	Uchiha -E-	sources that arent mine
07:26:03	Pl	icon is there
07:26:03	Pl	icon is there
07:26:24	Pl	its on spike
07:26:25	Pl	its on spike
07:26:28	Pl	one*
07:26:28	Pl	one*
07:26:34	Pl	blood and your fists
07:26:34	Pl	blood and your fists
