20:04:14	Exteban	no death
20:05:38	Exteban	yh
20:05:46	Exteban	i said this was like officials
20:06:08	Exteban	we can
20:06:20	Exteban	xD
20:06:22	Exteban	nobo
20:06:51	Exteban	op
20:08:20	Exteban	idk death, i think imma have look at it later
20:08:25	Exteban	didnt knew it was bugged
20:08:26	Xato	wut
20:08:31	Xato	who is death?
20:08:44	Xato	Some happy dude?
20:08:52	Xato	ahh you did the filter xD
20:08:54	Exteban	death = deathrun
20:09:05	Xato	lol but i tought you was deathrun xD
20:09:21	Exteban	shush death
20:09:21	Akimichi SkinWalker	Before
20:09:28	Exteban	i was using your gaara remember
20:09:30	Exteban	&gt;.&gt;
20:09:31	DeathRun	..
20:09:33	DeathRun	Oh
20:09:37	DeathRun	Exte took my name !
20:09:39	Xato	lol death
20:09:40	DeathRun	dog !
20:09:43	Xato	xD
20:09:54	Xato	Teban you bad boy xD
20:10:00	DeathRun	Lies I cant use marco &gt;.&gt;
20:10:31	Exteban	i can
20:10:32	Exteban	o.o
20:10:35	Akimichi SkinWalker	Exteban faliu mesmo o Naruto GOA?
20:10:46	Exteban	you mean jutsu macro correct?
20:10:52	Exteban	s skin
20:10:54	DeathRun	yh
20:11:02	Akimichi SkinWalker	LoL
20:11:13	Exteban	i can use them death
20:11:15	Akimichi SkinWalker	Dipic e os outros admins não estavam fazendo nada
20:11:40	DeathRun	Wtf o.O
20:11:51	Xato	so what happened to dipic&#39;s goa?
20:12:00	Exteban	died
20:12:08	Xato	how the **** is that possible?
20:12:27	Akimichi SkinWalker	How is possible?
20:12:36	Exteban	the ****, my pager crashed but the game didnt...
20:13:01	Akimichi SkinWalker	Admins aren&#39;t doing nothing to the game!
20:13:24	Akimichi SkinWalker	Lol
20:13:37	Exteban	imma go to my admin
20:13:45	Exteban	this only has mute and announce
20:13:48	Exteban	brb xD
20:13:52	Akimichi SkinWalker	Vai escolher os kages quando?
20:16:11	Uchiha -E-	A
20:16:14	Uchiha -E-	AH
20:16:20	Uchiha -E-	byond crashed
20:16:24	Xato	Teban
20:16:30	Xato	You scrotum
20:16:37	Uchiha -E-	?
20:16:37	Xato	made youreself jounin ^^
20:16:38	Uchiha burr	` 
20:16:46	Uchiha -E-	I dont use this char
20:16:52	Xato	Why not ultimate kage?
20:17:16	Uchiha burr	e d641o
20:17:23	Uchiha -E-	Like this?
20:17:25	Uchiha -E-	o.o
20:17:28	Xato	Whoa!!
20:17:34	Xato	Im youre slave!!
20:17:36	Uchiha -E-	dumb ass
20:17:37	Uchiha burr	e do you hav a forum O&gt;o
20:17:38	Xato	xD
20:18:48	Uchiha burr	e can i whisper u
20:19:20	Uchiha burr	u
20:19:45	Uchiha burr	im not askin 4 nothin lol
20:20:16	Uchiha burr	i just wanna b apart of something!
20:37:43	DeonTay	is the game gone stay up
20:37:52	Uchiha -E-	not rly
20:37:57	Xato	yes
20:37:59	Uchiha -E-	not till i get a 24/7
20:38:02	Xato	if im the host
20:38:10	Xato	But im not ^^
20:38:34	Uchiha -E-	but you can start leveling now, get advantage on the future server...
20:38:50	Xato	He sais the thruth
20:38:57	Xato	you can trust him youre wiener
20:39:29	Xato	+ scrotum
20:39:35	Xato	No vagina&#39;s
21:12:20	Zenouva	i´m off , later.
21:12:24	Uchiha -E-	pce
21:14:02	Deontay	lol
21:14:54	Uchiha -E-	well...imma shut down...gonna try to update a bit more
21:15:02	Hyuuga Taju	k
21:15:15	Deontay	kk
