00:00:05	Namikaze Taizu	Namikaze Taizu	maybe extend lc range to 3 tile?
00:00:27	Hatake -E-	Hatake -E-	it is 3 tiles i think
00:00:31	Namikaze Taizu	Namikaze Taizu	no its too
00:00:34	Namikaze Taizu	Namikaze Taizu	2*
00:00:35	Hatake -E-	Hatake -E-	atleast suposed to be
00:00:41	Namikaze Taizu	Namikaze Taizu	Taijutsu: Lion Combo can not be used currently: Target too far (3/2 tiles)
00:01:16	Hatake -E-	Hatake -E-	done
00:01:19	Namikaze Taizu	Namikaze Taizu	is mabs affected by weakspot in this?
00:02:14	Namikaze Taizu	Namikaze Taizu	i would make affected and then raise the skill cost
00:02:29	Namikaze Taizu	Namikaze Taizu	like it can do up to 3 wounds per needle
00:02:29	Hatake -E-	Hatake -E-	it is
00:02:38	Namikaze Taizu	Namikaze Taizu	at the most random roll
00:03:03	Namikaze Taizu	Namikaze Taizu	u think kage bunshin should have skills?
00:03:08	Namikaze Taizu	Namikaze Taizu	like the single kage bunshin
00:03:24	Hatake -E-	Hatake -E-	nah
00:03:34	Namikaze Taizu	Namikaze Taizu	like it can use only rasengan bu at 1/4 the power
00:03:38	Hatake -E-	Hatake -E-	multiple kage bunshin is gona be like dan wanted it from the start
00:03:46	Hatake -E-	Hatake -E-	alot of tai power, no jutsu usage
00:03:47	Namikaze Taizu	Namikaze Taizu	ye thats mult
00:03:55	Namikaze Taizu	Namikaze Taizu	im saying regule kage bunshin
00:04:04	Namikaze Taizu	Namikaze Taizu	the single 1 that can punch and you control it
00:04:14	Hatake -E-	Hatake -E-	regular is mostly for recon...
00:04:22	Namikaze Taizu	Namikaze Taizu	true
00:04:25	Hatake -E-	Hatake -E-	dont see why it should do jutsus
00:04:54	Namikaze Taizu	Namikaze Taizu	hows SA in this?
00:05:26	Namikaze Taizu	Namikaze Taizu	whoa
00:05:29	Namikaze Taizu	Namikaze Taizu	way too op
00:05:30	Hatake -E-	Hatake -E-	^^
00:05:31	Hatake -E-	Hatake -E-	ikr
00:05:33	Hatake -E-	Hatake -E-	xD
00:05:50	Namikaze Taizu	Namikaze Taizu	way way to op lol
00:06:54	Hatake -E-	Hatake -E-	halved neck bind damage xD
00:06:55	Namikaze Taizu	Namikaze Taizu	neck bind should hit like 5 tims max
00:07:06	Namikaze Taizu	Namikaze Taizu	600 per hit
00:07:10	Namikaze Taizu	Namikaze Taizu	or something like that
00:07:21	Namikaze Taizu	Namikaze Taizu	and a struggle system should be in it
00:07:40	Namikaze Taizu	Namikaze Taizu	like the more str or con you have
00:07:43	Hatake -E-	Hatake -E-	ugh need to fix this
00:07:45	Namikaze Taizu	Namikaze Taizu	the more it drains from them
00:08:45	Hatake -E-	Hatake -E-	well dude, i g2g
00:08:51	Hatake -E-	Hatake -E-	gotta shut the server down &gt;.&lt;
00:09:02	Hatake -E-	Hatake -E-	tomorow ill put it back up to do more tests
00:09:48	Hatake -E-	Hatake -E-	pce
18:45:32	Shauri	Shauri	Man Exte.
18:45:37	Akimichi Exteban	Akimichi Exteban	?
18:45:37	Shauri	Shauri	This battle&#39;s going to be in the top 10
18:45:43	Akimichi Exteban	Akimichi Exteban	no it isnt
18:45:46	Akimichi Exteban	Akimichi Exteban	gona respec
18:45:48	Akimichi Exteban	Akimichi Exteban	=)
18:45:51	Shauri	Shauri	What? O_o
18:46:02	Akimichi Exteban	Akimichi Exteban	you really think im leaving this auto lvl 100
18:46:04	Akimichi Exteban	Akimichi Exteban	lol
18:46:06	Shauri	Shauri	Argh, nub
18:46:13	Shauri	Shauri	This is why you didn&#39;t get over 30 players a day
18:46:18	Shauri	Shauri	Noone wants to bother leveling, lol.
18:46:19	Akimichi Exteban	Akimichi Exteban	exactly
18:46:24	Shauri	Shauri	Only the true players
18:46:31	Shauri	Shauri	Like Yag, me, Ambulance etc.
18:46:56	Akimichi Exteban	Akimichi Exteban	why would i make a game where people log in, get max lvl then log out after 1 hours for being bored
18:46:57	Akimichi Exteban	Akimichi Exteban	?
18:47:06	Shauri	Shauri	Maybe auto level 60-70?
18:47:09	Akimichi Exteban	Akimichi Exteban	no
18:47:20	Shauri	Shauri	Idk, idc.
18:47:23	Shauri	Shauri	Not my game ;)
19:05:05	Shauri	Shauri	So bothersome that I have to keep re-targeting.
19:06:36	Hatake -E-	Hatake -E-	ibpd? rly?
19:09:29	Shauri	Shauri	Ah, lagged
19:09:32	Shauri	Shauri	Dw, I got this tho
19:11:12	Sonda	Sonda	Odama Rasengann!!!
19:11:18	Sonda	Sonda	aa
19:15:13	Hatake -E-	Hatake -E-	rly?
19:15:16	Hatake -E-	Hatake -E-	rb?
19:27:45	Sonda	Sonda	yo
19:28:49	Sonda	Sonda	aww
19:29:21	Sonda	Sonda	luck
19:30:02	Sonda	Sonda	wtf
19:31:28	Shauri	Shauri	You clearly see a message when you log into the game.
19:31:30	Shauri	Shauri	Please avoid using Multiple Shadow Clones jutsu till furthes notice, a respec will happen when clones start working at 100% ... 
19:31:36	Sonda	Sonda	XD
19:32:43	Sonda	Sonda	spar?
19:32:55	Kaguya Traumatice	Kaguya Traumatice	hola guys
19:33:32	Shauri	Shauri	Nah
19:33:43	Sonda	Sonda	come
19:33:50	Sonda	Sonda	im dont use clone
19:34:33	Sonda	Sonda	come xd
20:07:13	Hyuuga Yuuhi	Hyuuga Yuuhi	xD
20:07:23	Hatake Exteban	Hatake Exteban	xD
20:07:27	Hyuuga Yuuhi	Hyuuga Yuuhi	O.o clones going full gates
20:07:28	Hyuuga Yuuhi	Hyuuga Yuuhi	op
20:07:35	Hatake Exteban	Hatake Exteban	lol
20:08:05	Neptuneez	Neptuneez	Wiped?
20:08:11	Neptuneez	Neptuneez	No kazekage? &lt;.&lt;
20:08:37	Hyuuga Yuuhi	Hyuuga Yuuhi	LOL I forgot the Elements were all on one page...
20:08:42	Hyuuga Yuuhi	Hyuuga Yuuhi	ahh good old goa.
20:08:45	Hatake Exteban	Hatake Exteban	lol
20:08:52	Hatake Exteban	Hatake Exteban	this is gona wipe again nep
20:09:01	Hatake Exteban	Hatake Exteban	the lvl 100 is for tests
20:09:15	Hatake Exteban	Hatake Exteban	yuuhi whos your fav? hashirama or tobimaru?
20:09:27	Hyuuga Yuuhi	Hyuuga Yuuhi	Hashirama hes op as ****
20:09:32	Hatake Exteban	Hatake Exteban	ok watch
20:09:36	Hatake Exteban	Hatake Exteban	^^
20:09:40	Hyuuga Yuuhi	Hyuuga Yuuhi	O.O
20:09:47	Hyuuga Yuuhi	Hyuuga Yuuhi	LOL
20:09:56	Hyuuga Yuuhi	Hyuuga Yuuhi	Q_Q help
20:09:58	Hatake Exteban	Hatake Exteban	xD
20:10:51	Neptuneez	Neptuneez	Oh xD
20:11:05	Hyuuga Yuuhi	Hyuuga Yuuhi	:o the blue outline!
20:11:11	Hyuuga Yuuhi	Hyuuga Yuuhi	I miss this so much Q_Q
20:11:34	Hyuuga Yuuhi	Hyuuga Yuuhi	Lol teleporting chidori Q_Q
20:16:14	Neptuneez	Neptuneez	make me chuunin plz
20:16:20	Neptuneez	Neptuneez	and tell me genius build plz
20:16:31	Hatake Exteban	Hatake Exteban	W/E YU WANT
20:16:37	Neptuneez	Neptuneez	o_O?
20:16:49	Hatake Exteban	Hatake Exteban	&gt;.&gt;
20:17:01	Neptuneez	Neptuneez	._.
20:18:53	Hyuuga Yuuhi	Hyuuga Yuuhi	Can I get a decap now
20:18:54	Hyuuga Yuuhi	Hyuuga Yuuhi	:3
20:20:03	Kaguya Traumatice	Kaguya Traumatice	wait
20:20:17	Kaguya Traumatice	Kaguya Traumatice	hey
20:20:45	Hatake Exteban	Hatake Exteban	sup?
20:20:47	Hyuuga Yuuhi	Hyuuga Yuuhi	xD im so used to the `
20:20:51	Hyuuga Yuuhi	Hyuuga Yuuhi	And its not there now
20:20:52	Kaguya Traumatice	Kaguya Traumatice	xD
20:20:55	Hatake Exteban	Hatake Exteban	xD
20:22:05	Hyuuga Yuuhi	Hyuuga Yuuhi	xD
20:22:12	Hatake Exteban	Hatake Exteban	lol survived chidori &gt;.&lt;
20:22:24	Hyuuga Yuuhi	Hyuuga Yuuhi	wow
20:22:30	Hyuuga Yuuhi	Hyuuga Yuuhi	Ah vkill!
20:22:34	Hyuuga Yuuhi	Hyuuga Yuuhi	Halp!
20:22:35	Hyuuga Yuuhi	Hyuuga Yuuhi	xD
20:22:51	Hatake Exteban	Hatake Exteban	how much wb did?
20:23:04	Hyuuga Yuuhi	Hyuuga Yuuhi	4k I think
20:23:23	Hyuuga Yuuhi	Hyuuga Yuuhi	LOL no wonder your so op
20:23:28	Hyuuga Yuuhi	Hyuuga Yuuhi	Edits and haxs
20:23:29	Hyuuga Yuuhi	Hyuuga Yuuhi	!
20:23:32	Kaguya Traumatice	Kaguya Traumatice	daa
20:23:32	Hyuuga Yuuhi	Hyuuga Yuuhi	Cheata!
20:23:33	Hyuuga Yuuhi	Hyuuga Yuuhi	lolol
20:23:43	Hatake Exteban	Hatake Exteban	xD
20:23:43	Hyuuga Yuuhi	Hyuuga Yuuhi	Hush yoU!
20:23:46	Kaguya Traumatice	Kaguya Traumatice	Exteban?
20:23:52	Hatake Exteban	Hatake Exteban	im a nara + ruthless + battle
20:23:54	Hatake Exteban	Hatake Exteban	xD
20:23:58	Kaguya Traumatice	Kaguya Traumatice	remake again...
20:24:00	Hyuuga Yuuhi	Hyuuga Yuuhi	... no wonder...
20:24:00	Hatake Exteban	Hatake Exteban	yes trauma?
20:24:04	Kaguya Traumatice	Kaguya Traumatice	xD
20:24:10	Kaguya Traumatice	Kaguya Traumatice	u have every fation
20:24:29	Hyuuga Yuuhi	Hyuuga Yuuhi	Help vkill!
20:24:31	Hyuuga Yuuhi	Hyuuga Yuuhi	Q_Q
20:24:33	Hyuuga Yuuhi	Hyuuga Yuuhi	xD
20:24:33	Hatake Exteban	Hatake Exteban	xD
20:24:36	Hyuuga Yuuhi	Hyuuga Yuuhi	I miss them days
20:25:13	Kaguya Traumatice	Kaguya Traumatice	lol
20:25:17	Hatake Exteban	Hatake Exteban	dmg? o.o
20:25:25	Kaguya Traumatice	Kaguya Traumatice	7800
20:26:26	Hyuuga Yuuhi	Hyuuga Yuuhi	xD im op
20:26:51	Hyuuga Yuuhi	Hyuuga Yuuhi	Hes thinking rip status
20:27:20	Kaguya Traumatice	Kaguya Traumatice	stop lol
20:27:46	Kaguya Traumatice	Kaguya Traumatice	i think i remake mi pj xD
20:27:50	Hyuuga Yuuhi	Hyuuga Yuuhi	xD
20:27:56	Kaguya Traumatice	Kaguya Traumatice	xD
20:28:41	Kaguya Traumatice	Kaguya Traumatice	lol
20:28:47	Kaguya Traumatice	Kaguya Traumatice	my chakra down fast
20:38:27	Kaguya Traumatice	Kaguya Traumatice	.
20:39:29	Hyuuga Yuuhi	Hyuuga Yuuhi	ate your wind like a boss
20:39:34	Hyuuga Yuuhi	Hyuuga Yuuhi	Op
20:39:36	Hyuuga Yuuhi	Hyuuga Yuuhi	xD
20:39:50	Hyuuga Yuuhi	Hyuuga Yuuhi	hahahah
20:40:28	Hyuuga Yuuhi	Hyuuga Yuuhi	HA!
20:40:32	Hyuuga Yuuhi	Hyuuga Yuuhi	****
20:40:33	Hyuuga Yuuhi	Hyuuga Yuuhi	xD
20:40:41	Kaguya Traumatice	Kaguya Traumatice	o.o
20:40:52	Kaguya Traumatice	Kaguya Traumatice	hey two are admins?
20:40:58	Hyuuga Yuuhi	Hyuuga Yuuhi	xD
20:41:08	Hyuuga Yuuhi	Hyuuga Yuuhi	Useing so many edits right now and im still doing good!
20:41:27	Kaguya Traumatice	Kaguya Traumatice	hey
20:41:33	Kaguya Traumatice	Kaguya Traumatice	two are admins?
20:41:56	Hyuuga Yuuhi	Hyuuga Yuuhi	No!~
20:41:59	Hyuuga Yuuhi	Hyuuga Yuuhi	Such a cheater!
20:42:00	Hyuuga Yuuhi	Hyuuga Yuuhi	xD
20:42:02	Hyuuga Yuuhi	Hyuuga Yuuhi	lololol
20:42:06	Hatake Exteban	Hatake Exteban	ahah
20:42:08	Kaguya Traumatice	Kaguya Traumatice	cheater?
20:42:11	Hatake Exteban	Hatake Exteban	im the owner trauma
20:42:17	Kaguya Traumatice	Kaguya Traumatice	oh...
20:42:20	Hyuuga Yuuhi	Hyuuga Yuuhi	Him and his 3 perks
20:42:41	Hyuuga Yuuhi	Hyuuga Yuuhi	xD
20:43:00	Hyuuga Yuuhi	Hyuuga Yuuhi	No let me kill him!
20:43:01	Hyuuga Yuuhi	Hyuuga Yuuhi	xD
20:43:03	Kaguya Traumatice	Kaguya Traumatice	so wanna chage of clan e.e
20:43:07	Hyuuga Yuuhi	Hyuuga Yuuhi	Damn you Hashirama!
20:43:13	Hatake Exteban	Hatake Exteban	just remake
20:43:26	Hyuuga Yuuhi	Hyuuga Yuuhi	Oh god
20:43:32	Kaguya Traumatice	Kaguya Traumatice	kk
20:45:06	Hyuuga Yuuhi	Hyuuga Yuuhi	Eat it tobi!
20:45:10	Hyuuga Yuuhi	Hyuuga Yuuhi	ow!
20:45:17	Hatake Exteban	Hatake Exteban	lol
20:45:34	Hatake Exteban	Hatake Exteban	nice
20:45:35	Hyuuga Yuuhi	Hyuuga Yuuhi	jaja
20:45:39	Hyuuga Yuuhi	Hyuuga Yuuhi	You and your doton 
20:45:41	Hyuuga Yuuhi	Hyuuga Yuuhi	&lt;.&lt;
20:45:45	Hyuuga Yuuhi	Hyuuga Yuuhi	Im watching u
20:45:46	Hyuuga Yuuhi	Hyuuga Yuuhi	xD
20:45:51	Hyuuga Yuuhi	Hyuuga Yuuhi	lulz.
20:45:55	Hatake Exteban	Hatake Exteban	are you ? ^^
20:46:04	Hyuuga Yuuhi	Hyuuga Yuuhi	Yeah but im busy typeing o.o
20:46:26	Kaguya Traumatice	Kaguya Traumatice	so i go make again
20:54:26	Uchiha Base	Uchiha Base	yo
20:55:07	Hatake Exteban	Hatake Exteban	well thats bad
20:55:32	Hyuuga Yuuhi	Hyuuga Yuuhi	I didnt have flood insurance and my normal insurance didnt pay for it.
20:55:43	Hatake Exteban	Hatake Exteban	how the flood happen?
20:55:51	Hyuuga Yuuhi	Hyuuga Yuuhi	Heavy rain strom.
20:56:04	Hatake Exteban	Hatake Exteban	damm
20:56:08	Hatake Exteban	Hatake Exteban	thats ****ed up
20:56:17	Hatake Exteban	Hatake Exteban	mother nature is a dog
20:56:18	Hyuuga Yuuhi	Hyuuga Yuuhi	It was bad I had like 4 feet deep water in my basement.
20:56:20	Hyuuga Yuuhi	Hyuuga Yuuhi	=/
20:56:28	Hyuuga Yuuhi	Hyuuga Yuuhi	Now everything down there smells like poop.
20:56:29	Hyuuga Yuuhi	Hyuuga Yuuhi	=/
20:56:41	Hatake Exteban	Hatake Exteban	ruined alot of poop i bet :s
20:57:04	Hatake Exteban	Hatake Exteban	when it raind hard here, i cant leave my house
20:57:17	Hatake Exteban	Hatake Exteban	cus i pretty much get a lake right infron of the street door
20:57:18	Hyuuga Yuuhi	Hyuuga Yuuhi	Yeah, my washer and dryer were both in the basement, along with my flat screen and my chair.
20:57:26	Hatake Exteban	Hatake Exteban	damm
20:57:27	Hyuuga Yuuhi	Hyuuga Yuuhi	O.o
20:57:42	Hyuuga Yuuhi	Hyuuga Yuuhi	Im glad I had moved my computer the night befor 
20:57:44	Hyuuga Yuuhi	Hyuuga Yuuhi	:D
20:57:47	Hatake Exteban	Hatake Exteban	lol
20:57:57	Hatake Exteban	Hatake Exteban	you had the feeling something was gona happen
20:57:58	Hyuuga Yuuhi	Hyuuga Yuuhi	I put it in my kitchen
20:58:00	Hyuuga Yuuhi	Hyuuga Yuuhi	lol
20:58:08	Hyuuga Yuuhi	Hyuuga Yuuhi	Nah I just dont like playing in my basement..
20:58:11	Hyuuga Yuuhi	Hyuuga Yuuhi	Gets to cold.
20:58:12	Hyuuga Yuuhi	Hyuuga Yuuhi	lol.
20:58:36	Hyuuga Yuuhi	Hyuuga Yuuhi	But now im haveing the opposite problem
20:58:42	Hatake Exteban	Hatake Exteban	too hot?
20:58:43	Hatake Exteban	Hatake Exteban	lol
20:58:44	Hyuuga Yuuhi	Hyuuga Yuuhi	Yeah :(
20:58:50	Hyuuga Yuuhi	Hyuuga Yuuhi	I rauther it be 2 cold then 2 hot
20:58:55	Hatake Exteban	Hatake Exteban	i know the feeling of that
20:59:04	Hatake Exteban	Hatake Exteban	i live on the last floor of my building
20:59:16	Hyuuga Yuuhi	Hyuuga Yuuhi	But now im affraid to put my stuff down in the basement until I can get a person to come and talk to me about stuff.
20:59:17	Hatake Exteban	Hatake Exteban	3rd floor, i allways get the sun right on my room window
21:00:02	Hatake Exteban	Hatake Exteban	you should probably wait
21:00:09	Hatake Exteban	Hatake Exteban	dont wanna lose your pctoo
21:00:17	Hyuuga Yuuhi	Hyuuga Yuuhi	Yeah...
21:00:41	Hyuuga Yuuhi	Hyuuga Yuuhi	But its not all bad.
21:00:47	Hyuuga Yuuhi	Hyuuga Yuuhi	I did get a bit of money back
21:00:47	Hatake Exteban	Hatake Exteban	imma kill someone
21:00:51	Hatake Exteban	Hatake Exteban	o.O
21:01:09	Hatake Exteban	Hatake Exteban	i earned 750 euros last week
21:01:15	Hyuuga Yuuhi	Hyuuga Yuuhi	:o not bad.
21:01:19	Hatake Exteban	Hatake Exteban	for passing to 12th grade
21:01:29	Hyuuga Yuuhi	Hyuuga Yuuhi	I wish I was payed to go to college
21:01:39	Hatake Exteban	Hatake Exteban	love to get pay for studying
21:01:41	Hatake Exteban	Hatake Exteban	xD
21:02:01	Hyuuga Yuuhi	Hyuuga Yuuhi	Sadly its the opposite here.
21:02:03	Hatake Exteban	Hatake Exteban	and my classes are only from 8 am to 2 pm
21:02:06	Hatake Exteban	Hatake Exteban	6 hours
21:02:16	Hatake Exteban	Hatake Exteban	i have all afternoon free
21:02:19	Hatake Exteban	Hatake Exteban	to work and poop
21:02:27	Hatake Exteban	Hatake Exteban	earn extra cash
21:02:31	Hyuuga Yuuhi	Hyuuga Yuuhi	My wife pays like 2k to stay in the classes she needs
21:02:32	Hyuuga Yuuhi	Hyuuga Yuuhi	=/
21:02:37	Hatake Exteban	Hatake Exteban	damm
21:02:57	Hyuuga Yuuhi	Hyuuga Yuuhi	every 4 months she stays in that class she has to pay a fee of like 650
21:03:00	Hatake Exteban	Hatake Exteban	i get payd cus they see me as a potential rich man for portugal
21:03:07	Hatake Exteban	Hatake Exteban	if wasnt them i would be working
21:03:11	Hatake Exteban	Hatake Exteban	hate school
21:03:19	Hyuuga Yuuhi	Hyuuga Yuuhi	and she needs 3 more years till she can get her degree.
21:03:29	Hatake Exteban	Hatake Exteban	thats sucks :S
21:03:48	Hatake Exteban	Hatake Exteban	education should be free
21:04:09	Hyuuga Yuuhi	Hyuuga Yuuhi	tell me about it... she had to take a break 1 semster to get more money.
21:04:11	Hyuuga Yuuhi	Hyuuga Yuuhi	and I agree.
21:04:12	Hatake Exteban	Hatake Exteban	free and more strict
21:04:25	Hatake Exteban	Hatake Exteban	like you only get x chances of succed
21:04:34	Hyuuga Yuuhi	Hyuuga Yuuhi	My wife is gunna make alot of money soon doe.
21:04:39	Hatake Exteban	Hatake Exteban	if you dont succeed you spot is given to someone else
21:04:51	Hatake Exteban	Hatake Exteban	whats shes studying?
21:04:55	Hyuuga Yuuhi	Hyuuga Yuuhi	Shes interning at a forensics lab and they are gunna hire her soon.
21:05:04	Hatake Exteban	Hatake Exteban	o.O
21:05:05	Hatake Exteban	Hatake Exteban	op
21:05:31	Hyuuga Yuuhi	Hyuuga Yuuhi	Crimnology, Foresnics science, Basic law, and other poop
21:05:33	T	T	xD
21:05:37	T	T	holas holas e.e
21:05:42	T	T	is
21:05:45	Hatake Exteban	Hatake Exteban	dont let her do any experiences on you xD
21:05:46	T	T	hi hi xD
21:05:54	Hyuuga Yuuhi	Hyuuga Yuuhi	xD
21:05:59	T	T	Q.Q
21:06:14	Hyuuga Yuuhi	Hyuuga Yuuhi	Shes gunna be makeing 36$ an hour :3
21:06:18	Hyuuga Yuuhi	Hyuuga Yuuhi	I cant wait for that.
21:06:21	Hatake Exteban	Hatake Exteban	o.O
21:06:24	Hyuuga Yuuhi	Hyuuga Yuuhi	Thats gunna be so nice.
21:06:26	T	T	lol leave me wounds please
21:06:47	Hyuuga Yuuhi	Hyuuga Yuuhi	She only works 4 hours though but she can get double time and over time if she is called in.
21:06:47	Hatake Exteban	Hatake Exteban	i can see yuuhi sitting at the couch drinking beer and wifey working like a slave
21:07:04	Hyuuga Yuuhi	Hyuuga Yuuhi	Lmao nah I work just as hard as she does, I just dont do college.
21:07:17	Hyuuga Yuuhi	Hyuuga Yuuhi	We cant afford for the both of us to go to college
21:08:06	Hyuuga Yuuhi	Hyuuga Yuuhi	Plus right now I make 18.32$ an hour from working in a junk yard where the boss cant afford to lose me. :3
21:09:52	T	T	jajal ol
21:09:55	Hatake Exteban	Hatake Exteban	xD
21:09:57	T	T	xD
21:10:01	T	T	heal me
21:10:06	T	T	please
21:10:08	Hatake Exteban	Hatake Exteban	cant heal all that
21:10:14	T	T	x.x
21:10:26	T	T	u can enter me in arena xD
21:10:49	T	T	wait
21:10:57	T	T	i have a good dmg?
21:11:01	Hatake Exteban	Hatake Exteban	yh
21:11:07	T	T	:)
21:11:12	T	T	now yeah like me xD
21:11:20	T	T	so i deleted the other char xD
21:11:34	Hatake Exteban	Hatake Exteban	õ.o
21:11:38	T	T	?
21:11:54	T	T	hey Exteban
21:12:00	Hatake Exteban	Hatake Exteban	?
21:12:10	T	T	go me a chunnin :P
21:12:24	T	T	e.e
21:12:30	Hatake Exteban	Hatake Exteban	wrong verb &gt;.&lt;
21:12:48	Hatake Exteban	Hatake Exteban	but yeh yuuhi
21:12:54	Hatake Exteban	Hatake Exteban	what you think of this version?
21:12:58	Hyuuga Yuuhi	Hyuuga Yuuhi	Its alot funner.
21:13:00	Hyuuga Yuuhi	Hyuuga Yuuhi	:3
21:13:03	Hatake Exteban	Hatake Exteban	^^
21:13:09	Hyuuga Yuuhi	Hyuuga Yuuhi	Few fixes here and there
21:13:12	T	T	*-*
21:13:12	Hatake Exteban	Hatake Exteban	yh
21:13:18	Hyuuga Yuuhi	Hyuuga Yuuhi	and it would be perfect.
21:13:19	Hatake Exteban	Hatake Exteban	still need to fix alot of crap
21:13:27	Hatake Exteban	Hatake Exteban	but for that i need players reporting
21:13:37	Hatake Exteban	Hatake Exteban	cant diescover everything alone
21:13:39	Hatake Exteban	Hatake Exteban	QQ
21:13:44	Hatake Exteban	Hatake Exteban	Discover*
21:13:56	Hyuuga Yuuhi	Hyuuga Yuuhi	Ok well Byakugan needs to be like mp, toggable. 
21:13:57	T	T	this server is official?
21:13:58	Hyuuga Yuuhi	Hyuuga Yuuhi	xD
21:14:03	T	T	open every day?
21:14:07	Hatake Exteban	Hatake Exteban	not yet
21:14:13	Hatake Exteban	Hatake Exteban	will be after i wipe
21:14:22	Hyuuga Yuuhi	Hyuuga Yuuhi	Umm windbullet has a dissapearing act that you use alot -.-
21:14:25	Hyuuga Yuuhi	Hyuuga Yuuhi	xD
21:14:29	Hatake Exteban	Hatake Exteban	ik
21:14:34	Hatake Exteban	Hatake Exteban	its a visual bug
21:14:39	Hatake Exteban	Hatake Exteban	been trying to fix it
21:14:43	T	T	mm
21:14:46	Hatake Exteban	Hatake Exteban	idk why its happening
21:14:54	Hyuuga Yuuhi	Hyuuga Yuuhi	Herm... Sand armor is op right now, probably have to rework that into something
21:15:09	Hatake Exteban	Hatake Exteban	1st i wanna make this like good old pre update
21:15:21	Hatake Exteban	Hatake Exteban	then ill rework as the comunity asks me
21:15:27	T	T	but be easy to lvl up?
21:15:33	Hatake Exteban	Hatake Exteban	thats how goa should have been in the 1st place
21:15:40	T	T	or equal to the goa?
21:15:49	Hatake Exteban	Hatake Exteban	wont be easy like 1 week lvl 100
21:15:56	Hatake Exteban	Hatake Exteban	but will be a bit faster than goa
21:16:55	T	T	ok this well, then I ordain this xD
21:17:10	T	T	like the yount
21:17:19	T	T	have great HP xD
21:17:21	Hyuuga Yuuhi	Hyuuga Yuuhi	xD
21:17:22	Hatake Exteban	Hatake Exteban	youths were op here xD
21:17:31	T	T	yeah xD
21:17:36	Hyuuga Yuuhi	Hyuuga Yuuhi	Youths were ight.
21:17:37	T	T	32k of HP xD
21:17:38	Hatake Exteban	Hatake Exteban	imma make my uchiha here
21:17:42	T	T	gates opens
21:17:55	Hatake Exteban	Hatake Exteban	oh i need to see something on gates
21:17:56	Hatake Exteban	Hatake Exteban	brb
21:17:57	Hyuuga Yuuhi	Hyuuga Yuuhi	I keep forgetting that i have 64 palms thats the only reason poop doesnt seem op
21:17:59	Hyuuga Yuuhi	Hyuuga Yuuhi	lolol.
21:18:08	T	T	xD
21:18:22	Hyuuga Yuuhi	Hyuuga Yuuhi	O.o
21:18:32	T	T	&lt;---
21:18:39	T	T	make one younths?
21:18:43	T	T	xD
21:19:01	Hyuuga Yuuhi	Hyuuga Yuuhi	Battles need to get reworked I know that much, they get a 90% dmg decreese if they have armor, Ironskin, And use d
21:19:20	Akimichi Exteban	Akimichi Exteban	has i thought
21:19:24	Akimichi Exteban	Akimichi Exteban	need to fix this
21:19:26	Hyuuga Yuuhi	Hyuuga Yuuhi	?
21:19:27	T	T	xD
21:19:37	T	T	so for this
21:19:37	Akimichi Exteban	Akimichi Exteban	youths can basically use gates without cd
21:19:39	Akimichi Exteban	Akimichi Exteban	xD
21:19:45	Akimichi Shiga	Akimichi Shiga	lol
21:19:52	Hyuuga Yuuhi	Hyuuga Yuuhi	Well thats all they are is gates.
21:19:55	T	T	then tell you win anything?
21:19:57	Hyuuga Yuuhi	Hyuuga Yuuhi	Their con is terrible.
21:20:04	Hyuuga Yuuhi	Hyuuga Yuuhi	you literally can just leech them and they die
21:20:23	Akimichi Exteban	Akimichi Exteban	´love the fact that gf takes chakra
21:20:25	Akimichi Exteban	Akimichi Exteban	^^
21:20:27	Hyuuga Yuuhi	Hyuuga Yuuhi	xD
21:20:39	Hyuuga Yuuhi	Hyuuga Yuuhi	Its more severe on the normal goa.
21:20:48	Akimichi Exteban	Akimichi Exteban	like this is balanced
21:20:49	Hyuuga Yuuhi	Hyuuga Yuuhi	Like I can really eat chakra od.
21:20:53	Hyuuga Yuuhi	Hyuuga Yuuhi	lolol.
21:21:28	Akimichi Shiga	Akimichi Shiga	x.x
21:21:29	T	T	xD
21:21:49	Hyuuga Yuuhi	Hyuuga Yuuhi	VKILL!
21:22:13	T	T	xD
21:22:48	Akimichi Shiga	Akimichi Shiga	wow
21:22:49	Akimichi Shiga	Akimichi Shiga	x.x
21:25:12	T	T	lol
21:26:42	T	T	xD
21:26:47	Akimichi Shiga	Akimichi Shiga	lol
21:26:49	Akimichi Shiga	Akimichi Shiga	how?
21:27:00	T	T	gates give me wounds
21:27:08	T	T	reach max xD
21:27:11	Akimichi Shiga	Akimichi Shiga	lol
21:30:41	T	T	esteban
21:30:45	Hatake Exteban	Hatake Exteban	?
21:30:47	T	T	exteban*
21:31:01	T	T	i wining for tell you the bug :P
21:31:13	T	T	50 lvls in the open server? after wipe *-*
21:31:17	Hatake Exteban	Hatake Exteban	nah
21:31:21	T	T	xD
21:31:31	T	T	:( money 
21:31:35	T	T	? xD
21:32:04	T	T	amm and i find other bug
21:32:16	T	T	of yount
21:33:02	T	T	not die until closing doors, or I grab a Nara
21:33:23	T	T	not die until closing gate, or i grab a nara
21:33:39	Akimichi Yuuhi	Akimichi Yuuhi	rawr
21:33:51	Akimichi Yuuhi	Akimichi Yuuhi	Hit T for 2960 with your massive fist!! ... !
21:34:36	Dan Uzumaki	Dan Uzumaki	o3o
21:34:39	Shauri	Shauri	Aff, heal
21:35:17	Akimichi Yuuhi	Akimichi Yuuhi	rawr
21:35:18	Akimichi Yuuhi	Akimichi Yuuhi	xD
21:35:26	Hatake Exteban	Hatake Exteban	every punch i lagged xD
21:35:37	Orochimaru	Orochimaru	leave village
21:35:38	T	T	eury xD
21:37:24	Eury	Eury	****
21:37:27	Eury	Eury	1 vs 1
21:37:33	Orochimaru	Orochimaru	i wanna 1v1
21:37:36	Orochimaru	Orochimaru	x-x
21:37:37	Eury	Eury	go
21:38:01	Akimichi Yuuhi	Akimichi Yuuhi	lol.
21:38:14	T	T	a
21:38:21	Hatake Exteban	Hatake Exteban	wijn
21:38:23	Hatake Exteban	Hatake Exteban	now die!
21:38:25	Akimichi Yuuhi	Akimichi Yuuhi	So lucky your a nara as well xD
21:38:29	Hatake Exteban	Hatake Exteban	xD
21:38:40	Akimichi Yuuhi	Akimichi Yuuhi	I was enjoying beating the other kid but he ran away Q_Q
21:38:45	Hatake Exteban	Hatake Exteban	xDD
21:38:56	Akimichi Yuuhi	Akimichi Yuuhi	See people are lucky as **** doe Im not really a aki
21:39:00	Hatake Exteban	Hatake Exteban	tell me if fire stuns
21:39:00	T	T	xD op
21:39:01	Akimichi Yuuhi	Akimichi Yuuhi	I could do some serious dmg
21:39:07	Akimichi Yuuhi	Akimichi Yuuhi	No
21:39:16	Orochimaru	Orochimaru	tank
21:39:50	Orochimaru	Orochimaru	hey
21:41:19	T	T	lol
21:41:44	T	T	anyone want vs?
21:42:06	Zrizz	Zrizz	rotf
21:42:08	Orochimaru	Orochimaru	so you wanna hit me 
21:42:09	Zrizz	Zrizz	invite me
21:42:10	Orochimaru	Orochimaru	afk
21:42:11	Orochimaru	Orochimaru	?
21:42:15	Zrizz	Zrizz	to rain p.z
21:42:19	Orochimaru	Orochimaru	hell no
21:42:19	Zrizz	Zrizz	i wont attack
21:42:23	Zrizz	Zrizz	if you invite
21:42:26	Orochimaru	Orochimaru	you attacke me afk
21:42:26	Zrizz	Zrizz	il help u
21:42:31	Orochimaru	Orochimaru	**** that
21:42:35	Zrizz	Zrizz	ill help you kill
21:44:08	Akimichi Yuuhi	Akimichi Yuuhi	!
21:44:59	Shauri	Shauri	Aff
21:45:04	Shauri	Shauri	Who keeps arena&#39;ing you?
21:45:07	Eury	Eury	Bow down..
21:45:11	Eury	Eury	To Mizukage Eury.
21:45:12	Eury	Eury	XD!
21:45:36	Shauri	Shauri	Double aff
21:47:05	Shauri	Shauri	Aff
21:47:09	Shauri	Shauri	I forgot about that
21:47:10	Eury	Eury	You&#39;re weak.
21:47:11	Eury	Eury	MAWUAH
21:47:13	Eury	Eury	xd
21:47:15	Shauri	Shauri	Got rusty, lol
21:47:18	Eury	Eury	same man
21:47:19	Eury	Eury	-_-
21:47:20	Shauri	Shauri	Stop healing yourself &gt;_&lt;
21:47:23	Eury	Eury	kukuku
21:49:27	Shauri	Shauri	Aff
21:49:31	Shauri	Shauri	Didn&#39;t see it
21:49:33	Shauri	Shauri	Heal me
21:49:38	Eury	Eury	You got 84 wounds
21:49:41	Eury	Eury	Oh.
21:49:43	Eury	Eury	You&#39;re dead.
21:49:48	Eury	Eury	I can not.
21:49:51	Eury	Eury	I&#39;m Mizukage-sama
21:49:55	Shauri	Shauri	Aff
21:50:00	Shauri	Shauri	This isn&#39;t over yet.
21:50:04	Shauri	Shauri	I&#39;ll get you tomorrow :3
21:50:05	Eury	Eury	We&#39;ll meet again!
21:50:07	Eury	Eury	xD
21:50:55	Eury	Eury	I&#39;m Kage.
21:50:56	Eury	Eury	XD
21:50:59	Orochimaru	Orochimaru	lol
21:51:00	Orochimaru	Orochimaru	op
21:51:12	Orochimaru	Orochimaru	are you
21:51:14	Orochimaru	Orochimaru	going
21:51:18	Orochimaru	Orochimaru	to start playing this
21:51:21	Orochimaru	Orochimaru	after wipe
21:51:42	Orochimaru	Orochimaru	?
21:51:59	Eury	Eury	idk x.x
21:52:03	Orochimaru	Orochimaru	i am
21:52:08	Orochimaru	Orochimaru	ill just ez.
21:52:13	Orochimaru	Orochimaru	to 100
21:54:25	Orochimaru	Orochimaru	;)
21:54:28	Eury	Eury	qq
21:55:26	Orochimaru	Orochimaru	Ew
21:55:46	Dan Uzumaki	Dan Uzumaki	WTF HOW TO FIGHT
21:56:50	Dan Uzumaki	Dan Uzumaki	You bug me
21:56:50	T	T	lol you no die?
21:56:54	Dan Uzumaki	Dan Uzumaki	Im telling.
21:56:58	Ruthless Anthony	Ruthless Anthony	No i didnt lol
21:57:56	Dan Uzumaki	Dan Uzumaki	thx
22:00:40	Ruthless Anthony	Ruthless Anthony	Shadow neck bind is so cheap..
22:01:53	Ruthless Anthony	Ruthless Anthony	And you rb&#39;d..
22:01:59	Ruthless Anthony	Ruthless Anthony	You&#39;re weak
22:02:02	Nara Kush	Nara Kush	u were already dead
22:02:04	Nara Kush	Nara Kush	to me
22:02:04	Ruthless Anthony	Ruthless Anthony	Nah
22:05:30	Yuki Anthony	Yuki Anthony	...
22:05:36	Yuki Anthony	Yuki Anthony	So he getting free stuff?
22:05:42	Hatake Exteban	Hatake Exteban	who?
22:05:45	Yuki Anthony	Yuki Anthony	I see how it is..
22:05:55	Eury²	Eury²	O_o
22:05:58	Hatake Exteban	Hatake Exteban	whos getting free stuff? o.o
22:06:00	Hatake Exteban	Hatake Exteban	lol
22:06:00	Eury²	Eury²	I just made this char.
22:06:14	Yuki Anthony	Yuki Anthony	Oh, can you make arrow keys use diagnols too?
22:06:17	Yuki Anthony	Yuki Anthony	Im on a laptop
22:06:18	Eury²	Eury²	He simply came here because he can&#39;t rename me.
22:06:22	Hatake Exteban	Hatake Exteban	ill try
22:06:25	Yuki Anthony	Yuki Anthony	Thank you.
22:06:44	Yuki Anthony	Yuki Anthony	Im probably gunna make this con/str
22:06:52	Fire Lee	Fire Lee	lol
22:06:57	Yuki Anthony	Yuki Anthony	Actually 3con2rfx1str
22:09:03	Dan Uzumaki	Dan Uzumaki	hi
22:09:04	Uchiha Drigger	Uchiha Drigger	hi
22:09:08	Dan Uzumaki	Dan Uzumaki	wanna spar?
22:09:12	Uchiha Drigger	Uchiha Drigger	sure
22:09:20	Uchiha Drigger	Uchiha Drigger	CD
22:09:21	Dan Uzumaki	Dan Uzumaki	3
22:09:25	Uchiha Drigger	Uchiha Drigger	2
22:09:25	Dan Uzumaki	Dan Uzumaki	2
22:09:27	Dan Uzumaki	Dan Uzumaki	1
22:09:29	Uchiha Drigger	Uchiha Drigger	go
22:09:29	Dan Uzumaki	Dan Uzumaki	GO!
22:10:08	Uchiha Drigger	Uchiha Drigger	why cant I copy it? D:
22:13:45	Orochimaru	Orochimaru	1v1?
22:13:57	Nara Kush	Nara Kush	u gen type?
22:14:06	Orochimaru	Orochimaru	1v1 or not?
22:14:14	Nara Kush	Nara Kush	depends on what you are
22:16:29	Eury²	Eury²	.
22:20:39	Eury²	Eury²	Ready?
22:20:50	SSJ, Zenouva	SSJ, Zenouva	YA
22:20:52	Eury²	Eury²	go
22:24:01	Eury²	Eury²	:o
22:30:42	Uchiha Drigger	Uchiha Drigger	copied jutsu
22:30:46	Uchiha Drigger	Uchiha Drigger	fireball!
22:31:02	Uchiha Drigger	Uchiha Drigger	X_X I had so much wound already
22:32:04	Fire Lee	Fire Lee	lol
22:32:07	Fire Lee	Fire Lee	dojo?
22:32:14	Uchiha Drigger	Uchiha Drigger	kk
22:32:40	Fire Lee	Fire Lee	hold on gotta take trash out
22:32:52	GOD X	GOD X	u rdy?
22:32:54	GOD X	GOD X	3
22:33:03	Eury²	Eury²	go
22:34:27	Uchiha Drigger	Uchiha Drigger	gtg ...
22:40:20	Eury²	Eury²	gf ;o
22:40:24	GOD X	GOD X	mhm
22:40:28	GOD X	GOD X	i kinda suck
22:40:33	GOD X	GOD X	forgot to get shunshin
22:40:36	Eury²	Eury²	;3
22:40:38	Eury²	Eury²	This char sucks. xD
22:40:49	GOD X	GOD X	i might try something better
22:41:05	GOD X	GOD X	orochimaru
22:47:08	Fire Lee	Fire Lee	yo
22:47:12	Fire Lee	Fire Lee	u thre?
22:47:20	Fire Lee	Fire Lee	ight
22:48:46	Uchiha TwistedJr	Uchiha TwistedJr	its ok
22:48:58	Fire Lee	Fire Lee	didnt think i good get a rank cuz im just a genin
22:52:34	Uchiha TwistedJr	Uchiha TwistedJr	do your mission withut me
22:52:43	Uchiha TwistedJr	Uchiha TwistedJr	ima make a quick icon den ima be back
22:53:24	Fire Lee	Fire Lee	np
22:53:39	Uchiha TwistedJr	Uchiha TwistedJr	spar me quick
22:53:43	Fire Lee	Fire Lee	k
22:55:50	Uchiha TwistedJr	Uchiha TwistedJr	dam
22:55:55	Uchiha TwistedJr	Uchiha TwistedJr	i had u
22:55:57	Uchiha TwistedJr	Uchiha TwistedJr	oh yh
22:56:00	Uchiha TwistedJr	Uchiha TwistedJr	youths dont die!
23:11:48	Akimichi Exteban	Akimichi Exteban	kill me plz
23:12:05	Akimichi Exteban	Akimichi Exteban	my grandma hits harder than you
23:12:24	Eury	Eury	This char sucks. xD
23:12:28	Akimichi Exteban	Akimichi Exteban	xD
23:12:36	Akimichi Exteban	Akimichi Exteban	do damage now
23:12:43	Akimichi Exteban	Akimichi Exteban	i wanna see if i get killed by dmg
23:12:56	Eury	Eury	Continue?
23:13:09	Akimichi Exteban	Akimichi Exteban	nah
23:13:14	Akimichi Exteban	Akimichi Exteban	ty
23:13:23	Eury	Eury	np
23:15:12	Akimichi Exteban	Akimichi Exteban	sucking your chakra up xD
23:15:17	Eury	Eury	do eet
23:15:28	Eury	Eury	-_-
23:16:49	Eury	Eury	Kawa aint working.
23:16:57	Akimichi Exteban	Akimichi Exteban	when it didnt work?
23:17:06	Fire Lee	Fire Lee	i hate
23:17:10	Eury	Eury	Everytime I tried
23:17:12	Eury	Eury	hit me
23:17:16	Fire Lee	Fire Lee	u white ppl
23:17:18	Eury	Eury	See
23:17:21	Akimichi Exteban	Akimichi Exteban	hit me
23:17:24	Pluto	Pluto	not white
23:17:26	Eury	Eury	Weird.
23:17:27	Eury	Eury	-_-
23:17:33	Akimichi Exteban	Akimichi Exteban	use it
23:17:33	Fire Lee	Fire Lee	o.O
23:17:40	Akimichi Exteban	Akimichi Exteban	hmm
23:17:43	Akimichi Exteban	Akimichi Exteban	i think i know
23:17:44	Fire Lee	Fire Lee	uk tre
23:17:49	Akimichi Exteban	Akimichi Exteban	use it
23:17:59	Pluto	Pluto	nope
23:18:03	Eury	Eury	Wont work with taijutsu?
23:18:07	Fire Lee	Fire Lee	kk
23:18:10	Akimichi Exteban	Akimichi Exteban	yeh i think its bugged
23:18:11	Pluto	Pluto	jk yea
23:18:17	Fire Lee	Fire Lee	o
23:18:21	Fire Lee	Fire Lee	HE IS AWSOME
23:18:22	Akimichi Exteban	Akimichi Exteban	thank god we saw that before the wipe
23:18:23	Akimichi Exteban	Akimichi Exteban	QQ
23:18:25	Pluto	Pluto	ok
23:18:30	Pluto	Pluto	not really but ok
23:18:31	Eury	Eury	;o
23:18:32	Fire Lee	Fire Lee	lol uk itz me right 
23:18:44	Pluto	Pluto	yup
23:18:53	Fire Lee	Fire Lee	yea kinda figured that so what r you gone be?
23:19:03	Pluto	Pluto	what do you mean
23:19:12	Fire Lee	Fire Lee	ahh i mean what clan r u?
23:19:17	Pluto	Pluto	non clan
23:19:22	Eury	Eury	&gt;_&gt;
23:19:26	Fire Lee	Fire Lee	wich non clan
23:19:28	Akimichi Exteban	Akimichi Exteban	hyuugas chakra drain 2op &gt;.&lt;
23:19:36	Pluto	Pluto	the fish guy looking one
23:19:37	Eury	Eury	It is.
23:20:02	Fire Lee	Fire Lee	o well
23:20:11	Pluto	Pluto	ok
23:20:11	Fire Lee	Fire Lee	tell me when your done wit sats n skills 
23:20:11	Akimichi Exteban	Akimichi Exteban	gona have to nerf it a bit i guess
23:20:27	Pluto	Pluto	my stats r bein wierd they wont move
23:20:45	Fire Lee	Fire Lee	lol gotta click the blue thing
23:20:50	Pluto	Pluto	i am
23:20:58	Akimichi Exteban	Akimichi Exteban	damage me plz
23:21:06	Akimichi Exteban	Akimichi Exteban	more
23:21:12	Akimichi Exteban	Akimichi Exteban	take my stam
23:21:14	Pluto	Pluto	MAN **** THIS poop RAGE QUIT
23:21:15	Fire Lee	Fire Lee	hold on
