09:33:55	Boots2Asses	Boots2Asses	c
09:34:50	Boots2Asses	Boots2Asses	qual lvl máximo ?
09:34:56	Hatake -E-	Hatake -E-	100
09:35:00	Boots2Asses	Boots2Asses	vamos ver a sala byond
09:42:59	Hatake -E-	Hatake -E-	-
09:47:44	Boots2Asses	Boots2Asses	Target me
09:49:57	Boots2Asses	Boots2Asses	exteban
09:50:17	Boots2Asses	Boots2Asses	movimenta
09:50:22	Boots2Asses	Boots2Asses	como se tivesse em luta
09:50:36	Boots2Asses	Boots2Asses	quanto damage?
09:50:42	Boots2Asses	Boots2Asses	give me colt reset
09:50:58	Boots2Asses	Boots2Asses	Can you fixed it ?
09:51:09	Hatake -E-	Hatake -E-	que tem de errado?
09:51:31	Boots2Asses	Boots2Asses	ser usado apenas qdo está perto do oponento
09:51:34	Boots2Asses	Boots2Asses	ou tipo
09:51:48	Boots2Asses	Boots2Asses	pegar em 1/2 de distancia
09:51:54	Boots2Asses	Boots2Asses	e da 1 stun rapido 
09:51:54	Hatake -E-	Hatake -E-	mas a sw sempre foi assim
09:51:57	Boots2Asses	Boots2Asses	consegue ?
09:52:17	Boots2Asses	Boots2Asses	ele n stuna
09:52:23	Boots2Asses	Boots2Asses	deveria stunar né ?
09:52:47	Hatake -E-	Hatake -E-	em 2012 so o chamber e sleep que dava stun
09:53:04	Hatake -E-	Hatake -E-	o kobata tinha removido a maior parte dos stuns em 2010
09:53:13	Boots2Asses	Boots2Asses	MOve
09:53:33	Boots2Asses	Boots2Asses	use nedles on me
09:53:39	Boots2Asses	Boots2Asses	reset
09:53:50	Boots2Asses	Boots2Asses	Move
09:54:02	Boots2Asses	Boots2Asses	okay
09:54:07	Boots2Asses	Boots2Asses	but it don&#39;t stun
09:54:09	Boots2Asses	Boots2Asses	jaja
09:54:34	Hatake -E-	Hatake -E-	nah estas coisas deixaram de stunar em 2010, no update de 2009 para 2010
09:54:37	Boots2Asses	Boots2Asses	Exteban
09:54:54	Boots2Asses	Boots2Asses	é dificil colocar?
09:55:04	Boots2Asses	Boots2Asses	è possivel aumentar o critical da mp ?
09:55:13	Boots2Asses	Boots2Asses	deixar um pouco mais frequente ?
09:55:18	Hatake -E-	Hatake -E-	isso ja exige algum tempo de trabalho
09:55:28	Hatake -E-	Hatake -E-	e o tempo do mp nunca foi mexido
09:55:35	Boots2Asses	Boots2Asses	critical mp ?
09:55:37	Hatake -E-	Hatake -E-	as pessoas que nunca souberam usar
09:55:45	Boots2Asses	Boots2Asses	Como ?
09:55:53	Hatake -E-	Hatake -E-	quanto menos spamar mp mais crits ganhas
09:56:09	Boots2Asses	Boots2Asses	1
09:56:22	Boots2Asses	Boots2Asses	Exteban 
09:56:26	Hatake -E-	Hatake -E-	o problema e que todo mundo fica a spamar mp quando mp nunca foi feito para spamar
09:57:14	Boots2Asses	Boots2Asses	Exteban
09:57:18	Hatake -E-	Hatake -E-	?
09:59:05	Hatake -E-	Hatake -E-	nah isso e facil
10:01:27	Boots2Asses	Boots2Asses	Pick combat
10:01:42	Hatake -E-	Hatake -E-	esta versao nao tinha esse verb
10:01:52	Boots2Asses	Boots2Asses	é dificil colocar ?
10:03:07	Boots2Asses	Boots2Asses	EU ja tava com wounds
10:32:00	Boots2Asses	Boots2Asses	hm
10:32:14	Boots2Asses	Boots2Asses	vamos ao facebook
