00:45:47	Pl	d
00:45:48	Pl	d
00:45:48	Pl	d
00:46:08	Pl	s
00:46:09	Pl	s
00:46:10	Pl	s
18:28:26	Pl	die
18:28:26	Pl	die
18:28:28	Pl	plox
18:28:29	Pl	plox
18:28:36	Pl	...
18:28:36	Pl	...
18:28:39	Pl	sigh
18:28:40	Pl	sigh
18:28:41	Uchiha -E-	?
18:28:41	Uchiha -E-	?
18:28:48	Uchiha -E-	lol same vill doesnt work
18:28:49	Uchiha -E-	lol same vill doesnt work
18:29:14	Uchiha -E-	worked?
18:29:14	Uchiha -E-	worked?
18:29:20	Uchiha -E-	&gt;.&gt;
18:29:20	Uchiha -E-	&gt;.&gt;
18:29:32	Uchiha -E-	im so gona report that abuse to the owners
18:29:32	Uchiha -E-	im so gona report that abuse to the owners
18:32:06	Pl	tsk
18:32:06	Pl	tsk
18:32:07	Pl	tsk
18:32:09	Uchiha -E-	?
18:32:09	Uchiha -E-	?
18:32:10	Uchiha -E-	?
18:36:34	Hatake -E-	o.o
18:36:34	Hatake -E-	o.o
18:36:34	Hatake -E-	o.o
18:36:37	Hatake -E-	2 times
18:36:37	Hatake -E-	2 times
18:36:37	Hatake -E-	2 times
18:44:31	Pl	die
18:44:31	Pl	die
18:44:31	Pl	die
18:44:42	Pl	works
18:44:42	Pl	works
18:44:43	Pl	works
18:44:56	Hatake -E-	dude check real fast pills wounds
18:44:56	Hatake -E-	dude check real fast pills wounds
18:44:56	Hatake -E-	dude check real fast pills wounds
18:45:03	Hatake -E-	saxi saying they give 3 wounds per sec
18:45:03	Hatake -E-	saxi saying they give 3 wounds per sec
18:45:03	Hatake -E-	saxi saying they give 3 wounds per sec
18:45:06	Hatake -E-	both of them
18:45:06	Hatake -E-	both of them
18:45:06	Hatake -E-	both of them
18:46:10	Pl	i fixed that already 
18:46:10	Pl	i fixed that already 
18:46:11	Pl	i fixed that already 
18:46:12	Pl	o.o
18:46:13	Pl	o.o
18:46:13	Pl	o.o
18:46:14	Hatake -E-	kk
18:46:14	Hatake -E-	kk
18:46:15	Hatake -E-	kk
18:46:25	Pl	you str ?
18:46:25	Pl	you str ?
18:46:26	Pl	you str ?
18:46:32	Hatake -E-	2 str
18:46:32	Hatake -E-	2 str
18:46:32	Hatake -E-	2 str
18:46:34	Hatake -E-	274 now
18:46:35	Hatake -E-	274 now
18:46:35	Hatake -E-	274 now
18:46:37	Pl	kk move around
18:46:37	Pl	kk move around
18:46:37	Pl	kk move around
18:47:06	Pl	kk
18:47:06	Hatake -E-	OUCH
18:47:06	Pl	kk
18:47:06	Hatake -E-	OUCH
18:47:06	Pl	kk
18:47:06	Hatake -E-	OUCH
18:47:11	Pl	back to normal
18:47:11	Pl	back to normal
18:47:12	Pl	back to normal
18:47:20	Hatake -E-	why you so mean?
18:47:21	Hatake -E-	why you so mean?
18:47:21	Hatake -E-	why you so mean?
18:47:22	Hatake -E-	:(
18:47:22	Hatake -E-	:(
18:47:22	Hatake -E-	:(
18:48:19	Pl	WOOT
18:48:19	Pl	WOOT
18:48:19	Pl	WOOT
18:48:35	Hatake -E-	you noticed?
18:48:35	Hatake -E-	you noticed?
18:48:36	Hatake -E-	you noticed?
18:48:41	Pl	?
18:48:42	Pl	?
18:48:42	Pl	?
18:48:43	Hatake -E-	feral quietly on the game
18:48:43	Hatake -E-	feral quietly on the game
18:48:43	Hatake -E-	feral quietly on the game
18:48:45	Hatake -E-	xD
18:48:45	Hatake -E-	xD
18:48:45	Hatake -E-	xD
18:48:53	Pl	Always has been even on br
18:48:53	Pl	Always has been even on br
18:48:53	Pl	Always has been even on br
18:49:00	Pl	At night we all talk to him
18:49:00	Pl	At night we all talk to him
18:49:01	Pl	At night we all talk to him
18:49:06	Pl	Me nar,faye
18:49:07	Pl	Me nar,faye
18:49:07	Pl	Me nar,faye
18:49:29	Hatake -E-	ñice nice
18:49:29	Hatake -E-	ñice nice
18:49:29	Hatake -E-	ñice nice
18:49:45	Hatake -E-	im serious thought
18:49:45	Hatake -E-	im serious thought
18:49:45	Hatake -E-	im serious thought
18:49:46	Pl	my sword 2op
18:49:46	Pl	my sword 2op
18:49:46	Pl	my sword 2op
18:49:53	Hatake -E-	i want this save on there
18:49:54	Hatake -E-	i want this save on there
18:49:54	Hatake -E-	i want this save on there
18:49:55	Hatake -E-	QQ
18:49:55	Hatake -E-	QQ
18:49:55	Hatake -E-	QQ
18:49:57	Hatake -E-	2nd slot
18:49:57	Hatake -E-	2nd slot
18:49:57	Hatake -E-	2nd slot
18:49:59	Hatake -E-	gogo
18:49:59	Hatake -E-	gogo
18:50:00	Hatake -E-	gogo
18:55:30	Pl	gotta die
18:55:30	Pl	gotta die
18:55:31	Pl	this time
18:55:32	Pl	this time
18:55:37	Pl	got rid of double i assume
18:55:37	Pl	got rid of double i assume
18:56:44	Hatake -E-	read skype
18:56:44	Hatake -E-	read skype
18:56:47	Hatake -E-	its serious
18:56:48	Hatake -E-	its serious
18:56:48	Pl	DAFUQ
18:56:49	Pl	DAFUQ
19:01:29	Hatake -E-	i hate you
19:01:29	Hatake -E-	i hate you
19:01:29	Hatake -E-	i hate you
19:01:37	Pl	...
19:01:37	Pl	...
19:01:37	Pl	...
19:01:39	Hatake -E-	lol 1 sec
19:01:39	Hatake -E-	lol 1 sec
19:01:39	Hatake -E-	lol 1 sec
19:02:05	Pl	ima quit soon 
19:02:05	Pl	ima quit soon 
19:02:05	Pl	ima quit soon 
19:02:08	Pl	swear to god
19:02:08	Pl	swear to god
19:02:08	Hatake -E-	lol
19:02:08	Pl	swear to god
19:02:08	Hatake -E-	lol
19:02:09	Hatake -E-	lol
19:02:19	Hatake -E-	just remove it dude
19:02:19	Hatake -E-	just remove it dude
19:02:19	Hatake -E-	just remove it dude
19:02:26	Pl	nothing to do with that
19:02:26	Pl	nothing to do with that
19:02:26	Pl	nothing to do with that
19:02:28	Pl	o.o
19:02:28	Pl	o.o
19:02:28	Pl	o.o
19:02:32	Pl	idc about exp
19:02:32	Pl	idc about exp
19:02:32	Pl	idc about exp
19:02:34	Hatake -E-	what is it then?
19:02:34	Hatake -E-	what is it then?
19:02:34	Hatake -E-	what is it then?
19:06:21	Pl	last reboot
19:06:21	Pl	last reboot
19:08:57	Pl	SPACE
19:08:57	Pl	SPACE
19:08:59	Pl	BUTTON
19:08:59	Pl	BUTTON
19:09:06	Pl	brs man
19:09:06	Pl	brs man
19:09:17	Hatake -E-	rage
19:09:17	Hatake -E-	rage
19:09:26	Pl	okey dokey
19:09:27	Pl	okey dokey
19:09:36	Hatake -E-	worked or raging?
19:09:36	Hatake -E-	worked or raging?
19:10:00	Pl	come to leaf
19:10:00	Pl	come to leaf
19:10:04	Pl	need to test factions
19:10:04	Pl	need to test factions
19:11:07	Pl	go
19:11:07	Pl	go
19:11:31	Pl	relog
19:11:31	Pl	relog
19:12:26	Pl	leader still
19:12:27	Pl	leader still
