21:25:31	Konoha	Exteban	...
21:25:46	Konoha	Exteban	****s already joining
21:25:56	Konoha	Exteban	...
21:25:57	Konoha	Uchiha M4CHiiN	o.o
21:26:00	Konoha	Uchiha M4CHiiN	game to op
21:27:07	Kiri	Yassrab	Ex
21:27:10	Kiri	Yassrab	Summon me
21:38:30	Konoha	Capacity DrJ	who here
21:43:05	Kiri	Yassrab	Sup Shikyo
21:54:36	Konoha	Uchiha Nemesis	1 thing
21:54:49	Konoha	Uchiha Nemesis	kunai is useless
21:54:55	Konoha	Uchiha M4CHiiN3	o.o
21:54:58	Konoha	Uchiha M4CHiiN3	how so
21:55:09	Konoha	Uchiha Nemesis	lets say i come at you
21:55:16	Konoha	Uchiha Nemesis	lets ignore all the jutsu ill take in the face
21:55:21	Konoha	Uchiha Nemesis	600 cut max?
21:55:28	Konoha	Uchiha Nemesis	then i walk away before i take more dmg
21:55:32	Konoha	Uchiha Nemesis	and try to repeat
21:55:41	Konoha	Uchiha Nemesis	i wont risk shushin cause thats a bigger opening
21:55:50	Konoha	Uchiha Nemesis	so why THE **** WOULDNT I USE DECAP
21:55:52	Konoha	Uchiha Nemesis	4K
21:55:56	Konoha	Uchiha Nemesis	over 600
21:56:00	Konoha	Uchiha M4CHiiN3	true
21:56:03	Konoha	Uchiha M4CHiiN3	but then again
21:56:05	Konoha	Uchiha Nemesis	usually 
21:56:09	Konoha	Uchiha Nemesis	its 450 -300
21:56:14	Konoha	Uchiha M4CHiiN3	mhm
21:56:18	Konoha	Uchiha Nemesis	cause kunai on this has low hits
21:56:31	Konoha	Uchiha M4CHiiN3	kunai is better than decap
21:56:33	Konoha	Uchiha M4CHiiN3	&gt;.&gt;
21:56:37	Konoha	Uchiha Nemesis	ofcourse not..
21:56:44	Konoha	Uchiha M4CHiiN3	here we go
21:56:47	Konoha	Uchiha M4CHiiN3	You sure ?
21:56:48	Konoha	Uchiha Nemesis	decan can throw
21:56:56	Konoha	Uchiha Nemesis	3700 +10 wounds
21:57:04	Konoha	Uchiha Nemesis	that would become extra dmg from deflection
21:57:08	Konoha	Uchiha Nemesis	every 4 secs
21:57:17	Konoha	Uchiha M4CHiiN3	miss a decap hit 
21:57:21	Konoha	Uchiha Nemesis	why
21:57:22	Konoha	Uchiha M4CHiiN3	5 secound delay.
21:57:25	Konoha	Uchiha Nemesis	do you shushin?
21:57:25	Konoha	Uchiha M4CHiiN3	before other hit 
21:57:31	Konoha	Uchiha M4CHiiN3	no
21:57:33	Konoha	Uchiha M4CHiiN3	with decap ?
21:57:35	Konoha	Uchiha M4CHiiN3	Nope never
21:57:41	Konoha	Uchiha Nemesis	then i dont get it..
21:57:49	Konoha	Uchiha M4CHiiN3	Listen hoe
21:58:03	Konoha	Uchiha M4CHiiN3	Decap 5 secound delay between each attack kunai is constent beating 
21:58:03	Konoha	Uchiha Nemesis	it might miss but its still worth it
21:58:11	Konoha	Uchiha Nemesis	you cant keep them close
21:58:15	Konoha	Uchiha M4CHiiN3	lets say your kuna does 400-600 attack
21:58:23	Konoha	Uchiha M4CHiiN3	in that 5 secounds of your decap to regen
21:58:29	Konoha	Uchiha M4CHiiN3	you will deal around
21:58:33	Konoha	Uchiha M4CHiiN3	3000
21:58:35	Konoha	Uchiha M4CHiiN3	damge
21:58:36	Konoha	Uchiha Nemesis	huh? i always land pn
21:58:44	Konoha	Uchiha Nemesis	you can stay close to me withkunai
21:59:03	Konoha	Uchiha M4CHiiN3	mhm
21:59:14	Konoha	Hyuuga 1Hits	hi
21:59:21	Konoha	Uchiha Nemesis	all i see is black
22:00:14	Konoha	Hyuuga 1Hits	anyone wanna missionspam
22:00:27	Konoha	Uchiha M4CHiiN3	depends
22:00:52	Konoha	Uchiha Nemesis	did tai get any buff?
22:00:59	Konoha	Uchiha Nemesis	any sort of utility 
22:01:03	Konoha	Uchiha M4CHiiN3	Consult that with exte. ?
22:01:10	Konoha	Uchiha Nemesis	he doesnt listen
22:01:14	Konoha	Uchiha M4CHiiN3	lol
22:01:15	Konoha	Hyuuga 1Hits	anyone wanna mission meet KH
22:01:26	Konoha	Uchiha M4CHiiN3	He does
22:01:31	Konoha	Uchiha M4CHiiN3	he&#39;s a good guy .o.o
22:01:37	Konoha	Uchiha Nemesis	i swear to god he totally forgot how this game was before
22:02:03	Konoha	Uchiha M4CHiiN3	by before you talking about 
22:02:06	Konoha	Uchiha M4CHiiN3	between
22:02:13	Konoha	Uchiha M4CHiiN3	2007 - 2010
22:02:15	Konoha	Uchiha M4CHiiN3	or something o.o
22:02:18	Konoha	Uchiha Nemesis	exactly when kobata touched clones
22:02:30	Konoha	Uchiha Nemesis	so this is about a 2009 version with no clones
22:02:41	Konoha	Uchiha M4CHiiN3	Wait wait wait 
22:02:46	Konoha	Uchiha M4CHiiN3	2009 there was no clones . .. 
22:03:02	Konoha	Uchiha M4CHiiN3	Multi clones * ?
22:03:02	Konoha	Uchiha Nemesis	september 2009 kobata changed kawa 
22:03:05	Konoha	Uchiha Nemesis	yeah
22:03:12	Konoha	Uchiha Nemesis	so this is about then
22:03:24	Konoha	Uchiha M4CHiiN3	mhm.
22:03:24	Konoha	Uchiha Nemesis	clones existed from 2008 late 
22:03:34	Konoha	Uchiha Nemesis	and they spammed all the poop in the world
22:03:40	Konoha	Uchiha M4CHiiN3	Oh
22:03:53	Konoha	Uchiha M4CHiiN3	You talking about when they had different erm, Hud
22:03:58	Konoha	Uchiha M4CHiiN3	Jutsu icons. ?
22:04:07	Konoha	Uchiha M4CHiiN3	you might not remmeber but i do
22:04:07	Konoha	Uchiha Nemesis	its all the same
22:04:12	Konoha	Uchiha M4CHiiN3	:O
22:04:18	Konoha	Uchiha Nemesis	from when i was playing this version
22:04:28	Konoha	Uchiha Nemesis	except the small changes exte did
22:04:55	Konoha	Uchiha Nemesis	immortal happy jashinw is still there i am sure
22:05:05	Konoha	Uchiha Nemesis	i fought hades for 20 mins
22:05:05	Konoha	Hyuuga 1Hits	lets mish
22:05:14	Konoha	Uchiha Nemesis	after he first got overwounded
22:05:22	Konoha	Hyuuga 1Hits	anyonewanna mission
22:05:27	Konoha	Uchiha M4CHiiN3	lol
22:05:30	Konoha	Uchiha M4CHiiN3	not me 1hits.
22:05:30	Konoha	Uchiha Nemesis	10 of those minutes he was in gates
22:05:36	Konoha	Uchiha M4CHiiN3	hm
22:05:49	Konoha	Uchiha Nemesis	gates can last 15 mins on a youth or jashin
22:05:55	Konoha	Uchiha Nemesis	(everyone else would propably die)
22:06:06	Konoha	Uchiha M4CHiiN3	dam
22:06:47	Konoha	Uchiha M4CHiiN3	Honestly i wish there was the old version of GOA
22:06:49	Konoha	Uchiha Nemesis	you cant stun gates with anything but rasengans and idc chamer?
22:06:49	Konoha	Uchiha M4CHiiN3	Old Old
22:06:51	Konoha	Uchiha M4CHiiN3	With S
22:06:52	Konoha	Uchiha M4CHiiN3	gg
22:06:53	Konoha	Uchiha Nemesis	sleep wont work
22:07:03	Konoha	Uchiha Nemesis	they wake up in this version
22:07:14	Konoha	Uchiha Nemesis	so how do you go head on vs gates?
22:07:16	Konoha	Uchiha Nemesis	CON
22:07:21	Konoha	Uchiha Nemesis	only option
22:07:37	Konoha	Uchiha M4CHiiN3	only vs gates?
22:07:40	Konoha	Uchiha M4CHiiN3	You mad.
22:07:44	Konoha	Uchiha M4CHiiN3	\
22:07:51	Konoha	Uchiha M4CHiiN3	Reflex = gates raped.
22:07:54	Konoha	Uchiha M4CHiiN3	over wound
22:07:55	Konoha	Uchiha Nemesis	huh?
22:07:56	Konoha	Uchiha M4CHiiN3	Spam kunai
22:07:59	Konoha	Uchiha M4CHiiN3	it&#39;s all over.
22:07:59	Konoha	Uchiha M4CHiiN3	:D
22:08:06	Konoha	Uchiha Nemesis	you dont use jashins do you
22:08:11	Konoha	Uchiha M4CHiiN3	&gt;.&gt;
22:08:16	Konoha	Uchiha M4CHiiN3	never picked them before
22:08:17	Konoha	Uchiha M4CHiiN3	nope
22:08:18	Konoha	Uchiha M4CHiiN3	o.o
22:08:22	Konoha	Uchiha Nemesis	they walk in their bb
22:08:27	Konoha	Uchiha Nemesis	when you run away from them
22:08:29	Konoha	Uchiha Nemesis	and burn you
22:08:35	Konoha	Uchiha Nemesis	with the gate wounds
22:08:36	Konoha	Uchiha M4CHiiN3	o.o
22:08:39	Konoha	Uchiha Dragonclaw	exte
22:08:46	Konoha	Uchiha Dragonclaw	why did game wipe??
22:08:54	Konoha	Uchiha Nemesis	yup
22:09:00	Konoha	Uchiha Nemesis	lost my aki:(
22:09:07	Konoha	Uchiha Dragonclaw	exte said no wipe would happen lol
22:09:13	Konoha	Uchiha Dragonclaw	thatys maybe why all players gone
22:09:17	Konoha	Uchiha Nemesis	well suck it up aha
22:09:22	Konoha	Uchiha Dragonclaw	and on exodus but exodus say they wont wipe yea it will
22:09:33	Konoha	Uchiha Nemesis	exodus is the ultimate bs
22:09:35	Konoha	Uchiha M4CHiiN3	You play exodus ?
22:09:38	Konoha	Uchiha M4CHiiN3	never that.
22:09:41	Konoha	Uchiha Dragonclaw	i use to
22:09:46	Konoha	Uchiha M4CHiiN3	never ever am i going back to that game again
22:09:51	Konoha	Uchiha M4CHiiN3	OP player Base but BS Game
22:09:58	Konoha	Uchiha Dragonclaw	it to unbalance i jkust wish goa would go back to old way miss old way
22:10:03	Konoha	Uchiha M4CHiiN3	^
22:10:06	Konoha	Uchiha Nemesis	the playes base is abusing a noob fighting style
22:10:18	Konoha	Uchiha M4CHiiN3	the hell Exte at
22:10:22	Konoha	Uchiha Dragonclaw	yea
22:10:24	Konoha	Uchiha Nemesis	thats why bloo sucks at officials now (example)
22:10:25	Konoha	Uchiha M4CHiiN3	i wanna put up the gae
22:10:27	Konoha	Uchiha M4CHiiN3	like old GOA
22:10:27	Konoha	Uchiha Dragonclaw	on exodus lao got favorites
22:10:31	Konoha	Uchiha M4CHiiN3	Thsi game is amazing 
22:10:34	Konoha	Uchiha M4CHiiN3	this * 
22:10:41	Konoha	Uchiha Nemesis	he plays game were 3 tai hits is tai lock
22:10:44	Konoha	Uchiha Dragonclaw	yea dipic should have kept goa old way it sucks now
22:11:05	Konoha	Uchiha Nemesis	i like the upcoming updates
22:11:11	Konoha	Uchiha Nemesis	taijutsu stances are epic
22:11:17	Konoha	Uchiha M4CHiiN3	o.o
22:11:21	Konoha	Hyuuga 1Hits	****ed up my build
22:11:24	Konoha	Hyuuga 1Hits	levels
22:11:26	Konoha	Uchiha Dragonclaw	**** stances officals is ****ed up lol
22:11:33	Konoha	Uchiha Nemesis	this was 2
22:11:52	Konoha	Uchiha Nemesis	you have more options on officials than in this
22:11:55	Konoha	Uchiha Dragonclaw	if he fix this it beat offcials i hate officals how it is now
22:12:07	Konoha	Uchiha Dragonclaw	clones suck
22:12:09	Konoha	Hyuuga 1Hits	officials sucks
22:12:16	Konoha	Uchiha Dragonclaw	offcials fake as ****
22:12:27	Konoha	Uchiha Nemesis	officials can never be fake
22:12:27	Konoha	Hyuuga 1Hits	its like a rip nnow
22:12:28	Konoha	Uchiha M4CHiiN3	GOA 2 is the poop
22:12:30	Konoha	Uchiha Nemesis	i am done
22:12:34	Konoha	Uchiha Nemesis	this is fun though
22:12:38	Konoha	Uchiha Dragonclaw	for real
22:12:42	Konoha	Uchiha Dragonclaw	i like this
22:12:55	Konoha	Uchiha Nemesis	but if i see a bb
