19:01:33	Kiri	Hatake Exteban	^^
19:01:36	Kiri	Akuma Senpai	:D
19:01:39	Kiri	Akuma Senpai	levels?
19:02:25	Kiri	Akuma Senpai	muney?
19:05:00	Kiri	Hatake Exteban	you quit officials?
19:05:29	Kiri	Akuma Senpai	long time ago
19:06:40	Kiri	Hatake Exteban	when?
19:08:00	Kiri	Akuma Senpai	i actually didnt play as much as i used to after feral made that update
19:08:09	Kiri	Akuma Senpai	then i just got bored to hell and left it
19:08:52	Kiri	Hatake Exteban	lol
19:09:19	Kiri	Akuma Senpai	at first i thought feral was trolling this stupid update
19:09:27	Kiri	Akuma Senpai	then i found out he was serious..
19:10:24	Kiri	Hatake Exteban	feral actually made the game much better
19:10:28	Kiri	Hatake Exteban	than it was
19:10:49	Kiri	Akuma Senpai	&gt;.&gt; wouw you joking?
19:11:01	Kiri	Hatake Exteban	no o.o
19:11:40	Kiri	Akuma Senpai	the map sucks, the new jutsu&#39;s suck, he moved in custom hair color, clothes and eyes, he basicly just ruined the whole gamer
19:11:43	Kiri	Akuma Senpai	game*
19:12:05	Kiri	Akuma Senpai	nerfed,buffed things that didnt even need it
19:12:23	Kiri	Hatake Exteban	~the map and new jutsus wasnt him o.O
19:12:35	Kiri	Hatake Exteban	feral only worked after the update actually happened
19:12:36	Kiri	Akuma Senpai	roi?
19:12:43	Kiri	Hatake Exteban	roi and dipic did it
19:12:52	Kiri	Akuma Senpai	no he didnt, feral worked on it aswell
19:13:00	Kiri	Akuma Senpai	i even think feral did the most out of the map
19:13:08	Kiri	Hatake Exteban	feral just did on the map what roi couldnt do
19:13:18	Kiri	Hatake Exteban	but the whole map was roi
19:13:20	Kiri	Akuma Senpai	so they both ****ed up
19:13:30	Kiri	Hatake Exteban	not rly, feral just helped
19:13:33	Kiri	Hatake Exteban	isnt his fault
19:13:50	Kiri	Akuma Senpai	dont say that, that was all his and roi&#39;s plan
19:14:06	Kiri	Hatake Exteban	lol it wasnt
19:14:25	Kiri	Akuma Senpai	well idc i came online to play sum old goa
19:14:40	Kiri	Hatake Exteban	hmm good luck =)
19:14:47	Kiri	Hatake Exteban	gona have to shut down xD
19:14:51	Kiri	Akuma Senpai	woow
19:14:55	Kiri	Hatake Exteban	sry &gt;.&lt;
19:15:05	Kiri	Akuma Senpai	lol
19:15:10	Kiri	Hatake Exteban	&gt;.&gt;
19:15:12	Kiri	Akuma Senpai	spar
19:15:15	Kiri	Akuma Senpai	1 last spar?
19:15:17	Kiri	Hatake Exteban	ok
19:15:21	Kiri	Akuma Senpai	k w8
19:15:38	Kiri	Akuma Senpai	only put the rfx passives
19:16:21	Kiri	Hatake Exteban	i fixed this game to what it was &lt;3
19:16:24	Kiri	Hatake Exteban	my master piece
19:16:31	Kiri	Akuma Senpai	nice
19:16:36	Kiri	Akuma Senpai	change the jutsu icons
19:16:38	Kiri	Akuma Senpai	k arena
19:16:46	Kiri	Hatake Exteban	arena for cats
19:16:49	Kiri	Hatake Exteban	street!
19:17:04	Kiri	Akuma Senpai	k tele me 2 you
19:17:57	Kiri	Akuma Senpai	you should change kunai delay
19:18:00	Kiri	Akuma Senpai	k 
20:46:53	Suna	Shauri	Ew
20:46:59	Suna	Shauri	No starter at all?
20:47:17	Suna	Shauri	You sure it&#39;s save to say that it&#39;s worth my time?
20:47:32	Suna	Shauri	Kinda lame if I trained hardcore like last time and the game&#39;ll go down again.
20:47:42	Suna	Shauri	Never said you said that. I was asking the question.
20:48:37	Suna	Shauri	Is the game staying online 24/7?
20:48:43	Suna	Shauri	I know. It&#39;s fun.
20:48:50	Suna	Shauri	Just kinda a waste of time if it goes down again
20:48:58	Suna	Shauri	I know a 24/7
20:49:18	Suna	Shauri	He&#39;s got new internet since the 17th of the month.
20:49:24	Suna	Shauri	He hasn&#39;t hosted since then so I&#39;m not sure.
20:50:07	Kiri	Kaguya T	o.o
20:50:16	Kiri	Kaguya T	the server is open?
20:50:52	Kiri	Kaguya T	u are host?
20:51:06	Kiri	Kaguya T	kk
20:51:11	Kiri	Kaguya T	fix the gates?
20:51:20	Kiri	Kaguya T	u remenber me?
20:51:30	Kiri	Kaguya T	:)
20:51:40	Kiri	Kaguya T	i think i am the first player?
20:52:14	Kiri	Kaguya T	mm and where i can train?
20:54:45	Kiri	Kaguya MrT	how i talk in ooc?
20:55:20	Kiri	Kaguya MrT	no have admin xD
20:55:25	Kiri	Kaguya MrT	go train in dojo *0*
20:55:56	Kiri	Kaguya MrT	esteban how i talk in ooc?
20:58:15	Kiri	Kaguya Neptuneez	Use Help chat
20:58:24	Konoha	Nara -E-	eww
21:03:06	Konoha	Nara Kaito	Exte&lt;3
21:03:12	Konoha	Nara -E-	kaito &lt;3
21:03:16	Konoha	Nara Kaito	lemme relog
21:04:22	Konoha	Nara -K-	k am kaito
21:04:28	Konoha	Nara -E-	xD
21:04:39	Konoha	Nara -K-	lool.
21:04:56	Konoha	Nara -E-	copying the swag of mt name
21:05:04	Konoha	Nara -E-	my*
21:05:07	Konoha	Nara -K-	had too. name Kaito was taken qq
21:05:19	Konoha	Nara -E-	oh yeh
21:05:24	Konoha	Nara -E-	need to fix that...
21:05:48	Konoha	Nara -E-	spar at dojo?
21:05:58	Konoha	Nara -K-	low level
21:06:00	Konoha	Nara -E-	same
21:06:03	Konoha	Nara -E-	just started
21:06:17	Konoha	Nara -K-	o.o
21:06:20	Konoha	Nara -K-	u admin tho
21:06:30	Konoha	Nara -E-	whats up me being admin?
21:06:38	Konoha	Nara -E-	i dont use my powers unless i have to
21:07:38	Konoha	Nara -E-	w8
21:07:45	Konoha	Nara -E-	since when you got shark acc?
21:07:52	Konoha	Nara -K-	Huh?
21:07:54	Konoha	Nara -K-	This is mine
21:08:00	Konoha	Nara -E-	o.O
21:08:07	Konoha	Nara -E-	thats the same acc real shark uses
21:08:12	Konoha	Nara -K-	dafuq
21:11:09	Konoha	Nara -E-	people dont wanna play this cus its not auto level...
