14:10:00	/squad	Raditz	Raditz	strange
14:10:17	/squad	Raditz	Raditz	oh crap
14:10:21	/squad	Raditz	Raditz	this account is lvl 68
14:10:27	/squad	Raditz	Raditz	were is my lvl 90
14:10:45	/squad	Raditz	Raditz	omgg
14:10:52	/squad	Raditz	Raditz	that means i lost my level 90 ?
14:11:02	/squad	Raditz	Raditz	oh
14:11:52	/squad	Raditz	Raditz	oh
14:12:08	/squad	Raditz	Raditz	can you show me what liger bomb looks like on this 
14:12:33	/squad	Raditz	Raditz	what justu&#39;s are added that you input in the game
14:13:58	/squad	Raditz	Raditz	exte
14:14:06	/squad	Raditz	Raditz	what if one person enters the chunin exam ?
14:14:14	/squad	Raditz	Raditz	Do they still get it ? or its bugged
14:15:19	/squad	Raditz	Raditz	since no one else would in the exam, would that one person still get chunin
14:16:56	/squad	Raditz	Raditz	ok
14:20:39	/squad	Raditz	Raditz	:)
14:27:29	/squad	Raditz	Raditz	sup son
14:30:40	/squad	Raditz	Raditz	blood
14:30:43	/squad	Raditz	Raditz	leave kiri, come suna
14:31:03	/squad	Raditz	Raditz	i&#39;ll tell exteban to take you out of kiri real quick
14:32:07	/squad	Raditz	Raditz	YES
14:35:40	/squad	Raditz	Raditz	i&#39;ll check
14:35:50	/squad	Raditz	Raditz	yep, still bugged
