21:27:25	Nara M4CHiiN3	Nara M4CHiiN3	hay
21:27:27	Uchiha Madara	Uchiha Madara	need to nerf swords a bit
21:27:27	Nara M4CHiiN3	Nara M4CHiiN3	you hoe.
21:27:29	Nara M4CHiiN3	Nara M4CHiiN3	&gt;.&gt;
21:27:31	Nara M4CHiiN3	Nara M4CHiiN3	A bit ?
21:27:46	Nara M4CHiiN3	Nara M4CHiiN3	nerf sword now 
21:27:52	Nara M4CHiiN3	Nara M4CHiiN3	before you get carryed away
21:29:11	Nara M4CHiiN3	Nara M4CHiiN3	1 sec.
21:29:13	Nara M4CHiiN3	Nara M4CHiiN3	brb
21:30:43	Nara M4CHiiN3	Nara M4CHiiN3	bk
21:30:49	Nara M4CHiiN3	Nara M4CHiiN3	you aint madara
21:30:51	Nara M4CHiiN3	Nara M4CHiiN3	u nubo
21:31:15	Uchiha Madara	Uchiha Madara	...
21:31:22	Nara M4CHiiN3	Nara M4CHiiN3	Nerf sword.
21:31:27	Nara M4CHiiN3	Nara M4CHiiN3	then send me files k
21:31:32	Nara M4CHiiN3	Nara M4CHiiN3	skype.
21:32:16	Nara M4CHiiN3	Nara M4CHiiN3	oo
21:32:17	Nara M4CHiiN3	Nara M4CHiiN3	op 
21:34:11	Nara M4CHiiN3	Nara M4CHiiN3	The hell dis?
21:34:39	Uchiha Madara	Uchiha Madara	YAY
21:34:43	Uchiha Madara	Uchiha Madara	1 jutsu that works
21:37:08	Nara M4CHiiN3	Nara M4CHiiN3	hold on
21:41:56	Nara M4CHiiN3	Nara M4CHiiN3	btw
21:41:59	Nara M4CHiiN3	Nara M4CHiiN3	im on T.v
21:42:00	Nara M4CHiiN3	Nara M4CHiiN3	so
21:42:02	Nara M4CHiiN3	Nara M4CHiiN3	:)
21:42:36	Nara M4CHiiN3	Nara M4CHiiN3	mhm thats odd
21:43:39	Uchiha Madara	Uchiha Madara	...
21:43:49	Uchiha Madara	Uchiha Madara	yep i bugged all npcs
21:43:55	Uchiha Madara	Uchiha Madara	imma roll this back
21:43:59	Nara M4CHiiN3	Nara M4CHiiN3	mhm
