17:42:25	Konoha	Testing Jur	ok lets see
17:42:35	Konoha	Nara -E-	...
17:43:19	Konoha	Nara -E-	o.o
17:43:22	Konoha	Testing Jur	lol
17:43:31	Konoha	Testing Jur	thats 1
17:43:36	Konoha	Testing Jur	should hit me when chamber is up
17:43:50	Konoha	Nara -E-	before that update was like this dude
17:44:00	Konoha	Testing Jur	well change it!
17:44:13	Konoha	Testing Jur	what about danze?
17:44:15	Konoha	Testing Jur	daze?
17:44:26	Konoha	Nara -E-	~whats up with daze?
17:44:28	Konoha	Nara -E-	it slows
17:44:33	Konoha	Testing Jur	oh better no stun
17:44:39	Konoha	Nara -E-	nah doesnt stun
17:44:45	Konoha	Testing Jur	how long does rasengan stun?
17:45:11	Konoha	Testing Jur	eh i&#39;m low lvl hahaha
17:45:17	Konoha	Nara -E-	yh &gt;.&lt;
17:45:49	Konoha	Testing Jur	let me build a quick build
17:45:58	Konoha	Nara -E-	want lvl 100 or sum?
17:46:09	Konoha	Testing Jur	yes but i need to click so man
17:46:10	Konoha	Testing Jur	many
17:46:16	Konoha	Nara -E-	ikr xD
17:46:53	Konoha	Testing Jur	op lvl
17:47:09	Konoha	Testing Jur	anyway i dont see anything wrong with this game
17:47:14	Konoha	Nara -E-	nope
17:47:17	Konoha	Nara -E-	only clones lol
17:47:37	Konoha	Testing Jur	you could change clones
17:47:38	Konoha	Nara -E-	too op
17:47:52	Konoha	Testing Jur	let clones take your own chakra
17:48:00	Konoha	Testing Jur	so they cant use 100 rasengans
17:48:17	Konoha	Nara -E-	this clones can use everything lol
17:48:21	Konoha	Nara -E-	these*
17:49:31	Konoha	Testing Jur	lol
17:49:45	Konoha	Testing Jur	could you ask dipic to host?
17:49:53	Konoha	Nara -E-	you like me?
17:49:57	Konoha	Nara -E-	you wanna see me dead?
17:49:59	Konoha	Testing Jur	wtf
17:50:08	Konoha	Nara -E-	answer that
17:50:09	Konoha	Nara -E-	:o
17:50:12	Konoha	Testing Jur	no
17:50:15	Konoha	Nara -E-	then no i cant
17:50:18	Konoha	Nara -E-	&gt;.&lt;
17:50:24	Konoha	Testing Jur	dipic hates you?
17:50:29	Konoha	Nara -E-	nah he hates this game
17:50:37	Konoha	Nara -E-	cus naruke banned him from this game
17:50:43	Konoha	Nara -E-	naruke was admin here
17:50:45	Konoha	Nara -E-	xD
17:50:52	Konoha	Testing Jur	why you let naruke be admin
17:50:58	Konoha	Testing Jur	you need some serious admins
17:51:04	Konoha	Nara -E-	they were helping me at the time
17:51:15	Konoha	Nara -E-	naruke, yassrab, akuma and negro
17:51:18	Konoha	Testing Jur	helping with?
17:51:22	Konoha	Nara -E-	updates
17:51:25	Konoha	Testing Jur	oh ok
17:51:26	Konoha	Nara -E-	test, balance
17:51:45	Konoha	Testing Jur	well i cant code in this script
17:51:52	Konoha	Testing Jur	but advice 
17:51:55	Konoha	Testing Jur	i&#39;m op ^^
17:52:45	Konoha	Testing Jur	i believe Aido can code also
17:52:51	Konoha	Nara -E-	yh he can
17:52:53	Konoha	Nara -E-	but he sucks
17:53:04	Konoha	Testing Jur	lol
17:53:07	Konoha	Testing Jur	why you say that?
17:53:14	Konoha	Nara -E-	ive seen him coding
17:53:28	Konoha	Nara -E-	he goes to china and comes back to say that var x = 1
17:53:41	Konoha	Testing Jur	hes from china o.o
17:53:52	Konoha	Nara -E-	ok he comes here and goes back to china
17:53:54	Konoha	Nara -E-	happy?
17:53:56	Konoha	Nara -E-	&gt;.&gt;
17:53:59	Konoha	Testing Jur	lol
17:54:07	Konoha	Nara -E-	****s these days
17:54:10	Konoha	Testing Jur	does updating take long for you?
17:54:22	Konoha	Nara -E-	when i started this
17:54:29	Konoha	Nara -E-	i was doing 7 updates per day
17:54:30	Konoha	Nara -E-	o.O
17:54:49	Konoha	Testing Jur	thats good
17:55:04	Konoha	Nara -E-	but then i got bored cus i had nothing else to fix
17:55:13	Konoha	Testing Jur	lol
17:55:20	Konoha	Testing Jur	because you needed to play like a normal player
17:55:27	Konoha	Nara -E-	not really
17:55:33	Konoha	Nara -E-	i like to play like a normal player
17:55:48	Konoha	Nara -E-	i actually make chars that no one knows, so they cant say i abuse
17:56:09	Konoha	Nara -E-	you can see that on my missions &gt;.&gt;
17:56:17	Konoha	Testing Jur	yea yea yea &gt;_&gt;
17:56:24	Konoha	Nara -E-	your the abuser
17:56:28	Konoha	Nara -E-	lvl 100 0 missions
17:56:30	Konoha	Nara -E-	&gt;.&gt;
17:56:30	Konoha	Testing Jur	i dont abuse
17:57:00	Konoha	Testing Jur	just ask dipic for a 24/7 server!
17:57:04	Konoha	Nara -E-	lol
17:57:06	Konoha	Nara -E-	you ask
17:57:07	Konoha	Nara -E-	:D
17:57:16	Konoha	Testing Jur	i dont have his key or anything
17:57:57	Konoha	Nara -E-	dipic quit btw
17:58:01	Konoha	Nara -E-	dan is the host now
17:58:09	Konoha	Testing Jur	strange
17:58:11	Konoha	Testing Jur	i see dipic
17:58:12	Konoha	Testing Jur	as host
17:58:14	Konoha	Nara -E-	dan only using dipic poop
17:58:22	Konoha	Testing Jur	oh
17:58:27	Konoha	Uchiha Zenouva	did he post it on forum ?
17:58:38	Konoha	Nara -E-	killer told me that
17:59:01	Konoha	Testing Jur	so there isnt hope
18:00:30	Konoha	Testing Jur	i&#39;m slowing down from my own tai
18:01:07	Konoha	Nara -E-	your talking about when you punch you stop»?
18:01:52	Konoha	Testing Jur	noob!
18:02:38	Konoha	Testing Jur	accept defeat!
18:02:42	Konoha	Nara -E-	nevah!
18:03:13	Konoha	Testing Jur	..
18:03:16	Konoha	Testing Jur	cant caught you
18:04:21	Konoha	Testing Jur	what kind of lame cd 
18:04:24	Konoha	Testing Jur	you can spam shadow
18:04:33	Konoha	Nara -E-	i forgot to fix it
18:04:35	Konoha	Nara -E-	it has no cd
18:04:36	Konoha	Testing Jur	Analyzed Nara -E-: 0% Stamina -- 100% Chakra -- 38% Wounds ... 
18:04:37	Konoha	Testing Jur	!
18:04:42	Konoha	Nara -E-	and obv he attacks when im typing
18:04:50	Konoha	Nara -E-	meh your gona die anyway
18:04:51	Konoha	Testing Jur	hahaha
18:05:20	Konoha	Nara -E-	dead
18:05:41	Konoha	Testing Jur	..
18:05:45	Konoha	Nara -E-	lost to a lvl 80 nara!!
18:06:29	Konoha	Nara -E-	what you were talking about?
18:06:38	Konoha	Testing Jur	lol
18:06:40	Konoha	Nara -E-	being slow from your own punches?
18:06:43	Konoha	Testing Jur	i bought no jutsus
18:06:47	Konoha	Testing Jur	ys
18:06:51	Konoha	Testing Jur	if i run then punch
18:06:53	Konoha	Nara -E-	like stop walking?
18:06:54	Konoha	Testing Jur	i walk after that
18:07:06	Konoha	Nara -E-	dude this goa used to be like that
18:07:13	Konoha	Nara -E-	didnt have the attack + walk thingy
18:07:19	Konoha	Testing Jur	i mean
18:07:21	Konoha	Testing Jur	i walk like 5 sec
18:07:26	Konoha	Testing Jur	like somebody ctr me
18:07:28	Konoha	Nara -E-	dont exagerate
18:08:07	Konoha	Testing Jur	...
18:08:25	Konoha	Testing Jur	do you talk with dan?
18:08:42	Konoha	Nara -E-	not rly
18:08:43	Konoha	Nara -E-	why?
18:09:36	Konoha	Testing Jur	i wanna know
18:09:40	Konoha	Testing Jur	his reason for being so lame
18:09:52	Konoha	Testing Jur	if you dont like to do things for the game why dont he just say it
18:10:17	Konoha	Nara -E-	w8 that setence got me confused
18:10:25	Konoha	Testing Jur	i mean
18:10:30	Konoha	Nara -E-	if i dont like to do things for the game why dont he just say it? o.O
18:10:30	Konoha	Testing Jur	if he dont like doing things for the game anymore
18:10:34	Konoha	Testing Jur	why dont he just say it
18:10:38	Konoha	Nara -E-	ah He likes
18:10:44	Konoha	Nara -E-	he just dont have much time
18:10:57	Konoha	Nara -E-	i understand him, this isnt his fault
18:11:01	Konoha	Nara -E-	he has work + family
18:11:06	Konoha	Testing Jur	yea i know but
18:11:11	Konoha	Testing Jur	if he just listened to me
18:11:16	Konoha	Testing Jur	this game would be better
18:11:24	Konoha	Testing Jur	i explained to him many times on forums
18:11:34	Konoha	Testing Jur	that daze, tiles and dash broke the game
18:12:01	Konoha	Testing Jur	how old is dan?
18:12:11	Konoha	Nara -E-	like 25
18:12:19	Konoha	Testing Jur	family o.o
18:12:21	Konoha	Testing Jur	i;m 22
18:12:27	Konoha	Nara -E-	im 20 and i got a familly
18:12:28	Konoha	Nara -E-	o.O
18:12:34	Konoha	Testing Jur	i mean family like wife and kids
18:12:48	Konoha	Nara -E-	my gf lives with me
18:12:54	Konoha	Testing Jur	aahh how cute
18:12:58	Konoha	Nara -E-	and i have to take care of my lil bro
18:13:02	Konoha	Nara -E-	he also lives with me
18:13:03	Konoha	Nara -E-	o.O
18:13:10	Konoha	Testing Jur	can you cook?
18:13:17	Konoha	Nara -E-	a bit yeh
18:13:21	Konoha	Nara -E-	im not a chef
18:13:24	Konoha	Nara -E-	lol
18:13:27	Konoha	Testing Jur	hahaha
18:13:31	Konoha	Nara -E-	my gf &gt; me at cooking
18:13:40	Konoha	Testing Jur	ofc
18:13:49	Konoha	Testing Jur	lets go back to real goa
18:13:58	Konoha	Nara -E-	real?
18:14:01	Konoha	Nara -E-	goa is REAL!
18:14:03	Konoha	Nara -E-	AMG!
18:14:04	Konoha	Testing Jur	...
18:14:09	Konoha	Testing Jur	normal goa!
18:14:20	Konoha	Nara -E-	jk, i g2g, going to a party tonight
18:14:29	Konoha	Testing Jur	oh ok
18:14:30	Konoha	Testing Jur	have fun then
18:14:31	Konoha	Nara -E-	actually i should have left 20 mins ago
18:14:35	Konoha	Nara -E-	&gt;.&lt;
18:14:38	Konoha	Nara -E-	pce
18:14:41	Konoha	Testing Jur	bye
18:14:41	Konoha	Nara -E-	pce zen
18:14:52	Konoha	Testing Jur	zen is on that crack
18:14:58	Konoha	Nara -E-	**** is there but hes quiet as a mouse
18:14:59	Konoha	Nara -E-	&gt;.&gt;
