19:52:46	Hatake -E-	Hatake -E-	
19:58:29	Hatake -E-	Hatake -E-	this isnt gona stay up yet, fixing bugs
19:58:35	Hatake -E-	Hatake -E-	imma give you guys level 100
19:58:36	Yuzuki Kush	Yuzuki Kush	aww
19:58:41	Yuzuki Kush	Yuzuki Kush	already got it
19:58:46	Hatake -E-	Hatake -E-	o.O
19:58:47	Hatake -E-	Hatake -E-	oh yeh
19:58:48	Yuzuki Kush	Yuzuki Kush	just gimmie a decap
19:58:52	Yuzuki Kush	Yuzuki Kush	all i need
19:59:04	Yuzuki Kush	Yuzuki Kush	and some mula
19:59:52	Hatake -E-	Hatake -E-	love this sword xD
20:00:00	Yuzuki Kush	Yuzuki Kush	Wtf
20:01:34	Hatake -E-	Hatake -E-	hmm i think everythings fine less the poison
20:01:51	Yuzuki Kush	Yuzuki Kush	2.5 rfx or 3 rfx?
20:01:53	Yuzuki Kush	Yuzuki Kush	hmm
20:02:00	Namikaze Taizu	Namikaze Taizu	?
20:02:05	Namikaze Taizu	Namikaze Taizu	u tryin to figure out my build? lol
20:02:08	Yuzuki Kush	Yuzuki Kush	no mine
20:02:11	Yuzuki Kush	Yuzuki Kush	lawl
20:02:16	Hatake -E-	Hatake -E-	dmg?
20:02:16	Namikaze Taizu	Namikaze Taizu	and lv 100
20:02:22	Namikaze Taizu	Namikaze Taizu	if your using sword 2 is good enough
20:02:23	Yuzuki Kush	Yuzuki Kush	like 4k
20:02:28	Namikaze Taizu	Namikaze Taizu	in terms of passives
20:02:38	Hatake -E-	Hatake -E-	non bs?
20:02:45	Yuzuki Kush	Yuzuki Kush	but your rfx is what determines sword damgae or is it SM?
20:02:50	Namikaze Taizu	Namikaze Taizu	SM
20:02:56	Yuzuki Kush	Yuzuki Kush	exte
20:02:59	Yuzuki Kush	Yuzuki Kush	which is it?
20:03:02	Namikaze Taizu	Namikaze Taizu	if you have 20 SM on current server your gonna hit 2k regaurdless
20:03:10	Namikaze Taizu	Namikaze Taizu	and dan put in a new rfx roller
20:03:18	Hatake -E-	Hatake -E-	^
20:03:29	Hatake -E-	Hatake -E-	on here its rfx + SM
20:03:35	Namikaze Taizu	Namikaze Taizu	i use 2 rfx on the main server =/
20:03:37	Namikaze Taizu	Namikaze Taizu	works fine for me
20:03:42	Hatake -E-	Hatake -E-	no rfx = half dmg
20:03:47	Hatake -E-	Hatake -E-	no SM = half dmg
20:03:49	Yuzuki Kush	Yuzuki Kush	does boosted rx effect sword damgae?
20:04:00	Hatake -E-	Hatake -E-	no
20:04:03	Hatake -E-	Hatake -E-	oh hell no
20:04:08	Yuzuki Kush	Yuzuki Kush	i wish
20:04:09	Hatake -E-	Hatake -E-	thats too op lol
20:04:18	Hatake -E-	Hatake -E-	swords here already do 6k bs
20:05:51	Hatake -E-	Hatake -E-	hmm ok
20:05:58	Namikaze Taizu	Namikaze Taizu	i wonder if i can still do my op combo here
20:06:11	Hatake -E-	Hatake -E-	whats the combo? o.o
20:06:19	Namikaze Taizu	Namikaze Taizu	come in and see
20:06:35	Namikaze Taizu	Namikaze Taizu	does fire stun?
20:06:37	Hatake -E-	Hatake -E-	ño
20:06:42	Namikaze Taizu	Namikaze Taizu	not even ash?
20:06:45	Hatake -E-	Hatake -E-	nope
20:06:50	Namikaze Taizu	Namikaze Taizu	aww that sucks
20:06:53	Yuzuki Kush	Yuzuki Kush	no this pre update you better have skill or die
20:06:57	Hatake -E-	Hatake -E-	it didnt stun pre update &gt;-&gt;
20:07:05	Namikaze Taizu	Namikaze Taizu	ye i know
20:07:11	Hatake -E-	Hatake -E-	i need to reboot to fix fires...
20:07:47	Namikaze Taizu	Namikaze Taizu	jesus am i laggin
20:08:20	Namikaze Taizu	Namikaze Taizu	tht needs fixing
20:08:25	Hatake -E-	Hatake -E-	what?
20:08:26	Namikaze Taizu	Namikaze Taizu	water collision delay after use
20:08:36	Namikaze Taizu	Namikaze Taizu	its still sticks you for like 5 seconds
20:08:37	Hatake -E-	Hatake -E-	o.O
20:09:20	Namikaze Taizu	Namikaze Taizu	did that fire dragone ven hit u?
20:09:25	Hatake -E-	Hatake -E-	yh
20:09:31	Hatake -E-	Hatake -E-	this char is kinda edited lol
20:09:35	Hatake -E-	Hatake -E-	have to delete it
20:09:36	Hatake -E-	Hatake -E-	see
20:09:46	Hatake -E-	Hatake -E-	only did 6k dmg
20:10:03	Namikaze Taizu	Namikaze Taizu	see
20:10:10	Namikaze Taizu	Namikaze Taizu	look how long i was stuck for
20:10:13	Hatake -E-	Hatake -E-	the user delay?
20:10:16	Hatake -E-	Hatake -E-	ok ill fix it
20:10:24	Namikaze Taizu	Namikaze Taizu	i was stuck the entire time the skill was active
20:11:01	Namikaze Taizu	Namikaze Taizu	eh
20:11:04	Namikaze Taizu	Namikaze Taizu	ash is dumb in this
20:11:13	Hatake -E-	Hatake -E-	i said i needed to reboot to fix it
20:11:15	Namikaze Taizu	Namikaze Taizu	not worth the skill
20:11:17	Namikaze Taizu	Namikaze Taizu	oh o.o
20:11:18	Hatake -E-	Hatake -E-	that was an experience
20:12:09	Namikaze Taizu	Namikaze Taizu	jeez why am i skipping everywhere..
20:12:42	Yuzuki Kush	Yuzuki Kush	WTF
20:12:54	Namikaze Taizu	Namikaze Taizu	lol
20:13:01	Namikaze Taizu	Namikaze Taizu	the keys arent as fluid as on the main server
20:13:31	Hatake -E-	Hatake -E-	lol
20:13:33	Hatake -E-	Hatake -E-	raped
20:14:12	Namikaze Taizu	Namikaze Taizu	water collision
20:15:03	Yuzuki Kush	Yuzuki Kush	Shunshin delay is wtf long
20:15:12	Namikaze Taizu	Namikaze Taizu	ye
20:15:19	Namikaze Taizu	Namikaze Taizu	im rly laggy i guess
20:15:26	Namikaze Taizu	Namikaze Taizu	cuz im jumping around like no other
20:16:26	Namikaze Taizu	Namikaze Taizu	hes mist
20:16:34	Namikaze Taizu	Namikaze Taizu	h i thought he was o.o
20:17:39	Namikaze Taizu	Namikaze Taizu	ye im skipping around
20:17:49	Namikaze Taizu	Namikaze Taizu	i cant even see whats happening O.o
20:17:54	Namikaze Taizu	Namikaze Taizu	im guessing where your goin
20:18:07	Namikaze Taizu	Namikaze Taizu	lion combo dont work?
20:18:11	Namikaze Taizu	Namikaze Taizu	whoa
20:18:16	Namikaze Taizu	Namikaze Taizu	600 stam to ue it?
20:18:20	Namikaze Taizu	Namikaze Taizu	to use it*
20:18:38	Namikaze Taizu	Namikaze Taizu	i used it alot
20:18:40	Namikaze Taizu	Namikaze Taizu	it was op
20:18:50	Namikaze Taizu	Namikaze Taizu	it was amazing for when they jus got up
20:19:00	Namikaze Taizu	Namikaze Taizu	cuz if you did it 2 seconds bfore they got up ud catch em in it
20:19:42	Namikaze Taizu	Namikaze Taizu	rofl
20:19:57	Namikaze Taizu	Namikaze Taizu	did that even do damage?
20:21:06	Namikaze Taizu	Namikaze Taizu	ugh
20:21:21	Namikaze Taizu	Namikaze Taizu	it is
20:21:32	Namikaze Taizu	Namikaze Taizu	tai is useless
20:21:49	Namikaze Taizu	Namikaze Taizu	u cant punch after sushin
20:22:00	Namikaze Taizu	Namikaze Taizu	or im jus too laggy
20:28:38	Yuzuki Kush	Yuzuki Kush	wow 128
20:28:40	Yuzuki Kush	Yuzuki Kush	rofl
20:40:50	Hatake -E-	Hatake -E-	use kawa
20:41:04	Hatake -E-	Hatake -E-	ugh
20:41:08	Yuzuki Kush	Yuzuki Kush	rofl auto land?
20:41:15	Hatake -E-	Hatake -E-	its bugged lol
20:42:37	Hatake -E-	Hatake -E-	only thing left is that poison bug &gt;.&lt;
20:43:50	Yuzuki Kush	Yuzuki Kush	tai slow butmeh
20:44:31	Hatake -E-	Hatake -E-	lol lucky crit
20:45:18	Yuzuki Kush	Yuzuki Kush	yea tai got no chance lawl
20:45:23	Hatake -E-	Hatake -E-	o.O
20:46:42	Yuzuki Kush	Yuzuki Kush	see
20:46:46	Hatake -E-	Hatake -E-	yh
20:46:54	Hatake -E-	Hatake -E-	need to find a way to make tai good
20:47:16	Hatake -E-	Hatake -E-	tai only good on this version for gaters
20:47:22	Yuzuki Kush	Yuzuki Kush	make it so i can attack quicker with tai jutus as oppose to having to chase and corner toa ttack
20:47:30	Yuzuki Kush	Yuzuki Kush	yea cuz of tai lock
20:49:13	Yuzuki Kush	Yuzuki Kush	lol seriously
20:49:17	Hatake -E-	Hatake -E-	:D
20:49:24	Yuzuki Kush	Yuzuki Kush	taizu wasnt kidding
20:49:32	Hatake -E-	Hatake -E-	about tai?
20:49:57	Hatake -E-	Hatake -E-	my prob is that if i make tai faster, mp will be faster
20:50:03	Hatake -E-	Hatake -E-	thats my only prob
20:50:24	Yuzuki Kush	Yuzuki Kush	lol
20:51:42	Yuzuki Kush	Yuzuki Kush	wtf
20:54:18	Yuzuki Kush	Yuzuki Kush	ipbd lawl;
20:57:29	Yuzuki Kush	Yuzuki Kush	Rofl the promt
21:08:48	Yuzuki Kush	Yuzuki Kush	almaost 12k stma fully boosted
21:09:00	Yuzuki Kush	Yuzuki Kush	ruthies would be monsters on updated server
21:09:02	Hatake -E-	Hatake -E-	damm o.o
21:09:16	Hatake -E-	Hatake -E-	on my updated server they are like that xD
21:09:57	Hatake -E-	Hatake -E-	omfg...i cant remember where i changed the tai speed before...
21:09:59	Yuzuki Kush	Yuzuki Kush	lol i mustn play it then
21:11:30	Yuzuki Kush	Yuzuki Kush	12.3k stam
21:11:48	Yuzuki Kush	Yuzuki Kush	12.3k stam
21:11:56	Hatake -E-	Hatake -E-	think thats max
21:12:01	Yuzuki Kush	Yuzuki Kush	nope
21:12:04	Yuzuki Kush	Yuzuki Kush	im not 3 str
21:12:06	Yuzuki Kush	Yuzuki Kush	2.5
21:12:10	Hatake -E-	Hatake -E-	o.o
21:12:15	Yuzuki Kush	Yuzuki Kush	con/str ruthies would have more
21:12:17	Hatake -E-	Hatake -E-	*nerfs ruthless*
21:12:20	Yuzuki Kush	Yuzuki Kush	maybe 12.8 or 13k
21:12:23	Yuzuki Kush	Yuzuki Kush	lawl
21:12:27	Hatake -E-	Hatake -E-	^^
21:12:31	Yuzuki Kush	Yuzuki Kush	nerf yourself?
21:12:51	Hatake -E-	Hatake -E-	this char is edited
21:12:59	Hatake -E-	Hatake -E-	im a ruthless/battle/nara
21:13:01	Hatake -E-	Hatake -E-	lol
21:13:03	Yuzuki Kush	Yuzuki Kush	see the delay still there
21:13:11	Hatake -E-	Hatake -E-	i didnt reboot yet
21:13:13	Yuzuki Kush	Yuzuki Kush	Cheap as fic
21:13:31	Yuzuki Kush	Yuzuki Kush	lol well respec me before reboot con/str rfx is op but sucks
21:14:11	Hatake -E-	Hatake -E-	ohoh found a bug
21:14:17	Yuzuki Kush	Yuzuki Kush	what bug?
21:14:21	Yuzuki Kush	Yuzuki Kush	what bug?
21:14:31	Hatake -E-	Hatake -E-	pressure stuns for all eternety
21:14:48	Yuzuki Kush	Yuzuki Kush	lol op
21:21:07	Yuzuki Kush	Yuzuki Kush	lmfaao i lost all basic jutus
21:21:10	Yuzuki Kush	Yuzuki Kush	forgot to relog
21:45:07	Hatake -E-	Hatake -E-	yo baldy
21:45:11	Scorpion	Scorpion	?
21:45:15	Hatake -E-	Hatake -E-	use kawa plz
21:45:22	Scorpion	Scorpion	done
21:45:30	Hatake -E-	Hatake -E-	ok
21:45:38	Hatake -E-	Hatake -E-	again
21:45:45	Scorpion	Scorpion	done
21:45:52	Hatake -E-	Hatake -E-	perfect
21:45:55	Hatake -E-	Hatake -E-	thx
21:46:00	Scorpion	Scorpion	np
21:46:05	Hatake -E-	Hatake -E-	~gona test hyuuga now brb
21:48:07	Scorpion	Scorpion	gentle fist takes chackra
21:48:08	Akimichi Exteban	Akimichi Exteban	hmm
21:48:11	Akimichi Exteban	Akimichi Exteban	yh
21:50:02	Scorpion	Scorpion	u gonna add rinnegan?
21:50:06	Akimichi Exteban	Akimichi Exteban	idk
21:51:01	Scorpion	Scorpion	lol
21:51:21	Akimichi Exteban	Akimichi Exteban	im testing punches speed &gt;-&lt;
21:51:39	Akimichi Exteban	Akimichi Exteban	ugh exactly same poop...
21:52:21	Scorpion	Scorpion	shjt happens
22:46:46	Kaguya Kirbyy	Kaguya Kirbyy	up
22:46:49	Kaguya Kirbyy	Kaguya Kirbyy	wait
22:46:59	Kaguya Kirbyy	Kaguya Kirbyy	sup
22:47:01	Kaguya Kirbyy	Kaguya Kirbyy	wait
22:47:06	Orochimaru	Orochimaru	?
22:47:07	Kaguya Kirbyy	Kaguya Kirbyy	i want in to
22:47:14	Kaguya Kirbyy	Kaguya Kirbyy	oh you wanna 1 v 1 east here?
22:47:18	Orochimaru	Orochimaru	yes
22:47:23	Kaguya Kirbyy	Kaguya Kirbyy	heal up
22:47:33	Kaguya Kirbyy	Kaguya Kirbyy	heal me
22:47:41	Orochimaru	Orochimaru	go
22:48:25	Kaguya Kirbyy	Kaguya Kirbyy	gtg srry 
22:48:57	Kaguya Kirbyy	Kaguya Kirbyy	gtg dad giving comp to this lady but will put differnt one in here
22:49:03	Kaguya Kirbyy	Kaguya Kirbyy	lol
22:49:05	Orochimaru	Orochimaru	lol ok
22:49:07	Kaguya Kirbyy	Kaguya Kirbyy	he tripping
22:49:14	Kaguya Kirbyy	Kaguya Kirbyy	tbh new goa better than this
22:49:43	Kaguya Kirbyy	Kaguya Kirbyy	boost to op
22:49:45	Orochimaru	Orochimaru	2op
22:49:49	Kaguya Kirbyy	Kaguya Kirbyy	gtg pea
23:10:05	Namikaze Taizu	Namikaze Taizu	tai needs buff
23:11:04	Namikaze Taizu	Namikaze Taizu	hold on..
23:11:08	Akimichi Exteban	Akimichi Exteban	runner!!
23:11:19	Namikaze Taizu	Namikaze Taizu	im looking what skills i have
23:11:23	Namikaze Taizu	Namikaze Taizu	but yea tai needs a buff
23:11:30	Akimichi Exteban	Akimichi Exteban	and im thinking on buff for tai
23:11:33	Akimichi Exteban	Akimichi Exteban	but idk &gt;.&lt;
23:11:37	Namikaze Taizu	Namikaze Taizu	just increase damage
23:11:44	Namikaze Taizu	Namikaze Taizu	and remove the slow from punching
23:11:47	Akimichi Exteban	Akimichi Exteban	youths would be op
23:11:51	Namikaze Taizu	Namikaze Taizu	like you cant move while your punching
23:11:57	Namikaze Taizu	Namikaze Taizu	youths r suppose to be op with punches
23:11:59	Akimichi Exteban	Akimichi Exteban	cant do that
23:12:11	Namikaze Taizu	Namikaze Taizu	or maybe buff combo
23:12:11	Akimichi Exteban	Akimichi Exteban	the cant move while punching is the movement system
23:12:24	Namikaze Taizu	Namikaze Taizu	so revamp the movement..
23:12:30	Namikaze Taizu	Namikaze Taizu	cuz then tai is useless
23:12:32	Akimichi Exteban	Akimichi Exteban	thats would take weeks
23:12:41	Namikaze Taizu	Namikaze Taizu	well if you want it to flourish
23:12:45	Namikaze Taizu	Namikaze Taizu	ur gonna need it
23:12:55	Akimichi Exteban	Akimichi Exteban	or i could make tai faster?
23:13:02	Namikaze Taizu	Namikaze Taizu	mm
23:13:06	Namikaze Taizu	Namikaze Taizu	ye
23:13:10	Akimichi Exteban	Akimichi Exteban	=)
23:13:15	Namikaze Taizu	Namikaze Taizu	increase speed with a slight damage buff
23:13:22	Namikaze Taizu	Namikaze Taizu	like basic hit cant do more than 200 damage
23:13:27	Akimichi Exteban	Akimichi Exteban	yh
23:13:29	Namikaze Taizu	Namikaze Taizu	limit crits to 4k
23:13:42	Namikaze Taizu	Namikaze Taizu	daze doesnt do poop
23:14:06	Namikaze Taizu	Namikaze Taizu	whatd you do with ash?
23:14:13	Akimichi Exteban	Akimichi Exteban	ñun
23:14:22	Akimichi Exteban	Akimichi Exteban	put it back to what it was pre update
23:14:24	Namikaze Taizu	Namikaze Taizu	so old fire is back
23:14:28	Akimichi Exteban	Akimichi Exteban	yh
23:14:30	Namikaze Taizu	Namikaze Taizu	with stuns and everything?
23:14:39	Akimichi Exteban	Akimichi Exteban	fire never stuned pre update dude
23:14:49	Namikaze Taizu	Namikaze Taizu	im talking during the days of genius
23:14:59	Akimichi Exteban	Akimichi Exteban	i didnt play back then
23:15:02	Namikaze Taizu	Namikaze Taizu	oh
23:15:07	Namikaze Taizu	Namikaze Taizu	so it jus slows in this?
23:15:12	Namikaze Taizu	Namikaze Taizu	with minor wounds
23:15:15	Akimichi Exteban	Akimichi Exteban	pretty much
23:15:29	Namikaze Taizu	Namikaze Taizu	hmm so ruthies will thrive here
23:15:57	Namikaze Taizu	Namikaze Taizu	remember to take out ruthy stam boost
23:16:16	Akimichi Exteban	Akimichi Exteban	lol they would rage
23:16:23	Namikaze Taizu	Namikaze Taizu	its rly not needed
23:16:35	Akimichi Exteban	Akimichi Exteban	ill think about it
23:16:44	Namikaze Taizu	Namikaze Taizu	um do akimichi&#39;s still have pill wound?
23:16:49	Akimichi Exteban	Akimichi Exteban	yh
23:16:57	Namikaze Taizu	Namikaze Taizu	did you reduce how often it happens?
23:17:02	Akimichi Exteban	Akimichi Exteban	yh
23:17:06	Namikaze Taizu	Namikaze Taizu	like 2 wounds every 3 seconds or something?
23:17:25	Akimichi Exteban	Akimichi Exteban	1 wound every 4 secs for pill 1
23:17:34	Akimichi Exteban	Akimichi Exteban	2 wounds every 4 secs for pill 2
23:17:42	Namikaze Taizu	Namikaze Taizu	ye thats a nice balance..
23:17:52	Namikaze Taizu	Namikaze Taizu	oh fix hakus
23:18:00	Akimichi Exteban	Akimichi Exteban	they are fine 
23:18:04	Akimichi Exteban	Akimichi Exteban	at least they were
23:18:04	Namikaze Taizu	Namikaze Taizu	ice needle rnge is probably till bugged
23:18:12	Akimichi Exteban	Akimichi Exteban	dont think so
23:18:15	Namikaze Taizu	Namikaze Taizu	O.o did you fix the ice needle range
23:18:17	Akimichi Exteban	Akimichi Exteban	use colision
23:18:27	Akimichi Exteban	Akimichi Exteban	o.O
23:18:28	Namikaze Taizu	Namikaze Taizu	cuz it was set to follow for like 600 tiles before
23:18:49	Namikaze Taizu	Namikaze Taizu	better
23:19:13	Namikaze Taizu	Namikaze Taizu	does lc even do damge?
23:19:18	Akimichi Exteban	Akimichi Exteban	yh &gt;.&lt;
23:19:23	Akimichi Exteban	Akimichi Exteban	513
23:19:25	Namikaze Taizu	Namikaze Taizu	how much?
23:19:28	Akimichi Exteban	Akimichi Exteban	~i need to boost it lol
23:19:29	Namikaze Taizu	Namikaze Taizu	well that needs a buff..
23:19:34	Namikaze Taizu	Namikaze Taizu	im a 2 str build lol
23:19:58	Namikaze Taizu	Namikaze Taizu	add a knock back effect with combo
23:19:59	Akimichi Exteban	Akimichi Exteban	lion combo is str / rfx
23:20:07	Namikaze Taizu	Namikaze Taizu	make it all str O.o
23:20:18	Akimichi Exteban	Akimichi Exteban	why? &gt;.&gt;
23:20:26	Namikaze Taizu	Namikaze Taizu	cuz o.o
23:20:32	Namikaze Taizu	Namikaze Taizu	or 3/4 str 1/4 rfx
23:20:55	Namikaze Taizu	Namikaze Taizu	gentle fist doesnt do any wounds..
23:21:00	Akimichi Exteban	Akimichi Exteban	it takes chakra
23:21:07	Namikaze Taizu	Namikaze Taizu	ullpoop
23:21:13	Namikaze Taizu	Namikaze Taizu	my chakra wasnt moving at all
23:21:13	Akimichi Exteban	Akimichi Exteban	xD
23:21:30	Namikaze Taizu	Namikaze Taizu	doesnt take enough 
23:21:34	Akimichi Exteban	Akimichi Exteban	&gt;.&lt;
23:21:41	Akimichi Exteban	Akimichi Exteban	dont wanna make it op
23:21:54	Namikaze Taizu	Namikaze Taizu	it should be like every 3rd hit 100 chakra is sapped
23:22:02	Namikaze Taizu	Namikaze Taizu	cuz its not affecting the regen at all
23:22:02	Akimichi Exteban	Akimichi Exteban	´takes 27 chakra every hit
23:22:13	Namikaze Taizu	Namikaze Taizu	u need to make it higher than base regen
23:22:24	Namikaze Taizu	Namikaze Taizu	or else its useless =/
23:22:29	Akimichi Exteban	Akimichi Exteban	ugh...
23:22:39	Akimichi Exteban	Akimichi Exteban	40 chakra would be fine
23:22:43	Namikaze Taizu	Namikaze Taizu	make it drain 45
23:22:47	Akimichi Exteban	Akimichi Exteban	ok
23:22:59	Namikaze Taizu	Namikaze Taizu	did you change rotation to be the new thing?
23:23:38	Namikaze Taizu	Namikaze Taizu	and i would make sand shield have a cancel button on it
23:23:53	Namikaze Taizu	Namikaze Taizu	cuz gaaras are gonna dog about how sand shield cant be taken down
23:23:59	Akimichi Exteban	Akimichi Exteban	1st i wanna make this has it was before
23:24:09	Akimichi Exteban	Akimichi Exteban	so i can update as the comunity wants
23:24:15	Namikaze Taizu	Namikaze Taizu	ah
23:24:34	Namikaze Taizu	Namikaze Taizu	fix gates
23:24:42	Namikaze Taizu	Namikaze Taizu	or else people r gonna rage in chunnin -.-
23:24:53	Namikaze Taizu	Namikaze Taizu	and holy poop put a timer on chunnin matches
23:25:03	Akimichi Exteban	Akimichi Exteban	lol
23:25:03	Namikaze Taizu	Namikaze Taizu	20 mins max, overall wounds loses
23:25:18	Namikaze Taizu	Namikaze Taizu	so even if you bandage ull still end up losing
23:25:25	Akimichi Exteban	Akimichi Exteban	ill see what i can do
23:25:28	Namikaze Taizu	Namikaze Taizu	and that takes care of jashins jus running around
23:25:32	Akimichi Exteban	Akimichi Exteban	i did that for goa tournament system
23:25:36	Namikaze Taizu	Namikaze Taizu	healing back to 0 wounds
23:25:44	Akimichi Exteban	Akimichi Exteban	or you think soul did the tournament system alone
23:25:48	Namikaze Taizu	Namikaze Taizu	dunno
23:25:50	Akimichi Exteban	Akimichi Exteban	it was me who fixed it &gt;.&lt;
23:26:06	Namikaze Taizu	Namikaze Taizu	dragon flame projectile..
23:26:13	Namikaze Taizu	Namikaze Taizu	have a range miss thing
23:26:43	Namikaze Taizu	Namikaze Taizu	that many tiles
23:26:49	Namikaze Taizu	Namikaze Taizu	after that the jutsu stops and you camove
23:27:14	Namikaze Taizu	Namikaze Taizu	12 tile range
23:27:28	Namikaze Taizu	Namikaze Taizu	raiton sword should be the same too
23:27:48	Namikaze Taizu	Namikaze Taizu	if nothing is hit after 2 seconds the jutsu should cancel
23:27:54	Akimichi Exteban	Akimichi Exteban	taijutsu is a bit better now with the shunshin i put
23:27:57	Namikaze Taizu	Namikaze Taizu	otherwise ul just be stuck..
23:28:02	Namikaze Taizu	Namikaze Taizu	ye thats nice
23:28:06	Namikaze Taizu	Namikaze Taizu	...
23:28:12	Namikaze Taizu	Namikaze Taizu	change sushin
23:28:14	Akimichi Exteban	Akimichi Exteban	cant spam it
23:28:16	Namikaze Taizu	Namikaze Taizu	to include directions
23:28:16	Akimichi Exteban	Akimichi Exteban	=)
23:28:19	Akimichi Exteban	Akimichi Exteban	eww
23:28:23	Namikaze Taizu	Namikaze Taizu	so you can sushin in front of to the sides
23:28:31	Akimichi Exteban	Akimichi Exteban	OHOH
23:28:33	Namikaze Taizu	Namikaze Taizu	look sushin is not a behind the back move only
23:28:45	Namikaze Taizu	Namikaze Taizu	u should be able to sushin to any angle
23:28:53	Namikaze Taizu	Namikaze Taizu	takes care of runners 
23:28:58	Akimichi Exteban	Akimichi Exteban	i make it so you can shunshin in front only of the user doesnt have a sword equiped
23:29:05	Akimichi Exteban	Akimichi Exteban	so they dont shunshin + decap
23:29:10	Namikaze Taizu	Namikaze Taizu	ye
23:29:17	Akimichi Exteban	Akimichi Exteban	your a genius
23:29:22	Namikaze Taizu	Namikaze Taizu	im good at this :D
23:29:25	Namikaze Taizu	Namikaze Taizu	have a lot of ideas
23:29:41	Namikaze Taizu	Namikaze Taizu	camolauge
23:29:53	Namikaze Taizu	Namikaze Taizu	remove the silohoutte for when d is held
23:30:05	Namikaze Taizu	Namikaze Taizu	or for when blocking i should say
23:30:31	Akimichi Exteban	Akimichi Exteban	come outside plz
23:30:36	Namikaze Taizu	Namikaze Taizu	remove delay on poison needles before they shoot
23:30:44	Akimichi Exteban	Akimichi Exteban	use water
23:30:47	Akimichi Exteban	Akimichi Exteban	imma test needles
23:30:58	Akimichi Exteban	Akimichi Exteban	rdy?
23:31:11	Namikaze Taizu	Namikaze Taizu	ima run
23:31:16	Namikaze Taizu	Namikaze Taizu	see how long they follow
23:31:18	Akimichi Exteban	Akimichi Exteban	rdy?
23:31:22	Namikaze Taizu	Namikaze Taizu	ye
23:31:34	Namikaze Taizu	Namikaze Taizu	k
23:31:43	Namikaze Taizu	Namikaze Taizu	they attk pretty quickly
23:31:55	Akimichi Exteban	Akimichi Exteban	but dont fo far
23:31:59	Akimichi Exteban	Akimichi Exteban	go*
23:32:07	Namikaze Taizu	Namikaze Taizu	oh you wanna se damage?
23:32:23	Namikaze Taizu	Namikaze Taizu	purdy damn op
23:32:27	Namikaze Taizu	Namikaze Taizu	2.7k almost?
23:32:28	Akimichi Exteban	Akimichi Exteban	xD
23:32:33	Akimichi Exteban	Akimichi Exteban	its hard to hit &gt;.&lt;
23:32:36	Namikaze Taizu	Namikaze Taizu	for a move worth 800 lol
23:32:48	Namikaze Taizu	Namikaze Taizu	wait..
23:32:55	Namikaze Taizu	Namikaze Taizu	do ice mirrors again
23:33:04	Akimichi Exteban	Akimichi Exteban	~water plz
23:33:28	Namikaze Taizu	Namikaze Taizu	poop lagged out lol
23:33:33	Namikaze Taizu	Namikaze Taizu	didnt see it happen
23:33:37	Namikaze Taizu	Namikaze Taizu	1 more time
23:33:54	Namikaze Taizu	Namikaze Taizu	k
23:34:02	Namikaze Taizu	Namikaze Taizu	i dont think you can run diagonally through mirrors
23:34:09	Namikaze Taizu	Namikaze Taizu	u used to be able to and get out
23:34:10	Akimichi Exteban	Akimichi Exteban	yeh i fixed that
23:34:41	Akimichi Exteban	Akimichi Exteban	boost combo? or boost tai in general?
23:34:47	Akimichi Exteban	Akimichi Exteban	i think combo would be better
23:34:48	Namikaze Taizu	Namikaze Taizu	both
23:34:52	Akimichi Exteban	Akimichi Exteban	&gt;.&lt;
23:34:55	Namikaze Taizu	Namikaze Taizu	200 max damage from a regular punch
23:35:08	Namikaze Taizu	Namikaze Taizu	max damage from combo make it 800
23:35:13	Namikaze Taizu	Namikaze Taizu	no..
23:35:15	Namikaze Taizu	Namikaze Taizu	to hai
23:35:27	Akimichi Exteban	Akimichi Exteban	to hai?
23:35:29	Namikaze Taizu	Namikaze Taizu	for each consecutive hit it should add 50 damage
23:35:31	Namikaze Taizu	Namikaze Taizu	high*
23:35:41	Namikaze Taizu	Namikaze Taizu	regaurdless of defenses
23:35:50	Namikaze Taizu	Namikaze Taizu	so max someone can hit on combo 5 is 450
23:36:01	Namikaze Taizu	Namikaze Taizu	that including piercing should keep max tai damage under 1k
23:36:08	Akimichi Exteban	Akimichi Exteban	thats nerfing tai not buffing
23:36:10	Akimichi Exteban	Akimichi Exteban	O.O
23:36:15	Namikaze Taizu	Namikaze Taizu	o.o oh
23:36:26	Akimichi Exteban	Akimichi Exteban	xD
23:36:32	Namikaze Taizu	Namikaze Taizu	20% O.o
23:36:45	Namikaze Taizu	Namikaze Taizu	it should be 25% i think
23:37:03	Namikaze Taizu	Namikaze Taizu	piercing seems ok the way it is..
23:37:04	Akimichi Exteban	Akimichi Exteban	ok ill make 25
23:37:19	Namikaze Taizu	Namikaze Taizu	tai daze needs to do more
23:37:25	Namikaze Taizu	Namikaze Taizu	like a 3 second slow or something
23:37:49	Namikaze Taizu	Namikaze Taizu	customize nagashi :D
23:38:02	Namikaze Taizu	Namikaze Taizu	shift+nagashi should shoot like a projectile of lightining
23:38:04	Akimichi Exteban	Akimichi Exteban	not gona make nagashi stun
23:38:07	Akimichi Exteban	Akimichi Exteban	eww
23:38:10	Namikaze Taizu	Namikaze Taizu	no just change it up
23:38:19	Namikaze Taizu	Namikaze Taizu	how is that ew
23:38:28	Namikaze Taizu	Namikaze Taizu	static 1500 stam damage 5 wounds
23:38:42	Namikaze Taizu	Namikaze Taizu	and then make a higher cool down for that version
23:39:02	Namikaze Taizu	Namikaze Taizu	did you fix healing?
23:39:15	Namikaze Taizu	Namikaze Taizu	nope
23:39:22	Namikaze Taizu	Namikaze Taizu	still cant move in the middle of a heal
23:39:35	Akimichi Exteban	Akimichi Exteban	hum o.o
23:39:42	Akimichi Exteban	Akimichi Exteban	its making the user stun
23:39:45	Akimichi Exteban	Akimichi Exteban	ill remove that
23:39:57	Namikaze Taizu	Namikaze Taizu	might ave to change rebirth too
23:40:12	Namikaze Taizu	Namikaze Taizu	like instantly heals 35 wounds
23:40:22	Namikaze Taizu	Namikaze Taizu	and over 10 seconds based on medical passives
23:40:28	Namikaze Taizu	Namikaze Taizu	the rest is healed
23:40:34	Namikaze Taizu	Namikaze Taizu	no insta stam back to 100%
23:40:43	Namikaze Taizu	Namikaze Taizu	stam should only go back to like 60% or 50%
23:40:58	Namikaze Taizu	Namikaze Taizu	chakra should go up to 80%
23:40:59	Akimichi Exteban	Akimichi Exteban	yeh i need to nerf rb
23:41:28	Namikaze Taizu	Namikaze Taizu	i think its smart to keep the movement delay on rb
23:41:37	Namikaze Taizu	Namikaze Taizu	like after the skill cant move for 2 seconds or something
23:42:20	Namikaze Taizu	Namikaze Taizu	what else was buggy in this..
23:42:24	Namikaze Taizu	Namikaze Taizu	change shuriken
23:42:33	Namikaze Taizu	Namikaze Taizu	the multi shirken skill
23:42:45	Namikaze Taizu	Namikaze Taizu	it goes 2 tiles before splitting into multiple
23:42:51	Namikaze Taizu	Namikaze Taizu	should reduce it to 1
23:43:24	Akimichi Exteban	Akimichi Exteban	hmmhmm
23:43:35	Akimichi Exteban	Akimichi Exteban	buffed tai a bit
23:44:09	Akimichi Exteban	Akimichi Exteban	fixed heal
23:45:18	Namikaze Taizu	Namikaze Taizu	take off timer on sharingan and byakugan
23:45:32	Namikaze Taizu	Namikaze Taizu	no need for doujutsus to be wearing off in the middle of battle..
23:46:03	Namikaze Taizu	Namikaze Taizu	are jashins blood bind fixed?
23:46:12	Akimichi Exteban	Akimichi Exteban	what was the bug?
23:46:15	Namikaze Taizu	Namikaze Taizu	so they cant just walk over blood and bind it
23:46:23	Namikaze Taizu	Namikaze Taizu	they have to cut the person to do it
23:46:42	Akimichi Exteban	Akimichi Exteban	never heard of that bug lol
23:46:44	Namikaze Taizu	Namikaze Taizu	i know a few updates before they could just stand on someone&#39;s spilled blood and do i
23:46:57	Namikaze Taizu	Namikaze Taizu	ill see if its bugged or not..
23:46:57	Akimichi Exteban	Akimichi Exteban	that was way before this source i think
23:47:02	Namikaze Taizu	Namikaze Taizu	idk
23:48:56	King	King	still no point distributor?
23:49:05	Akimichi Exteban	Akimichi Exteban	lazy xD
23:49:11	Sadistic Taizu	Sadistic Taizu	lol you whore
23:49:14	Sadistic Taizu	Sadistic Taizu	put 1 in &gt;.&lt;
23:49:22	Akimichi Exteban	Akimichi Exteban	i will put the officials one
23:50:25	Sadistic Taizu	Sadistic Taizu	250 @ control
23:50:38	Sadistic Taizu	Sadistic Taizu	k make king bleed
23:50:58	Sadistic Taizu	Sadistic Taizu	hmm guess not
23:51:03	Akimichi Exteban	Akimichi Exteban	^
23:51:06	Akimichi Exteban	Akimichi Exteban	^^
23:51:13	Sadistic Taizu	Sadistic Taizu	well thats good
23:51:55	Hatake -E-	Hatake -E-	poison also fixed
23:52:02	Namikaze Taizu	Namikaze Taizu	what about needle spred
23:52:04	Hatake -E-	Hatake -E-	use kawa
23:52:06	Namikaze Taizu	Namikaze Taizu	for poison needles
23:52:23	Hatake -E-	Hatake -E-	use
23:52:33	Namikaze Taizu	Namikaze Taizu	do it
23:52:48	Namikaze Taizu	Namikaze Taizu	whats that extra needle?
23:52:53	Hatake -E-	Hatake -E-	i have no idea
23:52:55	Hatake -E-	Hatake -E-	lol
23:52:56	Namikaze Taizu	Namikaze Taizu	o.o
23:52:59	Namikaze Taizu	Namikaze Taizu	hit me fuly
23:53:01	Hatake -E-	Hatake -E-	probably a visual bug
23:53:16	Namikaze Taizu	Namikaze Taizu	You took 500 Stamina damage from ! ... You took 500 Stamina damage from ! ... You took 500 Stamina damage from ! ... You took 500 Stamina damage from !
23:53:24	Namikaze Taizu	Namikaze Taizu	500 damage per needle eh?
23:53:27	Hatake -E-	Hatake -E-	yh
23:53:34	Namikaze Taizu	Namikaze Taizu	well thats flawed..
23:53:39	Namikaze Taizu	Namikaze Taizu	u shoot 5 needles dont u?
23:53:49	Namikaze Taizu	Namikaze Taizu	ew
23:53:56	Namikaze Taizu	Namikaze Taizu	that version of chidori?
23:54:13	Namikaze Taizu	Namikaze Taizu	eh i can live with it
23:54:19	Hatake -E-	Hatake -E-	Wind Style Chakra Nature!
23:54:21	Hatake -E-	Hatake -E-	xD
23:54:23	Namikaze Taizu	Namikaze Taizu	how r the mp crits?
23:54:28	Namikaze Taizu	Namikaze Taizu	r they still way too op?
23:54:28	Hatake -E-	Hatake -E-	are cool
23:54:40	Namikaze Taizu	Namikaze Taizu	nerf chidori needles slightly
23:54:40	Hatake -E-	Hatake -E-	Lightning Style Chakra Nature
23:54:57	Namikaze Taizu	Namikaze Taizu	didnt hit me
23:55:02	Namikaze Taizu	Namikaze Taizu	with windsword?
23:55:06	Namikaze Taizu	Namikaze Taizu	what r you slashing with lol
23:55:09	Hatake -E-	Hatake -E-	Earth Style Chakra Nature
23:55:12	Hatake -E-	Hatake -E-	chakra blade
23:55:15	Hatake -E-	Hatake -E-	asuma blade
23:55:17	Hatake -E-	Hatake -E-	=)
23:55:21	Namikaze Taizu	Namikaze Taizu	nice
23:55:26	Namikaze Taizu	Namikaze Taizu	they double hit
23:55:28	Namikaze Taizu	Namikaze Taizu	?
23:55:31	Hatake -E-	Hatake -E-	nah
23:55:38	Hatake -E-	Hatake -E-	but they use chakra nature as you can see
23:55:48	Namikaze Taizu	Namikaze Taizu	o.o
23:55:58	Hatake -E-	Hatake -E-	&lt;---edited char remember
23:56:02	Hatake -E-	Hatake -E-	im hard to kill
23:56:07	Namikaze Taizu	Namikaze Taizu	nah its ok
23:56:12	Namikaze Taizu	Namikaze Taizu	did you fix battles?
23:56:21	Hatake -E-	Hatake -E-	what was wrong with them?
23:56:22	Namikaze Taizu	Namikaze Taizu	or does poison still hurt em
23:56:27	Hatake -E-	Hatake -E-	fixed
23:56:48	Namikaze Taizu	Namikaze Taizu	r you leaving how gates r
23:56:55	Hatake -E-	Hatake -E-	probably yeh
23:56:58	Namikaze Taizu	Namikaze Taizu	with the dumb teleport in front of you thing
23:57:19	Namikaze Taizu	Namikaze Taizu	go gates
23:57:22	Hatake -E-	Hatake -E-	personally i think gates without the tele is dumb
23:57:28	Namikaze Taizu	Namikaze Taizu	im pretty sure it only lets you tele in front of u
23:57:36	Namikaze Taizu	Namikaze Taizu	no the problem wasnt the teleing
23:57:42	Namikaze Taizu	Namikaze Taizu	it was it only teled in front of the person
23:57:51	Namikaze Taizu	Namikaze Taizu	so people would stand in front of the chunnin door like that
23:58:24	Namikaze Taizu	Namikaze Taizu	ye
23:58:26	Namikaze Taizu	Namikaze Taizu	see
23:58:28	Namikaze Taizu	Namikaze Taizu	its only in front
23:58:42	Namikaze Taizu	Namikaze Taizu	it should be random direction
23:58:46	Namikaze Taizu	Namikaze Taizu	around the person
23:59:17	Namikaze Taizu	Namikaze Taizu	cuz like that people just doton chamer too
23:59:21	Namikaze Taizu	Namikaze Taizu	and then leech
