18:08:18	Konoha	Mr.Hatake	Esteban
18:09:49	Konoha	Uchiha Shauri	Exteban
18:10:36	Kiri	Pac Man	well
18:11:15	Kiri	Pac Man	Level me
18:11:19	Kiri	Pac Man	to 100
18:11:21	Kiri	Pac Man	Pls
18:11:39	Kiri	Pac Man	Do it pls
18:12:05	Kiri	Pac Man	I want man
18:12:11	Kiri	Pac Man	The official goa is off
18:12:14	Kiri	Pac Man	Just do it
18:12:40	Kiri	Pac Man	Man
18:12:42	Kiri	Pac Man	Comon
18:13:43	Kiri	Pac Man	Itsnt
18:15:40	Kiri	Pac Man	man lvl me
18:17:07	Kiri	Pac Man	So give me money xD
18:17:32	Kiri	Pac Man	Its a rip
18:17:48	Kiri	Pac Man	And im the only life sold here
18:18:39	Kiri	Pac Man	Well man
18:19:38	Kiri	Pac Man	Lvl me to lvl 100 man
18:21:18	Kiri	Pac Man	You change it
18:21:27	Kiri	Pac Man	I see
18:22:49	Kiri	Pac Man	Well
18:22:53	Kiri	Pac Man	Bye
18:23:01	Kiri	Pac Man	Cya
18:24:02	Kiri	Pac Man	You are a bad staff
18:24:18	Kiri	Pac Man	No man
18:24:25	Kiri	Pac Man	Cuz its a rip
18:24:34	Kiri	Pac Man	You cant think like the official
18:25:13	Kiri	Pac Man	Ok
18:25:31	Kiri	Pac Man	Be a Moderador without players
18:26:10	Kiri	Pac Man	Okay
18:26:12	Kiri	Pac Man	Bye
18:45:38	Suna	Gake	Sup ?
18:45:57	Suna	Strategic	sup bro
18:46:05	Suna	Gake	Who are yo ?
18:46:09	Suna	Strategic	Exteban
18:46:13	Suna	Gake	^ Z^
18:46:14	Suna	Strategic	the owner of this crap
18:46:16	Suna	Gake	Sup
18:46:16	Suna	Strategic	xD
18:47:29	Suna	Strategic	goa = down nothing to do on pc... 
18:47:38	Suna	Gake	Exactly ;O
18:48:12	Konoha	Uchiha Shauri	Everyone&#39;s a Suna.
18:48:13	Konoha	Uchiha Shauri	Homo
18:48:25	Konoha	Uchiha Shauri	Dude, 25 rate? &lt;.&gt;
18:48:30	Konoha	Uchiha Shauri	Missions better give good exp
18:49:00	Suna	Gake	I need money ;,
18:49:01	Suna	Gake	:&lt;
18:49:08	Suna	Strategic	mission xD
18:49:14	Suna	Strategic	i need money for my puppets too
18:49:25	Suna	Gake	free 100lvl ?
18:49:32	Suna	Strategic	you wish &gt;.&lt;
18:50:03	Suna	Gake	yup xD
18:50:37	Konoha	Uchiha Shinsura	wtf
18:51:35	Suna	Strategic	imma go back to my nara
18:51:50	Suna	Gake	I need 100lvl
18:51:52	Suna	Gake	:&lt;
18:52:02	Suna	Gake	E
18:52:06	Suna	Gake	just give me it ;O
18:52:20	Suna	Gake	:((
18:52:52	Konoha	Uchiha Shinsura	any admin?
18:53:07	Konoha	Nara -E-	&lt;--
18:53:22	Konoha	Uchiha Shinsura	Exteban
18:53:24	Konoha	Uchiha Shinsura	?
18:53:27	Konoha	Nara -E-	yh
18:53:31	Konoha	Uchiha Shinsura	make me lvl 50
18:53:33	Konoha	Uchiha Shinsura	plox
18:53:41	Konoha	Nara -E-	nty
18:53:47	Konoha	Uchiha Shinsura	noone else is on
18:53:57	Konoha	Nara -E-	i see 7 players on
18:54:05	Konoha	Uchiha Shinsura	but they not in leaf
18:54:12	Konoha	Nara -E-	and?
18:58:28	Konoha	Uchiha Shinsura	back
18:58:34	Konoha	Uchiha Shinsura	was taking a mean poop
18:58:50	Konoha	Nara -E-	too much info 
18:58:52	Konoha	Uchiha Shinsura	Exteban hold me down
19:00:59	Konoha	Uchiha Shinsura	exte
19:01:03	Konoha	Nara -E-	?
19:01:05	Konoha	Uchiha Shinsura	why offical goa down?
19:01:14	Konoha	Nara -E-	idk
19:03:40	Konoha	Uchiha Shinsura	dipic quit again
19:03:47	Konoha	Nara -E-	probably
19:08:18	Suna	Kabum	entra viadao
19:08:43	Suna	Diih	ja peguei
19:08:46	Suna	Kabum	Your job is to Deliver a package to Natsuki who you can find at Kawa no Kuni.
19:08:58	Suna	Kabum	calma 
19:09:02	Suna	Kabum	inv
19:09:32	Suna	Kabum	a minha é aki em kawa em cima de suna
19:10:29	Konoha	Uchiha Shauri	Back.
19:10:37	Konoha	Uchiha Shauri	You wanted a host, right Exteban?
19:10:51	Konoha	Nara -E-	yh
19:11:05	Konoha	Uchiha Shauri	Nevermind, he can&#39;t host anymore.
19:11:11	Konoha	Nara -E-	xD
19:11:14	Konoha	Uchiha Shauri	=/
19:11:15	Konoha	Uchiha Shauri	[20:10:47] Haze S.: lol no offense but I&#39;ve got too many other things going on right now to worry about other games and servers
