20:34:35	Akimichi SkinWalker	Akimichi SkinWalker	Com algumas atualizações
20:37:04	Akimichi SkinWalker	Akimichi SkinWalker	Cya
20:37:08	Xato	Xato	cya
20:37:18	Akimichi SkinWalker	Akimichi SkinWalker	u want host?
20:37:23	Xato	Xato	nty
20:37:27	Akimichi SkinWalker	Akimichi SkinWalker	Ok
20:37:28	Akimichi SkinWalker	Akimichi SkinWalker	Cya
21:01:48	Hyuuga Taju	Hyuuga Taju	dafuq
21:01:58	Hyuuga Taju	Hyuuga Taju	why does it look like gentle fist if i don&#39;t have it on
21:01:58	Zenouva	Zenouva	yea not working though
21:01:59	Hyuuga Taju	Hyuuga Taju	lmao
21:02:07	Hyuuga Taju	Hyuuga Taju	ah
21:02:10	Zenouva	Zenouva	i guess it´s just normal taijutsu
21:02:14	Hyuuga Taju	Hyuuga Taju	cool
21:02:19	Zenouva	Zenouva	cool ??
21:02:23	Hyuuga Taju	Hyuuga Taju	XD
21:02:27	Hyuuga Taju	Hyuuga Taju	idk Dx
21:02:36	Zenouva	Zenouva	Exte, GF is not working
21:05:12	Hyuuga Taju	Hyuuga Taju	D:&lt;
21:11:09	Evoque	Evoque	level ?
21:11:15	Deontay	Deontay	8
21:11:19	Deontay	Deontay	u
21:11:23	Evoque	Evoque	500
21:12:09	Deontay	Deontay	lvl
21:13:29	Evoque	Evoque	rate to low
