21:06:47	Hyuuga Crystal	Exteban can you help me
21:06:56	Cheewy	exte
21:07:03	Cheewy	there is no bug its like pre-update
21:07:28	Cheewy	ooh your right
21:12:28	Hyuuga Crystal	Exteban can you help me
21:12:35	Exteban	with?
21:13:11	Bloodtaster	2op?
21:13:16	Bloodtaster	Go exte
21:13:21	Bloodtaster	Gimme kaze like a bawus
21:13:33	Cheewy	he isnt going to edit anymore
21:13:40	Exteban	^
21:13:46	Bloodtaster	Kazekage isn&#39;t an edit.
21:13:48	Bloodtaster	It&#39;s a rank.
21:14:04	Hyuuga Crystal	Coding in Owner for mwe
21:14:39	Exteban	coding owner where
21:14:41	Exteban	?
21:15:18	Hyuuga Crystal	On my game
21:17:17	Exteban	dude you want to have a game
21:17:25	Exteban	and dont even know how to make yourself owner?
21:18:06	Akimichi -Kyro	Hmm
21:18:09	Akimichi -Kyro	So no boost?
21:18:34	Hyuuga Crystal	No I no how to code a little But I don&#39;t know how to code Owner in 
21:18:59	Akimichi -Kyro	So are you a GM?
21:19:11	Akimichi -Kyro	Do you actually have verbs?
21:21:07	Hyuuga Crystal	So Exteban can you do it for me plz
21:21:21	Exteban	no dude, learn how to code yourself
