22:40:54	Osama Bin-Laden	Osama Bin-Laden	not working &gt;.&gt;
22:41:10	Ousamu, Naruke	Ousamu, Naruke	lmfao
22:41:21	Osama Bin-Laden	Osama Bin-Laden	best defence ever
22:41:28	Ousamu, Naruke	Ousamu, Naruke	it auto kills you tho
22:41:54	Osama Bin-Laden	Osama Bin-Laden	yh
22:41:57	Osama Bin-Laden	Osama Bin-Laden	anyway
22:42:08	Osama Bin-Laden	Osama Bin-Laden	nothing ^^
22:42:09	Ousamu, Naruke	Ousamu, Naruke	if im not mistaken
22:42:17	Ousamu, Naruke	Ousamu, Naruke	for clones when you add the jutsu
22:42:24	Ousamu, Naruke	Ousamu, Naruke	hey are in a ()
22:42:35	Ousamu, Naruke	Ousamu, Naruke	and you can type the jutsu you want them to use like npc
22:42:45	Ousamu, Naruke	Ousamu, Naruke	naw nvm
22:42:48	Ousamu, Naruke	Ousamu, Naruke	thats only for npc
22:43:13	Osama Bin-Laden	Osama Bin-Laden	o.o
22:43:46	Uchiha -E-	Uchiha -E-	use needles or kunais
22:43:59	Uchiha -E-	Uchiha -E-	hmm
22:44:03	Uchiha -E-	Uchiha -E-	still does damage
22:44:13	Ousamu, Naruke	Ousamu, Naruke	you trying make IS like preupdate?
22:44:26	Ousamu, Naruke	Ousamu, Naruke	or just weapons
22:44:53	Uchiha -E-	Uchiha -E-	IS
22:45:32	Uchiha -E-	Uchiha -E-	lol
22:45:40	Uchiha -E-	Uchiha -E-	look at this bug
22:45:49	Uchiha -E-	Uchiha -E-	xd
22:46:11	Uchiha -E-	Uchiha -E-	naruke
22:46:20	Uchiha -E-	Uchiha -E-	xD
22:47:00	Uchiha -E-	Uchiha -E-	NARUKE
22:47:16	Ousamu, Naruke	Ousamu, Naruke	my bad
22:47:22	Ousamu, Naruke	Ousamu, Naruke	what bug
22:47:40	Uchiha -E-	Uchiha -E-	look at info
22:47:46	Uchiha -E-	Uchiha -E-	combar info
22:47:50	Uchiha -E-	Uchiha -E-	rdy?
22:47:59	Ousamu, Naruke	Ousamu, Naruke	yeah
22:48:00	Uchiha -E-	Uchiha -E-	...
22:48:01	Ousamu, Naruke	Ousamu, Naruke	my bad
22:48:04	Ousamu, Naruke	Ousamu, Naruke	i didnt mean to do that
22:48:09	Uchiha -E-	Uchiha -E-	xD
22:48:14	Ousamu, Naruke	Ousamu, Naruke	wth was that?
22:48:18	Uchiha -E-	Uchiha -E-	supah fast mp
22:48:30	Ousamu, Naruke	Ousamu, Naruke	lmfao
22:49:02	Uchiha -E-	Uchiha -E-	i fix 1 bug
22:49:06	Uchiha -E-	Uchiha -E-	20 show up...
22:49:16	Uchiha -E-	Uchiha -E-	try to walk
22:49:18	Uchiha -E-	Uchiha -E-	gogogo
22:49:20	Uchiha -E-	Uchiha -E-	QQ
22:51:45	Uchiha -E-	Uchiha -E-	hate you...
22:53:59	Ousamu, Naruke	Ousamu, Naruke	lol
22:54:02	Uchiha -E-	Uchiha -E-	&gt;.&gt;
22:54:13	Uchiha -E-	Uchiha -E-	when i finally crit you
22:54:16	Uchiha -E-	Uchiha -E-	you go afk
22:54:17	Uchiha -E-	Uchiha -E-	&gt;.&gt;
22:55:58	Uchiha -E-	Uchiha -E-	fixed
22:56:07	Ousamu, Naruke	Ousamu, Naruke	lol
22:56:14	Uchiha -E-	Uchiha -E-	hmm what else
22:56:21	Uchiha -E-	Uchiha -E-	oh yeh
22:56:29	Uchiha -E-	Uchiha -E-	use ctr on me
22:59:51	Ousamu, Naruke	Ousamu, Naruke	I dont have it
23:01:18	Uchiha -E-	Uchiha -E-	ok
23:01:21	Uchiha -E-	Uchiha -E-	...
23:01:26	Ousamu, Naruke	Ousamu, Naruke	Lmao
23:01:31	Ousamu, Naruke	Ousamu, Naruke	somebody logged on
23:01:33	Uchiha -E-	Uchiha -E-	use ctr or enhaced
23:01:40	Uchiha -E-	Uchiha -E-	when i say...
23:02:00	Uchiha -E-	Uchiha -E-	ok now
23:02:11	Uchiha -E-	Uchiha -E-	and he goes afk...
23:02:17	Ousamu, Naruke	Ousamu, Naruke	o
23:02:18	Ousamu, Naruke	Ousamu, Naruke	i thought
23:02:20	Ousamu, Naruke	Ousamu, Naruke	nvm
23:02:53	Uchiha -E-	Uchiha -E-	ok use it again
23:03:01	Uchiha -E-	Uchiha -E-	~strange
23:03:05	Uchiha -E-	Uchiha -E-	kawa isnt activating
23:03:21	Uchiha -E-	Uchiha -E-	use kawa
23:04:01	Ousamu, Naruke	Ousamu, Naruke	my bad
23:04:05	Ousamu, Naruke	Ousamu, Naruke	keep looking at tv
23:04:57	Uchiha -E-	Uchiha -E-	~the more you do that
23:05:06	Uchiha -E-	Uchiha -E-	the more dificult is to test poop
23:05:30	Uchiha -E-	Uchiha -E-	use kawa
23:05:57	Uchiha -E-	Uchiha -E-	use again
23:06:00	Ousamu, Naruke	Ousamu, Naruke	gp
23:06:09	Uchiha -E-	Uchiha -E-	still slowed?
23:07:07	Uchiha -E-	Uchiha -E-	hmm
23:07:12	Uchiha -E-	Uchiha -E-	thats all i guess...
23:07:29	Uchiha -E-	Uchiha -E-	thx...
