18:50:49	Suna	Shauri	AFK
18:59:04	Suna	Shauri	Back
18:59:07	Suna	Shauri	Exte, let&#39;s fight.
19:00:42	Suna	Shauri	Let&#39;s go.
19:06:00	Konoha	Sonda	yoo
19:06:28	Konoha	Hatake -E-	lol ibpd
19:08:40	Konoha	Sonda	spar?
19:13:20	Suna	Shauri	Pill?
19:15:12	Konoha	Sonda	why cant i go to dojo cha?
19:15:32	Suna	Shauri	Aff
19:15:36	Suna	Shauri	I was about to win.
19:15:55	Suna	Shauri	Typical owner rage ;)
19:16:36	Konoha	Sonda	Hatake
19:16:40	Konoha	Sonda	come spar
19:16:41	Konoha	Hatake -E-	?
19:16:43	Konoha	Hatake -E-	nah
19:16:50	Konoha	Sonda	can i join anbu? XD
19:16:57	Konoha	Hatake -E-	nope =)
19:17:04	Konoha	Sonda	;o
19:17:07	Konoha	Sonda	why?
19:17:13	Konoha	Sonda	small peoplke gamed
19:17:15	Konoha	Sonda	xd
19:17:15	Konoha	Hatake -E-	this is going to wipe today
19:17:26	Konoha	Sonda	..
19:18:33	Konoha	Sonda	where is ooc?
19:34:16	Kiri	Kaguya Traumatice	hi guys
19:35:31	Suna	Shauri	Hm
19:35:38	Suna	Shauri	Exte, maybe I should get Ourico to join ;)
19:37:12	Suna	Shauri	Yeah
19:37:21	Suna	Shauri	He&#39;s just logged on Skype
19:37:30	Suna	Shauri	He dislikes the current GOA, maybe he&#39;ll give this one a try.
19:38:29	Suna	Shauri	Idk :)
19:42:42	Suna	Shauri	Bbl 
19:52:47	Suna	Neptuneez	Sup exteban
19:53:10	Suna	Neptuneez	Genius build?
20:02:24	Kiri	Kaguya Traumatice	...
20:03:09	Kiri	Hatake Exteban	:o
20:03:11	Kiri	Hatake Exteban	xD
20:03:15	Kiri	Kaguya Traumatice	xD
20:03:26	Kiri	Kaguya Traumatice	first time in kage e.e
20:03:34	Konoha	Hyuuga Yuuhi	hue huehue
20:03:39	Suna	Neptuneez	Exteban?
20:03:40	Kiri	Kaguya Traumatice	so, not to do XD
20:03:45	Suna	Neptuneez	No OOC?
20:04:10	Konoha	Hatake Exteban	HOE!
20:04:10	Konoha	Hyuuga Yuuhi	oh god...
20:04:16	Suna	Neptuneez	Owner?
20:04:22	Konoha	Hyuuga Yuuhi	I gotta click and destroy my mouse Q_Q
20:04:29	Konoha	Hatake Exteban	hum?
20:04:30	Suna	Neptuneez	Need enforçer? :D
20:04:36	Suna	Neptuneez	DD:
20:04:37	Konoha	Hyuuga Yuuhi	The build
20:04:40	Konoha	Hyuuga Yuuhi	Q_Q
20:04:50	Konoha	Hatake Exteban	oh yeh forgot to add the builder xD
20:04:53	Suna	Neptuneez	cant open some spot to me? :(
20:06:00	Konoha	Hyuuga Yuuhi	Logged out of goa
20:06:07	Konoha	Hatake Exteban	same
20:06:14	Konoha	Hyuuga Yuuhi	Make me Sj :3
20:06:37	Konoha	Hatake Exteban	^^
20:06:40	Konoha	Hyuuga Yuuhi	xD
20:06:43	Konoha	Hatake Exteban	come outside real fast &gt;.&lt;
20:06:44	Konoha	Hyuuga Yuuhi	:O
20:06:45	Konoha	Hyuuga Yuuhi	Op
20:06:50	Kiri	Kaguya Traumatice	lol
20:06:57	Suna	Neptuneez	:( tele to me so bro
20:10:27	Konoha	Hyuuga Yuuhi	xD
20:10:32	Konoha	Hyuuga Yuuhi	Hes to op for me
20:10:38	Konoha	Hyuuga Yuuhi	I cant run now xD
20:10:43	Konoha	Hatake Exteban	xD
20:11:09	Kiri	Kaguya Traumatice	o..o
20:14:30	Suna	Neptuneez	Exteban genius build?
20:14:49	Konoha	Hyuuga Yuuhi	What is this! I only get 1k How am I supposed to buy the op decap with only 1k !
20:15:36	Kiri	Kaguya Traumatice	OP
20:15:59	Konoha	Hatake Exteban	i boosted tai here
20:16:04	Konoha	Hyuuga Yuuhi	:o
20:16:11	Konoha	Hatake Exteban	gf is pretty good here
20:16:13	Konoha	Hyuuga Yuuhi	To bad I went with a swordsman build
20:16:16	Konoha	Hyuuga Yuuhi	lolol.
20:17:03	Konoha	Hatake Exteban	Analyzed Neptuneez: 0 Stamina -- 750 Chakra -- 123 Wounds ... 
20:17:08	Konoha	Hatake Exteban	chidori + ws combo
20:17:10	Konoha	Hatake Exteban	bs
20:17:11	Konoha	Hatake Exteban	xD
20:17:20	Konoha	Hyuuga Yuuhi	xD
20:17:26	Suna	Neptuneez	teleport..
20:17:34	Suna	Neptuneez	Heal
20:17:43	Suna	Neptuneez	And tell me genius build plz
20:17:56	Suna	Neptuneez	lemme relog to vest
20:18:57	Konoha	Hatake Exteban	miss those alerts
20:19:05	Konoha	Hyuuga Yuuhi	Lmao!
20:19:10	Konoha	Hyuuga Yuuhi	Aww so do I Q_Q
20:19:19	Konoha	Hyuuga Yuuhi	huehuehuehue
20:19:27	Konoha	Hyuuga Yuuhi	3.6k
20:19:28	Konoha	Hyuuga Yuuhi	mm
20:19:58	Konoha	Hyuuga Yuuhi	Oh and byakugan needs to be toggable
20:20:00	Suna	Neptuneez	Kage
20:20:02	Suna	Neptuneez	:D
20:20:32	Suna	Neptuneez	.
20:24:52	Suna	Neptuneez	.
20:26:25	Suna	Neptuneez	Exteban how do i go to second page?
20:26:29	Suna	Neptuneez	On skill list?
20:26:49	Suna	Neptuneez	How do i buy genius skills? o_o
20:27:12	Suna	Neptuneez	Really? O_O
20:28:32	Konoha	Hyuuga Yuuhi	CHEATA!
20:28:34	Konoha	Hyuuga Yuuhi	xD
20:29:29	Suna	Neptuneez	Gimme kazekage o:
20:29:32	Suna	Neptuneez	plz &lt;3
20:30:10	Suna	Neptuneez	.
20:30:24	Konoha	Hyuuga Yuuhi	VKILL
20:30:26	Konoha	Hyuuga Yuuhi	AHH
20:30:31	Konoha	Hyuuga Yuuhi	REPORT AN BAN HE
20:30:37	Konoha	Hyuuga Yuuhi	:
20:30:39	Konoha	Hyuuga Yuuhi	:3
20:30:48	Konoha	Hatake Exteban	weak ass sannin
20:30:49	Konoha	Hatake Exteban	:p
20:31:05	Konoha	Hyuuga Yuuhi	Shut up op hackzor! useing 3 traits!
20:31:08	Konoha	Hyuuga Yuuhi	xD
20:32:09	Konoha	Hyuuga Yuuhi	SUCH A CHEATER!
20:32:11	Konoha	Hyuuga Yuuhi	xD
20:32:18	Konoha	Hatake Exteban	lol
20:32:26	Konoha	Hyuuga Yuuhi	I cant even use 64 palms cuz you disabled it
20:32:28	Konoha	Hyuuga Yuuhi	-.-
20:32:29	Konoha	Hyuuga Yuuhi	lolol.
20:32:33	Konoha	Hatake Exteban	i did? o.o
20:32:42	Konoha	Hyuuga Yuuhi	Idk it wont let me use it after i rasengan u
20:33:01	Konoha	Hyuuga Yuuhi	Oh no im just and idiot
20:33:02	Konoha	Hatake Exteban	lemme see
20:33:04	Konoha	Hyuuga Yuuhi	~_~
20:33:09	Konoha	Hatake Exteban	?
20:33:09	Konoha	Hyuuga Yuuhi	I forgot byakugan doesnt stay on
20:33:11	Konoha	Hyuuga Yuuhi	lololol
20:33:14	Konoha	Hatake Exteban	lol
20:33:24	Konoha	Hyuuga Yuuhi	I forgot how annoying that is.
20:33:54	Konoha	Hatake Exteban	lolol
20:33:56	Konoha	Hyuuga Yuuhi	Damn your battle perk!
20:34:00	Konoha	Hyuuga Yuuhi	DAMN you TO HELL
20:34:01	Konoha	Hyuuga Yuuhi	xD
20:34:05	Konoha	Hatake Exteban	imma troll now
20:34:16	Konoha	Hyuuga Yuuhi	ddKawa you failed me !
20:34:18	Konoha	Hyuuga Yuuhi	XD
20:34:35	Konoha	Hatake Exteban	xD
20:35:08	Konoha	Hyuuga Yuuhi	WHAT!
20:35:13	Konoha	Hyuuga Yuuhi	Im out of range thats op
20:35:15	Konoha	Hyuuga Yuuhi	XD
20:35:32	Konoha	Hatake Exteban	xDD
20:35:36	Konoha	Hyuuga Yuuhi	lmao
20:36:00	Konoha	Hyuuga Yuuhi	NONONONO
20:36:02	Konoha	Hyuuga Yuuhi	xD
20:36:14	Konoha	Hatake Exteban	xDD
20:36:18	Konoha	Hyuuga Yuuhi	I will ko you!
20:37:44	Konoha	Hyuuga Yuuhi	Lmao I dont miss this at all
20:37:48	Konoha	Hyuuga Yuuhi	Stupid map hoppers
20:37:49	Konoha	Hatake Exteban	xDD
20:38:31	Kiri	Kaguya Traumatice	.
20:38:37	Konoha	Hatake Exteban	WIN!
20:38:39	Konoha	Hatake Exteban	lol
20:38:46	Konoha	Hyuuga Yuuhi	Oh i forgot you can cancle my byakugan as well.
20:38:51	Konoha	Hyuuga Yuuhi	sigh ...
20:38:53	Konoha	Hyuuga Yuuhi	VKILL
20:38:55	Konoha	Hyuuga Yuuhi	!
20:38:56	Konoha	Hyuuga Yuuhi	lol
20:39:23	Konoha	Hyuuga Yuuhi	xD
20:39:31	Konoha	Hatake Exteban	like your faction?
20:39:51	Konoha	Hatake Exteban	wtf
20:39:53	Konoha	Hatake Exteban	lol
20:39:55	Konoha	Hatake Exteban	~forgot that
20:40:28	Konoha	Hatake Exteban	Nuu
20:40:57	Konoha	Hatake Exteban	lol
20:41:14	Konoha	Hatake Exteban	edits?
20:43:31	Konoha	Hyuuga Yuuhi	This **** prisoned me
20:43:33	Konoha	Hyuuga Yuuhi	!
20:43:35	Konoha	Hyuuga Yuuhi	OW
20:43:37	Konoha	Hyuuga Yuuhi	Vkill
20:43:38	Konoha	Hyuuga Yuuhi	xD
20:43:46	Konoha	Hatake Exteban	rape xD
20:43:54	Konoha	Hatake Exteban	100 wounds exactly
20:43:55	Konoha	Hyuuga Yuuhi	only cuz you interfeared when I had my combo ready
20:43:57	Konoha	Hyuuga Yuuhi	Q_Q
20:44:14	Konoha	Hyuuga Yuuhi	Send tobi
20:44:21	Konoha	Hyuuga Yuuhi	Imma woop his ass
20:44:30	Konoha	Hyuuga Yuuhi	xD
20:46:34	Konoha	Hyuuga Yuuhi	&gt;:(
20:47:08	Konoha	Hyuuga Yuuhi	ow
20:47:09	Konoha	Hatake Exteban	nununu
20:47:19	Konoha	Hyuuga Yuuhi	It always gets u
20:47:23	Konoha	Hatake Exteban	xD
20:47:24	Konoha	Hyuuga Yuuhi	lolol
20:47:39	Konoha	Hyuuga Yuuhi	ONONONON
20:47:42	Konoha	Hyuuga Yuuhi	LOL god damn it
20:47:59	Konoha	Hyuuga Yuuhi	oh btw I farted at a interview today and I owned that poop like a boss
20:48:01	Konoha	Hyuuga Yuuhi	xD
20:48:09	Konoha	Hatake Exteban	LOL
20:48:37	Konoha	Hyuuga Yuuhi	I was like so I have alot of *farts* excuse me, I have alot of credicials and I blah blah blah
20:48:43	Konoha	Hyuuga Yuuhi	and he completely ignored that I farted 
20:48:45	Konoha	Hyuuga Yuuhi	xD
20:49:22	Konoha	Hyuuga Yuuhi	When I left the interviewing room hes like Expect to see a call from me tommaro or the next day
20:49:25	Konoha	Hyuuga Yuuhi	Im like Nailed it!
20:49:27	Konoha	Hyuuga Yuuhi	xD
20:49:43	Konoha	Hatake Exteban	Farts Ftw
20:49:59	Konoha	Hyuuga Yuuhi	I wonder if he forgot about my fart we were in that room for like an hour
20:50:00	Konoha	Hyuuga Yuuhi	=/
20:50:08	Konoha	Hyuuga Yuuhi	I farted like the first 10 mins
20:50:09	Konoha	Hyuuga Yuuhi	lolol
20:50:16	Konoha	Hatake Exteban	o.O
20:50:17	Konoha	Hatake Exteban	damm
20:50:21	Konoha	Hatake Exteban	poor guy
20:50:32	Konoha	Hyuuga Yuuhi	Nah it wasnt stinky, thankfully.
20:50:55	Konoha	Hatake Exteban	if it was stinky he would have hired you just to fire you the next second
20:51:04	Konoha	Hyuuga Yuuhi	LOL
20:51:07	Konoha	Hatake Exteban	xD
20:51:25	Konoha	Hatake Exteban	ah amg
20:51:31	Konoha	Hyuuga Yuuhi	Its funny though Cuz I farted at a resturant like 3 weeks ago and i was like ... *gets up* Walks out the door* 
20:51:36	Konoha	Hyuuga Yuuhi	xD
20:51:51	Konoha	Hatake Exteban	LOL
20:51:59	Konoha	Hyuuga Yuuhi	I didnt even pay for my meal im probably banned from that place now
20:52:13	Konoha	Hyuuga Yuuhi	Im known as the Gassy man who ran out on a check.
20:52:15	Konoha	Hyuuga Yuuhi	xD
20:52:18	Konoha	Hyuuga Yuuhi	im probably&#39;
20:52:25	Konoha	Hatake Exteban	i remember the 1st time i got called to see the director on the school im in now
20:52:50	Konoha	Hatake Exteban	he talked alot of crap, at the end i just smiled, farted like a baws and left
20:52:57	Konoha	Hyuuga Yuuhi	LOL
20:52:58	Konoha	Hatake Exteban	he just stood there like O.o
20:53:27	Konoha	Hatake Exteban	Gassy man xD
20:53:29	Konoha	Hyuuga Yuuhi	My wife applied for a job over at a science center like 2 days ago and she like I walked in and said **** this place and walk out.
20:53:31	Konoha	Hyuuga Yuuhi	xD
20:53:39	Konoha	Hatake Exteban	amg imma start calling you that now
20:53:44	Konoha	Hyuuga Yuuhi	LOL.
20:53:44	Konoha	Hatake Exteban	wassup gassman
20:53:49	Konoha	Hyuuga Yuuhi	Nm.
20:54:01	Konoha	Hyuuga Yuuhi	When he hires me imma be way less active from goa
20:54:08	Konoha	Hyuuga Yuuhi	cuz ill have 2 jobs then
20:54:14	Konoha	Hatake Exteban	D:
20:54:17	Konoha	Hatake Exteban	thats sad
20:54:28	Konoha	Hyuuga Yuuhi	Meh, I gotta pay bills somehow.
20:54:30	Konoha	Hatake Exteban	gona leave me again
20:54:35	Konoha	Hatake Exteban	QQ
20:54:36	Konoha	Hyuuga Yuuhi	I almost lost the house last month
20:54:37	Konoha	Hyuuga Yuuhi	Q_Q
20:54:38	Konoha	Uchiha Base	eh no ooc?
20:54:43	Konoha	Hatake Exteban	no marvin
20:54:44	Konoha	Hatake Exteban	&gt;.&gt;
20:54:48	Konoha	Uchiha Base	lol 
20:55:10	Konoha	Uchiha Base	interesting game.
20:55:15	Konoha	Hatake Exteban	=)
20:55:15	Konoha	Hyuuga Yuuhi	See everything was going ight till I got a flood.
20:55:16	Konoha	Hyuuga Yuuhi	~_~
20:55:26	Konoha	Hatake Exteban	o.O
20:58:22	Konoha	Hatake Exteban	hows original reborn going marvin?
20:58:23	Konoha	Hatake Exteban	:o
20:59:03	Konoha	Arc	Yoo
20:59:12	Konoha	Arc	Yuuhi ^_^
20:59:20	Konoha	Hyuuga Yuuhi	ARC
20:59:22	Konoha	Hyuuga Yuuhi	!
20:59:24	Konoha	Hyuuga Yuuhi	!!!!
20:59:28	Konoha	Hyuuga Yuuhi	Wow long time no see bro.
20:59:29	Konoha	Arc	Hahah
20:59:29	Konoha	Hatake Exteban	o.O
20:59:31	Konoha	Hyuuga Yuuhi	:o
20:59:35	Konoha	Arc	:&#39;)
20:59:50	Konoha	Arc	you need to buy the ps4 :O
20:59:55	Konoha	Hyuuga Yuuhi	Sorry I havent been on Ps3 or anything I recently lost my ps3 to a flood.
20:59:56	Konoha	Hyuuga Yuuhi	=/
21:00:10	Konoha	Hyuuga Yuuhi	When im online im playing at a freinds house.
21:00:24	Konoha	Arc	Hahaha bad times
21:00:30	Konoha	Hyuuga Yuuhi	Indeed...
21:00:31	Konoha	Hyuuga Yuuhi	=/
21:00:44	Konoha	Arc	You good tho?
21:00:51	Konoha	Hyuuga Yuuhi	Yeah.
21:01:05	Konoha	Hyuuga Yuuhi	I just lost alot of my &#34;wants.&#34;
21:01:07	Konoha	Arc	^_^
21:01:26	Konoha	Arc	Fishy &lt;&gt;&lt;
21:01:40	Konoha	Hyuuga Yuuhi	Somethings...&lt;&gt;&lt;... Fishy..
21:03:20	Konoha	Uchiha Base	..
21:05:09	Konoha	Uchiha Base	I dont get why this is naruto goa 2.
21:05:16	Konoha	Hatake Exteban	me either
21:05:20	Konoha	Hatake Exteban	didnt think of a better name
21:05:22	Konoha	Hatake Exteban	xD
21:05:26	Konoha	Uchiha Base	i cant even distribute points 
21:05:34	Konoha	Hatake Exteban	Lol i forgot again
21:08:11	Konoha	Hyuuga Yuuhi	Plus right now I make 18.32$ an hour from working in a junk yard where the boss cant afford to lose me. :3
21:08:26	Konoha	Akimichi Shiga	lol
21:08:36	Konoha	Akimichi Shiga	how many hrs you got a day?
21:09:11	Konoha	Hyuuga Yuuhi	Normally 4-5 but if Its a crazy day and alot of people are going to scrap stuff, I could be there for up to 8
21:10:57	Konoha	Hyuuga Yuuhi	if you ever go to a scrap yard or have ever been to one, Im normally the guy who is either in a big ass machine or smashing , sliceing, and teareing threw piles of junk to make it smaller or make it cleaner.
21:11:28	Konoha	Akimichi Shiga	o.o
21:11:29	Konoha	Akimichi Shiga	lol
21:11:37	Konoha	Hyuuga Yuuhi	I like when I get to smash cars :3
21:11:49	Konoha	Hyuuga Yuuhi	I gotta break the windows first and thats my favorite part.
21:11:50	Konoha	Hyuuga Yuuhi	xD
21:12:53	Konoha	Hyuuga Yuuhi	after i break the windows I poke holes in the gas tank, fuel lines, take out spark plugs, batterys, and other poop and its onto the crusher :3
21:23:16	Suna	Shauri	Exteban&#39;s black ass should add OOC.
21:23:49	Konoha	Hyuuga Yuuhi	Can you give me a respec o.o
21:23:50	Konoha	Hyuuga Yuuhi	lol.
21:24:20	Konoha	Hyuuga Yuuhi	Actually nvm imma remake into a aki
21:25:06	Konoha	Akimichi Yuuhi	mwhahah
21:25:15	Konoha	Akimichi Yuuhi	The ultimate gater stopers.
21:25:51	Konoha	Akimichi Shiga	llool
21:26:13	Kiri	Eury	Yo ;o
21:26:23	Kiri	Eury	Who&#39;s MizukagE?
21:26:24	Kiri	Eury	xd
21:26:26	Suna	Shauri	Stfu Exte, I got him here.
21:26:33	Suna	Shauri	Kaze me.
21:26:54	Suna	Shauri	Eury: Yeah, Kaze him already ...
21:26:59	Konoha	Akimichi Shiga	sup
21:27:09	Kiri	Eury	I&#39;ll volunteer, sigh.
21:27:25	Suna	Shauri	Exte, give me some ryo.
21:27:36	Kiri	T	if you wanna kage fight me e.e
21:27:43	Kiri	Eury	Who&#39;re yoyu?
21:27:50	Kiri	Eury	Damn!
21:28:00	Kiri	T	xD
21:28:05	Kiri	T	test the server xD
21:28:19	Kiri	T	Exteban i need talk you xD
21:28:56	Kiri	T	exteban come here
21:29:40	Suna	Shauri	Aff, I&#39;m getting Exte to many players.
21:31:01	Konoha	Akimichi Shiga	are you gonna change the gain?
21:33:07	Konoha	Akimichi Yuuhi	xD
21:34:38	Kiri	T	lol
21:34:43	Kiri	T	strongs dmg
21:35:18	Kiri	Eury	So, I can get Mizukage? ;o
21:35:21	Kiri	Eury	AWESOME
21:35:49	Suna	Scorpion	exteban gonzales
21:35:50	Kiri	T	eury fight me e.e
21:35:58	Kiri	Eury	No
21:36:02	Kiri	Eury	xd
21:36:12	Kiri	T	xD why?
21:36:22	Kiri	T	i am chunnin and you kage
21:36:23	Kiri	Eury	2op
21:36:46	Kiri	Eury	infocard says I&#39;;m genin tho
21:36:47	Kiri	Eury	:(
21:36:49	Kiri	Eury	can&#39;t invite
21:36:50	Kiri	Eury	:(
21:36:56	Kiri	Eury	Oh, I can
21:36:57	Kiri	Eury	2OP
21:37:41	Suna	Shauri	Exte
21:37:46	Suna	Shauri	Who&#39;s Ren?
21:38:06	Kiri	T	e.e
21:39:44	Konoha	Akimichi Yuuhi	Ur poop is so fast :(
21:39:47	Konoha	Akimichi Yuuhi	Why is that?
21:39:52	Kiri	Ruthless Anthony	:3
21:39:55	Konoha	Hatake Exteban	no idea dude
21:39:59	Kiri	T	O.o
21:39:59	Konoha	Akimichi Yuuhi	xD
21:40:03	Konoha	Dan Uzumaki	hi
21:40:07	Konoha	Akimichi Yuuhi	Sup
21:40:09	Konoha	Dan Uzumaki	can someone train me plz?
21:40:20	Kiri	Ruthless Anthony	I want chuunin
21:40:20	Suna	Shauri	Wtf?
21:40:23	Suna	Shauri	Smfh
21:40:26	Suna	Shauri	Ruined the 1 vs 1
21:41:05	Konoha	Akimichi Yuuhi	xD
21:41:29	Kiri	T	o.o
21:41:52	Kiri	T	anyone want vs?
21:42:00	Kiri	Ruthless Anthony	After I do my build
21:42:04	Kiri	T	kk
21:42:39	Konoha	Akimichi Yuuhi	mwhahaha
21:42:45	Konoha	Akimichi Yuuhi	escaped in the nic of time
21:42:46	Konoha	Akimichi Yuuhi	:3
21:44:42	Konoha	Akimichi Yuuhi	!
21:45:25	Konoha	Akimichi Yuuhi	Lol this game already has more people then what goa has on at night.
21:45:46	Konoha	Hatake Exteban	xD
21:45:55	Konoha	Hatake Exteban	hey zen
21:46:09	Konoha	Kakashi	sup Exte :)
21:46:16	Konoha	Akimichi Yuuhi	Whos Silentshot again?
21:46:24	Konoha	Kakashi	Bloodtaster
21:46:25	Kiri	Ruthless Anthony	I need to do some A-ranks for money
21:46:30	Konoha	Akimichi Yuuhi	Right!
21:46:33	Konoha	Akimichi Yuuhi	aha. thanks zen
21:47:30	Konoha	Akimichi Yuuhi	Lulz the only akimichi that actually uses size up in this version
21:47:50	Konoha	Hatake Exteban	xD
21:48:00	Konoha	Kakashi	u mean, the only Akimichi in this version.
21:48:06	Konoha	Akimichi Yuuhi	I should of taken deflection =/
21:48:15	Konoha	Akimichi Yuuhi	Nah shibari is here.
21:48:21	Kiri	T	broed figth
21:48:43	Konoha	Kakashi	well gratz then 
21:48:48	Konoha	Akimichi Yuuhi	any who I got to go.
21:48:56	Konoha	Akimichi Yuuhi	good luck with your game teban :3
21:48:56	Konoha	Hatake Exteban	same
21:48:56	Konoha	Kakashi	c ya
21:48:58	Konoha	Akimichi Yuuhi	Peace out
21:49:01	Konoha	Hatake Exteban	pce bro
21:49:56	Kiri	Ruthless Anthony	Where are you?
21:50:00	Kiri	Eury	Bow!
21:50:04	Kiri	Ruthless Anthony	Eury
21:50:08	Kiri	Ruthless Anthony	Host chuunin
21:50:11	Kiri	Anarchy	Eury o.o whats up.
21:50:19	Kiri	Anarchy	Eury from.. officials?
21:50:24	Kiri	Eury	Indeed.
21:50:33	Kiri	Anarchy	Ah.
21:51:22	Kiri	Ruthless Anthony	Kiri gunna be op
21:51:28	Kiri	Anarchy	with me
21:51:30	Kiri	Anarchy	o.o
21:51:36	Kiri	Eury	Bam.
21:51:45	Kiri	Anarchy	lmao..
21:51:52	Kiri	Anarchy	Eury let me leadd loody mist
21:52:00	Kiri	Anarchy	you know my skills :o
21:52:24	Kiri	Anarchy	btw what a good ruthy game on this
21:52:26	Kiri	Eury	;o
21:52:27	Kiri	Anarchy	build*
21:52:32	Kiri	Eury	con/rfx? 
21:52:48	Kiri	Anarchy	Omg why
21:52:50	Kiri	Anarchy	not
21:52:56	Kiri	Eury	? &#39;;o
21:52:59	Kiri	Anarchy	Wait you were the one who told me that build
21:53:06	Kiri	Ruthless Anthony	Wtf...
21:53:14	Kiri	Eury	Oh, that&#39;s too much? XD
21:53:38	Kiri	Ruthless Anthony	Why cant we have a chuunin?
21:53:44	Kiri	Hatake Exteban	^^
21:53:45	Missing	Eury	Ouch!
21:53:49	Kiri	Anarchy	Exteban.
21:53:50	Konoha	Kakashi	lol
21:53:52	Missing	Eury	xD!
21:53:57	Kiri	Anarchy	Are ruthless boost straight?
21:54:03	Kiri	Hatake Exteban	yh
21:54:06	Kiri	Hatake Exteban	ruthless op here
21:54:10	Kiri	Eury	NOez
21:54:10	Kiri	Anarchy	iight
21:54:12	Kiri	Ruthless Anthony	I need money for a decap :/
21:54:19	Kiri	Ruthless Anthony	Teban, can I have a rename?
21:54:27	Kiri	Ruthless Anthony	Hatake Breezy :3
21:54:29	Kiri	Hatake Exteban	why dont you remake with the new name
21:54:33	Kiri	Hatake Exteban	like wtf?
21:54:34	Konoha	Dan Uzumaki	I didnt know we can have naruto names
21:54:38	Kiri	Ruthless Anthony	Because you love me
21:54:40	Kiri	Eury	You get level 100 automatically.
21:54:41	Kiri	Eury	-_-
21:54:48	Kiri	Anarchy	`_` noob
21:54:56	Kiri	Eury	It seems .. I&#39;m not the kage anymore!
21:54:59	Kiri	Hatake Exteban	till wipe yes you get auto lvl 100 xD
21:55:02	Kiri	Anarchy	You aren&#39;t..
21:55:09	Kiri	Anarchy	Wut wipe goes to 0?
21:55:13	Kiri	Anarchy	level 0?!
21:55:18	Kiri	Ruthless Anthony	Teban, you need to had diagnols
21:55:19	Kiri	Anarchy	Af wut.
21:55:24	Kiri	Ruthless Anthony	I wish I was chuunin..
21:55:33	Kiri	Anarchy	I wish I was academy Student
21:55:35	Kiri	Anarchy	`_`
21:55:44	Kiri	Hatake Exteban	eury
21:55:46	Kiri	Hatake Exteban	:o
21:55:51	Kiri	Eury	KUku
21:55:55	Konoha	Dan Uzumaki	This game wont tell me how to fight
21:55:59	Kiri	Ruthless Anthony	Can I have chuunin?
21:56:02	Kiri	Anarchy	~_~
21:56:16	Kiri	Hatake Exteban	talk
21:56:27	Kiri	Ruthless Anthony	.
21:56:29	Kiri	Ruthless Anthony	Ty sir
21:56:32	Kiri	Anarchy	Wb me?
21:56:34	Kiri	Anarchy	Yay
21:56:57	Kiri	Anarchy	Im oper then everyon on this game
21:58:04	Kiri	Anarchy	Yy
21:58:08	Kiri	Anarchy	Auto pass for me
21:58:15	Kiri	Anarchy	Wut?!
21:58:19	Kiri	Uchiha Eury	Ha.
21:58:20	Kiri	T	jajajaja
21:58:37	Kiri	Anarchy	Exteban you need to add distrubtion points in after wipe
21:58:45	Kiri	Anarchy	and what level do we start with?
21:58:52	Kiri	T	lvl 1 xD
21:59:03	Kiri	Anarchy	`_`
21:59:10	Konoha	Dan Uzumaki	question
21:59:13	Kiri	Hatake Exteban	its what im doing right now anarchy
21:59:15	Kiri	Anarchy	If I&#39;m going to be leveling up my char. form level 1 this game better stay up..
21:59:15	Konoha	Dan Uzumaki	how to get outfits?
21:59:38	Konoha	Dan Uzumaki	like on other games where they have character related outfits o3o
21:59:43	Kiri	Hatake Exteban	btw members shop items will be bough with faction points, not regular money
21:59:46	Kiri	Hatake Exteban	cry now
21:59:48	Kiri	Anarchy	Btw add OOC Its going to get you more players.
21:59:51	Kiri	Hatake Exteban	no decap for you ****s
22:00:02	Kiri	Hatake Exteban	Occ = lag
22:00:03	Kiri	Anarchy	You need to pass your Genin exam first!!!
22:00:08	Kiri	Anarchy	let me out `_`
22:00:23	Kiri	Hatake Exteban	try now
22:00:26	Kiri	Anarchy	dere we go
22:00:29	Kiri	Anarchy	jajaj lemme relog
22:00:55	Kiri	Anarchy	Yay I like this rank lemme keep.
22:01:12	Kiri	Anarchy	Btw are kages that are currently on here
22:01:17	Kiri	Anarchy	WIll they keep after wipe
22:02:07	Kiri	Hatake Exteban	no
22:02:13	Kiri	Ruthless Anthony	That ngga rb&#39;d on me..
22:02:13	Kiri	Anarchy	Iight then.
22:02:45	Kiri	Ruthless Anthony	Ruthless boost is op..
22:02:54	Konoha	Dan Uzumaki	guess not..
22:03:20	Konoha	Uchiha Drigger	is it possible to get MS?
22:03:24	Kiri	Ruthless Anthony	Anarchy
22:03:27	Kiri	Ruthless Anthony	Invite me to Anbu
22:03:28	Konoha	Nara Kush	yes
22:03:32	Konoha	Uchiha Drigger	how?
22:03:39	Konoha	Nara Kush	im lieing
22:05:20	Kiri	Yuki Anthony	I hope this Haku is op
22:05:29	Kiri	Hatake Exteban	hakus are cool
22:05:31	Kiri	Hatake Exteban	not op
22:05:33	Kiri	Hatake Exteban	cool
22:06:17	Kiri	Anarchy	Huh?
22:06:25	Kiri	Anarchy	I&#39;m just anbu captain suck melele
22:06:55	Konoha	Fire Lee	lol
22:06:57	Kiri	Anarchy	I can crash it to though o.o
22:07:01	Kiri	Anarchy	Jk jk i wouldnt
22:07:10	Kiri	Anarchy	Smiles kekeeke
22:08:28	Konoha	Nara Kush	trollol
22:08:30	Konoha	Nara Kush	T logged
22:08:39	Konoha	Nara Kush	Analyzed T: 4503 Stamina -- 920 Chakra -- 117 Wounds ... 
22:10:41	Konoha	Uchiha Drigger	how do I copy jutsu?
22:11:18	Konoha	Nara Kush	alt+f4
22:11:26	Konoha	Uchiha Drigger	I&#39;m not dumb
22:11:31	Konoha	Uchiha Drigger	that makes me relog
22:11:35	Konoha	Nara Kush	and you aint new to goa
22:11:45	Konoha	Uchiha X	lol
22:11:48	Konoha	Uchiha Drigger	I just dont know how to copy jutsu
22:11:54	Konoha	Nara Kush	yea yea
22:12:19	Kiri	Kaguya Traumatice	o.o
22:12:31	Kiri	Kaguya Andre&#39;	Vgetacoku is herer
22:12:34	Kiri	Kaguya Andre&#39;	here
22:13:12	Kiri	Eury²	Buh
22:13:55	Konoha	Uchiha Drigger	I thought it was space before, but thats not working
22:13:58	Konoha	Uchiha Drigger	is it space?
22:14:19	Suna	GOD X	finally this game has a decent amount of players omg
22:14:23	Suna	GOD X	and you finally wipe
22:15:02	Konoha	Fire Lee	how to target witout clicking?
22:15:06	Konoha	Uchiha Drigger	space
22:15:08	Suna	Foxdeamon	when sword art online coming on byond
22:15:10	Konoha	Fire Lee	thx
22:15:11	Konoha	Uchiha Drigger	I think that works
22:15:14	Konoha	Fire Lee	o n driger
22:15:19	Konoha	Fire Lee	itz me tre
22:15:26	Konoha	Uchiha Drigger	Trezean?
22:15:31	Konoha	Fire Lee	MHmm
22:15:38	Konoha	Uchiha Drigger	do you know how to use sharingan copy?
22:15:50	Konoha	Dan Uzumaki	drigger
22:15:52	Konoha	Fire Lee	lol nah havnt played a game like this in a while
22:15:55	Konoha	Dan Uzumaki	it dont make you relog
22:15:59	Konoha	Dan Uzumaki	it clicks you off a game o3o
22:16:06	Konoha	Uchiha Drigger	I know what it does x-x
22:16:11	Konoha	Uchiha Drigger	Dan
22:16:18	Konoha	Uchiha Drigger	do you know how to use copy?
22:17:44	Konoha	Dan Uzumaki	i&#39;ve been a uchiha couple of times
22:18:25	Konoha	Uchiha Drigger	can you use a few non-elemental jutsu infront of me so I can try and copy?
22:18:42	Konoha	Dan Uzumaki	Dood
22:18:46	Konoha	Dan Uzumaki	this is goa
22:19:00	Konoha	Uchiha Drigger	I know what this is e.e
22:19:03	Konoha	Dan Uzumaki	you cant copy non-elemental jutsus
22:19:08	Konoha	Dan Uzumaki	u can maybe copy rasengan
22:19:19	Konoha	Uchiha Drigger	so what CAN I copy?
22:19:24	Konoha	Uchiha Drigger	X_X
22:19:58	Kiri	Eury²	Anyone fight?
22:20:02	Konoha	Nara Kush	every non clan skill
22:20:14	Konoha	Dan Uzumaki	^
22:20:16	Kiri	SSJ, Zenouva	&lt;--
22:20:23	Kiri	Eury²	;o
22:20:27	Konoha	Dan Uzumaki	You didnt press spacebar when i used dem
22:20:33	Kiri	SSJ, Zenouva	at kh
22:20:47	Konoha	Uchiha Drigger	was AFK
22:21:03	Konoha	Uchiha Drigger	Non-elemental are non-clan ... thats what I meant
22:21:19	Konoha	Uchiha Drigger	I didn&#39;t press space when you used what
22:22:22	Kiri	Kai	sup guys
22:24:44	Kiri	Eury²	L:o
22:24:44	Kiri	SSJ, Zenouva	immortal in a fight...
22:25:01	Kiri	Eury²	MWUH
22:25:09	Kiri	Anarchy	wut
22:25:23	Kiri	Kaguya Andre&#39;	eww dj
22:25:45	Kiri	Eury²	?
22:26:08	Kiri	Anarchy	?
22:29:00	Konoha	Fire Lee	ok back
22:29:01	Kiri	Kaguya Andre&#39;	Can&#39;t spell captain ?
22:29:20	Kiri	Anarchy	Umm.. you act like im admin
22:29:22	Kiri	Anarchy	`_`
22:29:28	Kiri	Kaguya Andre&#39;	1.
22:29:34	Kiri	Kaguya Andre&#39;	Don&#39;t disrespect Agrippec
22:29:35	Kiri	Kaguya Andre&#39;	2. 
22:29:39	Kiri	Kaguya Andre&#39;	Didn
22:29:41	Kiri	Kaguya Andre&#39;	t
22:29:44	Kiri	Kaguya Andre&#39;	say you were
22:29:56	Konoha	Fire Lee	drigger me n u?
22:30:00	Konoha	Uchiha Drigger	?
22:30:07	Konoha	Fire Lee	figtintg?
22:30:12	Konoha	Uchiha Drigger	okay
22:30:24	Konoha	Fire Lee	go
22:31:06	Kiri	Anarchy	3. Idgaf
22:31:07	Konoha	Fire Lee	o
22:31:08	Kiri	Anarchy	so smd
22:31:11	Kiri	Anarchy	`_`
22:31:13	Kiri	Kaguya Andre&#39;	lick me
22:31:20	Konoha	Fire Lee	1=my b bro
22:31:25	Kiri	Anarchy	you aint prince caspain
22:31:27	Konoha	Fire Lee	should have did it in the dojo
22:31:49	Kiri	Kaguya Andre&#39;	really
22:31:55	Konoha	Uchiha Drigger	hi
22:35:59	Konoha	Fire Lee	back
22:36:02	Konoha	Fire Lee	o.o
22:38:38	Konoha	Fire Lee	ny 1 on?
22:39:37	Kiri	Kai	anyone spar?
22:43:06	Konoha	Uchiha TwistedJr	sup
22:43:12	Konoha	Fire Lee	hey
22:43:19	Konoha	Fire Lee	me n you only leaf on right now
22:43:27	Konoha	Uchiha TwistedJr	wana mish
22:43:41	Konoha	Fire Lee	yea here meet me at kage im at sand so might take a min
22:46:38	Kiri	Hatake Exteban	back
22:47:15	Konoha	Uchiha TwistedJr	hold up doing stats
22:48:19	Konoha	Uchiha TwistedJr	grab an A rank
22:48:35	Konoha	Fire Lee	lol i grabed a c rank
22:52:31	Konoha	Fire Lee	o poop
22:52:46	Konoha	Fire Lee	made me log
22:53:20	Konoha	Hyuuga Test	sry
22:53:25	Konoha	Hyuuga Test	&gt;.&lt;
22:53:40	Konoha	Fire Lee	lol
22:55:57	Konoha	Fire Lee	lol ik gatess op
22:56:08	Konoha	Uchiha TwistedJr	youths dnt die
22:56:14	Konoha	Fire Lee	watch
22:56:21	Konoha	Fire Lee	i just died
22:56:30	Konoha	Fire Lee	You&#39;re wounded beyond your limit, to respawn at a hospital press Space. If you are not brought back to life in 60 seconds you&#39;ll automatically respawn.
22:57:18	Konoha	Fire Lee	hmm
22:57:30	Konoha	Fire Lee	i dont have any moves lol
22:57:43	Konoha	Hyuuga Test	o.o
22:58:16	Konoha	Fire Lee	test
22:58:19	Konoha	Fire Lee	wanna fight?
22:58:32	Konoha	Hyuuga Test	nah dude
22:58:37	Konoha	Hyuuga Test	im doing some fixes
22:58:57	Konoha	Fire Lee	ok
23:02:19	Konoha	Fire Lee	what place is kiri?
23:02:32	Konoha	Fire Lee	nvm ik
23:03:01	Konoha	Hyuuga Test	gona reboot to test this
23:03:05	Konoha	Fire Lee	kk
23:09:16	Kiri	Eury	ex
23:09:54	Kiri	Eury	still got verbs
23:09:55	Kiri	Eury	xD
23:10:19	Kiri	Eury	yh
23:10:35	Kiri	Eury	They don&#39;t work though.
23:10:38	Kiri	Eury	But they&#39;re there.
23:10:41	Konoha	Fire Lee	y?
23:10:47	Konoha	Fire Lee	what went wrong?
23:11:05	Konoha	Fire Lee	me 
23:11:09	Konoha	Fire Lee	ok
23:11:18	Konoha	Hyuuga Test	was talking with eury
23:11:25	Konoha	Fire Lee	oh ok
23:11:31	Kiri	Eury	ah
23:11:33	Kiri	Eury	Now they are.
23:13:13	Konoha	Fire Lee	can you make more then 1 person 
23:13:25	Konoha	Akimichi Exteban	hum?
23:13:33	Konoha	Fire Lee	or do you have to delete this 1 to get another?
23:14:11	Konoha	Fire Lee	o.o
23:14:16	Konoha	Fire Lee	i wanna fight sum1 
23:16:41	Konoha	Fire Lee	pluto
23:16:55	Konoha	Pluto	yes
23:21:46	Konoha	Fire Lee	were areana at?
23:22:09	Kiri	Eury	;o
23:22:47	Kiri	Eury	aigh peace man
