18:47:43	Dih	Dih	dvis ?
18:48:13	Kabum	Kabum	nao 
18:48:19	Kabum	Kabum	aki pe o sousuke seu lixoo
18:48:34	Kabum	Kabum	o dvis noobao ta jogando tbm ?
18:48:53	Dih	Dih	nao sei quem e voce nao manin &#39;-&#39;
18:49:06	Kabum	Kabum	a mano
18:49:15	Kabum	Kabum	pera eu distribui os bang aki ai nois luta
18:50:07	Dih	Dih	nossa 
18:50:15	Dih	Dih	é o dvis ou nao ?
18:50:26	Kabum	Kabum	nao -_-
18:50:34	Kabum	Kabum	mas eu ja sai do face ta
18:50:39	Kabum	Kabum	agr agente fala por aki
18:50:43	Kabum	Kabum	spakksapoksa
18:50:44	Dih	Dih	suave man 
18:50:54	Dih	Dih	eu vo recriar almentei os passives errados
18:50:59	Kabum	Kabum	ok
18:55:28	Kabum	Kabum	vish é dificil de upa aki man
18:55:36	Kabum	Kabum	so é bom pq começa lv 25
18:55:56	Kabum	Kabum	dojo mo pequeno
18:56:25	Kabum	Kabum	vamo fazer umas mish pa compra roupa ?
18:56:31	Diih	Diih	sim mais espera
18:59:40	Diih	Diih	kk
18:59:45	Diih	Diih	esqueci dos jutsus
18:59:50	Kabum	Kabum	spakpsoakopa
19:00:14	Kabum	Kabum	mo diferente esse do original xD
19:01:09	Kabum	Kabum	kk
19:01:37	Diih	Diih	man nesse da pra dar respec ?
19:01:54	Kabum	Kabum	slá
19:03:36	Kabum	Kabum	u.u
19:03:45	Diih	Diih	nao quero jutsus de fogo man
19:04:26	Diih	Diih	win *-*
19:04:30	Kabum	Kabum	estranho
19:04:36	Uchiha Shinsura	Uchiha Shinsura	
19:04:38	Diih	Diih	vou fazer ele com bushi
19:04:38	Kabum	Kabum	jogar esse dps de tanto tempo
19:04:47	Diih	Diih	sera que 13 passives da ?
19:04:53	Kabum	Kabum	slá
19:04:54	Diih	Diih	pros bush ficar bom
19:05:14	Diih	Diih	se ta fazendo qual biuld ?
19:05:23	Kabum	Kabum	3con 2 int 1 sta
19:05:40	Kabum	Kabum	esse é diferente mano pqp
19:06:02	Kabum	Kabum	digo mto 
19:06:03	Diih	Diih	sim eu prefiro o outro
19:07:31	Kabum	Kabum	inv 
19:07:33	Diih	Diih	man eu vo so uma missao e vo comer 
19:07:39	Kabum	Kabum	ok
19:07:41	Diih	Diih	ai ja logo denovo
19:08:32	Diih	Diih	eu ja peguei
19:11:01	Kabum	Kabum	bom rango
19:11:08	Kabum	Kabum	vou ataca leaf
19:11:39	Diih	Diih	nossa rate 25 kk
19:11:51	Kabum	Kabum	kk
19:12:04	Diih	Diih	ja volto ae
19:12:07	Diih	Diih	brb
19:12:13	Kabum	Kabum	vish 
19:12:16	Kabum	Kabum	ta q nem os gringio
