12:51:29	Konoha	Uchiha Shauri	Hehe.
12:51:31	Konoha	Uchiha Shauri	It&#39;s back.
12:51:42	Konoha	Uchiha Shauri	Keep it up ;)
12:51:55	Konoha	Uchiha Shauri	Yeah, I noticed.
12:52:05	Konoha	Uchiha Shauri	Great idea.
12:52:11	Konoha	Uchiha Shauri	Need a 24/7 hoster
12:52:13	Konoha	Uchiha Shauri	?
12:52:23	Konoha	Uchiha Shauri	I&#39;ll look around.
12:52:32	Konoha	Uchiha Shauri	Time to advertise a bit in the meantime.
12:53:08	Konoha	Uchiha Shauri	How do I mass invite with the new BYOND?
12:53:13	Konoha	Nemesis	nobody was expecting anything from soul
12:53:27	Konoha	Uchiha Shauri	I was.
12:53:36	Konoha	Uchiha Shauri	Why didn&#39;t you help him?
12:53:41	Konoha	Uchiha Shauri	GOA was doing great.
12:53:43	Konoha	Nemesis	he kinda did
12:53:50	Konoha	Nemesis	but non of the help was added
12:54:01	Konoha	Uchiha Shauri	Weirdest admins are being added.
12:54:06	Konoha	Nemesis	anything soul ever did was reverted
12:54:19	Konoha	Uchiha Shauri	A **** that quits, another **** that rage quits after he couldn&#39;t fix a bug.
12:54:25	Konoha	Uchiha Shauri	ni66er*
12:54:40	Konoha	Uchiha Shauri	Konohagakure (Genin) Uchiha Shauri: How do I mass invite with the new BYOND? ... 
12:54:48	Konoha	Uchiha Shauri	Feral always comes back.
12:55:00	Konoha	Uchiha Shauri	Konohagakure (Genin) Uchiha Shauri: How do I mass invite with the new BYOND? ... 
12:55:02	Konoha	Uchiha Shauri	Anyone?
12:55:07	Konoha	Nemesis	why did dan leave -facepalm-
12:55:17	Konoha	Nemesis	idk either 
12:56:42	Konoha	Uchiha Shauri	Dan didn&#39;t leave, he&#39;s to busy with work.
12:57:56	Konoha	Uchiha Shauri	Mkay, I&#39;ve invited everyone on my pager.
12:58:02	Konoha	Uchiha Shauri	Time to mission grind.
13:03:34	Konoha	Uchiha Shauri	Damn Exte.
13:03:40	Konoha	Uchiha Shauri	You gained 1500 Level Points! ... Congratulations on completing your mission! You recieved 189 Dollars!
13:03:43	Konoha	Uchiha Shauri	25 rate.
13:03:51	Konoha	Uchiha Shauri	The new officials ;).
13:04:33	Konoha	Hyuuga Zenouva	more players then GOA ;)
13:06:02	Konoha	Uchiha Shauri	True.
13:11:01	Kiri	Kaguya Sousuke	well
13:11:08	Kiri	Kaguya Sousuke	soul is an idiot.
13:11:42	Konoha	Nemesis	back
13:12:11	Konoha	Hyuuga Zenouva	would be good if he makes OOC
13:15:51	Kiri	Kazenai	yawn*
13:15:53	Konoha	Nemesis	you have the other source 2 exte why dont you fuse them?
13:16:05	Kiri	Kaguya Sousuke	it is sad how good died.
13:16:27	Kiri	Kazenai	so what has soul done?
13:16:44	Kiri	Kaguya Sousuke	I don&#39;t even know why Soul is hosting the updated server with that ugly big map.
13:16:58	Kiri	Kaguya Sousuke	Sht was pro when it was like pre-wipe
13:17:30	Kiri	Kazenai	seriously? he put th enew server back up? smh gotta be roi
13:17:48	Kiri	Kaguya Sousuke	roi is the one who was complaining.
13:18:56	Kiri	Kazenai	sigh
13:20:27	Kiri	Kaguya Sousuke	i&#39;ll do some mish.
13:20:31	Kiri	Kaguya Sousuke	i need money.
13:20:48	Kiri	Kaguya Sousuke	kaze
13:20:51	Kiri	Kaguya Sousuke	want spar?
13:21:06	Konoha	Uchiha Shauri	Did Nemesis just suggest a source fuse?
13:21:12	Konoha	Nemesis	he did
13:21:15	Konoha	Uchiha Shauri	No, just no.
13:21:22	Konoha	Nemesis	well this is bad
13:21:23	Konoha	Uchiha Shauri	People wanted pre-update ya fool
13:21:28	Konoha	Nemesis	it lucks 2 many things
13:21:33	Konoha	Uchiha Shauri	lucks?
13:21:39	Konoha	Nemesis	*lacks
13:21:48	Konoha	Uchiha Shauri	Like?
13:21:53	Konoha	Nemesis	mission system
13:21:57	Konoha	Nemesis	water jutsu suck
13:22:06	Konoha	Nemesis	uchiha is back to super fail
13:22:08	Kiri	Kazenai	ye sure
13:22:10	Kiri	Kazenai	doin build now
13:22:13	Konoha	Uchiha Shauri	How is Uchiha superfail?
13:22:19	Konoha	Nemesis	its the old thing...
13:22:23	Konoha	Uchiha Shauri	How do Suiton jutsus suck?
13:22:30	Konoha	Uchiha Shauri	What&#39;s with the mission system?
13:22:42	Konoha	Nemesis	its slow handseals non new water moves and missions with bit cd
13:22:46	Konoha	Nemesis	pvp A ranks
13:22:54	Konoha	Nemesis	*big
13:22:54	Kiri	Kaguya Sousuke	k
13:23:03	Konoha	Nemesis	propably ice mirror bugs all over again
13:23:11	Konoha	Nemesis	kaguya the old op stuff
13:23:19	Konoha	Nemesis	puppers are ugly
13:23:23	Konoha	Nemesis	*puppets
13:23:28	Konoha	Nemesis	explosions cant be blocked
13:23:35	Konoha	Nemesis	SS sucks
13:23:39	Konoha	Nemesis	mabs are useless
13:23:52	Konoha	Nemesis	do you rly want me to keep going?
13:23:58	Konoha	Uchiha Shauri	So you want 1.21?
13:24:05	Konoha	Nemesis	i want the new fixes?
13:24:10	Konoha	Nemesis	1.21 can suck it?
13:24:14	Konoha	Uchiha Shauri	Post-update GOA was ass Leonidas.
13:24:28	Konoha	Nemesis	which update are you talking about
13:24:43	Konoha	Nemesis	2 many now
13:24:53	Konoha	Nemesis	the one soul just pulled of with the S crap
13:24:57	Konoha	Uchiha Shauri	No
13:24:59	Konoha	Nemesis	and katon whoring stuns
13:25:02	Konoha	Uchiha Shauri	Dipic &amp; Dan&#39;s update.
13:25:02	Konoha	Nemesis	or the last
13:25:07	Konoha	Uchiha Shauri	Soul&#39;s update was fun.
13:25:22	Konoha	Nemesis	except maybe stances
13:25:38	Konoha	Nemesis	it was fine in comparison to how many stuff are dull in this
13:25:56	Konoha	Nemesis	kawa here doesnt even lose target
13:26:00	Kiri	Kazenai	lol cd time on ctr doh .. rofl..
13:26:27	Konoha	Nemesis	its just a jutsu that cant even dodge aoe or bring any suprise attacks into motion
13:26:34	Konoha	Nemesis	rebirth is op again
13:26:43	Konoha	Nemesis	twin dragon rising is eww
13:26:54	Konoha	Nemesis	wind blade propably slashes from the edge of the screen
13:26:59	Konoha	Nemesis	SA is godlike
13:27:03	Konoha	Nemesis	Again!!!
13:27:18	Konoha	Nemesis	anything anyone ever qqed about is back in this version
13:27:42	Konoha	Nemesis	i see you have no arguments so i am done :P
13:28:42	Konoha	Uchiha Shauri	Was watching man vs food.
13:28:53	Konoha	Nemesis	whats that lol
13:29:05	Kiri	Kazenai	k im in front of hosp when your rdy
13:29:13	Konoha	Uchiha Shauri	spam://ww.youtube.com/watch?v=onPndY_Ex84
13:29:51	Kiri	Kaguya Sousuke	omw
13:30:01	Kiri	NemesisRetailed	oh we can multikey intresting
13:30:23	Kiri	Kaguya Sousuke	ready?
13:30:26	Kiri	Kazenai	mhmm
13:30:28	Kiri	Kaguya Sousuke	go
13:30:56	Konoha	Nemesis	lol op
13:31:34	Konoha	Uchiha Shauri	Tho
13:31:44	Konoha	Uchiha Shauri	Everything you just mentioned could be tweaked by Exteban.
13:32:09	Konoha	Nemesis	2 much work he wont do it
13:32:22	Konoha	Nemesis	and like i said
13:32:31	Konoha	Nemesis	that stuff are fixed on the other version
13:32:38	Konoha	Nemesis	but we like this maps version better
13:32:42	Konoha	Nemesis	so fuse?
13:36:04	Konoha	Uchiha Shauri	Eh.
13:36:06	Kiri	Kaguya Sousuke	&lt;.&lt;
13:36:08	Konoha	Uchiha Shauri	I&#39;d say no new clans.
13:36:12	Kiri	Kazenai	lol
13:36:14	Konoha	Uchiha Shauri	I liked the new version too.
13:36:23	Konoha	Uchiha Shauri	The map and the new jutsus were just horrible.
13:36:24	Kiri	Kazenai	lc works rather weird 
13:36:46	Kiri	Kazenai	im like why i this thing not coming out . lol..
13:36:48	Kiri	Kaguya Sousuke	you&#39;re just used to the official one.
13:36:58	Kiri	Kazenai	meh probly
13:37:01	Konoha	Uchiha Shauri	Eh, real Kazenai?
13:37:55	Kiri	Kazenai	*yawn* anywho time to take a nap , cyall l8r
13:38:08	Kiri	Kaguya Sousuke	bye
13:38:33	Kiri	Adrenaline	sousuke want to mish?
13:38:48	Kiri	Kaguya Sousuke	nah.
13:39:07	Kiri	Adrenaline	exte this game staying online?
13:39:11	Kiri	Kaguya Sousuke	i&#39;ll just sit here and wait.
13:39:21	Kiri	Adrenaline	for what...
13:40:45	Kiri	Kaguya Sousuke	idk
13:40:56	Kiri	Kaguya Sousuke	i am kinda sad since goi died in an
13:41:06	Kiri	Kaguya Sousuke	deep hole.
13:41:11	Kiri	Adrenaline	lol
13:41:15	Kiri	Kaguya Sousuke	goa*
13:41:16	Kiri	Adrenaline	im past that
13:41:28	Kiri	Kaguya Sousuke	we had 45 players boy..
13:41:30	Kiri	Kaguya Sousuke	45...
13:41:44	Kiri	Adrenaline	yup
13:42:08	Kiri	Adrenaline	claus still plays?
13:42:12	Konoha	Uchiha Shauri	Exte, how&#39;s Shunshin?
13:44:03	Konoha	Uchiha Shauri	My character&#39;s bugged.
13:44:16	Kiri	Kaguya Sousuke	he was playing
13:44:22	Kiri	Kaguya Sousuke	along with us.
13:44:33	Kiri	Kaguya Sousuke	raiding, we even capped whole GOA
13:44:41	Kiri	NemesisRetailed	yo
13:44:54	Kiri	Adrenaline	lol he good at goa tho
13:44:58	Kiri	Kaguya Sousuke	I need the link of ths game
13:45:06	Kiri	Kaguya Sousuke	people on off want play.
13:45:13	Kiri	Kaguya Sousuke	officials*
13:45:16	Kiri	Adrenaline	Connecting to spam://85.242.102.88:15648...connected
13:45:45	Kiri	Adrenaline	lol exte took my verbs
13:46:07	Suna	Hmm	Hmm
13:46:21	Kiri	Kaguya Sousuke	haha
13:49:28	Konoha	Uchiha Shauri	Exte, I found a bug.
13:50:49	Kiri	Adrenaline	is he going to change kawa?
13:50:57	Kiri	Kaguya Sousuke	idk
13:55:19	Konoha	Hyuuga Boom	hey blood
13:55:32	Konoha	Uchiha Shauri	Sup Boom.
13:56:01	Kiri	Kaguya Sousuke	meh
13:56:04	Kiri	Kaguya Sousuke	was afk
13:57:17	Konoha	Nemesis	blood
13:57:23	Konoha	Nemesis	he beat the rock!!!
13:57:35	Konoha	Nemesis	mindblowing!
13:57:45	Konoha	Uchiha Shauri	Lol.
13:58:26	Konoha	Nemesis	this is boring
13:58:30	Konoha	Nemesis	i cant mission
13:58:38	Konoha	Nemesis	2 much work for the reword it gives
13:58:39	Konoha	Uchiha Shauri	You can.
13:58:43	Konoha	Uchiha Shauri	True.
13:58:58	Konoha	Nemesis	getting to lvl 100 wont even be rewarding
13:59:09	Konoha	Uchiha Shauri	I guess someone will have to sacrfice themself and level grind to A rank.
13:59:09	Konoha	Nemesis	the fighting isnt that good
13:59:48	Konoha	Uchiha Shauri	It&#39;ll be changed.
13:59:51	Konoha	Nemesis	it must be excrutiating to set your sand on the floor and wait a sec to click burial
13:59:51	Konoha	Uchiha Shauri	Make suggestions.
14:00:09	Konoha	Nemesis	the opponent always has time to back up and throw needles
14:00:31	Konoha	Nemesis	althought SA is op^
14:09:27	Konoha	Hyuuga Boom	hm
14:09:30	Konoha	Hyuuga Boom	ye
14:09:52	Konoha	Uchiha Shauri	No.
14:09:58	Konoha	Hyuuga Boom	wht now
14:09:59	Konoha	Nemesis	my stomach hurts
14:10:12	Konoha	Uchiha Shauri	Sharingan&#39;s bugged and mission lp reward is to low.
14:10:19	Konoha	Nemesis	damn your good
14:10:21	Konoha	Nemesis	thx
14:10:23	Konoha	Uchiha Shauri	you&#39;re*
14:10:29	Konoha	Nemesis	^
14:10:42	Konoha	Nemesis	unless your in pain cause you got in a fight
14:10:48	Konoha	Nemesis	*you are
14:10:59	Konoha	Nemesis	god its just easier when i type it wrong let it be :P
14:11:29	Konoha	Hyuuga Boom	should we mish as a team
14:11:51	Konoha	Uchiha Shauri	Sharingan makes you invisible when you activate it.
14:12:16	Konoha	Nemesis	oh yeah thats an old one :p
14:13:09	Konoha	Uchiha Test	no it doesnt
14:13:20	Konoha	Uchiha Test	o.O
14:13:44	Konoha	Uchiha -E-	sharingan is fine
14:13:56	Konoha	Hyuuga Boom	why are most goa games down
14:14:28	Konoha	Nemesis	wow exte with 5 efficiency i can run and do handseals for real?
14:14:51	Konoha	Uchiha Shauri	Sharingan tomoe 3 Exte.
14:15:00	Konoha	Nemesis	idk it just sounds epic
14:15:12	Kiri	Kaguya Sousuke	who is kage of kiri?
14:15:14	Kiri	Kaguya Sousuke	._.
14:15:21	Kiri	Hatake -E-	i am roxas nuby
14:15:27	Kiri	Kaguya Sousuke	&lt;_&lt;
14:15:31	Konoha	Uchiha Shauri	Try again.
14:16:01	Konoha	Uchiha -E-	unhenge
14:16:02	Konoha	Uchiha FleX	interesting.
14:16:09	Konoha	Uchiha -E-	sup m4
14:16:15	Konoha	Uchiha Shauri	Hey M4.
14:16:18	Konoha	Uchiha Shauri	You&#39;re black.
14:16:18	Konoha	Uchiha FleX	hm im good.
14:16:21	Konoha	Uchiha FleX	:D
14:16:24	Konoha	Uchiha Shauri	Anywho, Exte, teleport to me.
14:16:50	Konoha	Uchiha -E-	im fine
14:17:06	Konoha	Uchiha -E-	yh
14:19:19	Konoha	Uchiha Shauri	Exte, teleport and reset my cooldowns so I can try it again.
14:19:53	Kiri	Kaguya Sousuke	i need money
14:19:58	Kiri	Kaguya Sousuke	;o
14:20:19	Konoha	Uchiha Shauri	Fixed.
14:20:34	Kiri	Hatake -E-	do missions
14:21:22	Konoha	Uchiha Shauri	Hm, should the rate and mission lp be raised?
14:21:26	Kiri	Kaguya Sousuke	gimme kage ship :L
14:21:32	Kiri	Kaguya Sousuke	cuz me iz cool.
14:21:37	Kiri	Kaguya Sousuke	:!
14:21:40	Konoha	Uchiha Shauri	Maybe it&#39;s just the lack of A ranks to mission with lower ranks.
14:22:22	Kiri	Kaguya Sousuke	kk :(
14:22:45	Kiri	Kaguya Sousuke	lol nice
14:24:36	Kiri	Kaguya Sousuke	omw
14:25:01	Konoha	Uchiha FleX	ahh well then...
14:25:41	Kiri	Ao	Hatake
14:25:48	Kiri	Hatake -E-	?
14:25:51	Kiri	Ao	whats level up to?
14:26:04	Kiri	Hatake -E-	hum?
14:26:09	Kiri	Ao	auto leveling
14:26:14	Kiri	Ao	i just started
14:26:18	Kiri	Ao	playing
14:26:21	Kiri	Hatake -E-	auto lvl 50
14:26:31	Kiri	Hatake -E-	1 char per key gets lvl 50
14:26:39	Kiri	Kaguya Sousuke	join in chunin exams bruh :D
14:26:51	Kiri	Kaguya Sousuke	we dunt care if ju iz lv 50
14:26:55	Kiri	Ao	need to fill in my stats
14:27:02	Kiri	Kaguya Sousuke	Me iz lv 70 already :!
14:27:10	Kiri	Hatake -E-	lies
14:27:15	Kiri	Kaguya Sousuke	me no liar
14:27:18	Kiri	Kaguya Sousuke	:o
14:27:26	Kiri	Hatake -E-	if you were lvl 70 you would be rank B
14:27:30	Kiri	Hatake -E-	ur not even 60
14:27:32	Kiri	Kaguya Sousuke	me iz b-rank
14:27:36	Kiri	Ao	putting in attrib points is such a bummer
14:27:37	Kiri	Kaguya Sousuke	me needz relog
14:27:39	Kiri	Kaguya Sousuke	:o
14:27:39	Kiri	Ao	noo
14:27:44	Kiri	Ao	i wanna join chuunin
14:28:07	Konoha	Uchiha Shauri	Sorry
14:28:13	Kiri	Ao	hateke
14:28:14	Konoha	Uchiha Shauri	I went in with an extra earth scroll.
14:28:18	Kiri	Kaguya Sousuke	huheuheuheu
14:28:20	Kiri	Ao	hatake* put me in chuunin
14:28:22	Kiri	Hatake -E-	sous
14:28:26	Kiri	Hatake -E-	dtop the scrolls
14:28:28	Konoha	Uchiha FleX	&gt;.&gt;
14:28:29	Kiri	Hatake -E-	you have 5 secs
14:28:31	Kiri	Kaguya Sousuke	fine -.-
14:28:34	Konoha	Uchiha FleX	you gonna drop that scroll ?
14:28:35	Konoha	Uchiha FleX	or what.
14:29:28	Kiri	Ao	hatake
14:29:34	Kiri	Ao	put me in chuunin
14:29:37	Konoha	Hyuuga Zenouva	1 more need to pass
14:29:44	Kiri	Ao	tele e in f.o.d
14:29:45	Konoha	Uchiha FleX	hm
14:29:50	Konoha	Uchiha Shauri	Unlucky me.
14:29:59	Kiri	Ao	WTF
14:30:04	Konoha	Uchiha FleX	hm
14:30:15	Kiri	Kaguya Sousuke	lol exte almost ****ed e.
14:30:54	Konoha	Uchiha Shauri	Damnit Exteban, get your level 100 ass out of here.
14:31:28	Kiri	Kaguya Sousuke	ROFL
14:31:32	Konoha	Uchiha Shauri	A level 50 pulling out a 5k Bullet?
14:31:35	Konoha	Uchiha Shauri	Didn&#39;t think so.
14:31:43	Konoha	Hyuuga Zenouva	he a Ruth
14:31:49	Konoha	Hyuuga Zenouva	and he lvl´ed a bit
14:32:02	Konoha	Uchiha Shauri	Found a new bug.
14:32:05	Kiri	Kaguya Sousuke	lololololololololol
14:32:09	Kiri	Kaguya Sousuke	aw
14:32:09	Konoha	Uchiha FleX	just my luck
14:32:10	Konoha	Hyuuga Zenouva	team
14:32:26	Konoha	Uchiha Shauri	Air bullet automaticly slows you down when your opponent activates it on your screen.
14:32:31	Konoha	Uchiha Shauri	Sousuke is top right.
14:32:45	Kiri	Kaguya Sousuke	fok yaselves boys
14:32:52	Konoha	Uchiha FleX	?
14:32:55	Kiri	Kaguya Sousuke	-.-
14:32:56	Kiri	Hatake -E-	they wanna team
14:32:59	Konoha	Uchiha Shauri	Go team Sousuke.
14:33:01	Kiri	Kaguya Sousuke	ololololol.
14:33:04	Konoha	Hyuuga Zenouva	we fight him together...
14:33:05	Konoha	Uchiha Shauri	Top right.
14:33:06	Konoha	Uchiha FleX	&gt;.&gt;
14:33:12	Kiri	Hatake -E-	Konohagakure (Genin) Hyuuga Zenouva: we fight him together... ... 
14:33:53	Konoha	Uchiha Shauri	AFK
14:34:07	Konoha	Uchiha Shauri	Sousuke&#39;s almost down.
14:34:23	Konoha	Uchiha FleX	btw
14:34:25	Konoha	Uchiha Shauri	afk again.
14:34:28	Konoha	Uchiha FleX	exte you might wanna fix arena
14:34:29	Konoha	Uchiha FleX	bugg
14:34:42	Konoha	Uchiha Shinshiro2	let&#39;s see how rip like this is.
14:34:44	Konoha	Uchiha FleX	target
14:35:05	Konoha	Uchiha Shinshiro2	does fire stun?
14:35:10	Konoha	Uchiha FleX	nope ?
14:35:36	Konoha	Uchiha Shinshiro2	Why am I lvl 50?
14:36:11	Konoha	Uchiha Shinshiro2	Why no 100 q-q
14:36:16	Kiri	Kaguya Sousuke	sht
14:36:21	Kiri	Kaguya Sousuke	i&#39;ll log out.
14:36:30	Kiri	Hatake -E-	lol why?
14:36:35	Konoha	Uchiha Shinshiro2	No I wouldn&#39;t.
14:36:38	Kiri	Kaguya Sousuke	ima take a shower.
14:36:43	Konoha	Uchiha FleX	well then
14:37:57	Konoha	Uchiha FleX	hm
14:39:42	Konoha	Uchiha FleX	having to spam needles?
14:39:45	Konoha	Uchiha FleX	thats shamefull
14:39:54	Konoha	Uchiha FleX	7 supplies
14:39:57	Konoha	Uchiha FleX	worth of needles.
14:40:58	Konoha	Uchiha Shinshiro2	Exte should gimme 2.8k Ryo
14:41:00	Kiri	Kaguya Sousuke	Exte
14:41:15	Kiri	Hatake -E-	?
14:41:15	Kiri	Kaguya Sousuke	I am about to get another account and make an gaara
14:41:24	Kiri	Kaguya Sousuke	a*
14:41:48	Kiri	Hatake -E-	and?
14:41:49	Kiri	Kaguya Sousuke	brb
14:41:55	Kiri	Kaguya Sousuke	and stay there.
14:41:57	Konoha	Uchiha Izuna	guys
14:41:58	Kiri	Kaguya Sousuke	LOL
14:42:12	Kiri	Kaguya Sousuke	Weren&#39;t you the kage?
14:42:15	Konoha	Uchiha Izuna	Bloodtaste
14:42:17	Kiri	Kaguya Sousuke	Lol our kage left QQ
14:42:19	Konoha	Uchiha Izuna	wie heeft dit spel gemaakt
14:42:20	Konoha	Uchiha FleX	Well, Back to working on deceased catch ya later exte.
14:42:26	Konoha	Uchiha Izuna	guys
14:42:30	Konoha	Uchiha Izuna	who is owner of game
14:42:41	Konoha	Uchiha FleX	Hatake-E
14:42:52	Kiri	Kaguya Sousuke	he must be bored XD
14:43:16	Konoha	Uchiha Izuna	who wants me to icon mangekyõ sharingan
14:44:09	Konoha	Akimichi Zenouva	damn need to put my alt on 2nd account
14:48:49	Konoha	Uchiha Shauri	Hm, Shin and the others left.
14:50:03	Konoha	FooX	bushin is god here?
14:50:52	Konoha	Uchiha Shauri	Don&#39;t think so.
14:51:09	Konoha	FooX	:S
14:51:16	Konoha	FooX	here are all ?
14:52:51	Konoha	FooX	--&#39;
14:52:53	Kiri	Kaguya Sousuke	lol
14:53:35	Konoha	Uchiha Shauri	What?
15:00:42	Konoha	Uchiha Shauri	Exte, tele to me, I need mr ;).
15:05:58	Konoha	Uchiha Shauri	Exte, respec me please.
15:08:11	Konoha	Uchiha Shauri	DO IT
15:12:13	Konoha	Uchiha Shauri	Fudge
15:14:33	Suna	Hmm	Exteban
