21:44:53	Konoha	Nara Nemesis	aww you wiped
21:45:00	Konoha	Exteban	yh
21:45:11	Konoha	Exteban	~the save system is still bugged
21:45:24	Konoha	Exteban	i swer people say masterdan was a genius
21:45:29	Konoha	Exteban	but his coding skills suck
21:45:41	Konoha	Nara Nemesis	the game idea was good but the coding meh :P
21:45:47	Konoha	Exteban	yh
21:46:09	Konoha	Nara Nemesis	noone does that with other games thought
21:46:24	Konoha	Nara Nemesis	it would help byond games evolve
21:46:44	Konoha	Exteban	w8 im lost
21:46:46	Konoha	Exteban	do what?
21:47:17	Konoha	Nara Nemesis	movement system
21:47:20	Konoha	Nara Nemesis	goa avatars
21:47:30	Konoha	Nara Nemesis	they are just better than anything else
21:47:50	Konoha	Nara Nemesis	plus the way goa is .. it would make for a better bleach game
21:48:12	Konoha	Exteban	the concept yes
21:48:19	Konoha	Exteban	the coding hell no lol
21:48:35	Konoha	Nara Nemesis	yeah i was told it has overcomplicated codes
21:49:06	Konoha	Exteban	what he could do with 1 code
21:49:09	Konoha	Exteban	he did with 5
21:49:19	Konoha	Exteban	exemple the damages system
21:49:24	Konoha	Exteban	example*
21:51:05	Konoha	Exteban	could you come outside
21:51:10	Konoha	Exteban	to see if i fixed fear
21:51:17	Konoha	Exteban	target
21:51:18	Konoha	Exteban	o.o
21:51:24	Konoha	Exteban	walk
21:51:29	Konoha	Exteban	ugh
21:51:31	Konoha	Exteban	too fast
21:52:15	Konoha	Exteban	what effect?
21:52:35	Konoha	Exteban	buy sweing plz
21:52:38	Konoha	Exteban	and use on me
21:53:43	Konoha	Exteban	too fast
21:53:45	Konoha	Exteban	o.o
21:55:14	Konoha	Exteban	i say dan was a ****ing master troll
21:55:26	Konoha	Exteban	he did all of this to **** our head
21:59:04	Konoha	Exteban	1 rfx = 20 passives right?
21:59:07	Konoha	Exteban	or 15?
21:59:11	Konoha	Nara Nemesis	1=20
21:59:23	Konoha	Exteban	eheh **** medics
21:59:27	Konoha	Exteban	my build here gona be op
22:00:09	Konoha	Nara Nemesis	money sir ;P
22:00:49	Konoha	Nara Nemesis	can you make twin dragon rising mobile?
22:00:57	Konoha	Exteban	thats too op
22:01:02	Konoha	Nara Nemesis	why o.o
22:01:03	Konoha	Exteban	and wasnt on other version
22:02:33	Konoha	Exteban	con int nara?
22:02:40	Konoha	Nara Nemesis	3 con 1.5 ref 1.5 int
22:02:58	Konoha	Exteban	best is 3 con 2 int .5 str .5 rfx
22:03:16	Konoha	Nara Nemesis	not on our new version 1.5 int is best there
22:05:04	Konoha	Exteban	hmm
22:05:17	Konoha	Exteban	lemme test kawa
22:05:22	Konoha	Exteban	just noticed something
22:05:44	Konoha	Exteban	hmm
22:05:47	Konoha	Exteban	thats new kawa
22:05:50	Konoha	Exteban	the one i used
22:07:23	Konoha	Nara Nemesis	btw your kawa should do both
22:12:21	Konoha	Exteban	o.o
22:12:21	Konoha	Nara Nemesis	lol aahaha
22:12:26	Konoha	Nara Nemesis	again :P
22:15:11	Konoha	Nara Nemesis	hell no
22:15:16	Konoha	Nara Nemesis	what hit me
22:15:22	Konoha	Exteban	o.o idk?
22:15:54	Konoha	Nara Nemesis	7k
22:16:01	Konoha	Exteban	what was 7k?
22:16:08	Konoha	Nara Nemesis	bullet
22:16:11	Konoha	Exteban	nicee
22:16:23	Konoha	Nara Nemesis	also i hitmyself with shadow shuriken
22:16:29	Konoha	Exteban	lol
22:16:30	Konoha	Nara Nemesis	they almost koed me in iron skin
22:16:37	Konoha	Nara Nemesis	max stamina
22:16:46	Konoha	Nara Nemesis	:P
22:20:29	Konoha	Nara Nemesis	oh come on the kunai is doing nothign :P
22:21:31	Konoha	Nara Nemesis	arena :P
22:21:44	Konoha	Nara Nemesis	i cant beat that regen hahaa
22:21:47	Konoha	Exteban	gotta fix crap
22:22:00	Konoha	Exteban	last time
22:24:09	Konoha	Exteban	hell no
22:24:14	Konoha	Nara Nemesis	IKR
22:24:15	Konoha	Exteban	you got weak spot?
22:24:18	Konoha	Nara Nemesis	YES
22:24:39	Konoha	Nara Nemesis	IT HIT ME
22:24:46	Konoha	Exteban	lol
22:24:49	Konoha	Nara Nemesis	i wanna target you damn
22:25:58	Konoha	Nara Nemesis	freaking build :p
22:26:03	Konoha	Exteban	=)
22:27:35	Konoha	Nara Nemesis	fine op it is :P
22:27:44	Konoha	Nara Nemesis	fix the game :P
22:27:50	Konoha	Exteban	this isnt the build i wanted
22:27:59	Konoha	Exteban	i added str by mistake
22:28:02	Konoha	Exteban	&gt;.&lt;
22:28:07	Konoha	Nara Nemesis	this build of mine is so weak!
22:28:12	Konoha	Nara Nemesis	gen is useless
22:28:18	Konoha	Exteban	xD
22:28:31	Konoha	Exteban	my build
22:28:32	Konoha	Nara Nemesis	sleep was useless in the old goa
22:28:34	Konoha	Exteban	450 con
22:28:42	Konoha	Exteban	382 int
22:28:46	Konoha	Exteban	192 rfx
22:28:49	Konoha	Exteban	176 str
22:28:50	Konoha	Exteban	&gt;.&lt;
22:28:54	Konoha	Nara Nemesis	lol
22:29:08	Konoha	Nara Nemesis	capa can do anything and beast cause of dat regen
22:29:16	Konoha	Exteban	ikr
22:29:31	Konoha	Exteban	anyway, imma fix the saves
22:29:37	Konoha	Exteban	right now you have 3 naras
22:30:22	Konoha	Exteban	imma remove captcha it isnt doing crap
22:31:37	Konoha	Exteban	o.o
22:31:47	Konoha	Exteban	could you use kage shuriken on me?
22:33:03	Konoha	Nara Nemesis	k
22:37:26	Konoha	Exteban	sry have to test bounty
22:48:55	Konoha	Nara Nemesis	a
22:49:02	Konoha	Nara Nemesis	nice touch :P
22:49:49	Konoha	Nara Nemesis	ill remake
22:49:55	Konoha	Nara Nemesis	brb
22:51:18	Kiri	Nemesis	haha
22:51:25	Kiri	Nemesis	the save system is bad ouch
22:51:28	Kiri	Nemesis	u cant delete
22:52:52	Kiri	Nemesis	u know whats missing!
22:53:03	Kiri	Nemesis	money:P
22:53:50	Kiri	Nemesis	have you thought of making weapons and items?
22:54:21	Kiri	Nemesis	I mean on exodus they are freaking out over a few swords with the same ability
22:55:28	Kiri	Nemesis	lets see rips have no real fighting system these days
22:55:33	Kiri	Nemesis	they are just pure bad
22:56:15	Kiri	Nemesis	but the worst thing about officials is no updates
22:56:35	Kiri	Nemesis	what rips do wrong is that their updates suck :P
22:57:09	Kiri	Nemesis	cant go on officials o.o
22:57:35	Kiri	Nemesis	it aint loading..
22:59:25	Kiri	Nemesis	1000 dollars?
23:00:08	Kiri	Nemesis	for ? :P
23:00:49	Kiri	Nemesis	saved 1k in 3 months nice
23:01:23	Kiri	Nemesis	so how do you feel about motorcicles
23:02:05	Kiri	Nemesis	but car gets stuck in traffic
23:02:14	Kiri	Nemesis	well the choice depends on many things
23:03:07	Kiri	Nemesis	but bikes cost less
23:03:34	Kiri	Nemesis	rly? wth
23:03:37	Kiri	Nemesis	:p
23:04:36	Kiri	Nemesis	yeah its legit
23:05:06	Kiri	Nemesis	and can take you feather
23:05:12	Kiri	Nemesis	ofcourse it did
23:05:17	Kiri	Nemesis	nothing is happening
23:05:23	Kiri	Nemesis	its rediculously boring
23:05:35	Kiri	Nemesis	ezzing isnt even a problem
23:05:42	Kiri	Nemesis	everyone is already freakin 100 and makes alts
23:06:17	Kiri	Nemesis	ofcourse cause its boring :p
23:06:35	Kiri	Nemesis	i can bring myself to lvl anything
23:07:07	Kiri	Nemesis	feral gets it too cause he is giving people elite jounnin to lvl faster
23:08:44	Kiri	Nemesis	it is just wrong i think he will stop doing it if he ever updates
23:08:54	Kiri	Nemesis	i also believe feral will quit kage
23:09:01	Kiri	Nemesis	to give it to a player
23:11:52	Kiri	Nemesis	ill fight if you want
23:12:04	Kiri	Akimichi Exteban	anyway, i dont see whos good enough atm
23:12:07	Kiri	Akimichi Exteban	and not yet
23:12:15	Kiri	Nemesis	yeah
23:12:18	Kiri	Akimichi Exteban	finishing saves
23:12:28	Kiri	Nemesis	propably shishiro but he wouldnt take it
23:12:39	Kiri	Akimichi Exteban	shinshinro isnt active lol
23:12:40	Kiri	Akimichi Exteban	at all
23:13:17	Kiri	Akimichi Exteban	most active people are me, sumui, roi
23:13:21	Kiri	Akimichi Exteban	feral
23:13:26	Kiri	Akimichi Exteban	who else hmm
23:13:37	Kiri	Akimichi Exteban	dont see anyone else whos active
23:13:42	Kiri	Nemesis	Sumui would never wanna be kage
23:13:45	Kiri	Nemesis	U could be
23:13:54	Kiri	Nemesis	but you cant host rips slut :P
23:13:56	Kiri	Akimichi Exteban	kage = autodeath
23:14:18	Kiri	Nemesis	i dont wanna lead those sluts ever ever
23:14:21	Kiri	Akimichi Exteban	and im not good enough for kage
23:14:36	Kiri	Nemesis	well noone ever rly was
23:14:45	Kiri	Akimichi Exteban	Hermit was
23:14:47	Kiri	Akimichi Exteban	:o
23:14:52	Kiri	Akimichi Exteban	best kage ever
23:14:54	Kiri	Nemesis	Good in what terms
23:15:05	Kiri	Akimichi Exteban	everything
23:15:19	Kiri	Nemesis	hermit is good but he aint a leafie :P
23:15:28	Kiri	Akimichi Exteban	He used to be
23:15:32	Kiri	Akimichi Exteban	4 years ago
23:15:33	Kiri	Akimichi Exteban	o.o
23:15:37	Kiri	Akimichi Exteban	before he was suna
23:15:39	Kiri	Nemesis	EVERYONE USED TO BE
23:15:45	Kiri	Akimichi Exteban	xd
23:15:48	Kiri	Nemesis	yeah ik the story :P
23:15:59	Kiri	Akimichi Exteban	every kage used to be leafie
23:16:08	Kiri	Nemesis	most strong people were once in leaf
23:16:09	Kiri	Akimichi Exteban	Undo, Jirou, Feral
23:16:20	Kiri	Nemesis	some crazy freaks were kiri
23:16:28	Kiri	Nemesis	and nop no real suna badass
23:16:45	Kiri	Akimichi Exteban	Leaf = Skilled people
23:16:49	Kiri	Akimichi Exteban	Kiri = Trolls
23:16:55	Kiri	Akimichi Exteban	Suna = Spamers/runners
23:17:06	Kiri	Akimichi Exteban	allways been like that and allways will be
23:17:51	Kiri	Akimichi Exteban	neme
23:17:51	Kiri	Nemesis	Kiri used to exile people who made the village look bad :P
23:17:52	Kiri	Akimichi Exteban	o.o
23:17:53	Kiri	Akimichi Exteban	LOL
23:17:56	Kiri	Nemesis	hahaha
23:18:59	Kiri	Nemesis	have you seen sword art online?
23:19:06	Kiri	Akimichi Exteban	nah o.o
23:19:12	Kiri	Akimichi Exteban	i have been playing pokemon mmo
23:19:14	Kiri	Nemesis	someone needs to make a game like that
23:19:19	Kiri	Akimichi Exteban	that game is op xD
23:19:29	Kiri	Nemesis	its just pokemon!!
23:19:38	Kiri	Akimichi Exteban	i think someone is doing it already
23:19:54	Kiri	Nemesis	doing what?
23:20:11	Kiri	Akimichi Exteban	someone betwen my 231 contacts on byond pmed me to help them code a game like that
23:20:28	Kiri	Akimichi Exteban	but idk wtf that is so i said no
23:20:51	Kiri	Nemesis	lol
23:20:59	Kiri	Nemesis	it doesnt make sense for byond
23:21:07	Kiri	Nemesis	Its an anime
23:21:26	Kiri	Akimichi Exteban	hmm
23:22:00	Kiri	Nemesis	lol just fight :P
23:23:00	Kiri	Akimichi Exteban	hmm
23:23:12	Kiri	Akimichi Exteban	did you know
23:23:25	Kiri	Akimichi Exteban	feral wanna allow clans to be on other villages
23:23:29	Kiri	Akimichi Exteban	like on rips &gt;.&lt;
23:23:34	Kiri	Nemesis	yeah
23:23:34	Kiri	Akimichi Exteban	kiri = empty
23:24:00	Kiri	Akimichi Exteban	that happens and exteban becomes missing
23:24:09	Kiri	Nemesis	lol
23:24:15	Kiri	Akimichi Exteban	and i create a faction named
23:24:22	Kiri	Akimichi Exteban	**** Feral&#39;s Ideas
23:24:53	Kiri	Nemesis	WHY THE **** DO THEY PLAY EXODUS
