00:00:01	Suna mish	Zix	Zix	i wann a kage
00:00:02	Suna mish	Zix	Zix	kiri
00:00:06	kkkkhkhkh	Uchiha Rein	Uchiha Rein	bro you dont have to ask me
00:00:08	Suna mish	Zix	Zix	ask to exteban
00:00:09	Suna mish	Zix	Zix	plz
00:00:17	Suna mish	Zix	Zix	all kiri
00:00:21	Suna mish	Zix	Zix	ask stevan
00:01:10	dmdlada	Hozuki Laxus	Hozuki Laxus	lol
00:02:58	Misions	Kaguya Light	Kaguya Light	hahaha
00:04:17	kkkkhkhkh	Uchiha -E-	Uchiha -E-	multikeying in front of the owner
00:04:24	kkkkhkhkh	Uchiha -E-	Uchiha -E-	&gt;,&gt;
00:04:47	kkkkhkhkh	Akimichi Sax	Akimichi Sax	did xd
00:05:03	kkkkhkhkh	Uchiha -E-	Uchiha -E-	invite zix for a sex
00:05:06	kkkkhkhkh	Uchiha -E-	Uchiha -E-	sec*
00:05:19	kkkkhkhkh	Uchiha J	Uchiha J	hes just going to leave
00:05:22	kkkkhkhkh	Uchiha -E-	Uchiha -E-	ik
00:05:24	kkkkhkhkh	Uchiha J	Uchiha J	he left suna 3 times now
00:05:24	kkkkhkhkh	Akimichi Sax	Akimichi Sax	k
00:05:43	kkkkhkhkh	Akimichi Sax	Akimichi Sax	can i kick after?
00:05:44	kkkkhkhkh	Uchiha -E-	Uchiha -E-	hmm k ty
00:05:47	kkkkhkhkh	Uchiha -E-	Uchiha -E-	kick
00:06:20	kkkkhkhkh	Uchiha -E-	Uchiha -E-	kick him
00:06:23	kkkkhkhkh	Uchiha -E-	Uchiha -E-	if you want
00:06:25	kkkkhkhkh	Uchiha -E-	Uchiha -E-	and ty
00:06:37	kkkkhkhkh	Akimichi Sax	Akimichi Sax	Dislike this guy
00:06:40	kkkkhkhkh	Uchiha J	Uchiha J	are you sure copy is good
00:06:42	kkkkhkhkh	Akimichi Sax	Akimichi Sax	k guys get mish
00:06:43	kkkkhkhkh	Akimichi Sax	Akimichi Sax	yh j
00:06:50	kkkkhkhkh	Uchiha J	Uchiha J	man i have a feeling its not good and just a waste
00:06:51	kkkkhkhkh	Akimichi Sax	Akimichi Sax	ishi to kawa
00:06:56	kkkkhkhkh	Uchiha J	Uchiha J	all you do is copy a move
00:07:05	kkkkhkhkh	Akimichi Sax	Akimichi Sax	a move you dont have
00:07:11	kkkkhkhkh	Uchiha -E-	Uchiha -E-	imagine a enemie uses water dragon
00:07:11	kkkkhkhkh	Uchiha J	Uchiha J	but can get?
00:07:17	kkkkhkhkh	Uchiha J	Uchiha J	true
00:07:22	kkkkhkhkh	Uchiha J	Uchiha J	fine
00:07:23	kkkkhkhkh	Uchiha -E-	Uchiha -E-	best way to counter a water dragon is with water dragon
00:07:54	kkkkhkhkh	Uchiha J	Uchiha J	do i get it right away?
00:08:07	kkkkhkhkh	Uchiha -E-	Uchiha -E-	when he uses the jutsu you press space
00:08:12	kkkkhkhkh	Uchiha J	Uchiha J	i know
00:08:17	kkkkhkhkh	Uchiha J	Uchiha J	but do i get right away
00:08:35	kkkkhkhkh	Uchiha -E-	Uchiha -E-	naruke you gave saxi EJ?
00:08:41	kkkkhkhkh	Akimichi Sax	Akimichi Sax	yh he did
00:08:54	kkkkhkhkh	Akimichi Sax	Akimichi Sax	just for squad spots
00:09:18	kkkkhkhkh	Uchiha -E-	Uchiha -E-	still, dont give free ranks plz, leave that to kages
00:09:23	kkkkhkhkh	Uchiha -E-	Uchiha -E-	ty
00:09:44	kkkkhkhkh	Uchiha Rein	Uchiha Rein	heal
00:09:48	kkkkhkhkh	Uchiha Rein	Uchiha Rein	im overwounded
00:09:52	kkkkhkhkh	Uchiha Rein	Uchiha Rein	ty
00:10:22	Suna mish	Zix	Zix	-_-
00:11:09	kkkkhkhkh	Uchiha Rein	Uchiha Rein	heal
00:11:12	Misions	Kaguya Light	Kaguya Light	100 wounds clsed
00:11:22	Misions	Kaguya Light	Kaguya Light	Analyzed Uchiha Rein: 21% Stamina -- 90% Chakra -- 104% Wounds ... 
00:11:23	Misions	Kaguya Light	Kaguya Light	xD
00:11:43	Misions	Kaguya Light	Kaguya Light	hahahahaha
00:12:01	kkkkhkhkh	Uchiha -E-	Uchiha -E-	saxi can i stay fuma?
00:12:06	kkkkhkhkh	Uchiha -E-	Uchiha -E-	only working faction
00:12:07	kkkkhkhkh	Akimichi Sax	Akimichi Sax	yh
00:12:09	kkkkhkhkh	Uchiha -E-	Uchiha -E-	ty
00:12:14	kkkkhkhkh	Akimichi Sax	Akimichi Sax	k guys imma do my mish
00:12:18	kkkkhkhkh	Uchiha Rein	Uchiha Rein	same
00:12:19	kkkkhkhkh	Akimichi Sax	Akimichi Sax	wait at kawa
00:12:20	kkkkhkhkh	Uchiha Rein	Uchiha Rein	omw
00:12:22	kkkkhkhkh	Uchiha J	Uchiha J	omw
00:12:28	kkkkhkhkh	Uchiha Shine	Uchiha Shine	Saxi
00:12:34	kkkkhkhkh	Akimichi Sax	Akimichi Sax	aa
00:12:36	kkkkhkhkh	Uchiha Shine	Uchiha Shine	mp
00:12:43	kkkkhkhkh	Uchiha -E-	Uchiha -E-	J
00:12:45	kkkkhkhkh	Uchiha Shine	Uchiha Shine	ty
00:12:47	kkkkhkhkh	Uchiha -E-	Uchiha -E-	You ready to host?
00:12:47	kkkkhkhkh	Uchiha J	Uchiha J	i got cha kill after
00:12:54	kkkkhkhkh	Uchiha J	Uchiha J	i guess so
00:13:02	kkkkhkhkh	Uchiha -E-	Uchiha -E-	Yes ot No!
00:13:02	kkkkhkhkh	Akimichi Sax	Akimichi Sax	Host exam?
00:13:03	kkkkhkhkh	Uchiha -E-	Uchiha -E-	or*
00:13:07	kkkkhkhkh	Uchiha J	Uchiha J	yes
00:13:10	kkkkhkhkh	Uchiha -E-	Uchiha -E-	host this game
00:13:17	kkkkhkhkh	Uchiha J	Uchiha J	oui yes
00:13:17	kkkkhkhkh	Akimichi Sax	Akimichi Sax	me?
00:13:22	kkkkhkhkh	Uchiha -E-	Uchiha -E-	no J
00:13:25	kkkkhkhkh	Akimichi Sax	Akimichi Sax	aa
00:13:29	kkkkhkhkh	Uchiha -E-	Uchiha -E-	saxyouarentthatimportant
00:13:37	kkkkhkhkh	Akimichi Sax	Akimichi Sax	yhi
00:13:40	kkkkhkhkh	Akimichi Sax	Akimichi Sax	ik*
00:13:41	kkkkhkhkh	Uchiha -E-	Uchiha -E-	xD
00:13:43	kkkkhkhkh	Uchiha -E-	Uchiha -E-	&lt;3
00:14:19	kkkkhkhkh	Uchiha Rein	Uchiha Rein	cha kill
00:14:24	kkkkhkhkh	Uchiha J	Uchiha J	same
00:14:33	kkkkhkhkh	Uchiha -E-	Uchiha -E-	brb
00:15:02	kkkkhkhkh	Uchiha Rein	Uchiha Rein	where to?
00:17:24	kkkkhkhkh	Uchiha J	Uchiha J	now what to cha??
00:18:24	Suna mish	Zix	Zix	nice
00:18:27	Suna mish	Zix	Zix	ll leaf vs me
00:18:28	kkkkhkhkh	Uchiha Rein	Uchiha Rein	ppl be run**** to much
00:18:34	kkkkhkhkh	Akimichi Sax	Akimichi Sax	yh ikr rein
00:18:42	kkkkhkhkh	Uchiha Rein	Uchiha Rein	wow
00:18:47	kkkkhkhkh	Uchiha Shine	Uchiha Shine	@_@
00:18:57	kkkkhkhkh	Uchiha J	Uchiha J	let me copy heal
00:20:45	kkkkhkhkh	Akimichi Sax	Akimichi Sax	k guys what mish you got?
00:23:18	kkkkhkhkh	Akimichi Sax	Akimichi Sax	k guys what mish you have
00:23:19	Suna mish	Zix	Zix	noobs teamer
00:23:22	kkkkhkhkh	Uchiha Rein	Uchiha Rein	come
00:23:24	kkkkhkhkh	Uchiha J	Uchiha J	i had to relog
00:24:09	kkkkhkhkh	Uchiha Rein	Uchiha Rein	you guys are epic leeching
00:24:37	kkkkhkhkh	Uchiha J	Uchiha J	whats better decap or sword
00:24:51	kkkkhkhkh	Uchiha -E-	Uchiha -E-	decap - damage sword - faster
00:25:05	kkkkhkhkh	Uchiha J	Uchiha J	how is faster
00:25:13	kkkkhkhkh	Uchiha J	Uchiha J	it takes 5 sec eevery swing
00:25:37	kkkkhkhkh	Akimichi Sax	Akimichi Sax	k guys 
00:26:07	kkkkhkhkh	Akimichi Sax	Akimichi Sax	kh guys
00:26:08	Suna mish	Zix	Zix	hey
00:26:12	Suna mish	Zix	Zix	tank
00:26:12	Suna mish	Zix	Zix	bro
00:26:29	kkkkhkhkh	Akimichi Sax	Akimichi Sax	yo guys ready for chuunin?
00:26:33	kkkkhkhkh	Uchiha Shine	Uchiha Shine	Yep
00:26:42	kkkkhkhkh	Uchiha J	Uchiha J	sax y did you demote me??
00:26:46	kkkkhkhkh	Uchiha J	Uchiha J	any reason
00:27:11	kkkkhkhkh	Uchiha J	Uchiha J	gl rein and shine
00:27:19	kkkkhkhkh	Uchiha Shine	Uchiha Shine	^^
00:27:24	kkkkhkhkh	Uchiha Rein	Uchiha Rein	^
00:27:51	kkkkhkhkh	Uchiha J	Uchiha J	sax y did you demote me??
00:27:54	kkkkhkhkh	Uchiha Rein	Uchiha Rein	bugged?
00:27:56	kkkkhkhkh	Uchiha J	Uchiha J	any reason
00:27:59	kkkkhkhkh	Uchiha J	Uchiha J	?
00:28:03	kkkkhkhkh	Akimichi Sax	Akimichi Sax	now
00:28:04	kkkkhkhkh	Akimichi Sax	Akimichi Sax	?
00:28:09	kkkkhkhkh	Uchiha Rein	Uchiha Rein	nope
00:28:12	kkkkhkhkh	Akimichi Sax	Akimichi Sax	Dam
00:28:23	kkkkhkhkh	Uchiha Shine	Uchiha Shine	what happened?
00:28:26	kkkkhkhkh	Akimichi Sax	Akimichi Sax	Exam bugged exte
00:28:48	Misions	Kaguya Light	Kaguya Light	stop im too laggy
00:29:10	kkkkhkhkh	Akimichi Sax	Akimichi Sax	imma try again
00:29:25	kkkkhkhkh	Uchiha -E-	Uchiha -E-	isnt bugged saxi...
00:29:31	kkkkhkhkh	Uchiha -E-	Uchiha -E-	now it is
00:29:32	kkkkhkhkh	Uchiha -E-	Uchiha -E-	...
00:29:44	kkkkhkhkh	Uchiha Shine	Uchiha Shine	lol
00:29:47	kkkkhkhkh	Uchiha Rein	Uchiha Rein	end all 3 of them
00:29:49	dmdlada	Tank	Tank	tell me dmg
00:29:51	kkkkhkhkh	Akimichi Sax	Akimichi Sax	i did 2 times before exte
00:29:52	dmdlada	Tank	Tank	?
00:29:57	kkkkhkhkh	Uchiha Rein	Uchiha Rein	now you host
00:30:01	Misions	Kaguya Light	Kaguya Light	idont know why i get so laggy :(
00:30:11	Mist Squad	ZixJR	ZixJR	leae your squad
00:30:13	kkkkhkhkh	Uchiha Rein	Uchiha Rein	theres 1 more E
00:30:14	Misions	Kaguya Light	Kaguya Light	rein, what happened with your game?
00:30:15	Mist Squad	ZixJR	ZixJR	leave
00:30:27	Misions	Kaguya Light	Kaguya Light	rein, what happened with your game?
00:30:31	Mist Squad	Tank	Tank	tell me dmg
00:30:31	kkkkhkhkh	Uchiha Rein	Uchiha Rein	idk i didnt feel liek owrking on it by myself
00:30:37	Mist Squad	ZixJR	ZixJR	ok
00:30:42	Mist Squad	ZixJR	ZixJR	nice
00:30:51	Misions	Kaguya Light	Kaguya Light	:s
00:30:59	kkkkhkhkh	Akimichi Sax	Akimichi Sax	still bugged?
00:31:06	kkkkhkhkh	Uchiha Rein	Uchiha Rein	umm
00:31:17	kkkkhkhkh	Uchiha Rein	Uchiha Rein	theyhost again saxi
00:31:21	kkkkhkhkh	Uchiha Rein	Uchiha Rein	host*
00:31:33	Misions	Kaguya Light	Kaguya Light	o.o
00:31:47	kkkkhkhkh	Uchiha J	Uchiha J	gl light
00:31:52	Misions	Kaguya Light	Kaguya Light	hey J
00:31:55	kkkkhkhkh	Uchiha J	Uchiha J	sup
00:32:08	Misions	Kaguya Light	Kaguya Light	thank you but im really bad getting scrolls &gt;.&lt;
00:32:11	Misions	Kaguya Light	Kaguya Light	xD
00:32:14	kkkkhkhkh	Uchiha Rein	Uchiha Rein	LOl
00:32:26	Misions	Kaguya Light	Kaguya Light	i kill them , but they use kawa and i lost them
00:32:28	kkkkhkhkh	Uchiha J	Uchiha J	just spam needles
00:32:38	kkkkhkhkh	Uchiha Rein	Uchiha Rein	needlesi s for noobs
00:32:39	Mist Squad	ZixJR	ZixJR	attack me
00:32:41	Mist Squad	ZixJR	ZixJR	for regen
00:32:42	Misions	Kaguya Light	Kaguya Light	i dont know how to fight with it xD
00:32:43	kkkkhkhkh	Uchiha Rein	Uchiha Rein	Sup Taizu
00:32:45	kkkkhkhkh	Uchiha Rein	Uchiha Rein	LOL
00:32:54	kkkkhkhkh	Uchiha J	Uchiha J	samurai
00:33:01	kkkkhkhkh	Uchiha Rein	Uchiha Rein	i never ezed
00:33:01	kkkkhkhkh	Uchiha J	Uchiha J	wtf is ezing
00:33:10	Misions	Kaguya Light	Kaguya Light	eazing is training with ctr
00:33:19	Misions	Kaguya Light	Kaguya Light	well im going to do some missions
00:33:22	Misions	Kaguya Light	Kaguya Light	see you later guys ;)
00:33:23	kkkkhkhkh	Uchiha J	Uchiha J	i dont know how to do that
00:33:24	kkkkhkhkh	Uchiha Rein	Uchiha Rein	pce
00:34:04	kkkkhkhkh	Uchiha -E-	Uchiha -E-	ugh no one in suna to tele
00:34:06	kkkkhkhkh	Uchiha -E-	Uchiha -E-	&gt;.&gt;
00:34:10	kkkkhkhkh	Uchiha Rein	Uchiha Rein	lol
00:34:12	kkkkhkhkh	Uchiha -E-	Uchiha -E-	i have to walk...
00:34:15	Mist Squad	ZixJR	ZixJR	attack
00:34:22	kkkkhkhkh	Akimichi Sax	Akimichi Sax	Can i host now exte?
00:34:30	kkkkhkhkh	Uchiha -E-	Uchiha -E-	no saxi...
00:34:31	kkkkhkhkh	Akimichi Sax	Akimichi Sax	k
00:34:34	kkkkhkhkh	Uchiha -E-	Uchiha -E-	imma reboot
00:34:55	kkkkhkhkh	Uchiha J	Uchiha J	dead
00:35:01	kkkkhkhkh	Uchiha Rein	Uchiha Rein	LOL
00:35:06	kkkkhkhkh	Uchiha Shine	Uchiha Shine	^
00:35:07	kkkkhkhkh	Uchiha J	Uchiha J	lol
00:35:07	Suna mish	Zix	Zix	back
00:35:10	Suna mish	Zix	Zix	hey bro
00:35:14	Suna mish	Zix	Zix	vote for me for kage
00:35:17	Mist Squad	Tank	Tank	where
00:35:20	Suna mish	Zix	Zix	wait
00:35:39	Suna mish	Zix	Zix	hey
00:35:43	Mist Squad	Tank	Tank	i am there
00:35:44	Suna mish	Zix	Zix	you can let me kill you for rank A
00:35:46	Suna mish	Zix	Zix	bro?
00:35:51	kkkkhkhkh	Uchiha -E-	Uchiha -E-	gotta love the icon
00:35:53	kkkkhkhkh	Uchiha -E-	Uchiha -E-	&lt;3
00:35:55	Suna mish	Zix	Zix	ya vine con este
00:36:01	Mist Squad	Tank	Tank	you don&#39;t have an A rank lol
00:36:01	Misions	Kaguya Light	Kaguya Light	xD
00:36:02	Suna mish	Zix	Zix	waoo!! cuanto quisiera ser kage
00:36:03	Suna mish	Zix	Zix	Aww
00:36:05	Mist Squad	Tank	Tank	you just logged on
00:36:08	kkkkhkhkh	Akimichi Sax	Akimichi Sax	k you&#39;re rebooting?
00:36:09	Misions	Kaguya Light	Kaguya Light	:s
00:36:10	Suna mish	Zix	Zix	yea i need
00:36:12	Suna mish	Zix	Zix	kill 1
00:36:13	kkkkhkhkh	Uchiha -E-	Uchiha -E-	yh
00:36:13	Mist Squad	Tank	Tank	im not stupid
00:36:15	Suna mish	Zix	Zix	for a Rank
00:36:21	Suna mish	Zix	Zix	look
00:36:23	Suna mish	Zix	Zix	my info card
00:36:27	Suna mish	Zix	Zix	i realize
00:36:30	Suna mish	Zix	Zix	10 mish rank A
00:36:36	Mist Squad	Tank	Tank	doesn&#39;t matter lol
00:36:39	Suna mish	Zix	Zix	general
00:36:42	Mist Squad	Tank	Tank	you didn&#39;t go to kh
00:36:48	Mist Squad	Tank	Tank	plus your missing
00:36:50	Suna mish	Zix	Zix	i need kill someone for rank A
00:36:57	Suna mish	Zix	Zix	again
00:36:58	Mist Squad	Tank	Tank	it wouldn&#39;t just be someone
00:36:59	Suna mish	Zix	Zix	:S
00:37:00	Misions	Kaguya Light	Kaguya Light	when you are killed you lost A rank
00:37:05	Suna mish	Zix	Zix	light
00:37:08	Suna mish	Zix	Zix	hice un relog
00:37:09	Misions	Kaguya Light	Kaguya Light	&gt;.&gt;
00:37:09	Mist Squad	Tank	Tank	it would tell you who lol
00:37:11	Suna mish	Zix	Zix	y me lo quitaron
00:37:13	Misions	Kaguya Light	Kaguya Light	xD
00:37:18	Suna mish	Zix	Zix	i can kill you?
00:37:19	Mist Squad	Tank	Tank	i am an old player
00:37:20	Suna mish	Zix	Zix	general
00:37:26	kkkkhkhkh	Akimichi Sax	Akimichi Sax	i will host after reboot then
00:37:32	Misions	General Chime	General Chime	i know u
00:37:39	Misions	Kaguya Light	Kaguya Light	tank wanna join us?
00:37:41	Mist Squad	Tank	Tank	lol zix made the squad
00:37:44	Mist Squad	Tank	Tank	yeah sure
00:37:55	Misions	Kaguya Light	Kaguya Light	haha zix ,ya me e dejado matar muho
00:38:01	Misions	Kaguya Light	Kaguya Light	y perdi mi rango B
00:38:04	Misions	Kaguya Light	Kaguya Light	:/
00:38:36	Misions	Kaguya Light	Kaguya Light	any of you get a mission
00:38:57	Misions	Kaguya Light	Kaguya Light	:P
00:39:04	kkkkhkhkh	Akimichi Sax	Akimichi Sax	nvm going to eat
00:39:06	Misions	Kaguya Light	Kaguya Light	heheh chime
00:39:29	Suna mish	Zix	Zix	back
00:39:30	Misions	Kaguya Light	Kaguya Light	tank, chime get a scroll :O
00:39:35	Misions	Kaguya Light	Kaguya Light	lets do some missions
00:39:43	Misions	Kaguya Light	Kaguya Light	&gt;.&gt;
00:39:45	Misions	Tank	Tank	ishi
00:39:50	Suna mish	Zix	Zix	ty chime
00:39:50	Misions	Tank	Tank	pack
00:40:02	Suna mish	Zix	Zix	O.o
00:40:06	Suna mish	Zix	Zix	preguntale
00:40:08	Suna mish	Zix	Zix	que paso
00:40:11	Misions	Kaguya Light	Kaguya Light	Cha no Kuni, to Kiri. 
00:40:18	Suna mish	Zix	Zix	dile que me deje dale un kill
00:40:20	Misions	Kaguya Light	Kaguya Light	tiene mision
00:40:29	Suna mish	Zix	Zix	chime
00:40:32	Misions	General Chime	General Chime	let me see
00:40:33	Suna mish	Zix	Zix	u have mish
00:40:34	Suna mish	Zix	Zix	rank C
00:40:34	Misions	General Chime	General Chime	mission
00:40:35	Suna mish	Zix	Zix	?
00:40:37	Suna mish	Zix	Zix	ok
00:40:39	Suna mish	Zix	Zix	i waiting you
00:40:41	Misions	General Chime	General Chime	copy paste
00:40:46	Misions	General Chime	General Chime	the mission
00:40:53	Misions	General Chime	General Chime	on me
00:40:53	Misions	Kaguya Light	Kaguya Light	where chime?
00:41:01	Misions	Tank	Tank	don&#39;t let him kill you
00:41:02	Misions	General Chime	General Chime	zix copy and paste your a rank
00:41:07	Misions	Tank	Tank	he doesn&#39;t have a mission
00:41:13	Suna mish	Zix	Zix	Level Grade: 56/100 ... Total Grade 56% / 100% ... Current Rank: B
00:41:17	Suna mish	Zix	Zix	i need 1 kill
00:41:18	Misions	Kaguya Light	Kaguya Light	everybody go to ishi
00:41:19	Misions	Tank	Tank	missing can&#39;t even get A ranks
00:41:20	Suna mish	Zix	Zix	for rank A
00:41:22	Suna mish	Zix	Zix	back
00:41:25	Suna mish	Zix	Zix	i can kill u
00:41:28	Suna mish	Zix	Zix	?
00:41:31	Misions	Kaguya Light	Kaguya Light	lets make tank mission, later mine and idk what is chime
00:41:42	Misions	General Chime	General Chime	tank
00:41:46	Misions	General Chime	General Chime	he wants a rank
00:41:48	Suna mish	Zix	Zix	yea?
00:41:49	Misions	General Chime	General Chime	not for mission
00:41:54	Suna mish	Zix	Zix	no
00:41:55	Misions	General Chime	General Chime	but for the tittle
00:42:00	Suna mish	Zix	Zix	i want the rank
00:42:07	Misions	Tank	Tank	just don&#39;t let him kill you
00:42:12	Suna mish	Zix	Zix	after reboot
00:48:44	/squad	Kaguya Light	Kaguya Light	:D
00:49:12	/squad	Zix	Zix	let?
00:49:24	/squad	Zix	Zix	ty
00:49:31	/squad	Zix	Zix	brb
00:49:56	/squad	Zix	Zix	dame heal
00:50:07	/squad	Kaguya Light	Kaguya Light	xD
00:50:10	/squad	Zix	Zix	---_--
00:50:16	/squad	Kaguya Light	Kaguya Light	chime?
00:51:07	/squad	Kaguya Light	Kaguya Light	xD
11:48:04	Wrm zo boos?	Bloodtaster	Bloodtaster	Ga naar ishi
11:50:00	Wrm zo boos?	Bloodtaster	Bloodtaster	Thnx.
12:10:07	Wrm zo boos?	Akuma-Senpai	Akuma-Senpai	dafuq was that?0.0
12:10:33	Wrm zo boos?	Akuma-Senpai	Akuma-Senpai	wtf is that?
12:11:08	Wrm zo boos?	Akuma-Senpai	Akuma-Senpai	lol thats gonna be taken out
13:23:27	Im Not	Nara Juriki	Nara Juriki	take now?
13:23:33	Im Not	Atticus	Atticus	ready?
13:23:46	Im Not	Nara Juriki	Nara Juriki	well still gotm r
13:23:52	Im Not	Atticus	Atticus	same
13:26:06	Im Not	Atticus	Atticus	sorry
13:26:08	Im Not	Atticus	Atticus	:3
13:26:18	Im Not	Atticus	Atticus	i didnt mean to make wounds
13:26:22	Im Not	Nara Juriki	Nara Juriki	lol
13:27:16	Im Not	Nara Juriki	Nara Juriki	ok rdy?
13:27:22	Im Not	Atticus	Atticus	yes
13:27:35	Im Not	Nara Juriki	Nara Juriki	c or d rank?
13:27:37	Im Not	Atticus	Atticus	Your job is to Escort Maki who you can find at Cha no Kuni, to Kawa no Kuni. 
13:27:42	Im Not	Atticus	Atticus	i grabbed c
13:28:01	Im Not	Nara Juriki	Nara Juriki	kawa to cha
13:29:48	Im Not	Nara Juriki	Nara Juriki	atti
13:29:53	Im Not	Nara Juriki	Nara Juriki	i&#39;m escorting
13:29:57	Im Not	Atticus	Atticus	ok
13:30:02	Im Not	Nara Juriki	Nara Juriki	wait top left of cha
13:30:24	Im Not	Nara Juriki	Nara Juriki	...
13:30:26	Im Not	Nara Juriki	Nara Juriki	what you doing?
13:30:34	Im Not	Atticus	Atticus	just to gain time
13:30:42	Im Not	Nara Juriki	Nara Juriki	but i want your mish 2
13:30:48	Im Not	Atticus	Atticus	i know
13:30:50	Im Not	Atticus	Atticus	lol
13:33:23	Im Not	Gulion Slico	Gulion Slico	thanks
13:33:24	Im Not	Atticus	Atticus	do it
13:33:34	Im Not	Atticus	Atticus	fake jur
13:33:49	Im Not	Nara Juriki	Nara Juriki	to kawa!
13:33:49	Im Not	Gulion Slico	Gulion Slico	wow
13:34:35	Im Not	Atticus	Atticus	yellow house
13:35:04	Im Not	Gulion Slico	Gulion Slico	ishi pack
13:37:02	Im Not	Nara Juriki	Nara Juriki	afk gonna watch a soccer game
13:37:12	Im Not	Gulion Slico	Gulion Slico	log then in a house
13:37:19	Im Not	Atticus	Atticus	ok
13:39:45	Im Not	Nara Juriki	Nara Juriki	in cha
13:39:52	Im Not	Nara Juriki	Nara Juriki	i didnt get mr -.-
13:40:26	Im Not	Nara Juriki	Nara Juriki	ah hoef nu niet ga toch eten
13:41:00	Im Not	Atticus	Atticus	lvl?
13:42:16	Im Not	Gulion Slico	Gulion Slico	level?
13:42:54	Im Not	Nara Juriki	Nara Juriki	:P
13:42:57	Im Not	Nara Juriki	Nara Juriki	hes a admin
13:42:57	Im Not	Gulion Slico	Gulion Slico	um what are those brown things on his arms?
13:43:00	Im Not	Nara Juriki	Nara Juriki	he added 100 lvl
13:43:12	Im Not	Gulion Slico	Gulion Slico	oh
13:46:06	Im Not	Atticus	Atticus	Slico
13:46:10	Im Not	Atticus	Atticus	grab 
13:46:12	Im Not	Gulion Slico	Gulion Slico	yes?
13:46:30	Im Not	Gulion Slico	Gulion Slico	omw
13:49:18	Im Not	Atticus	Atticus	did you lost your mish?
13:49:22	Im Not	Atticus	Atticus	lose/*
13:49:32	Im Not	Uchiha -E-	Gulion Slico	sadly
13:49:39	Im Not	Atticus	Atticus	come to kawa
13:50:53	Im Not	Uchiha -E-	Gulion Slico	what trait are you?
13:51:09	Im Not	Atticus	Atticus	Uchiha
13:51:32	Im Not	Uchiha -E-	Gulion Slico	then where u=is the uchiha in your name?
13:51:39	Im Not	Uchiha -E-	Gulion Slico	is
13:51:41	Im Not	Atticus	Atticus	idk
13:51:44	Im Not	Atticus	Atticus	i lost 
13:51:50	Im Not	Uchiha -E-	Gulion Slico	yeah right
13:56:30	Im Not	Atticus	Atticus	grab
13:57:19	Im Not	Gulion Slico	Gulion Slico	Your job is to track down Gendou who you can find at Ishi no Kuni and kill him.
13:57:52	Im Not	Atticus	Atticus	Your job is to Escort Chisato who you can find at Kawa no Kuni, to Cha no Kuni. 
13:58:02	Im Not	Atticus	Atticus	ishi first
14:00:37	Im Not	Atticus	Atticus	escort
14:04:57	Im Not	Atticus	Atticus	Your job is to track down Kameko who you can find at Kawa no Kuni and kill him.
14:05:48	Im Not	Gulion Slico	Gulion Slico	Your job is to Escort Naoko who you can find at Cha no Kuni, to Kawa no Kuni.
14:07:45	Im Not	Gulion Slico	Gulion Slico	wound spammer 0.0
14:07:49	Im Not	Atticus	Atticus	e.e
14:07:56	Im Not	Atticus	Atticus	bugged? &#39;-&#39;
14:08:15	Im Not	Gulion Slico	Gulion Slico	good
14:08:17	Im Not	Atticus	Atticus	ur escort
14:12:29	Im Not	Gulion Slico	Gulion Slico	atti?
14:13:48	Im Not	Atticus	Atticus	hi
14:13:49	Im Not	Atticus	Atticus	sorry
14:14:34	Im Not	Gulion Slico	Gulion Slico	does chidori current push people away here?
14:14:40	Im Not	Atticus	Atticus	yh
14:14:49	Im Not	Gulion Slico	Gulion Slico	the crappy version -.-
14:16:15	Im Not	Gulion Slico	Gulion Slico	Your job is to Escort Jin who you can find at Cha no Kuni, to Kawa no Kuni. 
14:16:28	Im Not	Gulion Slico	Gulion Slico	level?
14:16:37	Im Not	Atticus	Atticus	Your job is to Escort Amida who you can find at Cha no Kuni, to Kawa no Kuni. 
14:16:40	Im Not	Atticus	Atticus	lvl 39
14:16:43	Im Not	Atticus	Atticus	u?
14:16:45	Im Not	Gulion Slico	Gulion Slico	33
14:20:00	Im Not	Atticus	Atticus	i&#39;m waiting
14:20:03	Im Not	Atticus	Atticus	go get urs
14:20:10	Im Not	Gulion Slico	Gulion Slico	mine is not in cha
14:20:17	Im Not	Gulion Slico	Gulion Slico	it&#39;s here
14:20:42	Im Not	Gulion Slico	Gulion Slico	wait near the house
14:22:35	Im Not	Gulion Slico	Gulion Slico	which med moves do clones use?
14:43:35	A rank ftw?	Yagura	Yagura	Rickz.
14:43:48	A rank ftw?	Yagura	Yagura	Maldito, não me deixe pegar level aqui
14:43:55	A rank ftw?	Yagura	Yagura	Quando eu pegar, você ja era.
14:51:23	Cap testing	Cheewie	Cheewie	go kh and heal chime
14:51:44	A rank ftw?	Yagura	Yagura	Is that an order?
14:51:58	A rank ftw?	Yagura	Yagura	Since when people give me orders.
14:52:03	A rank ftw?	Yagura	Yagura	._.
14:53:15	Cap testing	Bloodtaster	Bloodtaster	2/2/2 fits better doesn&#39;t it?
14:53:17	A rank ftw?	Yagura	Yagura	Leave.
14:53:24	Cap testing	Cheewie	Cheewie	rickz leave
14:53:25	Cap testing	Bloodtaster	Bloodtaster	Kinda better with the old stamina.
14:53:28	A rank ftw?	Yagura	Yagura	It does, blood.
14:53:36	A rank ftw?	Yagura	Yagura	i&#39;ll use 2 2 2 as well.
14:53:59	Cap testing	Bloodtaster	Bloodtaster	Chidori&#39;d him hard.
14:56:42	Cap testing	Cheewie	Cheewie	stand next to eachother
14:57:51	Cap testing	Cheewie	Cheewie	we need 1 more
14:58:20	Cap testing	Cheewie	Cheewie	Dont attack eachother
14:58:44	Cap testing	Cheewie	Cheewie	Yup
14:58:51	Cap testing	Cheewie	Cheewie	Exteban stop
14:59:23	A rank ftw?	Yagura	Yagura	^
14:59:38	A rank ftw?	Yagura	Yagura	Hey peach
14:59:43	A rank ftw?	Yagura	Yagura	Remember me?
14:59:49	A rank ftw?	Yagura	Yagura	We used to ez together ;)
14:59:55	A rank ftw?	Yagura	Yagura	yeah ^
15:00:32	A rank ftw?	Yagura	Yagura	This map is nostalgic.
15:01:05	A rank ftw?	Yagura	Yagura	Why does everyone have mabs?
15:01:20	Cap testing	Cheewie	Cheewie	pretty beast
15:02:27	A rank ftw?	Yagura	Yagura	Exte
15:02:35	A rank ftw?	Yagura	Yagura	Invite me to that faction.
15:02:38	A rank ftw?	Yagura	Yagura	;)
15:02:46	A rank ftw?	Yagura	Yagura	Noob.
15:02:48	A rank ftw?	Yagura	Yagura	&#39;-&#39;
15:10:39	hxcx	Hyuuga RicKz	Hyuuga RicKz	As missoes tão com 15 mins delay?
15:10:51	hxcx	Hyuuga RicKz	Hyuuga RicKz	asério? o.o
15:11:11	hxcx	Hyuuga RicKz	Hyuuga RicKz	venho cá tipo de 10 em 10 minutos, e tenho sempre uma nova. xD
15:13:45	hxcx	Hyuuga RicKz	Hyuuga RicKz	uau :3
15:14:08	hxcx	Hyuuga RicKz	Hyuuga RicKz	só acabar a mish ^^
15:18:11	hxcx	Hyuuga RicKz	Hyuuga RicKz	exte
15:18:17	hxcx	Hyuuga RicKz	Hyuuga RicKz	lool
15:18:56	hxcx	Hyuuga RicKz	Hyuuga RicKz	achas? o.o
15:20:14	hxcx	Hyuuga RicKz	Hyuuga RicKz	tou
15:20:17	hxcx	Hyuuga RicKz	Hyuuga RicKz	xD
15:21:04	lgo	Yagura	Yagura	Affs
15:21:05	hxcx	Hyuuga RicKz	Hyuuga RicKz	Depois claro 
15:21:13	lgo	Yagura	Yagura	Mãe atrapalhando.
15:21:17	hxcx	Hyuuga RicKz	Hyuuga RicKz	^^
15:21:35	hxcx	Hyuuga RicKz	Hyuuga RicKz	não sabia que voce era br o.o
15:21:50	hxcx	Hyuuga RicKz	Hyuuga RicKz	k
15:28:09	/squad	Cheewie	Cheewie	sure
15:28:14	/squad	Cheewie	Cheewie	you mean for loggers?
15:28:38	/squad	Cheewie	Cheewie	exteban tip nerf mabs and that cus that wasnt so OP you know
15:29:03	/squad	Cheewie	Cheewie	what you just ussed
15:29:10	/squad	Cheewie	Cheewie	used
15:29:23	/squad	Cheewie	Cheewie	twin rising dragons
15:29:30	/squad	Cheewie	Cheewie	k now i log?
15:29:44	/squad	Cheewie	Cheewie	tell me when i relog
15:30:39	/squad	Cheewie	Cheewie	xd this a ruthless
15:30:48	/squad	Cheewie	Cheewie	and relog 
15:34:38	Mission Leaf	Uchiha J	Uchiha J	lvl
15:34:45	Mission Leaf	Hyuuga RicKz	Hyuuga RicKz	32
15:35:32	Mission Leaf	Uchiha J	Uchiha J	go get a mish
15:35:44	Mission Leaf	Hyuuga RicKz	Hyuuga RicKz	cha kill &lt;.&lt;
15:35:52	Mission Leaf	Uchiha J	Uchiha J	kawa kill for me
15:35:56	Mission Leaf	Uchiha J	Uchiha J	kawa then cha
15:36:41	Mission Leaf	Uchiha J	Uchiha J	rickz you coming
15:36:47	Mission Leaf	Hyuuga RicKz	Hyuuga RicKz	brb for 10 mins
15:36:49	Mission Leaf	Hyuuga RicKz	Hyuuga RicKz	mom calling
15:44:34	10 man squad	Raditz	Raditz	Grab missions
15:44:49	10 man squad	Poisin	Poisin	kawa pack
15:45:01	10 man squad	Raditz	Raditz	cha to kawa escort
15:45:10	10 man squad	Silent Assassin	Silent Assassin	kawa to cha here
15:45:30	10 man squad	Raditz	Raditz	lets start mine
15:47:39	10 man squad	Silent Assassin	Silent Assassin	sleep gen the shinobi
15:48:56	10 man squad	Silent Assassin	Silent Assassin	my tai is 150+ static 
15:49:12	10 man squad	Poisin	Poisin	wow
15:50:29	10 man squad	Poisin	Poisin	thanks
15:50:38	10 man squad	Raditz	Raditz	np
15:52:09	Mission Leaf	Uchiha J	Uchiha J	stop i shut down this game
15:52:27	10 man squad	Silent Assassin	Silent Assassin	continue mission or what?
15:52:31	10 man squad	Raditz	Raditz	Yes
15:52:35	10 man squad	Raditz	Raditz	Wait at kawa for my escort
15:52:40	10 man squad	Silent Assassin	Silent Assassin	oke
15:55:35	10 man squad	Poisin	Poisin	my pack
15:55:36	10 man squad	Raditz	Raditz	kawa pack
15:56:12	10 man squad	Raditz	Raditz	wait at leaf top corner for silents escort
15:57:30	10 man squad	Raditz	Raditz	who&#39;s at leaf ?
15:57:35	10 man squad	Poisin	Poisin	me
15:57:39	10 man squad	Raditz	Raditz	come now!
15:57:42	10 man squad	Silent Assassin	Silent Assassin	Raditz Radio: wait at leaf top corner for silents escort ... 
15:57:44	10 man squad	Poisin	Poisin	u daid to corner?
15:57:48	10 man squad	Silent Assassin	Silent Assassin	trollol
15:57:48	10 man squad	Raditz	Raditz	Damn
15:57:51	10 man squad	Raditz	Raditz	i mean cha*
15:57:54	10 man squad	Raditz	Raditz	sorry
15:57:59	10 man squad	Silent Assassin	Silent Assassin	lolling
15:59:03	10 man squad	Raditz	Raditz	blood level ?
15:59:16	10 man squad	Raditz	Raditz	62
15:59:20	10 man squad	Raditz	Raditz	62
16:00:01	10 man squad	Silent Assassin	Silent Assassin	stop being annoying then
16:00:02	10 man squad	Poisin	Poisin	u were in suna right?
16:00:04	10 man squad	Silent Assassin	Silent Assassin	just ask
16:00:04	/squad	Yagura	Yagura	Haku?
16:02:05	10 man squad	Silent Assassin	Silent Assassin	how did you became admin btw?
16:02:17	10 man squad	Poisin	Poisin	no hard feelings
16:02:29	10 man squad	Silent Assassin	Silent Assassin	hahahahahahahahaa
16:02:34	10 man squad	Silent Assassin	Silent Assassin	faka wie ben jij
16:02:41	10 man squad	Silent Assassin	Silent Assassin	oowh aiit
16:02:46	10 man squad	Silent Assassin	Silent Assassin	gaande jwz
16:02:54	10 man squad	Silent Assassin	Silent Assassin	aii
16:02:55	10 man squad	Poisin	Poisin	was playing around
16:03:09	10 man squad	Silent Assassin	Silent Assassin	spele nog meer mensen dan?
16:03:12	10 man squad	Silent Assassin	Silent Assassin	van nl
16:03:17	10 man squad	Silent Assassin	Silent Assassin	ez raditz
16:03:27	10 man squad	Silent Assassin	Silent Assassin	van hem weet ik al
16:03:31	10 man squad	Silent Assassin	Silent Assassin	hit me
16:03:33	10 man squad	Poisin	Poisin	hard feelings blood, i am low level that was just playing around
16:03:46	10 man squad	Poisin	Poisin	level 23
16:03:51	10 man squad	Silent Assassin	Silent Assassin	mr
16:04:01	10 man squad	Raditz	Raditz	juriki on akuma&#39;s char ?
16:04:42	10 man squad	Silent Assassin	Silent Assassin	more dutch ppl playing this
16:07:11	10 man squad	Silent Assassin	Silent Assassin	relogging
16:07:14	10 man squad	Silent Assassin	Silent Assassin	rate bugged
16:07:18	10 man squad	Poisin	Poisin	what is mr
16:08:25	10 man squad	Raditz	Raditz	mr helps you level faster
16:08:38	10 man squad	Bloodtaster	Poisin	what is it?
16:08:52	10 man squad	Bloodtaster	Poisin	as in what does it mean
16:09:01	10 man squad	Raditz	Raditz	max rate
16:09:06	10 man squad	Bloodtaster	Poisin	oh
16:09:18	10 man squad	Raditz	Raditz	the higher the rate the more you level faster
16:09:29	10 man squad	Bloodtaster	Poisin	i understand
16:10:02	10 man squad	Raditz	Raditz	try giant ball rasengan on me
16:10:20	10 man squad	Poisin	Poisin	wow
16:10:23	10 man squad	Raditz	Raditz	Oh i see
16:10:24	10 man squad	Poisin	Poisin	strong
16:10:27	10 man squad	Raditz	Raditz	Knock back affect
16:11:43	10 man squad	Silent Assassin	Silent Assassin	aiit 
16:11:47	10 man squad	Silent Assassin	Silent Assassin	mr
16:11:56	10 man squad	Silent Assassin	Silent Assassin	sup
16:12:17	10 man squad	Silent Assassin	Silent Assassin	yes
16:13:15	10 man squad	Raditz	Raditz	hey
16:13:25	10 man squad	Raditz	Raditz	You gonna leave kiri ?
16:13:47	10 man squad	Raditz	Raditz	Leave now ?
16:14:00	10 man squad	Raditz	Raditz	oh
16:14:14	10 man squad	Silent Assassin	Silent Assassin	missions?
16:14:21	10 man squad	Raditz	Raditz	i got 170 rate :/
16:14:26	10 man squad	Silent Assassin	Silent Assassin	lol
16:14:31	10 man squad	Silent Assassin	Silent Assassin	aiit
16:14:41	10 man squad	Raditz	Raditz	after it goes i will
16:15:47	10 man squad	Raditz	Raditz	You got
16:15:49	10 man squad	Raditz	Raditz	Genjutsu ?
16:15:57	10 man squad	Raditz	Raditz	:D
16:16:00	10 man squad	Raditz	Raditz	Try sleep gen on me
16:16:31	10 man squad	Raditz	Raditz	Yay
16:16:48	Mission Leaf	Uchiha J	Uchiha J	im srry
16:16:52	/squad	Uchiha Rein	Uchiha Rein	LOL
16:16:53	Mission Leaf	Uchiha J	Uchiha J	i cant host
16:17:01	Mission Leaf	Uchiha J	Uchiha J	me and gai tried
16:17:10	Mission Leaf	Uchiha J	Uchiha J	we teamviewed on my computer
16:17:16	Mission Leaf	Uchiha J	Uchiha J	and its not letting me host
16:17:19	Mission Leaf	Uchiha J	Uchiha J	ohh
16:17:32	/squad	Uchiha Rein	Uchiha Rein	now take away his benefits
16:17:35	Mission Leaf	Uchiha J	Uchiha J	demote me to chuunin i dont desever jounin
16:17:36	10 man squad	Raditz	Raditz	dgen ?
16:17:43	/squad	Uchiha Rein	Uchiha Rein	lol
16:17:47	Mission Leaf	Uchiha J	Uchiha J	ok
16:18:07	Mission Leaf	Uchiha J	Uchiha J	still got my vest :)
16:18:11	10 man squad	Raditz	Raditz	2 levels away from a rank
16:18:30	Mission Leaf	Uchiha J	Uchiha J	pce and im srry E
16:18:41	10 man squad	Raditz	Raditz	killer
16:18:45	10 man squad	Raditz	Raditz	i got iron skin on
16:18:49	10 man squad	Raditz	Raditz	hit me with windmill
16:19:06	10 man squad	Raditz	Raditz	See how silly that is ?
16:19:15	/squad	Uchiha Rein	Uchiha Rein	:(
16:19:26	/squad	Uchiha Rein	Uchiha Rein	i freaking love uchihas
16:19:37	10 man squad	Raditz	Raditz	yeah
16:20:11	10 man squad	Raditz	Raditz	ikr
16:20:21	10 man squad	Raditz	Raditz	that&#39;s cause we haven&#39;t been use to it in awhile
16:22:16	/squad	Uchiha Rein	Uchiha Rein	aww misclicked
16:22:43	10 man squad	XxKillerxX	XxKillerxX	lol
16:22:49	10 man squad	Raditz	Raditz	!
16:23:02	/squad	Uchiha Rein	Uchiha Rein	man you op af
16:23:10	10 man squad	Raditz	Raditz	ok time to grab
16:23:21	/squad	Uchiha Rein	Uchiha Rein	lol
16:23:30	/squad	Uchiha Rein	Uchiha Rein	:(
16:23:37	10 man squad	Raditz	Raditz	grab missions guys
16:24:23	10 man squad	Raditz	Raditz	What&#39;s your missions ?
16:24:34	10 man squad	Silent Assassin	Silent Assassin	cha ishi
16:24:45	10 man squad	XxKillerxX	XxKillerxX	cha
16:24:47	10 man squad	Silent Assassin	Silent Assassin	i feel like having b-rank atm
16:24:51	10 man squad	Raditz	Raditz	lets start mine
16:24:56	10 man squad	Raditz	Raditz	kawa to cha
16:24:56	/squad	Uchiha Rein	Uchiha Rein	hack
16:25:23	10 man squad	XxKillerxX	XxKillerxX	rage silent
16:25:47	10 man squad	Raditz	Raditz	wait top left cha
16:25:54	/squad	Uchiha Rein	Uchiha Rein	was in dark gen for so long
16:26:22	10 man squad	Silent Assassin	Silent Assassin	volgende map
16:26:31	/squad	Uchiha Rein	Uchiha Rein	..
16:27:10	10 man squad	Silent Assassin	Silent Assassin	aiit ik ga verder met missies
16:27:14	10 man squad	Silent Assassin	Silent Assassin	salute
16:27:47	10 man squad	Raditz	Raditz	cha pack
16:28:42	10 man squad	XxKillerxX	XxKillerxX	bugged
16:28:46	/squad	Uchiha Rein	Uchiha Rein	a little bit im lvl 41
16:28:57	10 man squad	Raditz	Raditz	lets start silents mission then
16:29:00	/squad	Uchiha Rein	Uchiha Rein	did you add anbu in?
16:29:13	/squad	Uchiha Rein	Uchiha Rein	yea
16:29:15	/squad	Uchiha Rein	Uchiha Rein	oh
16:29:26	10 man squad	Raditz	Raditz	you left your npc
16:29:31	10 man squad	Silent Assassin	Silent Assassin	kawa
16:29:37	10 man squad	Silent Assassin	Silent Assassin	but kawa on the wrong map to XD
16:31:27	/squad	Uchiha Rein	Uchiha Rein	rfx whores
16:32:12	10 man squad	Silent Assassin	Silent Assassin	come to me
16:32:19	10 man squad	XxKillerxX	XxKillerxX	lol
16:32:23	10 man squad	Silent Assassin	Silent Assassin	troll
16:32:28	/squad	Uchiha Rein	Uchiha Rein	lol
16:32:31	10 man squad	Raditz	Raditz	lol
16:32:42	10 man squad	XxKillerxX	XxKillerxX	we playing that game?
16:33:14	10 man squad	XxKillerxX	XxKillerxX	No invite
16:33:38	/squad	Uchiha Rein	Uchiha Rein	lemme copy CN?
16:33:49	10 man squad	XxKillerxX	XxKillerxX	hehe
16:33:51	/squad	Uchiha Rein	Uchiha Rein	chidori needles
16:34:12	Mission Leaf	Uchiha J	Uchiha J	shine didnt you make a sandy
16:34:22	/squad	Uchiha Rein	Uchiha Rein	let me copy chidori needles E
16:35:01	Mission Leaf	Uchiha J	Uchiha J	not really the rate is 50
16:35:36	10 man squad	Raditz	Raditz	killer
16:35:42	10 man squad	Raditz	Raditz	you know on external memories
16:35:46	/squad	Ikon YellowReborn	Ikon YellowReborn	blood &gt;&gt;&gt;
16:35:53	10 man squad	Raditz	Raditz	How do you Ko people with one punch on gai ?
16:35:57	Uchihas FTW	Uchiha Shine	Uchiha Shine	Your job is to track down Gendou who you can find at Ishi no Kuni and kill him.
16:36:09	/squad	Ikon YellowReborn	Ikon YellowReborn	im yellwo bol
16:36:10	Uchihas FTW	Akimichi AntonisKun	Akimichi AntonisKun	cha kill
16:36:11	/squad	Ikon YellowReborn	Ikon YellowReborn	...
16:36:17	Uchihas FTW	Uchiha -E-	Uchiha -E-	Ishi A rank
16:36:18	/squad	Ikon YellowReborn	Ikon YellowReborn	yellow bol*
16:36:24	Uchihas FTW	Akimichi AntonisKun	Akimichi AntonisKun	omg A ranks gonna be op
16:36:37	Uchihas FTW	Uchiha -E-	Uchiha -E-	should i mish with my chuunin?
16:36:41	Uchihas FTW	Uchiha -E-	Uchiha -E-	so i dont leach?
16:36:41	Uchihas FTW	Uchiha Shine	Uchiha Shine	where to go?
16:36:44	Uchihas FTW	Uchiha -E-	Uchiha -E-	leech*
16:36:47	Uchihas FTW	Uchiha -E-	Uchiha -E-	Ishi Shine
16:36:51	10 man squad	XxKillerxX	XxKillerxX	you cant
16:37:03	10 man squad	Raditz	Raditz	Well some guy did it to me earlier
16:37:08	10 man squad	Raditz	Raditz	I had max health then bam
16:37:14	10 man squad	XxKillerxX	XxKillerxX	you can go gates and kill them instantly if they dont move
16:37:33	Uchihas FTW	Uchiha Rein	Uchiha Rein	cha to kawa
16:37:33	10 man squad	Raditz	Raditz	hmm
16:37:36	Uchihas FTW	Uchiha Rein	Uchiha Rein	way at kawa
16:37:39	Uchihas FTW	Uchiha Rein	Uchiha Rein	wait*
16:37:39	10 man squad	XxKillerxX	XxKillerxX	probably was that
16:37:53	Uchihas FTW	Akimichi AntonisKun	Akimichi AntonisKun	we were doing dat a rank first no?
16:38:02	10 man squad	Raditz	Raditz	Saxi is leafs kage
16:38:05	10 man squad	Raditz	Raditz	rofl
16:38:51	Uchihas FTW	Akimichi AntonisKun	Akimichi AntonisKun	can someone tell me the rounds priority?
16:38:56	Uchihas FTW	Akimichi AntonisKun	Akimichi AntonisKun	ohh
16:38:58	Uchihas FTW	Akimichi AntonisKun	Akimichi AntonisKun	nice
16:38:59	Uchihas FTW	Uchiha Shine	Uchiha Shine	-_-
16:39:00	Uchihas FTW	Uchiha Rein	Uchiha Rein	LOL
16:39:06	Uchihas FTW	Uchiha Shine	Uchiha Shine	Amg
16:39:07	Uchihas FTW	Uchiha Rein	Uchiha Rein	oh shot
16:39:09	10 man squad	Silent Assassin	Silent Assassin	raditz
16:39:18	10 man squad	Raditz	Raditz	
16:39:19	Uchihas FTW	Akimichi AntonisKun	Akimichi AntonisKun	we wait at kawa/
16:39:22	10 man squad	Silent Assassin	Silent Assassin	what happened to gaara last night
16:39:28	Uchihas FTW	Uchiha Rein	Uchiha Rein	shine hurry and join
16:39:28	10 man squad	Raditz	Raditz	gaara ?
16:39:31	10 man squad	Silent Assassin	Silent Assassin	yeh
16:39:33	Uchihas FTW	Uchiha Rein	Uchiha Rein	im joining chuunin
16:39:38	10 man squad	Raditz	Raditz	Who&#39;s gaara ?
16:40:31	10 man squad	Raditz	Raditz	heal me
16:40:33	Mission Leaf	Uchiha J	Uchiha J	k?
16:40:34	Uchihas FTW	Uchiha Rein	Uchiha Rein	shine
16:40:38	10 man squad	Silent Assassin	Silent Assassin	entering exam
16:40:38	Uchihas FTW	Uchiha Rein	Uchiha Rein	we work together?
16:40:39	Uchihas FTW	Uchiha Shine	Uchiha Shine	Sawp.
16:40:40	10 man squad	Silent Assassin	Silent Assassin	to troll
16:40:41	Uchihas FTW	Akimichi AntonisKun	Akimichi AntonisKun	did you all go in chunnin?
16:40:44	Uchihas FTW	Uchiha Shine	Uchiha Shine	Guess so
16:40:44	Uchihas FTW	Uchiha Rein	Uchiha Rein	yea
16:40:46	10 man squad	Raditz	Raditz	cool cool
16:40:46	Uchihas FTW	Uchiha Rein	Uchiha Rein	anton
16:40:54	Mission Leaf	Uchiha J	Uchiha J	whos getting my scroll?
16:41:00	Uchihas FTW	Uchiha Rein	Uchiha Rein	me and shine
16:41:01	Mission Leaf	Uchiha J	Uchiha J	ill drop it for you rein or shine
16:41:02	Uchihas FTW	Akimichi AntonisKun	Akimichi AntonisKun	ill go for it
16:41:23	Mission Leaf	Uchiha J	Uchiha J	ant you want my scroll
16:41:36	Mission Leaf	Uchiha J	Uchiha J	ok
16:41:43	Mission Leaf	Uchiha J	Uchiha J	whisper me
16:41:58	Mission Leaf	Uchiha J	Uchiha J	cause i dont think rein and shine desorver my scroll since they been hating on me
16:42:14	Mission Leaf	Uchiha J	Uchiha J	good lol
16:42:19	Mission Leaf	Uchiha J	Uchiha J	u cant
16:42:19	dodo	Kaguya KidKrupt	Kaguya KidKrupt	j gimmie scroll ^
16:42:22	jsdbhjkdbsafjkb	Bloodtaster	Bloodtaster	J, gimme.
16:42:27	/squad	Akimichi Sax	Akimichi Sax	Homework.
16:42:37	Mission Leaf	Uchiha J	Uchiha J	dont worry your a noob
16:42:44	Mission Leaf	Uchiha J	Uchiha J	i pwn you prob in this lvl anyways
16:43:03	Mission Leaf	Uchiha J	Uchiha J	sup silent
16:43:11	10 man squad	Silent Assassin	Silent Assassin	sup J
16:43:14	Mission Leaf	Uchiha J	Uchiha J	nm u
16:43:19	10 man squad	Silent Assassin	Silent Assassin	same aswell
16:43:23	Mission Leaf	Uchiha J	Uchiha J	u going to pwn
16:43:27	10 man squad	Raditz	Raditz	hey
16:43:31	Mission Leaf	Uchiha J	Uchiha J	come top coner
16:43:39	10 man squad	Raditz	Raditz	Yes
16:43:39	Mission Leaf	Akimichi AntonisKun	Akimichi AntonisKun	which lol
16:43:39	Mission Leaf	Uchiha J	Uchiha J	right coner
16:43:48	10 man squad	Raditz	Raditz	You decide
16:43:51	Mission Leaf	Uchiha J	Uchiha J	hurry up
16:44:05	Mission Leaf	Uchiha J	Uchiha J	come bottom right coner
16:44:12	o2p4uys	Uchiha Rein	Uchiha Rein	shine i got 2 heavens
16:44:20	o2p4uys	Uchiha Shine	Uchiha Shine	O.o
16:44:21	o2p4uys	Uchiha Shine	Uchiha Shine	Gimme one
16:44:23	Mission Leaf	Uchiha J	Uchiha J	come on hurry up
16:44:34	Mission Leaf	Uchiha J	Uchiha J	right bottom corner
16:44:35	Mission Leaf	Akimichi AntonisKun	Akimichi AntonisKun	i am there again
16:44:36	o2p4uys	Uchiha Shine	Uchiha Shine	Err top left:o
16:44:42	Mission Leaf	Uchiha J	Uchiha J	bottom right
16:45:06	Mission Leaf	Akimichi AntonisKun	Akimichi AntonisKun	damn i had that
16:45:07	Mission Leaf	Uchiha J	Uchiha J	go get them bro
16:45:17	o2p4uys	Uchiha Rein	Uchiha Rein	help me get a earth thoughh
16:45:21	o2p4uys	Uchiha Shine	Uchiha Shine	ite\
16:45:32	Mission Leaf	Uchiha J	Uchiha J	u need earth
16:45:36	Mission Leaf	Akimichi AntonisKun	Akimichi AntonisKun	y
16:47:01	10 man squad	Silent Assassin	Silent Assassin	gimmescroll \j
16:47:03	o2p4uys	Uchiha Shine	Uchiha Shine	Reion
16:47:05	o2p4uys	Uchiha Shine	Uchiha Shine	Come back
16:47:05	hj	ZixJR	ZixJR	what you
16:47:06	Mission Leaf	Uchiha J	Uchiha J	dont have
16:47:08	hj	ZixJR	ZixJR	have?
16:47:22	o2p4uys	Uchiha Shine	Uchiha Shine	Rein b left
16:47:23	o2p4uys	Uchiha Rein	Uchiha Rein	kk
16:47:39	o2p4uys	Uchiha Rein	Uchiha Rein	imma stay in fod for Mr
16:47:43	o2p4uys	Uchiha Rein	Uchiha Rein	till last few mins
16:47:43	hj	ZixJR	ZixJR	light
16:47:57	o2p4uys	Uchiha Shine	Uchiha Shine	2 heavens lol
16:48:12	Mission Leaf	Uchiha J	Uchiha J	did you get earth
16:48:28	Mission Leaf	Akimichi AntonisKun	Akimichi AntonisKun	i want :D
16:48:32	Mission Leaf	Akimichi AntonisKun	Akimichi AntonisKun	bottom right
16:48:36	Mission Leaf	Uchiha J	Uchiha J	im trolling him
16:48:52	Mission Leaf	Uchiha J	Uchiha J	send me 1
16:49:53	hj	ZixJR	ZixJR	good luck
16:49:58	hj	ZixJR	ZixJR	go
16:50:00	hj	ZixJR	ZixJR	get 
16:50:02	hj	ZixJR	ZixJR	heaven
16:50:07	hj	ZixJR	ZixJR	i help you
16:50:08	hj	ZixJR	ZixJR	No
16:50:09	hj	ZixJR	ZixJR	Im lvl 10
16:51:04	10 man squad	Raditz	Raditz	...
16:51:52	10 man squad	Raditz	Raditz	lvl ?
16:52:06	10 man squad	Raditz	Raditz	A ruthless
16:52:18	10 man squad	Silent Assassin	Silent Assassin	damn teamers
16:52:24	10 man squad	Raditz	Raditz	Just kidding its a battle
16:52:58	10 man squad	Raditz	Raditz	!
16:53:02	10 man squad	Raditz	Raditz	How did you do that ?
16:53:07	/squad	Ikon Skittz	Ikon Skittz	amg somethign is bugged
16:53:19	10 man squad	Raditz	Raditz	?
16:53:22	/squad	Ikon Skittz	Ikon Skittz	lmfao
16:53:25	/squad	Ikon Skittz	Ikon Skittz	dik
16:53:31	10 man squad	Raditz	Raditz	idk*
16:53:45	/squad	Ikon Skittz	Ikon Skittz	i went back to lvl 15 again...
16:53:52	10 man squad	Raditz	Raditz	Oh!
16:53:54	10 man squad	Raditz	Raditz	I see now
16:53:59	10 man squad	Raditz	Raditz	Go into another slot
16:54:03	10 man squad	Raditz	Raditz	save slot
16:54:05	/squad	Ikon Skittz	Ikon Skittz	hmm k imma go on the tother and c now
16:54:08	10 man squad	Raditz	Raditz	One of them will be lvl 19
16:59:15	o2p4uys	Uchiha Shine	Uchiha Shine	To gates 
16:59:43	jsdbhjkdbsafjkb	Bloodtaster	Bloodtaster	Wajoh &gt;_&gt;
16:59:46	o2p4uys	Uchiha Shine	Uchiha Shine	^^
17:01:18	o2p4uys	Uchiha Shine	Uchiha Shine	Ik lag em dood
17:01:20	o2p4uys	Uchiha Shine	Uchiha Shine	lucky:s
17:01:22	jsdbhjkdbsafjkb	Bloodtaster	Bloodtaster	Ik ook man
17:01:25	jsdbhjkdbsafjkb	Bloodtaster	Bloodtaster	Kapot erge lag.
17:03:33	jsdbhjkdbsafjkb	Bloodtaster	Bloodtaster	lol
17:04:48	10 man squad	Raditz	Raditz	Kage+ being lvl 65+ equals a rank
17:05:13	Yooo Kiri 4 lyfe	Yassrab	Yassrab	Kawa pac
17:05:19	10 man squad	Ikon Skittz	Ikon Skittz	so no leachign our d rnaks then &gt;.&lt;
17:05:20	10 man squad	Raditz	Raditz	plus the rate is 50
17:05:22	Yooo Kiri 4 lyfe	Steel Shredz	Steel Shredz	cha pack
17:05:26	10 man squad	Raditz	Raditz	i won&#39;t
17:05:27	Yooo Kiri 4 lyfe	Yassrab	Yassrab	omg havnt missioned in so long
17:05:38	Yooo Kiri 4 lyfe	Yassrab	Yassrab	Cha than Kawa okay Steel?
17:05:49	10 man squad	Raditz	Raditz	extebans most likely gonna chance the rate to 10
17:06:01	Yooo Kiri 4 lyfe	Yassrab	Yassrab	well well light
17:06:02	Yooo Kiri 4 lyfe	Yassrab	Yassrab	;)
17:06:03	10 man squad	Raditz	Raditz	so that it becomes harder to level later for new peeps that join the game
17:06:11	10 man squad	Raditz	Raditz	and for everyone in general
17:06:59	Yooo Kiri 4 lyfe	Yassrab	Yassrab	Kawa now
17:08:21	Yooo Kiri 4 lyfe	Steel Shredz	Steel Shredz	where gunna spam missons so back to kh
17:08:32	Yooo Kiri 4 lyfe	Yassrab	Yassrab	Theres no cooldown?
17:08:38	Yooo Kiri 4 lyfe	Steel Shredz	Steel Shredz	its low
17:08:43	Yooo Kiri 4 lyfe	Steel Shredz	Steel Shredz	it shud be done by now
17:08:45	Yooo Kiri 4 lyfe	Yassrab	Yassrab	Goodies
17:08:49	10 man squad	Silent Assassin	Silent Assassin	tags piss me off
17:08:54	Yooo Kiri 4 lyfe	Steel Shredz	Steel Shredz	he needs to fix it
17:09:01	Yooo Kiri 4 lyfe	Steel Shredz	Steel Shredz	hes going to
17:09:15	Yooo Kiri 4 lyfe	Yassrab	Yassrab	Lets spam when we have the chance than
17:09:40	dodo	Kaguya KidKrupt	Kaguya KidKrupt	hi
17:10:10	Yooo Kiri 4 lyfe	Yassrab	Yassrab	Cha pack
17:10:52	Yooo Kiri 4 lyfe	Steel Shredz	Steel Shredz	cha
17:10:55	Yooo Kiri 4 lyfe	Yassrab	Yassrab	me 2
17:11:26	Yooo Kiri 4 lyfe	Yassrab	Yassrab	teel lvl?
17:11:29	Yooo Kiri 4 lyfe	Yassrab	Yassrab	Steel*
17:11:35	Yooo Kiri 4 lyfe	Steel Shredz	Steel Shredz	23
17:11:42	Yooo Kiri 4 lyfe	Steel Shredz	Steel Shredz	25
17:11:45	Yooo Kiri 4 lyfe	Yassrab	Yassrab	oh ok
17:12:59	Yooo Kiri 4 lyfe	Steel Shredz	Steel Shredz	what build you think better 3con 2int 1str or 3 con 2str 1 rfx for cap
17:13:22	Yooo Kiri 4 lyfe	Yassrab	Yassrab	Uhm
17:13:27	Yooo Kiri 4 lyfe	Yassrab	Yassrab	Wana be a gen user?
17:13:45	Yooo Kiri 4 lyfe	Steel Shredz	Steel Shredz	a litl
17:13:48	Yooo Kiri 4 lyfe	Steel Shredz	Steel Shredz	a lil
17:13:48	Yooo Kiri 4 lyfe	Yassrab	Yassrab	2 min wait
17:14:34	Yooo Kiri 4 lyfe	Steel Shredz	Steel Shredz	blood got dis
17:16:12	Yooo Kiri 4 lyfe	Yassrab	Yassrab	Ishi
17:16:17	Mission Leaf	Uchiha J	Uchiha J	shine mish??
17:16:32	Mission Leaf	Uchiha J	Uchiha J	mish
17:17:10	Mission Leaf	Uchiha J	Uchiha J	wanna mish
17:17:18	/squad	Cymptoms	Cymptoms	sure
17:17:32	Mission Leaf	Uchiha J	Uchiha J	leave old sqaud
17:18:19	HELLO	Uchiha J	Uchiha J	package at cha
17:18:21	HELLO	Uchiha J	Uchiha J	u?
17:18:40	HELLO	Cymptoms	Cymptoms	kawa to isji
17:18:43	HELLO	Uchiha J	Uchiha J	lets do yours
17:18:43	HELLO	Cymptoms	Cymptoms	ishi*
17:18:47	HELLO	Uchiha J	Uchiha J	mine*
17:18:51	HELLO	Uchiha J	Uchiha J	do mine first
17:18:53	HELLO	Uchiha J	Uchiha J	to cha
17:21:01	HELLO	Uchiha J	Uchiha J	come
17:21:14	o2p4uys	Uchiha Shine	Uchiha Shine	..
17:21:20	HELLO	Uchiha J	Uchiha J	come
17:22:17	10 man squad	Raditz	Raditz	Come for my a rank
17:22:21	10 man squad	Silent Assassin	Silent Assassin	oke
17:22:26	HELLO	Cymptoms	Cymptoms	leggo
17:22:27	HELLO	Uchiha J	Uchiha J	pwned by a lvl 27
17:22:34	Yooo Kiri 4 lyfe	Steel Shredz	Steel Shredz	IM LVL 25
17:22:36	Yooo Kiri 4 lyfe	Steel Shredz	Steel Shredz	LOLOL
17:23:47	10 man squad	Raditz	Raditz	leggo
17:24:10	HELLO	Uchiha J	Uchiha J	im ion ishi
17:24:31	10 man squad	Silent Assassin	Silent Assassin	hmm
17:24:35	10 man squad	Silent Assassin	Silent Assassin	u got bs?
17:24:40	10 man squad	Raditz	Raditz	5
17:24:43	10 man squad	Raditz	Raditz	come
17:24:43	10 man squad	Silent Assassin	Silent Assassin	ait
17:25:17	10 man squad	Raditz	Raditz	Gonna raid kiri
17:25:22	10 man squad	Silent Assassin	Silent Assassin	nah leaf
17:25:26	10 man squad	Raditz	Raditz	leaf is dead
17:25:31	10 man squad	Silent Assassin	Silent Assassin	lego mist
17:25:38	10 man squad	Raditz	Raditz	yah
17:26:45	jsdbhjkdbsafjkb	Bloodtaster	Bloodtaster	Rawr
17:26:47	Yooo Kiri 4 lyfe	Steel Shredz	Steel Shredz	yassrab
17:26:56	10 man squad	Raditz	Raditz	i&#39;m the strongest kage
17:27:02	jsdbhjkdbsafjkb	Bloodtaster	Bloodtaster	Lol, there are coming tons of kiri right now.
17:27:05	Yooo Kiri 4 lyfe	Yassrab	Yassrab	?
17:27:08	jsdbhjkdbsafjkb	Bloodtaster	Bloodtaster	I won&#39;t be able to stop them from attacking you.
17:27:09	10 man squad	Raditz	Raditz	I noticed
17:27:16	Yooo Kiri 4 lyfe	Steel Shredz	Steel Shredz	nvm
17:27:24	10 man squad	Raditz	Raditz	Needn&#39;t be worry
17:27:28	10 man squad	Raditz	Raditz	i can handle them
17:27:39	jsdbhjkdbsafjkb	Bloodtaster	Bloodtaster	Meh, I might have to jump in.
17:27:45	10 man squad	Silent Assassin	Silent Assassin	sure
17:27:52	10 man squad	Raditz	Raditz	Blood will you protect yor village ?
17:27:53	HELLO	Uchiha J	Uchiha J	to kh
17:27:59	jsdbhjkdbsafjkb	Bloodtaster	Bloodtaster	Ofc
17:28:11	HELLO	Cymptoms	Cymptoms	ill rejoin later
17:28:22	HELLO	Cymptoms	Cymptoms	nope
17:28:48	Yooo Kiri 4 lyfe	Steel Shredz	Steel Shredz	yass grab
17:28:53	jsdbhjkdbsafjkb	Bloodtaster	Bloodtaster	Meh, caught me off-guard.
17:29:23	Yooo Kiri 4 lyfe	Steel Shredz	Steel Shredz	my gen lasts so long LD
17:31:12	10 man squad	Silent Assassin	Silent Assassin	bs mabs
17:32:01	HELLO	Cymptoms	Cymptoms	shine
17:33:24	Yooo Kiri 4 lyfe	Yassrab	Yassrab	dw
17:33:30	10 man squad	Silent Assassin	Silent Assassin	heal
17:33:43	10 man squad	Silent Assassin	Silent Assassin	heal]
17:35:18	Yooo Kiri 4 lyfe	Steel Shredz	Steel Shredz	boss
17:35:37	10 man squad	Silent Assassin	Silent Assassin	Analyzed Silent Assassin: 1031.92 Stamina -- 507 Chakra -- 173 Wounds ... 
17:35:45	10 man squad	Silent Assassin	Silent Assassin	jashins annyoing
17:35:57	jsdbhjkdbsafjkb	Bloodtaster	Bloodtaster	This is going to take to long.
17:36:02	jsdbhjkdbsafjkb	Bloodtaster	Bloodtaster	Go to the hospital and heal.
17:36:23	Yooo Kiri 4 lyfe	Steel Shredz	Steel Shredz	feel like becoming a medic
17:36:26	jsdbhjkdbsafjkb	Bloodtaster	Bloodtaster	Doesn&#39;t heal that much.
17:42:53	Yooo Kiri 4 lyfe	Yassrab	Yassrab	ty
17:43:01	Yooo Kiri 4 lyfe	Yassrab	Yassrab	distract them so I can bb
17:44:00	/squad	Uchiha Niika	Uchiha Niika	=o
17:44:09	10 man squad	Raditz	Raditz	I used rebirth
17:44:11	HELLO	Uchiha J	Uchiha J	let me copy something
17:44:22	/squad	Uchiha Niika	Uchiha Niika	i havent skill
17:45:02	Something	Greed	Greed	Ty.
17:45:36	Something	Yassrab	Yassrab	Ty
17:46:09	10 man squad	Silent Assassin	Silent Assassin	ugh
17:48:07	Something	Greed	Greed	Ley needs to get on so he can host this game 24/7.
17:48:20	Something	Yassrab	Yassrab	I could even host this 24/7
17:48:25	Something	Kaguya KidKrupt	Kaguya KidKrupt	i doubt he would
17:48:30	Something	Bloodtaster	Bloodtaster	^
17:48:38	10 man squad	Raditz	Raditz	aff
17:48:41	10 man squad	Raditz	Raditz	he got away
17:48:44	10 man squad	Raditz	Raditz	he had 72 stamina
17:48:47	Something	Greed	Greed	Awh.
17:48:56	Something	Greed	Greed	Suna outside
17:48:58	10 man squad	Silent Assassin	Silent Assassin	lol
17:49:01	Something	Greed	Greed	Too weak to fight him
17:49:06	10 man squad	Silent Assassin	Silent Assassin	my map was bugged
17:49:11	10 man squad	Silent Assassin	Silent Assassin	3 times a row
17:49:18	10 man squad	Silent Assassin	Silent Assassin	had to use skill three
17:49:27	10 man squad	Silent Assassin	Silent Assassin	need heal
17:50:00	Something	Bloodtaster	Bloodtaster	Hm..
17:50:09	Something	Bloodtaster	Bloodtaster	I went from A rank to B rank, weird.
17:50:30	Something	Greed	Greed	I think you got to relog.
17:51:07	Something	Greed	Greed	I have kawa mish.
17:51:12	Something	Bloodtaster	Bloodtaster	Hm, still B rank.
17:51:27	Something	Bloodtaster	Bloodtaster	Same, I think there&#39;s a hidden kdr.
17:51:27	Something	Greed	Greed	Ask an admin to change it back.
17:51:33	Something	Bloodtaster	Bloodtaster	Zix, leave your old squad.
17:51:49	Something	Zix	Zix	make me jounin
17:51:51	Something	Yassrab	Yassrab	help
17:51:59	Something	Zix	Zix	where
17:52:27	Something	Yassrab	Yassrab	come to kh
17:53:34	Something	Yassrab	Yassrab	is assasin running?
17:54:01	10 man squad	Raditz	Raditz	one sec
17:54:57	Something	Yassrab	Yassrab	He deaqd!?
17:55:05	Something	Bloodtaster	Bloodtaster	No yas, he ran.
17:55:46	Something	Zix	Zix	noob you feel
17:55:48	Something	Zix	Zix	orry
17:55:51	10 man squad	Silent Assassin	Silent Assassin	zix
17:55:53	10 man squad	Silent Assassin	Silent Assassin	1v1
17:55:54	Something	Zix	Zix	You disgust your
17:55:55	Something	Zix	Zix	NOOB
17:55:56	10 man squad	Silent Assassin	Silent Assassin	nd you dead
17:55:57	10 man squad	Silent Assassin	Silent Assassin	XD
17:55:59	Something	Zix	Zix	YOU SUCK
17:56:01	10 man squad	Silent Assassin	Silent Assassin	raditz
17:56:02	Something	Zix	Zix	YOU NEVER WIN ME
17:56:07	10 man squad	Silent Assassin	Silent Assassin	Zix says: YOU SUCK ... Silent Assassin says: raditz ... Zix says: YOU NEVER WIN ME
17:56:13	10 man squad	Silent Assassin	Silent Assassin	u the biggest noob zix
17:56:13	Something	Zix	Zix	I feel sorry useless good for nothing
17:56:15	Something	Zix	Zix	NOOB
17:57:02	Something	Yassrab	Yassrab	I dont have heal sorry
17:57:15	Something	Bloodtaster	Bloodtaster	Np
17:58:07	Something	Bloodtaster	Bloodtaster	Zix, relog and wear a mist vest.
17:58:13	Something	Yassrab	Yassrab	^
17:58:29	Something	Yassrab	Yassrab	We confuse you for a suna , take that off
17:58:32	Something	Bloodtaster	Bloodtaster	Meet kh for missions.
17:59:31	Something	Greed	Greed	Ty.
17:59:34	Something	Zix	Zix	np
17:59:42	Something	Bloodtaster	Bloodtaster	Kid?
17:59:59	Something	Zix	Zix	blood make
18:00:02	Something	Bloodtaster	Bloodtaster	Grab your missions.
18:00:18	Something	Bloodtaster	Bloodtaster	Zix, you&#39;re an A rank now?
18:00:25	Something	Greed	Greed	I got kawa d rank
18:00:27	Something	Zix	Zix	need Jounin
18:00:34	Something	Yassrab	Yassrab	I got Cha
18:00:35	Something	Zix	Zix	O.o
18:00:36	Something	Zix	Zix	sorry
18:00:37	Something	Bloodtaster	Bloodtaster	Already jounin&#39;d you.
18:00:38	Something	Zix	Zix	wait
18:00:40	Something	Zix	Zix	for kill
18:00:41	Something	Greed	Greed	Cha&gt;kawa?
18:01:02	Something	Bloodtaster	Bloodtaster	Your job is to Escort Chisato who you can find at Kawa no Kuni, to Cha no Kuni. 
18:01:06	Something	Bloodtaster	Bloodtaster	Post your missions.
18:01:09	Something	Kaguya KidKrupt	Kaguya KidKrupt	ishi to kawa
18:01:11	Something	Greed	Greed	Kawa
18:01:13	Something	Yassrab	Yassrab	Cha pack
18:01:28	Something	Kaguya KidKrupt	Kaguya KidKrupt	poop man forget dis raider lets mish
18:01:39	Something	Yassrab	Yassrab	Thas what im sayin
18:01:49	Something	Bloodtaster	Bloodtaster	Mkay, kawa &gt; cha.
18:01:54	Something	Greed	Greed	Cha&gt;ishi to kawa&gt;kawa&gt;kawa to cha?
18:02:09	Something	Bloodtaster	Bloodtaster	Wait at cha for kid&#39;s escort.
18:02:15	Something	Bloodtaster	Bloodtaster	Kawa*
18:02:20	Something	Kaguya KidKrupt	Kaguya KidKrupt	aight
18:02:24	Something	Bloodtaster	Bloodtaster	Kawa &gt; cha &gt; kiri
18:03:50	Something	Yassrab	Yassrab	Uhm
18:03:57	Something	Yassrab	Yassrab	Well whats going on now?
18:04:05	Something	Bloodtaster	Bloodtaster	Go to kawa and wait for kid&#39;s escort.
18:04:22	Something	Bloodtaster	Bloodtaster	Go west cha after his escort.
18:05:00	Something	Greed	Greed	I have a kawa pack too.
18:05:40	Something	Bloodtaster	Bloodtaster	Ishi &gt; kawa escort, kawa pack, kawa &gt; cha escort, cha pack, everything else in cha, cha &gt; kiri escort.
18:08:06	Something	Yassrab	Yassrab	Blood lvl?
18:08:14	Something	Bloodtaster	Bloodtaster	57.
18:08:18	Something	Yassrab	Yassrab	Dayum
18:08:20	Something	Bloodtaster	Bloodtaster	Didn&#39;t grind that much today.
18:08:21	Something	Kaguya KidKrupt	Kaguya KidKrupt	should i go?
18:08:26	Something	Cheewie	Cheewie	easy lvling
18:08:28	Something	Cheewie	Cheewie	im 56
18:08:29	Something	Bloodtaster	Bloodtaster	Yeah, go.
18:08:31	Something	Cheewie	Cheewie	no edits
18:08:37	Something	Yassrab	Yassrab	Kawa pack?
18:08:41	Something	Bloodtaster	Bloodtaster	Kawa pack
18:08:41	Something	Yassrab	Yassrab	Who got that
18:08:48	Something	Greed	Greed	me
18:09:07	Something	Bloodtaster	Bloodtaster	Do it.
18:09:23	Something	Greed	Greed	right here.
18:09:29	Something	Greed	Greed	all here?
18:09:31	Something	Zix	Zix	lol you suck
18:09:31	Something	Cheewie	Cheewie	Do?
18:09:34	Something	Zix	Zix	running
18:09:36	Something	Cheewie	Cheewie	noo zix
18:09:39	Something	Cheewie	Cheewie	oh shet
18:09:43	Something	Bloodtaster	Bloodtaster	No kawa packs left?
18:09:45	Something	Kaguya KidKrupt	Kaguya KidKrupt	nxt
18:09:47	Something	Cheewie	Cheewie	sorry Zix?
18:09:54	Something	Yassrab	Yassrab	No I have Cha pack
18:09:54	Something	Greed	Greed	Sorry zix.
18:09:55	Something	Cheewie	Cheewie	got cha&gt;kiri
18:10:01	Something	Greed	Greed	I thought everyone was here.
18:10:04	Something	Bloodtaster	Bloodtaster	Mkay, go west cha and wait for my escort.
18:10:10	Something	Kaguya KidKrupt	Kaguya KidKrupt	zix is fighting
18:10:13	Something	Cheewie	Cheewie	Top left cha
18:10:18	Something	Yassrab	Yassrab	^
18:10:23	Something	Yassrab	Yassrab	Like da good old days
18:10:25	10 man squad	Silent Assassin	Silent Assassin	hes running over water
18:10:27	Something	Bloodtaster	Bloodtaster	Hehe.
18:10:28	Something	Cheewie	Cheewie	hell yeah
18:11:09	Something	Cheewie	Cheewie	aff i remember bs bulleting ppl waiting for their mish
18:11:16	Something	Yassrab	Yassrab	lmaoo
18:11:22	10 man squad	Silent Assassin	Silent Assassin	yes
18:11:26	10 man squad	Silent Assassin	Silent Assassin	he ran 
18:11:34	Something	Cheewie	Cheewie	dipic ruined goa...
18:11:45	Something	Yassrab	Yassrab	Ya for sure he did
18:11:51	Something	Cheewie	Cheewie	with his cheerleaders: feral,Roi
18:11:52	Something	Greed	Greed	Good thing we got this goa for now.
18:11:57	Something	Yassrab	Yassrab	He better go back to pre update
18:12:05	Something	Cheewie	Cheewie	he wont yassrab
18:12:10	Something	Cheewie	Cheewie	he never will
18:12:11	Something	Yassrab	Yassrab	Ya I know hes a chode
18:12:17	Something	Cheewie	Cheewie	lol
18:12:19	Something	Greed	Greed	His gunna have to or this goa will over run the officals
18:12:23	Something	Yassrab	Yassrab	Cha pack
18:12:24	Something	Cheewie	Cheewie	anyone pack in cha?
18:12:30	Something	Yassrab	Yassrab	Me
18:12:39	Something	Bloodtaster	Bloodtaster	Wait for Zix.
18:12:58	Something	Yassrab	Yassrab	ma boy kameyo
18:13:15	Something	Zix	Zix	us cuk
18:13:40	Something	Yassrab	Yassrab	Hehe
18:13:59	Something	Cheewie	Cheewie	mish?
18:14:03	10 man squad	Silent Assassin	Silent Assassin	god what a speed
18:14:05	Something	Yassrab	Yassrab	Should I do it?
18:14:08	Something	Zix	Zix	Your job is to track down Kotoko who you can find at Ishi no Kuni and kill him.
18:14:09	Something	Cheewie	Cheewie	no zix
18:14:17	Something	Cheewie	Cheewie	we do yours then zix then my escort
18:14:24	Something	Zix	Zix	wait
18:14:25	Something	Yassrab	Yassrab	There now Ishi?
18:14:26	Something	Bloodtaster	Bloodtaster	Go ishi.
18:14:28	Something	Zix	Zix	i wanna black ninjas
18:14:35	Something	Yassrab	Yassrab	Omg Zix
18:14:37	Something	Yassrab	Yassrab	-_-
18:15:55	Something	Bloodtaster	Bloodtaster	Zix, wear your kiri vest.
18:16:09	Something	Zix	Zix	Congratulations on completing your mission! You recieved 1144.03 Dollars! ... 
18:16:12	Something	Zix	Zix	You gained 24553 Level Points! ... 
18:16:13	Something	Zix	Zix	:D
18:16:13	Something	Cheewie	Cheewie	my escort
18:16:13	Something	Yassrab	Yassrab	Dam A ranks
18:16:31	Something	Yassrab	Yassrab	Wait at Kiri bridge?
18:16:38	Something	Bloodtaster	Bloodtaster	Yes.
18:16:41	Something	Cheewie	Cheewie	blood and zix guard me
18:16:47	Something	Zix	Zix	ok
18:16:54	/squad	Uchiha Niika	Uchiha Niika	hi
18:17:07	/squad	Uchiha Niika	Uchiha Niika	?
18:17:32	/squad	Uchiha Niika	Uchiha Niika	o.o
18:17:32	Something	Zix	Zix	lol
18:17:36	Something	Zix	Zix	blood
18:17:37	Something	Bloodtaster	Bloodtaster	Ignore Raditz.
18:17:39	Something	Zix	Zix	nob fight
18:17:41	/squad	Uchiha Niika	Uchiha Niika	i speak español srry xd
18:17:43	Something	Zix	Zix	you defeat
18:17:45	Something	Zix	Zix	80 wound
18:17:47	Something	Zix	Zix	he run
18:17:49	Something	Zix	Zix	to hosp
18:17:52	Something	Zix	Zix	not lost your time
18:17:56	/squad	Uchiha Niika	Uchiha Niika	:p
18:19:23	Something	Cheewie	Cheewie	kawa on cooldown
18:20:36	Something	Zix	Zix	stop
18:20:37	Something	Zix	Zix	kiri
18:20:39	Something	Zix	Zix	come back
18:20:45	Something	Zix	Zix	get again
18:20:47	Something	Zix	Zix	our mish
18:20:50	Something	Zix	Zix	go go
18:20:53	Something	Zix	Zix	scort
18:21:02	Something	Bloodtaster	Bloodtaster	New round.
18:21:04	Something	Zix	Zix	go
18:21:05	Something	Zix	Zix	no
18:21:07	Something	Zix	Zix	come
18:21:09	Something	Bloodtaster	Bloodtaster	Go kh, grab&amp;post.
18:21:22	Something	Yassrab	Yassrab	Tbh
18:21:24	Something	Bloodtaster	Bloodtaster	Nvm, wait at kiri bridge.
18:21:29	Something	Yassrab	Yassrab	We should just spam Zix&#39;s A ranks
18:21:30	Something	Bloodtaster	Bloodtaster	Mission is still working.
18:21:35	Something	Yassrab	Yassrab	Cause the cooldowns low
18:21:54	Something	Kaguya KidKrupt	Kaguya KidKrupt	yo anyone can rember the cooldown bug for mishes?
18:22:07	Something	Bloodtaster	Bloodtaster	Probaly doesn&#39;t work here.
18:22:12	Something	Yassrab	Yassrab	We need 2 servers for that?
18:22:20	Something	Bloodtaster	Bloodtaster	Mhm.
18:22:27	Something	Kaguya KidKrupt	Kaguya KidKrupt	poop can&#39;t even remember tbh
18:22:28	Something	Yassrab	Yassrab	I use to do it all da time hehe
18:23:03	Something	Zix	Zix	bloo
18:23:04	Something	Zix	Zix	come
18:23:11	Something	Cheewie	Cheewie	everyone to bridge
18:23:19	Something	Zix	Zix	go
18:23:48	Something	Yassrab	Yassrab	comee
18:24:05	Something	Cheewie	Cheewie	next map?
18:24:21	Something	Cheewie	Cheewie	stay there
18:24:24	Something	Yassrab	Yassrab	Here
18:24:26	Something	Yassrab	Yassrab	Come here
18:24:30	Something	Kaguya KidKrupt	Kaguya KidKrupt	?
18:24:33	Something	Yassrab	Yassrab	Where I am
18:24:38	Something	Yassrab	Yassrab	There
18:24:47	Something	Cheewie	Cheewie	spam zix&#39;s A ranks
18:24:54	Something	Yassrab	Yassrab	Thas what im asayin
18:25:09	Something	Zix	Zix	Your job is to track down Black fenix who you can find at Konoha and kill him.
18:25:13	Something	Cheewie	Cheewie	i know i just copyed what you said :D cus you smart
18:25:18	Something	Yassrab	Yassrab	Whisp him blood
18:25:22	Something	Zix	Zix	yea
18:25:26	Something	Zix	Zix	wait Im shiping
18:25:29	Something	Bloodtaster	Bloodtaster	I shouldn&#39;t.
18:25:32	Something	Yassrab	Yassrab	shiping?
18:25:34	Something	Yassrab	Yassrab	I will
18:25:39	Something	Zix	Zix	-_
18:25:44	Something	Bloodtaster	Bloodtaster	I kept killing his jashin on officials everytime he tryed to raid suna.
18:26:10	Something	Yassrab	Yassrab	Lets see what he says
18:26:35	Something	Zix	Zix	seems afk
18:26:37	Something	Zix	Zix	a no contesto
18:26:46	Something	Yassrab	Yassrab	Cheewi arent you admin?
18:26:55	Something	Cheewie	Cheewie	i am why
18:27:00	Something	Yassrab	Yassrab	Go to commands
18:27:04	Something	Zix	Zix	wait
18:27:07	Something	Yassrab	Yassrab	And spectate
18:27:11	Something	Cheewie	Cheewie	he didnt give me all verbs.
18:27:17	Something	Yassrab	Yassrab	Ah I see
18:27:34	Ban	Atticus	Atticus	rlly?
18:27:39	Ban	General Chime	General Chime	cause jashins are happy
18:27:43	Something	Zix	Zix	cheewie
18:27:45	Ban	Atticus	Atticus	^
18:27:46	Something	Zix	Zix	yea 
18:27:46	Ban	General Chime	General Chime	yea i killed like 4 of your villagers
18:27:51	Something	Cheewie	Cheewie	where 2
18:27:54	Something	Zix	Zix	I already answered
18:27:55	Something	Yassrab	Yassrab	?
18:27:58	Something	Kaguya KidKrupt	Kaguya KidKrupt	ishi kill
18:27:59	Something	Zix	Zix	wait
18:28:01	Something	Yassrab	Yassrab	Where is he
18:28:03	10 man squad	Raditz	Raditz	silent you know that guy you fought in the exams
18:28:06	Something	Greed	Greed	Cha pack.
18:28:06	10 man squad	Raditz	Raditz	uchiha rein
18:28:10	Something	Zix	Zix	I need another answer to confirm
18:28:10	10 man squad	Silent Assassin	Silent Assassin	yea
18:28:14	Ban	Atticus	Atticus	^Cha kill
18:28:15	Something	Bloodtaster	Bloodtaster	No escorts.
18:28:15	Something	Yassrab	Yassrab	OKayz
18:28:16	Something	Cheewie	Cheewie	w8 we first do zix&#39;s kill
18:28:21	Something	Bloodtaster	Bloodtaster	Only grab A and D ranks.
18:28:22	Ban	General Chime	General Chime	ishi pack
18:28:22	10 man squad	Raditz	Raditz	that&#39;s my brothers student
18:28:28	Ban	General Chime	General Chime	black
18:28:29	Something	Yassrab	Yassrab	Good decision Blood
18:28:29	10 man squad	Silent Assassin	Silent Assassin	troll
18:28:31	Ban	General Chime	General Chime	wanna mish?
18:28:39	Ban	General Chime	General Chime	inv him please
18:28:47	Something	Yassrab	Yassrab	Pure white skin?
18:28:48	Ban	Atticus	Atticus	post}?
18:28:52	Ban	Black fenix	Black fenix	kawa
18:28:53	Ban	General Chime	General Chime	ishi pack
18:28:56	Something	Bloodtaster	Bloodtaster	The pale skin.
18:28:56	Ban	Black fenix	Black fenix	pack
18:28:58	Something	Cheewie	Cheewie	what zix and krupt have
18:28:58	Something	Yassrab	Yassrab	Oh
18:29:00	o2p4uys	Uchiha Shine	Uchiha Shine	lol
18:29:00	Something	Yassrab	Yassrab	Haha ok
18:29:02	10 man squad	Raditz	Raditz	that&#39;s why he&#39;s good
18:29:05	Ban	Atticus	Atticus	-.-
18:29:07	Ban	General Chime	General Chime	cha&gt;ishi&gt;kawa&gt;kono
18:29:11	10 man squad	Silent Assassin	Silent Assassin	aiit
18:29:12	Something	Yassrab	Yassrab	Is all about that tanned life
18:29:17	Something	Yassrab	Yassrab	#Jerseyshore baby
18:29:20	Something	Zix	Zix	he say spanish
18:29:25	Something	Zix	Zix	Black fenix: bien xD quien eres ... 
18:29:27	10 man squad	Raditz	Raditz	6 hours till i host
18:29:28	Something	Zix	Zix	wait
18:29:30	10 man squad	Silent Assassin	Silent Assassin	i gotta train more
18:29:32	10 man squad	Silent Assassin	Silent Assassin	aiit
18:29:39	Something	Yassrab	Yassrab	bien means good
18:29:40	10 man squad	Raditz	Raditz	Might host tomorrow
18:29:41	Something	Yassrab	Yassrab	:)
18:29:43	Something	Yassrab	Yassrab	Thats all I know
18:29:50	10 man squad	Silent Assassin	Silent Assassin	aiit then i have a chance to
18:29:57	10 man squad	Silent Assassin	Silent Assassin	already 19:29 pm
18:30:11	Something	Zix	Zix	ok
18:30:33	Something	Zix	Zix	new Mish Rank A
18:30:34	Something	Zix	Zix	wait
18:30:36	Ban	Atticus	Atticus	come
18:30:38	Something	Zix	Zix	Your job is to track down Black fenix who you can find at Konoha and kill him.
18:30:40	Something	Yassrab	Yassrab	Rain vest !
18:30:41	Something	Zix	Zix	black fenix
18:30:41	10 man squad	Silent Assassin	Silent Assassin	i hope he fixed factions
18:30:42	Something	Zix	Zix	again
18:30:44	Something	Zix	Zix	WTF
18:30:49	10 man squad	Raditz	Raditz	Ask him if he did
18:31:02	Something	Bloodtaster	Bloodtaster	(/o.o)/
18:31:16	Something	Yassrab	Yassrab	Blood bro lets do the d ranks
18:31:25	Something	Greed	Greed	I got cha pack.
18:31:31	Something	Kaguya KidKrupt	Kaguya KidKrupt	i got ishi kill
18:31:36	Something	Yassrab	Yassrab	Kawa pack
18:31:38	Something	Bloodtaster	Bloodtaster	Grab&amp;post.
18:31:42	Something	Greed	Greed	Cha pack
18:31:50	10 man squad	Silent Assassin	Silent Assassin	i luve air bullet 
18:32:11	10 man squad	Raditz	Raditz	Who doesn&#39;t in this version of the game
18:32:16	10 man squad	Raditz	Raditz	that was the shet
18:32:17	10 man squad	Silent Assassin	Silent Assassin	mist
18:32:20	10 man squad	Silent Assassin	Silent Assassin	XD
18:32:23	10 man squad	Raditz	Raditz	haha
18:32:26	Something	Bloodtaster	Bloodtaster	Cha&gt;kawa&gt;ishi
18:32:27	Something	Bloodtaster	Bloodtaster	Go
18:32:31	10 man squad	Silent Assassin	Silent Assassin	ho poop
18:32:32	Something	Zix	Zix	does not answer the
18:32:33	Something	Kaguya KidKrupt	Kaguya KidKrupt	aight
18:32:37	10 man squad	Silent Assassin	Silent Assassin	wrong clan atm
18:32:42	10 man squad	Raditz	Raditz	?
18:32:52	10 man squad	Silent Assassin	Silent Assassin	this version
18:32:57	10 man squad	Silent Assassin	Silent Assassin	jashin&gt;all
18:33:07	10 man squad	Silent Assassin	Silent Assassin	last longer in fight
18:33:09	10 man squad	Raditz	Raditz	Depends
18:33:11	10 man squad	Silent Assassin	Silent Assassin	self heal
18:33:11	Something	Greed	Greed	Top left of cha.
18:33:14	10 man squad	Silent Assassin	Silent Assassin	gates
18:33:15	10 man squad	Raditz	Raditz	if your good your better
18:33:19	Something	Greed	Greed	Is where my mish is at.
18:33:31	10 man squad	Silent Assassin	Silent Assassin	hode
18:33:34	10 man squad	Silent Assassin	Silent Assassin	conjo bo ma
18:33:36	10 man squad	Silent Assassin	Silent Assassin	ma
18:33:45	Ban	Black fenix	Black fenix	is chizato
18:33:54	Ban	Atticus	Atticus	here nab
18:33:58	Ban	Atticus	Atticus	xD
18:34:12	Something	Bloodtaster	Bloodtaster	Top left
18:34:29	Something	Greed	Greed	Come lol.
18:34:41	Something	Greed	Greed	Ova here.
18:35:03	Something	Cheewie	Cheewie	kidkrupt come
18:35:11	Something	Cheewie	Cheewie	do it
18:35:20	Something	Yassrab	Yassrab	Ishi now
18:35:39	Something	Bloodtaster	Bloodtaster	Ishi
18:36:00	Ban	General Chime	General Chime	can you take off the happy rain please
18:37:18	Something	Yassrab	Yassrab	??
18:37:46	Something	Bloodtaster	Bloodtaster	Zix, stop
18:37:47	Something	Kaguya KidKrupt	Kaguya KidKrupt	not everyone here
18:37:52	Something	Zix	Zix	na
18:37:57	Something	Zix	Zix	i can attack
18:38:00	Something	Zix	Zix	he drop money
18:38:02	Something	Zix	Zix	Aww
18:38:04	Something	Zix	Zix	sorry
18:38:05	Something	Bloodtaster	Bloodtaster	&lt;---
18:38:39	Something	Bloodtaster	Bloodtaster	Who&#39;s way up there?
18:38:41	Something	Yassrab	Yassrab	Where too now?
18:38:49	Something	Yassrab	Yassrab	I got kawa pack
18:39:09	10 man squad	Raditz	Raditz	blood
18:39:11	10 man squad	Raditz	Raditz	damage ?
18:39:14	Something	Zix	Zix	come
18:39:17	10 man squad	Raditz	Raditz	take of guard
18:39:29	10 man squad	Silent Assassin	Silent Assassin	You took 926 Stamina damage from Raditz!
18:39:33	Something	Zix	Zix	bloo
18:39:34	10 man squad	Silent Assassin	Silent Assassin	almost 1k
18:39:35	Something	Zix	Zix	is your mish?
18:39:39	10 man squad	Raditz	Raditz	hm
18:39:44	Something	Bloodtaster	Bloodtaster	&#39;Greed
18:39:46	10 man squad	Raditz	Raditz	You took 475 Stamina damage from Silent Assassin!
18:39:53	Something	Mitsuyoshi	Mitsuyoshi	cheewie how do i get that coat you have?
18:39:55	Something	Zix	Zix	greed
18:39:55	Something	Cheewie	Cheewie	do the mission
18:39:56	10 man squad	Silent Assassin	Silent Assassin	thats 10 PP!
18:39:57	Something	Zix	Zix	need kill?
18:39:58	Something	Greed	Greed	?
18:40:01	10 man squad	Raditz	Raditz	i knew
18:40:03	Something	Cheewie	Cheewie	mitsu it costs 500
18:40:06	Something	Cheewie	Cheewie	you got 500?
18:40:08	Something	Zix	Zix	who you neet kill
18:40:08	Something	Greed	Greed	I did my cha mission remember.
18:40:08	Something	Bloodtaster	Bloodtaster	Someone bugged it.
18:40:09	Something	Zix	Zix	?
18:40:09	10 man squad	Silent Assassin	Silent Assassin	o.O
18:40:11	10 man squad	Silent Assassin	Silent Assassin	cheater
18:40:12	Something	Mitsuyoshi	Mitsuyoshi	i think so
18:40:16	Something	Bloodtaster	Bloodtaster	Go kawa.
18:40:19	Something	Cheewie	Cheewie	k ill show you after this mish
18:40:30	Something	Mitsuyoshi	Mitsuyoshi	k
18:40:33	Something	Cheewie	Cheewie	mission bugged 2 kaw
18:40:56	Something	Greed	Greed	its unbugged now.
18:40:58	Something	Cheewie	Cheewie	amg cant w8 for factions ima make kurosame so OP
18:41:23	Something	Bloodtaster	Bloodtaster	You sure Greed?
18:41:26	Something	Cheewie	Cheewie	ill show you fter missions
18:41:35	Something	Zix	Zix	sup atticus
18:41:37	Something	Zix	Zix	bro
18:41:38	Something	Zix	Zix	^^
18:41:38	Something	Bloodtaster	Bloodtaster	We&#39;ll come back to ishi after we&#39;re done in kawa.
18:41:39	Something	Greed	Greed	yeah.
18:41:40	Ban	Atticus	Atticus	hey
18:41:43	Something	Zix	Zix	how are you
18:41:47	Ban	Atticus	Atticus	fine
18:41:49	Ban	Atticus	Atticus	u?
18:41:51	Something	Zix	Zix	me to
18:41:52	Something	Zix	Zix	xdd
18:41:53	10 man squad	Raditz	Raditz	lol
18:41:55	Something	Zix	Zix	Im in mish
18:41:56	Something	Zix	Zix	cya
18:41:58	Something	Zix	Zix	^^
18:42:00	Ban	Atticus	Atticus	yea, i see you A rank already
18:42:03	Ban	Atticus	Atticus	xD
18:42:03	Something	Zix	Zix	xdd
18:42:05	Something	Zix	Zix	yea
18:42:08	Ban	Atticus	Atticus	bye
18:42:15	Something	Zix	Zix	if I get a mish you notice you ok?
18:42:21	Ban	Atticus	Atticus	ok
18:42:23	Something	Zix	Zix	^^
18:43:07	Something	Mitsuyoshi	Mitsuyoshi	oh and how do you add .5 like you said xheewie?
18:43:13	Something	Mitsuyoshi	Mitsuyoshi	cheewie*
18:43:16	Something	Cheewie	Cheewie	.5?
18:43:24	Something	Mitsuyoshi	Mitsuyoshi	yeh like 1.5 int
18:43:26	Something	Bloodtaster	Bloodtaster	Do the pack?
18:43:38	Something	Yassrab	Yassrab	Here
18:43:45	Something	Cheewie	Cheewie	go 3 str 3 rfx till lvl 50 then 3 str 3 int to 100
18:44:04	Something	Cheewie	Cheewie	or 3 str 3 int to 50 then 3 str 3 rfx to 100
18:44:07	Something	Zix	Zix	go
18:44:10	Something	Yassrab	Yassrab	Do it?
18:44:12	Something	Mitsuyoshi	Mitsuyoshi	oh ok
18:44:16	Something	Zix	Zix	to Kh
18:44:24	Something	Bloodtaster	Bloodtaster	Go ishi, the mission should work now.
18:44:28	Something	Zix	Zix	ok
18:44:46	Ban	Black fenix	Black fenix	go mish?
18:44:59	Something	Bloodtaster	Bloodtaster	Ishi
18:45:02	Something	Yassrab	Yassrab	Ishi?
18:45:15	Ban	General Chime	General Chime	guys
18:45:20	Ban	General Chime	General Chime	pick up another 
18:45:23	Ban	General Chime	General Chime	mission
18:45:25	10 man squad	Raditz	Raditz	silent
18:45:27	10 man squad	Raditz	Raditz	damage
18:45:39	Ban	Atticus	Atticus	Cha to leaf
18:45:40	10 man squad	Silent Assassin	Silent Assassin	234
18:45:49	Ban	General Chime	General Chime	cha
18:45:54	10 man squad	Raditz	Raditz	and for that one ?
18:45:57	Ban	General Chime	General Chime	black u?
18:45:58	10 man squad	Silent Assassin	Silent Assassin	You took 2088 Stamina damage from Raditz!
18:46:09	Ban	Black fenix	Black fenix	moment
18:46:12	10 man squad	Silent Assassin	Silent Assassin	this game need controled shunshin
18:46:15	Ban	General Chime	General Chime	ok
18:46:31	Something	Bloodtaster	Bloodtaster	Who&#39;s at cha?
18:46:38	10 man squad	Silent Assassin	Silent Assassin	now i took less dmg
18:46:44	10 man squad	Silent Assassin	Silent Assassin	Raditz: Wind: Great Breakthrough! ... You took 623 Stamina damage from Raditz!
18:46:45	Ban	General Chime	General Chime	we will be waiting in cha
18:46:46	Ban	Atticus	Atticus	nh just kick him
18:46:52	Ban	Atticus	Atticus	xD
18:46:53	10 man squad	Raditz	Raditz	oh
18:46:53	Ban	General Chime	General Chime	y?
18:46:58	Ban	Atticus	Atticus	kidding
18:46:59	10 man squad	Raditz	Raditz	most likely cause of my 5 bs 
18:47:03	10 man squad	Silent Assassin	Silent Assassin	oowh
18:47:06	Ban	General Chime	General Chime	i kinda thought you where lol
18:47:09	10 man squad	Raditz	Raditz	You took 475 Stamina damage from Silent Assassin!
18:47:13	10 man squad	Silent Assassin	Silent Assassin	mf
18:47:25	Ban	Black fenix	Black fenix	cha
18:47:33	Ban	Atticus	Atticus	cha cha leaf
18:47:34	Ban	General Chime	General Chime	good
18:47:48	Something	Greed	Greed	^
18:47:49	Something	Zix	Zix	Congratulations on completing your mission! You recieved 588.333 Dollars!
18:47:51	Something	Zix	Zix	to KH
18:47:54	Something	Zix	Zix	MIsh rank A
18:48:12	Ban	General Chime	General Chime	wait by me
18:48:16	Ban	General Chime	General Chime	right of cha
18:48:58	10 man squad	Silent Assassin	Silent Assassin	im gonna register someone on a sex dating site with grannys XD
18:49:04	10 man squad	Raditz	Raditz	lol
18:49:08	10 man squad	Silent Assassin	Silent Assassin	using his name and street and poop XD
18:49:17	10 man squad	Silent Assassin	Silent Assassin	let them visit him lfmao
18:49:35	Ban	General Chime	General Chime	enix
18:49:39	Ban	General Chime	General Chime	ru a capacity?
18:49:41	Ban	Atticus	Atticus	wait at leaf gate
18:49:45	Ban	Black fenix	Black fenix	yes
18:49:55	Ban	General Chime	General Chime	cool
18:49:59	Something	Zix	Zix	Your job is to track down Azami who you can find at Kawa no Kuni and kill him.
18:50:10	Something	Zix	Zix	come all pick mish
18:50:11	Ban	General Chime	General Chime	how much rfx you got
18:50:13	Something	Zix	Zix	and go to kawa
18:50:14	Something	Bloodtaster	Bloodtaster	Only grab A and D ranks.
18:50:17	Something	Zix	Zix	come come to Kh
18:50:30	Something	Yassrab	Yassrab	Cha pak
18:52:25	Something	Bloodtaster	Bloodtaster	Grab&amp;post.
18:52:29	Something	Yassrab	Yassrab	Cha pack
18:52:35	Something	Bloodtaster	Bloodtaster	A&#39;s and D&#39;s only.
18:52:48	Something	Kaguya KidKrupt	Kaguya KidKrupt	aff grabbed c
18:52:50	Something	Bloodtaster	Bloodtaster	Kawa pack.
18:52:55	Something	Kaguya KidKrupt	Kaguya KidKrupt	cha kill
18:52:55	Something	Bloodtaster	Bloodtaster	Toss it Kid.
18:52:56	Something	Zix	Zix	come to kiri
18:52:58	Something	Bloodtaster	Bloodtaster	Nvm
18:52:58	Something	Zix	Zix	Wtf
18:53:00	Something	Bloodtaster	Bloodtaster	Don&#39;t ;)
18:53:05	Something	Mitsuyoshi	Mitsuyoshi	Your job is to Deliver a package to Raku who you can find at Ishi no Kuni.
18:53:05	Something	Kaguya KidKrupt	Kaguya KidKrupt	tossed!
18:53:07	Something	Kaguya KidKrupt	Kaguya KidKrupt	&lt;.&gt;
18:53:10	Something	Kaguya KidKrupt	Kaguya KidKrupt	jks
18:53:25	Something	Bloodtaster	Bloodtaster	Kawa &gt; ishi &gt; cha
18:53:29	Something	Zix	Zix	wait
18:53:30	Something	Zix	Zix	blood
18:53:32	Something	Zix	Zix	people
18:53:32	Something	Bloodtaster	Bloodtaster	Hm?
18:53:34	Something	Zix	Zix	pick mish
18:53:36	Something	Zix	Zix	new
18:53:42	Something	Greed	Greed	Cha pack
18:53:44	Something	Zix	Zix	copy and paste
18:53:45	Something	Zix	Zix	ok
18:53:55	Something	Zix	Zix	To kawa
18:54:01	Something	Mitsuyoshi	Mitsuyoshi	greed
18:54:07	Something	Greed	Greed	?
18:54:08	Something	Cheewie	Cheewie	i got ch
18:54:10	Something	Mitsuyoshi	Mitsuyoshi	can you show meh where you got yer coat?
18:54:21	Something	Greed	Greed	Cha byond membership shop.
18:54:38	Something	Greed	Greed	The right side of the cha hositpal.
18:54:48	Ban	Black fenix	Black fenix	atticus come pliz
18:54:49	Something	Bloodtaster	Bloodtaster	Kawa &gt; ishi &gt; cha.
18:54:52	Ban	Atticus	Atticus	?
18:54:52	Something	Cheewie	Cheewie	i got cha
18:55:01	Ban	Black fenix	Black fenix	what is dameg clones
18:55:05	10 man squad	Silent Assassin	Silent Assassin	say chichar tu madre
18:55:40	Ban	Black fenix	Black fenix	D:
18:55:40	Ban	Atticus	Atticus	weaj
18:55:46	Ban	Atticus	Atticus	weak*
18:55:47	Ban	Black fenix	Black fenix	clones use suplis?
18:55:48	Ban	Atticus	Atticus	xD
18:55:55	Ban	Atticus	Atticus	looks like
18:55:57	Ban	Atticus	Atticus	they do
18:56:02	Something	Zix	Zix	Your job is to track down Azami who you can find at Kawa no Kuni and kill him.
18:56:16	Ban	General Chime	General Chime	Please avoid using Multiple Shadow Clones jutsu till furthes notice, a respec will happen when clones start working at 100%
18:56:27	Ban	General Chime	General Chime	-.-
18:56:34	Ban	Atticus	Atticus	dragon?
18:56:39	10 man squad	Silent Assassin	Silent Assassin	darkgenned
18:57:35	Something	Zix	Zix	Congratulations on completing your mission! You recieved 1270.8 Dollars!
18:57:39	Something	Bloodtaster	Bloodtaster	My kawa pack.
18:57:48	Something	Kaguya KidKrupt	Kaguya KidKrupt	kawa pack
18:57:57	Something	Zix	Zix	KAWA PACK
18:58:01	Something	Zix	Zix	COME TO KAWA
18:58:02	Something	Zix	Zix	BACK
18:58:04	Something	Bloodtaster	Bloodtaster	Who&#39;s going to ishi?
18:58:07	Something	Zix	Zix	ARE STUPID ALL
18:58:07	Something	Bloodtaster	Bloodtaster	Come back.
18:58:08	Something	Kaguya KidKrupt	Kaguya KidKrupt	who got kawa?
18:58:13	Something	Zix	Zix	-_-
18:58:16	Something	Cheewie	Cheewie	my bad i said kaw
18:58:17	Something	Greed	Greed	smh
18:58:18	Something	Bloodtaster	Bloodtaster	I do, sebi&#39;s behind this building.
18:58:22	Something	Zix	Zix	ol
18:58:24	Something	Zix	Zix	lol
18:58:32	Something	Bloodtaster	Bloodtaster	Sebi&#39;s oped.
18:58:37	Something	Zix	Zix	ishi
19:00:20	Something	Mitsuyoshi	Mitsuyoshi	Your job is to Deliver a package to Raku who you can find at Ishi no Kuni.
19:00:40	Something	Zix	Zix	why you kick
19:00:44	Something	Zix	Zix	yassrap
19:00:46	Something	Zix	Zix	squad
19:01:00	Something	Steel Shredz	Steel Shredz	im almost there
19:01:03	Something	Steel Shredz	Steel Shredz	wait 4 me please
19:01:04	Something	Zix	Zix	-_-
19:01:04	Something	Mitsuyoshi	Mitsuyoshi	eyy cheewie
19:01:13	Something	Cheewie	Cheewie	yh?
19:01:17	Something	Greed	Greed	I have a cha pack btw.
19:01:18	Something	Mitsuyoshi	Mitsuyoshi	do i add my int passive to genjutsu?
19:01:36	Something	Steel Shredz	Steel Shredz	ok
19:01:40	Something	Steel Shredz	Steel Shredz	i have pack here btw
19:01:42	Something	Cheewie	Cheewie	get 2 analyse 3 tracking so you can bb from fr then gen mastery
19:01:56	Something	Mitsuyoshi	Mitsuyoshi	k
19:01:57	Something	Bloodtaster	Bloodtaster	Do it.
19:01:59	Something	Zix	Zix	-_-
19:02:00	Something	Zix	Zix	go
19:02:06	Something	Zix	Zix	to cha
19:02:08	Something	Cheewie	Cheewie	2 cha
19:02:09	Something	Steel Shredz	Steel Shredz	i have
19:02:10	Something	Bloodtaster	Bloodtaster	No
19:02:12	Something	Steel Shredz	Steel Shredz	ishi
19:02:14	Something	Bloodtaster	Bloodtaster	Steel Shredz says: i have pack here btw ... 
19:02:14	Something	Steel Shredz	Steel Shredz	pack
19:02:15	Something	Kaguya KidKrupt	Kaguya KidKrupt	&lt;.&gt;
19:02:16	Something	Zix	Zix	BACK
19:02:18	Something	Zix	Zix	TO ISHI
19:02:34	Something	Steel Shredz	Steel Shredz	machi
19:02:36	Something	Bloodtaster	Bloodtaster	Go up.
19:02:41	Something	Kaguya KidKrupt	Kaguya KidKrupt	odd
19:03:09	Something	Zix	Zix	cha
19:03:17	Something	Bloodtaster	Bloodtaster	Cha.
19:04:29	Something	Cheewie	Cheewie	top left
19:04:35	Something	Kaguya KidKrupt	Kaguya KidKrupt	no come here
19:04:39	Something	Kaguya KidKrupt	Kaguya KidKrupt	mine first
19:04:40	Something	Zix	Zix	come
19:04:48	Something	Greed	Greed	Mines right here too
19:05:02	Something	Zix	Zix	KH
19:05:09	Something	Bloodtaster	Bloodtaster	No
19:05:11	Something	Cheewie	Cheewie	greed urs then mine
19:05:12	Something	Bloodtaster	Bloodtaster	Top left cha.
19:05:52	Something	Cheewie	Cheewie	everyone?
19:06:56	Something	Cheewie	Cheewie	Exte
19:07:04	Something	Cheewie	Cheewie	you can wear headband with mask
19:07:17	Something	Kaguya KidKrupt	Kaguya KidKrupt	can u?
19:08:00	10 man squad	Silent Assassin	Silent Assassin	yes
19:08:01	Something	Mitsuyoshi	Mitsuyoshi	Your job is to Deliver a package to Maki who you can find at Cha no Kuni.
19:08:02	10 man squad	Silent Assassin	Silent Assassin	XD
19:08:20	Something	Steel Shredz	Steel Shredz	kawa pack
19:08:27	Something	Yassrab	Yassrab	Cha pack
19:08:30	Something	Greed	Greed	Cha pack
19:09:13	Something	Zix	Zix	Your job is to track down Naoko who you can find at Cha no Kuni and kill him.
19:09:17	Something	Zix	Zix	Mish A rank
19:09:27	10 man squad	Raditz	Raditz	damn exte
19:09:31	10 man squad	Raditz	Raditz	your a battle
19:10:01	10 man squad	Raditz	Raditz	multi clanned..
19:10:21	10 man squad	Raditz	Raditz	then how comes my wind breakthrough does only 300 damage on you ?
19:10:28	10 man squad	Raditz	Raditz	it&#39;s supposed to do 600
