20:04:47	Bloodtaster	Bloodtaster	Hm?
20:04:51	Bloodtaster	Bloodtaster	Missions are bugged?
20:05:05	Bloodtaster	Bloodtaster	You gained 3000 Level Points! ... 
20:05:16	Bloodtaster	Bloodtaster	Level points are 1050/32500.
20:05:26	Maito Gui	Maito Gui	lols
20:05:37	Maito Gui	Maito Gui	was hoping no one saw that
20:05:50	Bloodtaster	Bloodtaster	Rawr
20:05:54	Bloodtaster	Bloodtaster	200 rate it is, lolz
20:06:02	Bloodtaster	Bloodtaster	I recieved the money tho.
20:08:54	Maito Gui	Maito Gui	?
20:09:39	Kaguya Light	Kaguya Light	:D
20:09:40	Cheewie	Cheewie	to ishi
20:11:12	Kaguya Light	Kaguya Light	:D
20:12:58	Cheewie	Cheewie	light spar?
20:13:11	Kaguya Light	Kaguya Light	wait i ahvent added attribute points
20:13:12	Kaguya Light	Kaguya Light	D
20:13:16	Cheewie	Cheewie	ooh lol
20:17:00	Cheewie	Cheewie	deon spar?
20:17:13	Deontay	Deontay	smokin
20:18:58	Deontay	Deontay	cheewie cha dojo
20:25:33	Cheewie	Cheewie	exte
20:27:02	Cheewie	Cheewie	be serious lol dont got the verbs.
20:27:02	Exteban	Exteban	=)
20:28:36	Cheewie	Cheewie	6
20:28:44	Cheewie	Cheewie	lol
20:28:54	Exteban	Exteban	jashin?
20:30:06	Cheewie	Cheewie	light did you grab?
20:32:39	Exteban	Exteban	&gt;.&gt;
20:34:22	Exteban	Exteban	sry
20:37:16	Hyuuga Boomer	Hyuuga Boomer	hey
20:43:30	Cheewie	Cheewie	spar?
20:44:26	Cheewie	Cheewie	db let me get boost on you?
20:44:43	Db9	Db9	kk
20:45:24	Redo	Redo	Wanna squad?
20:45:34	Redo	Redo	No?
20:45:35	Deontay	Deontay	sure make
20:45:36	Redo	Redo	Yes?
20:45:38	Redo	Redo	k
20:45:51	Redo	Redo	kawa package
20:46:01	Deontay	Deontay	cha
20:46:09	Redo	Redo	Kawa then Cha
20:46:35	Kaguya Light	Kaguya Light	wanna spar in dojo?
20:46:38	Db9	Db9	kk
20:47:50	Db9	Db9	near dojo
20:49:16	Redo	Redo	Go
20:49:58	Kaguya Light	Kaguya Light	ff5
20:50:00	Kaguya Light	Kaguya Light	xD
20:50:03	Kaguya Light	Kaguya Light	crap
20:51:02	Kaguya Light	Kaguya Light	hard hits
20:51:40	Redo	Redo	spar me mr what your name
20:52:52	Kaguya Light	Kaguya Light	how much stam do you have?
20:52:53	Lee Pai-Long	Lee Pai-Long	what lv r u?
20:53:02	Exteban	Exteban	34
20:53:23	Lee Pai-Long	Lee Pai-Long	then y you outtie me so bad if your just 4 lvls ahead of me and im str/rfx?
20:53:26	Lee Pai-Long	Lee Pai-Long	explain
20:53:45	Exteban	Exteban	oh w8 im 40 now
20:53:47	Lee Pai-Long	Lee Pai-Long	only 4 lvls should make for 150+ in dmg diff
20:53:58	Kaguya Light	Kaguya Light	&gt;.&gt;
20:54:34	Lee Pai-Long	Lee Pai-Long	im ganna ez ..
20:54:45	Kaguya Light	Kaguya Light	:P
20:54:50	Exteban	Exteban	no pai it isnt
20:55:07	Lee Pai-Long	Lee Pai-Long	oh ic
20:55:21	Lee Pai-Long	Lee Pai-Long	ic ..
20:56:24	Lee Pai-Long	Lee Pai-Long	i was hoping i would be the 1st youth :(
20:58:40	Lee Pai-Long	Lee Pai-Long	**** me lol
20:58:44	Lee Pai-Long	Lee Pai-Long	all 3 oh u
20:58:45	Lee Pai-Long	Lee Pai-Long	of*
20:59:51	Redo	Redo	Levels?
20:59:58	Kaguya Light	Kaguya Light	im lvl 31
21:00:02	Redo	Redo	Same
21:00:03	Kaguya Light	Kaguya Light	exteban is 40
21:00:06	SPQR	SPQR	o.o
21:00:08	Kaguya Light	Kaguya Light	.s
21:00:14	Lee Pai-Long	Lee Pai-Long	ur over 60 wtf
21:00:20	Exteban	Exteban	or not
21:00:29	Lee Pai-Long	Lee Pai-Long	u were b rank genin while you were in vill
21:00:48	Exteban	Exteban	dont talk poop
21:00:53	Lee Pai-Long	Lee Pai-Long	im not O.o
21:01:00	Lee Pai-Long	Lee Pai-Long	just saying you in your 60
21:01:04	Lee Pai-Long	Lee Pai-Long	b rank genin
21:01:22	Exteban	Exteban	im exactly 40
21:01:25	Lee Pai-Long	Lee Pai-Long	yeah
21:01:28	Exteban	Exteban	with 15k exp
21:01:28	Lee Pai-Long	Lee Pai-Long	im 27
21:02:15	Lee Pai-Long	Lee Pai-Long	aw everyone left 
21:03:26	Lee Pai-Long	Lee Pai-Long	oh lemme try something
21:04:52	Lee Pai-Long	Lee Pai-Long	oh you went for needlespamming weakspot
21:05:00	Kaguya Light	Kaguya Light	cha to ishi}
21:05:02	Exteban	Exteban	eww
21:05:18	Kaguya Light	Kaguya Light	i have a c rnak
21:06:11	Kaguya Light	Kaguya Light	lets make mine , and after lets make yours
21:06:19	Redo	Redo	k
21:06:56	Deontay	Deontay	o poop
21:07:00	Deontay	Deontay	lmao
21:07:07	Deontay	Deontay	i was afk 
21:08:24	Kaguya Light	Kaguya Light	is ext with u?
21:09:55	Exteban	Exteban	lol
21:09:56	Exteban	Exteban	bug
21:10:01	Exteban	Exteban	w8 light
21:10:06	Kaguya Light	Kaguya Light	?
21:10:14	Exteban	Exteban	lemme see if it happens again
21:10:20	Exteban	Exteban	its a big serious bug
21:10:32	Kaguya Light	Kaguya Light	what is happening?
21:10:47	Redo	Redo	The other rips got people used to free levels
21:10:55	Exteban	Exteban	k go
21:12:58	Exteban	Exteban	gf
21:15:48	Exteban	Exteban	Das21/71.226.163.142/1872327474 has logged in ... 
21:15:52	Exteban	Exteban	roi came
21:15:53	Exteban	Exteban	&gt;.&lt;
21:18:42	Exteban	Exteban	tell light its cus i hit him with combo
21:20:19	Exteban	Exteban	Konohagakure (Genin) Uchiha Rager: You guys are creepy ... 
21:20:22	Exteban	Exteban	Konohagakure (Genin) Uchiha Rager: &lt;_&lt; just saying ... 
21:20:29	Lee Pai-Long	Lee Pai-Long	squad
21:20:35	Ousamu, Naruke	Ousamu, Naruke	Cause we said hi?
21:20:40	Xato	Xato	ok wait
21:20:40	Exteban	Exteban	yh
21:20:47	Lee Pai-Long	Lee Pai-Long	fast :o
21:21:23	Uchiha Rager	Uchiha Rager	I know I&#39;ve done it before but cant remember how the hell I did it 
21:21:40	Uchiha Rager	Uchiha Rager	figured someone on here would know
21:21:52	Exteban	Exteban	how so import a map into a bigger one?
21:21:55	Lee Pai-Long	Lee Pai-Long	cha
21:21:58	Exteban	Exteban	what you wanna do exactly
21:22:10	Xato	Xato	doing my stats 1 moment pls
21:22:15	Lee Pai-Long	Lee Pai-Long	lol
21:22:16	Lee Pai-Long	Lee Pai-Long	pls
21:22:26	Lee Pai-Long	Lee Pai-Long	what r u?
21:23:37	Lee Pai-Long	Lee Pai-Long	ill run O.o
21:23:40	Exteban	Exteban	ik
21:23:55	Xato	Xato	wait
21:24:16	Ousamu, Naruke	Ousamu, Naruke	Cha Package
21:24:24	Kaguya Light	Kaguya Light	ht same
21:24:39	Lee Pai-Long	Lee Pai-Long	oh weakspot op ic
21:24:43	Lee Pai-Long	Lee Pai-Long	brb
21:24:49	Ousamu, Naruke	Ousamu, Naruke	Come 
21:25:19	Kaguya Light	Kaguya Light	Now?
21:25:28	Kaguya Light	Kaguya Light	xD crap
21:25:45	SPQR	SPQR	Come
21:25:53	Kaguya Light	Kaguya Light	i lost 6000 exp points
21:25:55	Kaguya Light	Kaguya Light	:(
21:26:03	Xato	Xato	i got cha
21:26:20	Uchiha Rager	Uchiha Rager	awh trying to take these fragments from another mapmaking kit and import them over
21:26:21	SPQR	SPQR	You guys comin&#39;? ._.
21:26:42	Exteban	Exteban	oh...i have no idea xD
21:26:55	Exteban	Exteban	never tried something like that
21:27:23	Lee Pai-Long	Lee Pai-Long	where r u?
21:27:47	Uchiha Rager	Uchiha Rager	oh damn
21:27:56	Xato	Xato	look map
21:27:59	Exteban	Exteban	sry...
21:28:00	Lee Pai-Long	Lee Pai-Long	i mean
21:28:04	Lee Pai-Long	Lee Pai-Long	y you not Moving
21:28:09	Xato	Xato	omw
21:30:36	Kaguya Light	Kaguya Light	xD
21:31:49	Exteban	Exteban	when you get the balls to 1 vs 1
21:31:50	Exteban	Exteban	call me
21:31:58	Lee Pai-Long	Lee Pai-Long	what was that just now ? O.o
21:32:02	Exteban	Exteban	4 vs 1?
21:32:02	Xato	Xato	idk
21:32:05	Exteban	Exteban	3 npcs
21:32:06	Lee Pai-Long	Lee Pai-Long	besides the npc jumping on me
21:32:07	Xato	Xato	you killed the game owner
21:32:15	Lee Pai-Long	Lee Pai-Long	they were all on me :/
21:32:21	Exteban	Exteban	you need glasses
21:32:24	Exteban	Exteban	1 vs 1 me now
21:32:32	Lee Pai-Long	Lee Pai-Long	u were on that guy in my team
21:32:37	Lee Pai-Long	Lee Pai-Long	npcs were on me at hosp
21:32:41	Xato	Xato	i was dead
21:32:43	Lee Pai-Long	Lee Pai-Long	then you followed and got in their way
21:32:45	Lee Pai-Long	Lee Pai-Long	u drunk xD
21:32:51	Lee Pai-Long	Lee Pai-Long	talking to exte cuz he raging
21:32:54	Atticus	Atticus	yh]
21:35:03	Exteban	Exteban	dude
21:35:07	Exteban	Exteban	you talk too much
21:35:10	Lee Pai-Long	Lee Pai-Long	sry
21:35:17	Lee Pai-Long	Lee Pai-Long	u jump to much
21:35:17	Exteban	Exteban	btw google
21:35:24	Exteban	Exteban	rage definition
21:35:29	Exteban	Exteban	before you talk poop
21:35:32	Lee Pai-Long	Lee Pai-Long	omg
21:35:35	Lee Pai-Long	Lee Pai-Long	idc
21:35:38	Ousamu, Naruke	Ousamu, Naruke	Just a good way to level guys
21:36:11	Lee Pai-Long	Lee Pai-Long	shh
21:36:21	Exteban	Exteban	gona spar nar?
21:36:28	Lee Pai-Long	Lee Pai-Long	where u?
21:36:50	Xato	Xato	lol lvl ousamu?
21:37:52	Karmuh	Karmuh	yall some noob ass ****s
21:37:53	Exteban	Exteban	o.o
21:37:54	Lee Pai-Long	Lee Pai-Long	come for my mish
21:37:55	Karmuh	Karmuh	: )
21:38:07	SPQR	SPQR	.
21:38:25	Uchiha Rager	Uchiha Rager	it sucks but in this case if both mapmaking packets are similiar you can just remove whats not when you generate the map
21:38:33	Uchiha Rager	Uchiha Rager	easy day from there on just c/p
21:38:38	Kaguya Light	Kaguya Light	?
21:38:40	Lee Pai-Long	Lee Pai-Long	did you get one?
21:38:46	Exteban	Exteban	oh o.o
21:38:52	Xato	Xato	yes
21:38:54	Xato	Xato	wait
21:38:55	Xato	Xato	no
21:39:24	Kaguya Light	Kaguya Light	naruke are you ruthless?
21:39:31	Ousamu, Naruke	Ousamu, Naruke	No
21:39:33	Kaguya Light	Kaguya Light	ohh
21:39:37	Lee Pai-Long	Lee Pai-Long	there a mission guy in cha?
21:39:43	Xato	Xato	no
21:39:46	Lee Pai-Long	Lee Pai-Long	aww
21:39:48	Xato	Xato	ait let me get a mish
21:40:03	Ousamu, Naruke	Ousamu, Naruke	Im a capcity 
21:40:03	Uchiha Rager	Uchiha Rager	so I looked at the code and redid rebirth I think
21:40:06	Ousamu, Naruke	Ousamu, Naruke	Light
21:40:20	Kaguya Light	Kaguya Light	ohh, i knew it xD
21:40:22	Uchiha Rager	Uchiha Rager	I think ha
21:40:23	Kaguya Light	Kaguya Light	stre con?
21:40:41	Uchiha Rager	Uchiha Rager	just have to test it if I can figure out how to run a damn server
21:41:13	Exteban	Exteban	send me host and ill run
21:41:27	Uchiha Rager	Uchiha Rager	nah dont worry about it
21:41:49	Exteban	Exteban	you dont know how to use dreamdaemon?
21:41:50	Uchiha Rager	Uchiha Rager	its probably hot garbage that will break
21:42:11	Uchiha Rager	Uchiha Rager	but thats true
21:42:33	Exteban	Exteban	if your problem is dream daemon i can tell you
21:42:51	General Chime	General Chime	light did i do alot of dmg
21:42:55	General Chime	General Chime	whats your hp
21:42:59	General Chime	General Chime	half?
21:43:11	Kaguya Light	Kaguya Light	yep
21:43:19	Ousamu, Naruke	Ousamu, Naruke	Im starting missions again
21:43:21	Lee Pai-Long	Lee Pai-Long	ur mish?
21:44:38	Kaguya Light	Kaguya Light	im out
21:44:43	Kaguya Light	Kaguya Light	see you alter guys
21:44:45	Lee Pai-Long	Lee Pai-Long	cya
21:44:54	Atticus	Atticus	bye
21:45:07	Juriki	Juriki	and atti you having fun?
21:45:13	Xato	Xato	yes
21:45:15	Atticus	Atticus	never
21:45:17	Lee Pai-Long	Lee Pai-Long	where?
21:45:18	Juriki	Juriki	lol
21:45:23	Atticus	Atticus	e.e
21:45:29	Juriki	Juriki	always smile!
21:45:30	Atticus	Atticus	just killing time
21:45:33	Xato	Xato	cha to kawa
21:45:35	Juriki	Juriki	this is the new goa
21:45:39	Juriki	Juriki	no fancy stuff
21:45:39	Lee Pai-Long	Lee Pai-Long	ok
21:45:42	Atticus	Atticus	i hope 
21:45:50	Lee Pai-Long	Lee Pai-Long	make rate at least 15 then
21:45:52	General Chime	General Chime	this is the new goa
21:45:52	Lee Pai-Long	Lee Pai-Long	20 mr
21:45:55	Lee Pai-Long	Lee Pai-Long	cuz its way 2 boring
21:46:29	General Chime	General Chime	guys
21:47:05	Lee Pai-Long	Lee Pai-Long	if xato starts moving any soon
21:55:37	Atticus	Atticus	yo
21:56:29	Zix	Zix	naruke
21:56:52	Ousamu, Naruke	Ousamu, Naruke	Show me 
21:56:57	Juriki	Juriki	****
21:57:00	Juriki	Juriki	use the damn kunai!
21:57:31	Ousamu, Naruke	Ousamu, Naruke	I dont see what your talking about
21:58:01	Zix	Zix	-_-
21:58:07	Zix	Zix	nvm
21:58:56	Juriki	Juriki	...
21:58:58	Juriki	Juriki	q.q
21:59:00	Juriki	Juriki	i wanna cry
21:59:25	Juriki	Juriki	there is not slide
21:59:29	Xato	Xato	Meep
21:59:29	Juriki	Juriki	you standing still zen!
21:59:37	Xato	Xato	aww
21:59:39	Juriki	Juriki	****
21:59:51	Xato	Xato	*bugs teban*
22:03:22	Xato	Xato	what is he saiying?
22:03:57	Xato	Xato	bye bro
22:04:16	Xato	Xato	i would like to be lvl 63 again but i don&#39;t want youre help :)
22:05:16	Akimichi Soul	Akimichi Soul	i thought this wa a real goa 2
22:05:49	Ousamu, Naruke	Ousamu, Naruke	You can host?
22:05:55	Ousamu, Naruke	Ousamu, Naruke	24/7
22:06:07	General Chime	General Chime	u got mission?
22:06:10	Zix	Zix	yet
22:06:23	Ousamu, Naruke	Ousamu, Naruke	You said you can host right?
22:06:23	Deontay	Deontay	yea
22:06:29	Deontay	Deontay	i was n whisper
22:06:31	General Chime	General Chime	lemmie grab
22:07:44	Deontay	Deontay	ishi cha
22:08:06	Deontay	Deontay	not that i know of
22:08:11	General Chime	General Chime	cha ishi
22:08:14	General Chime	General Chime	do cha first
22:08:20	General Chime	General Chime	since we pass through
22:08:40	Ousamu, Naruke	Ousamu, Naruke	Edit
22:11:01	Deontay	Deontay	u doin chuunins
22:11:13	General Chime	General Chime	yea
22:11:14	Ousamu, Naruke	Ousamu, Naruke	Whose in Cha?
22:13:36	Juriki	Juriki	cha pack
22:13:43	Zenouva	Zenouva	same
22:14:51	Xato	Xato	got a kill mish
22:15:01	Xato	Xato	ishi if some1 wants it
22:15:28	Deontay	Deontay	O.O let the cha games begin
22:16:50	Juriki	Juriki	hey raditz
22:16:53	Zenouva	Zenouva	if you need help tell me.
22:16:55	Raditz	Raditz	Hi
22:17:12	Raditz	Raditz	level ?
22:17:18	Juriki	Juriki	i&#39;m owning!
22:17:20	Juriki	Juriki	21
22:17:56	Juriki	Juriki	oh sh.t
22:19:21	General Chime	General Chime	brb
22:19:39	Deontay	Deontay	kk
22:21:00	Raditz	Raditz	Juriki
22:21:18	Raditz	Raditz	Did you ever fight me in the officials goa when my battle was lvl 100 in pre update ?
22:21:24	Juriki	Juriki	yes
22:21:27	Juriki	Juriki	Senju Juriki
22:21:31	Juriki	Juriki	that was like 3 years ago
22:21:32	Raditz	Raditz	What did it feel like fighting me ?
22:21:34	Xato	Xato	hi
22:21:38	Raditz	Raditz	:/
22:21:40	Raditz	Raditz	2 years*
22:21:41	Zenouva	Zenouva	:D
22:21:47	Juriki	Juriki	ok 2 years
22:21:47	Juriki	Juriki	:P
22:21:50	Juriki	Juriki	no 3
22:21:56	Raditz	Raditz	..
22:22:02	Raditz	Raditz	I deleted raditz in 2011
22:22:06	Raditz	Raditz	december
22:22:10	Juriki	Juriki	then i used sarutobi juriki
22:22:16	Raditz	Raditz	So..
22:22:19	Raditz	Raditz	What did it feel like fighting me ?
22:22:23	Raditz	Raditz	Back then
22:22:32	Juriki	Juriki	o.o
22:22:35	Juriki	Juriki	normal
22:22:40	Juriki	Juriki	you were strong
22:22:42	Zix	Zix	Analyzed Xato: 12% Stamina -- 83% Chakra -- 77% Wounds
22:22:42	Ousamu, Naruke	Ousamu, Naruke	Raditz was way Op
22:22:42	Raditz	Raditz	Hmm
22:22:45	Zix	Zix	run to hosp
22:22:47	Zix	Zix	noob
22:22:50	Raditz	Raditz	No, I wasn&#39;t strong enough
22:22:55	Xato	Xato	hahah
22:22:57	Xato	Xato	****
22:23:01	Juriki	Juriki	lol
22:23:06	Juriki	Juriki	why you saying that?
22:23:10	Xato	Xato	this char gets str after lvl 35 ^^
22:23:13	Zix	Zix	noob
22:23:17	Zix	Zix	Im lvl 21
22:23:36	Raditz	Raditz	if it was strong i wouldn&#39;t have lost to hades or sauce in both 1v1&#39;s
22:23:50	Juriki	Juriki	but hades and sauce are strong themself
22:23:57	Raditz	Raditz	I know
22:24:00	Raditz	Raditz	But
22:24:07	Raditz	Raditz	I needed to become stronger than them
22:24:42	Juriki	Juriki	hades used 75% of jashin
22:24:45	Juriki	Juriki	to act strong
22:24:52	Juriki	Juriki	without that he would much weaker
22:25:01	Juriki	Juriki	but he still got skills
22:25:03	Juriki	Juriki	cant deny
22:25:09	Xato	Xato	for?
22:25:17	General Chime	General Chime	ready 4 another mish?
22:25:25	Deontay	Deontay	yup
22:25:27	Raditz	Raditz	somenoe fight me outside cha for a bit
22:25:29	Raditz	Raditz	fight me
22:25:31	Juriki	Juriki	i&#39;m gonna make a hyuuga
22:27:35	Deontay	Deontay	i got cha
22:28:19	General Chime	General Chime	kawa
22:28:46	Ousamu, Naruke	Ousamu, Naruke	Mattack didnt work?
22:28:47	Hyuuga Νεμεσισ	Hyuuga Νεμεσισ	my command options have attack block weapon trigger empty
22:28:56	Hyuuga Νεμεσισ	Hyuuga Νεμεσισ	and when i try to fill
22:28:56	Ousamu, Naruke	Ousamu, Naruke	Just Put A 
22:29:01	Ousamu, Naruke	Ousamu, Naruke	+REP
22:29:12	Hyuuga Νεμεσισ	Hyuuga Νεμεσισ	ik dude it refreshes and empties it
22:29:25	Ousamu, Naruke	Ousamu, Naruke	but it doesnt work at all?
22:29:30	Hyuuga Νεμεσισ	Hyuuga Νεμεσισ	no
22:29:37	Hyuuga Νεμεσισ	Hyuuga Νεμεσισ	it gives me an error sound
22:30:10	Ousamu, Naruke	Ousamu, Naruke	?
22:30:15	God Fangzz	God Fangzz	who is Owner?
22:30:21	Hyuuga Νεμεσισ	Hyuuga Νεμεσισ	i added muse to my 
22:30:23	Ousamu, Naruke	Ousamu, Naruke	Exteban
22:30:23	Hyuuga Νεμεσισ	Hyuuga Νεμεσισ	q
22:30:26	God Fangzz	God Fangzz	oo no
22:30:28	Hyuuga Νεμεσισ	Hyuuga Νεμεσισ	it doesnt work
22:30:30	God Fangzz	God Fangzz	oo Exteban
22:30:37	God Fangzz	God Fangzz	thats my ****
22:30:39	Ousamu, Naruke	Ousamu, Naruke	Idk whats going on
22:30:41	Hyuuga Νεμεσισ	Hyuuga Νεμεσισ	it says Unrecognized or inaccessible verb: muse ... 
22:30:42	Zix	Zix	Your job is to Deliver a package to Buyo who you can find at Cha no Kuni.
22:30:45	Ousamu, Naruke	Ousamu, Naruke	I cant even tell you anything 
22:30:47	Hyuuga Νεμεσισ	Hyuuga Νεμεσισ	i have never heard of this
22:30:50	Ousamu, Naruke	Ousamu, Naruke	Because ive never heard of this
22:30:52	Ousamu, Naruke	Ousamu, Naruke	lol
22:30:59	Zix	Zix	cant see the scroll?
22:31:00	God Fangzz	God Fangzz	muse?
22:31:03	Deontay	Deontay	2 kawa
22:31:07	Deontay	Deontay	?
22:31:12	Xato	Xato	hahaha
22:31:12	Raditz	Raditz	my mission is at cha
22:31:15	Xato	Xato	run!
22:31:16	Zix	Zix	go to cha
22:31:19	General Chime	General Chime	ok
22:31:32	Hyuuga Νεμεσισ	Hyuuga Νεμεσισ	muse=kunai
22:31:49	Hyuuga Νεμεσισ	Hyuuga Νεμεσισ	oh yeah i can still click them from my macros
22:32:01	General Chime	General Chime	dnt worry
22:32:07	General Chime	General Chime	im a jashin wit immortal
22:32:10	Hyuuga Νεμεσισ	Hyuuga Νεμεσισ	can you change poop from your options?
22:32:13	General Chime	General Chime	he wont kill me
22:32:13	Ousamu, Naruke	Ousamu, Naruke	macuse
22:32:15	Ousamu, Naruke	Ousamu, Naruke	my bad
22:32:19	Ousamu, Naruke	Ousamu, Naruke	macattack
22:32:22	Zix	Zix	come to me
22:32:23	Ousamu, Naruke	Ousamu, Naruke	and macuse
22:32:26	Ousamu, Naruke	Ousamu, Naruke	i think thats it
22:32:38	Ousamu, Naruke	Ousamu, Naruke	try putting .macattack
22:32:45	Hyuuga Νεμεσισ	Hyuuga Νεμεσισ	**** yeah
22:32:46	Zix	Zix	come to me
22:32:50	Ousamu, Naruke	Ousamu, Naruke	lol
22:32:53	Raditz	Raditz	come
22:32:54	Zix	Zix	you now
22:32:58	General Chime	General Chime	got him with a tag n a shuriken finish him
22:33:00	Zix	Zix	nice
22:33:00	Hyuuga Νεμεσισ	Hyuuga Νεμεσισ	fixed f
22:33:05	Raditz	Raditz	yeah
22:33:13	Ousamu, Naruke	Ousamu, Naruke	i dont know what it is for block
22:33:21	Ousamu, Naruke	Ousamu, Naruke	probably macblock though
22:33:33	Xato	Xato	hahah
22:33:38	Deontay	Deontay	xato lvl O.o
22:33:38	Xato	Xato	dont run to hosp ^^
22:33:40	General Chime	General Chime	to kawa?
22:33:42	Hyuuga Νεμεσισ	Hyuuga Νεμεσισ	attack wont work
22:33:48	Deontay	Deontay	yea
22:35:43	Xato	Xato	hahah
22:35:44	Xato	Xato	nice
22:35:46	Xato	Xato	3 vs 1
22:35:46	General Chime	General Chime	lolol
22:35:50	Raditz	Raditz	4 now
22:35:51	General Chime	General Chime	was he sleeping?
22:35:53	Xato	Xato	guess my lvl
22:35:59	General Chime	General Chime	30+
22:35:59	Deontay	Deontay	31
22:36:03	Xato	Xato	32
22:36:07	Xato	Xato	^^
22:36:09	Xato	Xato	noobs
22:36:55	General Chime	General Chime	to kaw
22:36:57	General Chime	General Chime	to kawa
22:38:56	Akimichi Zenouva	Akimichi Zenouva	squad
22:39:06	Xato	Xato	cha kill
22:39:10	Xato	Xato	whats youre lvl?
22:39:23	Akimichi Zenouva	Akimichi Zenouva	7, i just remade
22:39:28	Akimichi Zenouva	Akimichi Zenouva	u ?
22:39:35	Xato	Xato	34
22:39:36	General Chime	General Chime	:)
22:39:40	Xato	Xato	to cha
22:39:40	Akimichi Zenouva	Akimichi Zenouva	and ishi pack
22:39:55	Raditz	Raditz	nice
22:39:56	Zix	Zix	noob loggers
22:39:57	Zix	Zix	lokl
22:39:59	Zix	Zix	kiri suck
22:40:12	Xato	Xato	bot left
22:40:28	General Chime	General Chime	gf i guess :P
22:40:33	Zix	Zix	lol
22:41:05	Akimichi Zenouva	Akimichi Zenouva	no D:
22:41:11	Akimichi Zenouva	Akimichi Zenouva	no D:
22:41:21	Xato	Xato	got it?
22:41:26	Akimichi Zenouva	Akimichi Zenouva	yes
22:41:44	Zix	Zix	xd
22:41:48	Zix	Zix	waiting
22:41:52	Zix	Zix	the haku
22:41:54	Zix	Zix	?
22:43:06	Raditz	Raditz	zix level ?
22:43:11	Zix	Zix	25
22:43:19	Zix	Zix	ok
22:43:31	Raditz	Raditz	:/
22:43:37	Raditz	Raditz	My punches don&#39;t hurt you
22:43:44	Zix	Zix	so
22:43:52	Raditz	Raditz	You have high rfx ?
22:44:06	Zix	Zix	yet
22:44:14	Raditz	Raditz	Damage from wind ?
22:44:16	Kaguya Light	Kaguya Light	die !!
22:44:22	Zix	Zix	371
22:44:24	Zix	Zix	and me
22:44:25	Raditz	Raditz	hmm
22:44:29	Raditz	Raditz	again
22:45:04	Kaguya Light	Kaguya Light	wanna mish?
22:45:30	Kaguya Light	Kaguya Light	this is one of my first kaguya
22:45:34	Raditz	Raditz	Thank you
22:45:39	Kaguya Light	Kaguya Light	my build is 3 con 3 reflex, is it ok?
22:45:54	Zix	Zix	go to suna
22:45:56	Zix	Zix	for mish
22:46:13	Ousamu, Naruke	Ousamu, Naruke	come light
22:46:24	Zix	Zix	come to suna for mish
22:46:47	Xato	Xato	:P
22:46:50	Xato	Xato	yes
22:46:52	Uchiha Shine	Uchiha Shine	lul
22:46:53	Xato	Xato	f is bad
22:46:56	Xato	Xato	do a
22:47:04	Kaguya Light	Kaguya Light	??
22:47:14	Xato	Xato	ima fight and lvl
22:47:19	Xato	Xato	thats easier
22:48:30	Xato	Xato	shine
22:48:35	Xato	Xato	i only see youre hair
22:48:56	Kaguya Light	Kaguya Light	1f1ff
22:48:59	Kaguya Light	Kaguya Light	xD
22:49:01	Raditz	Raditz	:D
22:52:37	General Chime	General Chime	kawa u?
22:52:44	Xato	Xato	sup
22:52:47	Xato	Xato	ima be kage
22:52:51	Ousamu, Naruke	Ousamu, Naruke	Sup lol
22:53:16	Ruthless J	Ruthless J	where the missing ninja are i forgot whats its called
22:53:21	Ruthless J	Ruthless J	cha kill i think
22:53:32	General Chime	General Chime	package?
22:53:36	Ruthless J	Ruthless J	yeah
22:53:37	General Chime	General Chime	...
22:53:43	Ruthless J	Ruthless J	invite
22:53:50	Ruthless J	Ruthless J	join...
22:54:11	Xato	Xato	eww
22:54:15	Kaguya Light	Kaguya Light	gf you both guys
22:54:18	Xato	Xato	lol wtf
22:54:20	Xato	Xato	you can heal?
22:54:24	Kaguya Light	Kaguya Light	i was at phone in the momment you killed me xD
22:54:24	Xato	Xato	Awesome!!
22:54:27	Ousamu, Naruke	Ousamu, Naruke	DONT HAVE IT
22:54:36	Kaguya Light	Kaguya Light	i was in phone before you killed me
22:54:41	Raditz	Raditz	Oh
22:55:05	Zix	Zix	go to mish
22:55:11	Zix	Zix	go mish bro
22:55:52	Ruthless J	Ruthless J	cant find him
22:56:07	Ruthless J	Ruthless J	look for dai
22:56:23	General Chime	General Chime	come
22:56:25	General Chime	General Chime	hes here
22:56:36	General Chime	General Chime	come
22:56:53	General Chime	General Chime	come to me
22:57:07	Xato	Xato	hahah
22:57:54	Xato	Xato	xD
22:58:03	Zix	Zix	bandgae
22:58:04	Zix	Zix	lol
22:59:12	Xato	Xato	xD
22:59:16	Xato	Xato	both dead
22:59:40	Xato	Xato	lol wtf
23:00:42	Kaguya Light	Kaguya Light	xD
23:01:26	Raditz	Raditz	skittz
23:01:27	Raditz	Raditz	!
23:01:29	Raditz	Raditz	sup
23:01:30	Capacity Skittz	Capacity Skittz	sup rad
23:01:34	Capacity Skittz	Capacity Skittz	sup mii nikka
23:01:36	Capacity Skittz	Capacity Skittz	:p
23:01:47	Raditz	Raditz	all good man -ikon skittz-
23:02:15	Capacity Skittz	Capacity Skittz	right on farmer john
23:02:16	Capacity Skittz	Capacity Skittz	...
23:02:23	Raditz	Raditz	lol
23:02:26	Kaguya Light	Kaguya Light	xD
23:02:50	Ruthless J	Ruthless J	mist join up
23:03:00	Xato	Xato	we got this team..
23:03:03	Ruthless J	Ruthless J	invite me someone in mist
23:03:12	Xato	Xato	zix is worthless alone
23:03:30	Capacity Skittz	Capacity Skittz	..
23:03:48	Ruthless J	Ruthless J	all mist ill invite you guys
23:04:08	Xato	Xato	&gt;.&lt;
23:04:22	Kaguya Light	Kaguya Light	?
23:04:37	Ruthless J	Ruthless J	light join
23:04:42	Ruthless J	Ruthless J	and naruke join
23:04:54	Kaguya Light	Kaguya Light	u can invite just 2 people
23:05:36	Raditz	Raditz	zix
23:05:37	Capacity Skittz	Capacity Skittz	fixing buttons
23:05:39	Raditz	Raditz	what scroll we need ?
23:05:41	Ruthless J	Ruthless J	i got a earth
23:05:45	Zix	Zix	heaven
23:05:54	Raditz	Raditz	i have earth
23:06:00	General Chime	General Chime	got heaven lolol
23:06:03	Ruthless J	Ruthless J	i need it
23:06:14	Uchiha Shine	Uchiha Shine	Nuu
23:06:16	Zix	Zix	i have
23:06:17	Ruthless J	Ruthless J	wow
23:06:20	Zix	Zix	3 earth
23:06:25	General Chime	General Chime	go tower
23:06:44	Raditz	Raditz	You have heaevn ?
23:06:47	Raditz	Raditz	zix ?
23:06:48	General Chime	General Chime	u said you had
23:06:48	Zix	Zix	no
23:06:49	Zix	Zix	3 blue
23:06:51	Zix	Zix	i have
23:07:16	Zix	Zix	give me
23:07:18	Zix	Zix	u scroll
23:07:20	Zix	Zix	naru
23:07:20	Zix	Zix	:D
23:07:23	Ousamu, Naruke	Ousamu, Naruke	i gave mine away
23:07:29	Zix	Zix	plz
23:07:33	Ousamu, Naruke	Ousamu, Naruke	i gave mine away
23:07:35	Ousamu, Naruke	Ousamu, Naruke	i gave mine away
23:08:18	Capacity Skittz	Capacity Skittz	xato
23:08:42	Don	Don	what level is everyone?
23:11:01	Capacity Skittz	Capacity Skittz	xato
23:13:14	Capacity Skittz	Capacity Skittz	eww old kawa
23:13:16	Capacity Skittz	Capacity Skittz	Xato
23:13:19	Uchiha Shine	Uchiha Shine	OO?
23:13:25	Uchiha Shine	Uchiha Shine	To tower
23:13:30	Zix	Zix	radict
23:13:31	Zix	Zix	come
23:13:37	Zix	Zix	bom left
23:14:20	Zix	Zix	na
23:14:20	Raditz	Raditz	lego
23:14:25	Raditz	Raditz	zix
23:14:26	Raditz	Raditz	i get it
23:14:40	Kaguya Light	Kaguya Light	:)
23:16:55	Uchiha -E-	Uchiha -E-	gtfo
23:16:57	Uchiha -E-	Uchiha -E-	&gt;.&gt;
23:17:05	Nara Niika	Nara Niika	who is the kage
23:17:09	Nara Niika	Nara Niika	exte
23:17:24	Zix	Zix	hey
23:18:26	Nara Shikamura	Nara Shikamura	ya eres slvl 30[?&lt;
23:18:28	Nara Niika	Nara Niika	=o
23:18:30	Nara Niika	Nara Niika	se
23:18:33	Nara Shikamura	Nara Shikamura	ok
23:18:36	Nara Shikamura	Nara Shikamura	xD has squad
23:18:39	Nara Shikamura	Nara Shikamura	invitame
23:18:42	Nara Shikamura	Nara Shikamura	voy a comer algo y vuelvo
23:19:08	Nara Shikamura	Nara Shikamura	inv
23:19:34	Silent Assassin	Silent Assassin	kill em
23:19:39	Nara Niika	Nara Niika	accepta
23:20:39	Kaguya Light	Kaguya Light	xD zix :P
23:22:46	Nara Niika	Nara Niika	me tengo q ir shika sera otro dia
23:22:52	Hyuuga Juriki	Hyuuga Juriki	xtc
23:22:54	Hyuuga Juriki	Hyuuga Juriki	brb
23:24:30	Akimichi AntonisKun	Akimichi AntonisKun	gimmie 
23:24:54	Ruthless J	Ruthless J	?
23:25:03	Ousamu, Naruke	Ousamu, Naruke	Can you host 24/7 without lag?
23:25:08	Ruthless J	Ruthless J	yup
23:25:23	Akimichi AntonisKun	Akimichi AntonisKun	exte o.o
23:25:45	Ousamu, Naruke	Ousamu, Naruke	He siad he can host
23:25:48	Ousamu, Naruke	Ousamu, Naruke	24/7
23:26:01	Kaguya Light	Kaguya Light	naruke could you summon me? xD in in kooha please
23:26:01	Ousamu, Naruke	Ousamu, Naruke	I was gonna give him a warning lol
23:26:16	Ruthless J	Ruthless J	for what?
23:26:37	Uchiha -E-	Uchiha -E-	you can host 24/7 with no lag?
23:26:44	Ruthless J	Ruthless J	yes
23:26:54	Ousamu, Naruke	Ousamu, Naruke	Give him a test run
23:26:59	Ousamu, Naruke	Ousamu, Naruke	Or something
23:27:35	Uchiha -E-	Uchiha -E-	hmm
23:27:36	Ruthless J	Ruthless J	i love this game so i want it to be 24/7
23:27:45	Uchiha -E-	Uchiha -E-	how much MB is your net?
23:28:18	Ruthless J	Ruthless J	54
23:28:20	Ousamu, Naruke	Ousamu, Naruke	Exteban Aggripec needs start levels
23:28:35	Kaguya Light	Kaguya Light	do you already have squad?
23:28:49	Ortewix	Ortewix	grab
23:28:50	Kaguya Light	Kaguya Light	xD this is my first kaguya :D
23:28:57	Ortewix	Ortewix	i love kaguya&#39;s
23:29:02	Ortewix	Ortewix	bone sword op
23:29:08	Uchiha -E-	Uchiha -E-	hmm
23:29:09	Kaguya Light	Kaguya Light	btw, if you do chunnin exam, be carefull you lost targets
23:29:16	Kaguya Light	Kaguya Light	and it could happend what happend to me
23:29:17	Ortewix	Ortewix	mhmm
23:29:17	Uchiha -E-	Uchiha -E-	btw naruke any lags till now?
23:29:25	Ortewix	Ortewix	Deon
23:29:25	Ousamu, Naruke	Ousamu, Naruke	Ive been fine
23:29:30	Akimichi Sax	Akimichi Sax	kill me
23:29:31	Ortewix	Ortewix	U got mission?
23:29:31	Ruthless J	Ruthless J	same
23:29:35	Uchiha -E-	Uchiha -E-	100mb net ftw|
23:29:37	Uchiha -E-	Uchiha -E-	!*
23:29:39	Deontay	Deontay	yea cha
23:29:45	Ortewix	Ortewix	you light?
23:29:50	Kaguya Light	Kaguya Light	Your job is to track down Izanami who you can find at Kawa no Kuni and kill him.
23:29:53	Deontay	Deontay	sorry i mean kawa &gt;&gt;&lt;
23:29:53	Akimichi Sax	Akimichi Sax	you will play it Oscar?
23:29:58	Kaguya Light	Kaguya Light	zix will win
23:29:59	Ortewix	Ortewix	ok kawa then
23:30:00	Uchiha Shine	Uchiha Shine	Yeah.
23:30:01	Akimichi Sax	Akimichi Sax	ggoogo kill me
23:30:02	Ortewix	Ortewix	ishi
23:30:04	Kaguya Light	Kaguya Light	raditz is weak xD
23:30:06	Akimichi Sax	Akimichi Sax	aa
23:30:10	Ortewix	Ortewix	gogo
23:30:16	Akimichi Sax	Akimichi Sax	go kill me
23:30:54	Uchiha -E-	Uchiha -E-	hmm k
23:31:15	Uchiha -E-	Uchiha -E-	J important thing
23:31:18	Uchiha -E-	Uchiha -E-	your active?
23:31:22	Ruthless J	Ruthless J	yup
23:31:34	Akimichi AntonisKun	Akimichi AntonisKun	funny
23:31:51	Ruthless J	Ruthless J	im always active
23:31:53	Uchiha -E-	Uchiha -E-	hmm k
23:32:12	Ortewix	Ortewix	guys..
23:32:16	Kaguya Light	Kaguya Light	deontay
23:32:19	Ortewix	Ortewix	lets train hard and run this poop!
23:32:24	Kaguya Light	Kaguya Light	:)
23:32:30	Deontay	Deontay	here
23:32:53	Ortewix	Ortewix	ishi
23:32:57	Deontay	Deontay	i should hav done c rank
23:33:00	Uchiha -E-	Uchiha -E-	ok J
23:33:07	Ruthless J	Ruthless J	?
23:33:10	Uchiha -E-	Uchiha -E-	imma add you on byond
23:33:15	Jur	Jur	protect me
23:33:18	Akimichi AntonisKun	Akimichi AntonisKun	gimmie
23:33:20	Uchiha -E-	Uchiha -E-	imma try to fix a bug i found in saves
23:33:38	Akimichi AntonisKun	Akimichi AntonisKun	wth why are you letting me die
23:33:43	Akimichi AntonisKun	Akimichi AntonisKun	we are leafies!
23:33:58	Akimichi AntonisKun	Akimichi AntonisKun	heal!
23:34:02	Ruthless J	Ruthless J	do i get to become a jounin if i host as a award for hosting 24/7?
23:34:02	Uchiha -E-	Uchiha -E-	ok
23:34:09	Jur	Jur	lol
23:34:12	Jur	Jur	dont have heal
23:34:13	Akimichi AntonisKun	Akimichi AntonisKun	what a slut
23:34:18	Uchiha -E-	Uchiha -E-	sry ranks are up to kage
23:34:30	Ruthless J	Ruthless J	we have no kages
23:34:33	Uchiha -E-	Uchiha -E-	the max i can do is give you 15 level boost
23:34:39	Uchiha -E-	Uchiha -E-	we will have kage after chuunins
23:34:58	Ruthless J	Ruthless J	wouldnt i be a kage since im hosting everything?
23:35:24	Ruthless J	Ruthless J	idc about kage as long as im not a genin you know
23:35:33	Nara Shikamura	Nara Shikamura	antoni
23:35:37	Uchiha -E-	Uchiha -E-	so you want to be kage
23:35:38	Akimichi AntonisKun	Akimichi AntonisKun	hey
23:35:39	Kaguya Light	Kaguya Light	raditz won :O
23:35:39	Jur	Jur	...
23:35:40	Nara Shikamura	Nara Shikamura	sup
23:35:43	Deontay	Deontay	where 2 guys O&gt;o
23:35:44	Ortewix	Ortewix	:O
23:35:44	Nara Shikamura	Nara Shikamura	do squad?
23:35:46	Akimichi AntonisKun	Akimichi AntonisKun	nm
23:35:50	Ortewix	Ortewix	cha dojo?
23:35:51	Akimichi AntonisKun	Akimichi AntonisKun	ill inv
23:35:58	Shine Hoshigaki	Shine Hoshigaki	To Dojo we go!
23:36:01	Uchiha -E-	Uchiha -E-	heres the deal
23:36:04	Ruthless J	Ruthless J	yes that would be great but if no im ok
23:36:05	Deontay	Deontay	? kk
23:36:08	Ruthless J	Ruthless J	with it
23:36:09	Kaguya Light	Kaguya Light	lets to kiri dojo no? when we can do a mission again do it
23:36:11	Uchiha -E-	Uchiha -E-	you become Mizukage
23:36:16	Ruthless J	Ruthless J	ok
23:36:17	Ortewix	Ortewix	kk
23:36:20	Uchiha -E-	Uchiha -E-	but at 1st abuse of any verb
23:36:24	Uchiha -E-	Uchiha -E-	you get demoted
23:36:29	Ruthless J	Ruthless J	yes sir
23:37:06	Kaguya Agrippec	Kaguya Agrippec	mr
23:37:13	Raditz	Raditz	I am kage
23:37:24	Akimichi AntonisKun	Akimichi AntonisKun	shika grab
23:37:56	Akimichi AntonisKun	Akimichi AntonisKun	accept squad
23:38:02	Shine Hoshigaki	Shine Hoshigaki	I am not missioning.
23:38:07	Akimichi AntonisKun	Akimichi AntonisKun	why not
23:38:19	Shine Hoshigaki	Shine Hoshigaki	Cause I don&#39;t want to
23:38:40	Akimichi AntonisKun	Akimichi AntonisKun	shika grabbed?
23:38:41	Uchiha -E-	Uchiha -E-	ok, imma fix this and imma send your file with you as kage
23:38:50	Ruthless J	Ruthless J	ok
23:39:04	Raditz	Raditz	skittz
23:39:06	Ortewix	Ortewix	xD
23:39:08	Nara Shikamura	Nara Shikamura	Your job is to Escort Buyo who you can find at Cha no Kuni, to Ishi no Kuni. 
23:39:11	Raditz	Raditz	Grab a d rank
23:39:12	Kaguya Light	Kaguya Light	hehe
23:39:13	Raditz	Raditz	they give you 3k
23:39:15	Ortewix	Ortewix	im not used to this
23:39:16	Akimichi AntonisKun	Akimichi AntonisKun	ishi pack
23:39:20	Kaguya Light	Kaguya Light	xD
23:39:22	Ikon Skittz	Ikon Skittz	one sec
23:39:27	Raditz	Raditz	lol
23:39:28	Ikon Skittz	Ikon Skittz	gotta change buttons
23:39:29	Raditz	Raditz	zix is mad
23:39:36	Nara Shikamura	Nara Shikamura	wait in ishi
23:39:50	Kaguya Light	Kaguya Light	xD
23:39:56	Ortewix	Ortewix	xD
23:40:10	Ikon Skittz	Ikon Skittz	k can you rank me up?
23:40:52	Ikon Skittz	Ikon Skittz	cha pack waht you got?
23:41:05	Raditz	Raditz	..
23:41:08	Raditz	Raditz	suna ninja
23:41:55	Raditz	Raditz	Man 
23:41:59	Raditz	Raditz	these are oped
23:42:30	Ikon Skittz	Ikon Skittz	cha pack you comin?
23:42:34	Raditz	Raditz	sure
23:44:21	Ikon Skittz	Ikon Skittz	come
23:44:32	Ruthless J	Ruthless J	&lt;-- prob new host
23:44:32	Akimichi AntonisKun	Akimichi AntonisKun	come
23:44:39	Ousamu, Naruke	Ousamu, Naruke	nice
23:44:49	Akimichi AntonisKun	Akimichi AntonisKun	k that was some exp
23:44:56	Nara Shikamura	Nara Shikamura	k
23:45:02	Raditz	Raditz	guys
23:45:05	Raditz	Raditz	I can&#39;t give you factions
23:45:34	Kaguya Light	Kaguya Light	you have to add reflex to get good str
23:45:40	Raditz	Raditz	If i givey you a faction it deletes your character, so until further notice of this problem being fixed i can&#39;t invite no one
23:45:56	Silent Assassin	Silent Assassin	gawd
23:46:00	Wawa therapper	Wawa therapper	is this the new server
23:46:52	Kaguya Light	Kaguya Light	:)
23:46:56	Ortewix	Ortewix	XD Shunshin is not affective
23:47:10	Nara Shikamura	Nara Shikamura	e
23:47:19	Nara Shikamura	Nara Shikamura	join to you squad plz&lt;
23:47:22	Kaguya Light	Kaguya Light	not at all
23:47:24	Ortewix	Ortewix	xD
23:47:32	Silent Assassin	Silent Assassin	leave je village ossy
23:49:09	Raditz	Raditz	silent
23:49:11	Raditz	Raditz	skittz
23:49:12	Raditz	Raditz	come
23:49:14	Raditz	Raditz	to me
23:49:32	Akimichi AntonisKun	Akimichi AntonisKun	ishi to cha
23:49:54	Raditz	Raditz	you guys get it ?
23:50:05	Silent Assassin	Silent Assassin	yes
23:50:06	Shine Hoshigaki	Shine Hoshigaki	Raditz, Invite a ngga.
23:50:24	Akimichi AntonisKun	Akimichi AntonisKun	shika grab?
23:50:27	Raditz	Raditz	Hmm
23:50:30	Raditz	Raditz	And who may you be ?
23:50:38	Nara Shikamura	Nara Shikamura	hmm wait
23:50:40	Shine Hoshigaki	Shine Hoshigaki	Are you going to Invite me Yes or No?
23:50:52	Raditz	Raditz	I don&#39;t mind since this village has no rules yet
23:50:52	Silent Assassin	Silent Assassin	raditz invite shine
23:50:52	Nara Shikamura	Nara Shikamura	im fight
23:50:56	Shine Hoshigaki	Shine Hoshigaki	^^
23:50:58	Akimichi AntonisKun	Akimichi AntonisKun	k
23:51:06	Nara Shikamura	Nara Shikamura	i wait in cha
23:51:06	Silent Assassin	Silent Assassin	to village
23:51:07	Kaguya Light	Kaguya Light	the winner of last chunnin got kage xD
23:51:21	Akimichi AntonisKun	Akimichi AntonisKun	ishi to cha
23:51:37	Ikon Skittz	Ikon Skittz	can you rank me up Rad?
23:51:38	Deontay	Deontay	wat 4 real
23:51:43	Deontay	Deontay	lol
23:51:44	Nara Shikamura	Nara Shikamura	bottom left... cha
23:51:54	Kaguya Light	Kaguya Light	yeah , and some sunnas guys are annoying
23:51:55	Akimichi AntonisKun	Akimichi AntonisKun	mission?
23:52:03	Akimichi AntonisKun	Akimichi AntonisKun	wait ill bring my escort
23:52:03	Nara Shikamura	Nara Shikamura	no i weait bottom left cha
23:52:04	Kaguya Light	Kaguya Light	that kage was already beaten for one genninx D
23:52:04	Nara Shikamura	Nara Shikamura	ok?
23:52:10	Raditz	Raditz	silent
23:52:11	Akimichi AntonisKun	Akimichi AntonisKun	il come from ishi
23:52:13	Akimichi AntonisKun	Akimichi AntonisKun	kk
23:52:14	Silent Assassin	Silent Assassin	?
23:52:17	Raditz	Raditz	But once exteban fixes the bug
23:52:22	Raditz	Raditz	I will give you your faction
23:52:26	Silent Assassin	Silent Assassin	aiit
23:52:45	Deontay	Deontay	Light you dont hav any str do u
23:52:48	Ikon Skittz	Ikon Skittz	so waht about my request?
23:52:50	Raditz	Raditz	hmm
23:52:51	Kaguya Light	Kaguya Light	no i dont
23:52:58	Raditz	Raditz	What was it skittz ?
23:52:59	Ruthless J	Ruthless J	bring people
23:53:03	Kaguya Light	Kaguya Light	i have to buy chacra scalpe :s
23:53:15	Ikon Skittz	Ikon Skittz	Ikon Skittz says: can you rank me up Rad?
23:53:22	Raditz	Raditz	:/
23:53:23	Ruthless, Shikyo	Ruthless, Shikyo	man idk if anyone wants to cap
23:53:26	Raditz	Raditz	Get chunin first skittz
23:53:48	Ikon Skittz	Ikon Skittz	aff
23:54:11	Ruthless, Shikyo	Ruthless, Shikyo	wanna just mish J?
23:54:16	Ruthless J	Ruthless J	nope
23:54:23	Silent Assassin	Silent Assassin	going to suna gate
23:54:23	Ruthless, Shikyo	Ruthless, Shikyo	Lol get some ppl to cap den
23:54:28	Silent Assassin	Silent Assassin	still have that cha nerve
23:54:36	Ikon Skittz	Ikon Skittz	wait for me
23:54:39	Ortewix	Ortewix	xD
23:54:40	Silent Assassin	Silent Assassin	aiit
23:54:43	Kaguya Light	Kaguya Light	:s
23:54:49	Ruthless J	Ruthless J	tell me how much dmg
23:54:59	Ruthless J	Ruthless J	?
23:54:59	Ruthless, Shikyo	Ruthless, Shikyo	1.6k
23:55:04	Ruthless, Shikyo	Ruthless, Shikyo	Niice
23:55:10	Agrippec	Agrippec	****c kage already &gt;&lt;
23:55:24	Ruthless J	Ruthless J	dmg?
23:55:25	Ruthless, Shikyo	Ruthless, Shikyo	1.7k
23:55:28	Ruthless, Shikyo	Ruthless, Shikyo	now stop
23:55:29	Ruthless J	Ruthless J	k good
23:55:32	Ruthless J	Ruthless J	i know i k,now
23:55:35	Ruthless, Shikyo	Ruthless, Shikyo	Lol
23:55:44	Ortewix	Ortewix	gfgf
23:55:46	Ruthless, Shikyo	Ruthless, Shikyo	wierd moves for a ruthy to have
23:55:47	Kaguya Light	Kaguya Light	xD
23:55:53	Ruthless, Shikyo	Ruthless, Shikyo	They dont really help yur boost
23:56:01	Deontay	Deontay	Gendou who you can find at Ishi no Kuni and kill him.
23:56:04	Ruthless J	Ruthless J	i know
23:56:19	Ikon Skittz	Ikon Skittz	kawa pack
23:56:21	Ortewix	Ortewix	brb
23:56:24	Kaguya Light	Kaguya Light	ok
23:56:34	Raditz	Raditz	cha pack
23:56:35	Kaguya Light	Kaguya Light	call me when you back
23:56:40	Silent Assassin	Silent Assassin	kawa ishi escort
23:56:44	Raditz	Raditz	silent tell your bro if he wants to join
23:56:48	Silent Assassin	Silent Assassin	ossy
23:56:51	Silent Assassin	Silent Assassin	ossy
23:56:58	Silent Assassin	Silent Assassin	troll
23:57:02	Raditz	Raditz	lol
23:57:13	Nara Shikamura	Nara Shikamura	antoni ask him if he can invite to uchiha E your squad
23:57:30	Akimichi AntonisKun	Akimichi AntonisKun	what?
23:57:31	Ruthless J	Ruthless J	ima go mish
23:57:36	Kaguya Light	Kaguya Light	:p
23:57:36	Zix	Zix	que maldita
23:57:38	Zix	Zix	rabia tengo
23:57:39	Ruthless, Shikyo	Ruthless, Shikyo	kk ill mett you there
23:57:41	Kaguya Light	Kaguya Light	xDxD
23:57:47	Zix	Zix	como quisiera ir con 3 mas
23:57:52	Kaguya Light	Kaguya Light	yo queria pelear contra radiz de primero :(
23:57:53	Zix	Zix	y patearle el tracero
23:57:58	Zix	Zix	el es una mierda
23:58:00	Nara Shikamura	Nara Shikamura	Ask us uchiha e invite your squad
23:58:01	Zix	Zix	la vdd
23:58:05	Kaguya Light	Kaguya Light	ya habra otro chunnin
23:58:05	Zix	Zix	lamento haberte
23:58:08	Zix	Zix	matado
23:58:08	Silent Assassin	Silent Assassin	lazy
23:58:20	Akimichi AntonisKun	Akimichi AntonisKun	nice now ill escape
23:58:21	Raditz	Raditz	he isn&#39;t coming ?
23:58:21	Kaguya Light	Kaguya Light	haha no hay problema ;)
23:58:25	Silent Assassin	Silent Assassin	nope
23:58:28	Raditz	Raditz	ok
23:58:29	Ikon Skittz	Ikon Skittz	wait let me get mii youth :p
23:58:29	Kaguya Light	Kaguya Light	ya seras chunnin y mira como peudes ser kage :)
23:58:30	Silent Assassin	Silent Assassin	he lazy
23:58:31	Ruthless, Shikyo	Ruthless, Shikyo	ishi machi, you?
23:58:32	Raditz	Raditz	to ikon
23:58:34	Silent Assassin	Silent Assassin	troll
23:58:35	Ruthless J	Ruthless J	kill cha
23:58:37	Raditz	Raditz	kawwa
23:58:50	Ruthless, Shikyo	Ruthless, Shikyo	make sure you dont do it till im on the screen
23:59:03	Zix	Zix	si
23:59:06	Zix	Zix	pero neceisto dinero
23:59:11	Kaguya Light	Kaguya Light	has misiones
23:59:14	Zix	Zix	no puedo
23:59:16	Zix	Zix	soy missing
23:59:20	Kaguya Light	Kaguya Light	por?
23:59:27	Kaguya Light	Kaguya Light	&gt;.&gt;
