00:11:57	Konoha	Fire	a
00:13:30	Konoha	Fire	im tired af
00:13:34	Konoha	Fire	&lt;--factions work!
00:13:38	Kiri	Ousamu, Naruke	OP!
00:13:48	Kiri	Ousamu, Naruke	Did you win
00:13:53	Kiri	Ousamu, Naruke	YOu aint answer meh earlier
00:23:50	Kiri	Ousamu, Naruke	I am Mizukage
00:24:29	Konoha	Ousamu, Naruke	.
01:06:21	Konoha	Ousamu, Naruke	IM the new HOkage
01:06:28	Konoha	Ousamu, Naruke	Oh not anymore
01:06:41	Konoha	Fire	&gt;.&gt;
01:06:59	Konoha	Ousamu, Naruke	Pssh
01:07:12	Konoha	Fire	o.o
01:07:15	Konoha	Fire	naruke
01:07:18	Konoha	Ousamu, Naruke	?
01:07:19	Konoha	Fire	i was testing something
01:07:25	Konoha	Ousamu, Naruke	Oh for factions
01:07:29	Konoha	Fire	lemme reboot with that faction
01:07:33	Konoha	Ousamu, Naruke	kk
01:07:37	Konoha	Fire	see if its totally fixed
01:07:41	Konoha	Fire	rebooting
01:07:49	Konoha	Ousamu, Naruke	SQuAD
01:10:00	Konoha	Ousamu, Naruke	Success
01:10:07	Konoha	Ousamu, Naruke	Im still in the happy Squad!
01:10:45	Konoha	Ousamu, Naruke	Hi
01:10:52	Konoha	Ousamu, Naruke	Me in the Gey
01:10:55	Konoha	Ousamu, Naruke	Squad
01:11:07	Konoha	Ousamu, Naruke	I stand behind boys
01:11:13	Konoha	Ousamu, Naruke	Cause im in the Gey Squad
01:11:52	Konoha	Fire	WYF
01:11:56	Konoha	Fire	GTFO
01:12:01	Konoha	Fire	SERIOUSLY
01:12:55	Konoha	Ousamu, Naruke	What happened?
01:13:23	Konoha	Fire	test wounds
01:13:25	Konoha	Fire	o.o
01:13:42	Konoha	Ousamu, Naruke	Aj
01:14:40	Konoha	Ousamu, Naruke	What you do to meh
01:28:06	Konoha	Ousamu, Naruke	SQUAD
01:29:40	Konoha	Fire	you can leave that you know
01:30:18	Konoha	Fire	omfg
01:30:57	Konoha	Fire	after reboot
01:31:02	Konoha	Fire	tell me if you see
01:31:07	Konoha	Fire	something like
01:31:18	Konoha	Fire	var_dump(usedrespec)
01:31:24	Konoha	Fire	or usedrespec=1
01:31:28	Konoha	Fire	or usedrespec=0
01:31:29	Konoha	Ousamu, Naruke	kk
