21:38:14	MasterTai	T	T	a
21:39:00	MasterTai	T	T	xD op
21:41:19	MasterTai	T	T	lol
21:41:44	MasterTai	T	T	anyone want vs?
21:56:50	MasterTai	T	T	lol you no die?
22:20:50	e5665e	SSJ, Zenouva	SSJ, Zenouva	YA
22:48:58	Just 1 	Fire Lee	Fire Lee	didnt think i good get a rank cuz im just a genin
22:53:24	Just 1 	Fire Lee	Fire Lee	np
22:53:43	Just 1 	Fire Lee	Fire Lee	k
23:17:06	/squad	Fire Lee	Fire Lee	i hate
23:17:16	/squad	Fire Lee	Fire Lee	u white ppl
23:17:33	/squad	Fire Lee	Fire Lee	o.O
23:17:44	/squad	Fire Lee	Fire Lee	uk tre
23:18:07	/squad	Fire Lee	Fire Lee	kk
23:18:17	/squad	Fire Lee	Fire Lee	o
23:18:21	/squad	Fire Lee	Fire Lee	HE IS AWSOME
23:18:32	/squad	Fire Lee	Fire Lee	lol uk itz me right 
23:18:53	/squad	Fire Lee	Fire Lee	yea kinda figured that so what r you gone be?
23:19:12	/squad	Fire Lee	Fire Lee	ahh i mean what clan r u?
23:19:26	/squad	Fire Lee	Fire Lee	wich non clan
23:20:02	/squad	Fire Lee	Fire Lee	o well
23:20:11	/squad	Fire Lee	Fire Lee	tell me when your done wit sats n skills 
23:20:45	/squad	Fire Lee	Fire Lee	lol gotta click the blue thing
23:21:15	/squad	Fire Lee	Fire Lee	hold on
