22:35:41	Konoha	Nara M4CHiiN3	o
22:35:47	Konoha	Maito Gai	o.O
22:35:53	Konoha	Nara M4CHiiN3	i new it 
22:35:54	Konoha	Nara M4CHiiN3	no lag
22:37:00	Konoha	Nara M4CHiiN3	you planning on making this game go up 
22:37:07	Konoha	Maito Gai	idk
22:37:08	Konoha	Nara M4CHiiN3	or just going to be a project.
22:37:18	Konoha	Nara M4CHiiN3	if it does go up ill look after it 
22:37:21	Konoha	Maito Gai	it has been up before
22:37:23	Konoha	Nara M4CHiiN3	i know you will be on official
22:37:35	Konoha	Maito Gai	last time it was on
22:37:42	Konoha	Maito Gai	had 80 players
22:37:46	Konoha	Nara M4CHiiN3	serious
22:37:47	Konoha	Maito Gai	cus i made cap 80
22:37:49	Konoha	Maito Gai	xD
22:37:54	Konoha	Nara M4CHiiN3	:P
22:38:04	Konoha	Maito Gai	if i has put 100 would have got 100 probably
22:38:14	Konoha	Nara M4CHiiN3	nice then ?
22:38:17	Konoha	Nara M4CHiiN3	let&#39;s do it...
22:38:21	Konoha	Nara M4CHiiN3	me + you.
22:38:22	Konoha	Nara M4CHiiN3	O.O
22:38:31	Konoha	Nara M4CHiiN3	ill re-map
22:38:33	Konoha	Nara M4CHiiN3	everything.
22:38:43	Konoha	Maito Gai	o.O
22:38:46	Konoha	Nara M4CHiiN3	o.O
22:38:51	Konoha	Nara M4CHiiN3	got half of it done already.
22:38:58	Konoha	Maito Gai	kk
22:39:05	Konoha	Nara M4CHiiN3	well i guess so
22:39:36	Konoha	Nara M4CHiiN3	&lt; levels.
22:39:37	Konoha	Nara M4CHiiN3	d
22:39:51	Konoha	Maito Gai	here everything works
22:39:53	Konoha	Maito Gai	caps
22:39:55	Konoha	Maito Gai	info cards
22:39:59	Konoha	Maito Gai	factions
22:40:01	Konoha	Maito Gai	etc
22:40:05	Konoha	Nara M4CHiiN3	very good.
22:40:13	Konoha	Nara M4CHiiN3	at what level does rate change
22:40:18	Konoha	Maito Gai	30
22:40:21	Konoha	Maito Gai	20*
22:40:26	Konoha	Nara M4CHiiN3	to 25?
22:40:30	Konoha	Maito Gai	yh
22:40:40	Konoha	Nara M4CHiiN3	bit low at that point.
22:40:50	Konoha	Maito Gai	missiong got 5 mins cd
22:40:55	Konoha	Nara M4CHiiN3	oh i see.
22:40:59	Konoha	Nara M4CHiiN3	people to lazy.
22:41:05	Konoha	Nara M4CHiiN3	but some will
22:41:18	Konoha	Maito Gai	yh
22:41:30	Konoha	Nara M4CHiiN3	We should make faction points go to good use. ?
22:41:51	Konoha	Maito Gai	hmm sure
22:42:02	Konoha	Maito Gai	decap gotta be bough with fac points
22:42:06	Konoha	Maito Gai	byond member poop
22:42:06	Konoha	Nara M4CHiiN3	^ 
22:42:08	Konoha	Nara M4CHiiN3	Perfect.
22:42:16	Konoha	Nara M4CHiiN3	&lt;&lt; hhehe faction.
22:42:46	Konoha	Maito Gai	JAJAJA
22:42:49	Konoha	Nara M4CHiiN3	o.o
22:42:52	Konoha	Nara M4CHiiN3	QQ
22:43:03	Konoha	Maito Gai	Rank: Elite Jounin, S-level 
22:43:13	Konoha	Maito Gai	Missions: 0 S, 2671 A, 1624 B, 873 C, 587 D 
22:43:17	Konoha	Nara M4CHiiN3	O.O
22:43:23	Konoha	Nara M4CHiiN3	wow
22:43:27	Konoha	Nara M4CHiiN3	did you actully mish
22:43:27	Konoha	Maito Gai	yh i actually trained this char
22:43:27	Konoha	Nara M4CHiiN3	:/
22:43:31	Konoha	Nara M4CHiiN3	LMAO
22:43:32	Konoha	Nara M4CHiiN3	you pro
22:43:40	Konoha	Maito Gai	this isnt my only char
22:43:41	Konoha	Maito Gai	lol
22:43:44	Konoha	Nara M4CHiiN3	O.o
22:43:55	Konoha	Uchiha -E-	^^
22:43:59	Konoha	Nara M4CHiiN3	:D
22:44:04	Konoha	Uchiha -E-	Missions: 0 S, 3150 A, 1658 B, 517 C, 961 D 
22:44:08	Konoha	Nara M4CHiiN3	lmao
22:44:10	Konoha	Nara M4CHiiN3	the hell
22:44:15	Konoha	Nara M4CHiiN3	you got alot of time
22:44:24	Konoha	Uchiha -E-	it was when the game was up
22:44:29	Konoha	Nara M4CHiiN3	Speaking to medz the other day
22:44:30	Konoha	Uchiha -E-	we all missioned together
22:44:30	Konoha	Nara M4CHiiN3	O.O
22:48:00	Konoha	Uchiha -E-	wanna show you sum
22:48:06	Konoha	Nara M4CHiiN3	k
22:48:12	Konoha	Uchiha -E-	did when i was bored xD
22:48:23	Konoha	Nara M4CHiiN3	oddod
22:49:21	Konoha	Uchiha -E-	im so used to officials now
22:49:23	Konoha	Uchiha -E-	&gt;,&lt;
22:49:24	Konoha	Nara M4CHiiN3	should make a jutsu
22:49:25	Konoha	Nara M4CHiiN3	called
22:49:31	Konoha	Nara M4CHiiN3	self rezeruction
22:49:36	Konoha	Nara M4CHiiN3	reserection * 
22:49:41	Konoha	Nara M4CHiiN3	what ever it&#39;s spelt
22:49:46	Konoha	Uchiha -E-	resurection?
22:49:51	Konoha	Nara M4CHiiN3	mhm
22:49:53	Konoha	Nara M4CHiiN3	sacrifice.
22:50:16	Konoha	Uchiha -E-	die plz
22:50:27	Konoha	Nara M4CHiiN3	o.o
22:50:48	Konoha	Nara M4CHiiN3	lol
22:50:57	Konoha	Uchiha -E-	ooh
22:50:59	Konoha	Nara M4CHiiN3	what was that
22:51:00	Konoha	Nara M4CHiiN3	o.o
22:51:00	Konoha	Uchiha -E-	its bugged
22:51:01	Konoha	Uchiha -E-	QQ
22:51:04	Konoha	Uchiha -E-	was edo tensei
22:51:08	Konoha	Nara M4CHiiN3	oh i see.
22:51:10	Konoha	Nara M4CHiiN3	cool
22:51:13	Konoha	Uchiha -E-	dont remember bugging it
22:51:15	Konoha	Uchiha -E-	AFF
22:51:21	Konoha	Nara M4CHiiN3	Lol
22:51:25	Konoha	Uchiha -E-	imma just use hashirama
22:51:36	Konoha	Nara M4CHiiN3	oo
22:52:03	Konoha	Nara M4CHiiN3	wow
22:52:06	Konoha	Nara M4CHiiN3	very very nice
22:52:24	Konoha	Uchiha -E-	omfg
22:52:25	Konoha	Nara M4CHiiN3	thats a good idea
22:52:27	Konoha	Nara M4CHiiN3	actully
22:52:29	Konoha	Uchiha -E-	whats wrong with this source
22:52:34	Konoha	Nara M4CHiiN3	lool
22:52:46	Konoha	Nara M4CHiiN3	give kages tat
22:52:53	Konoha	Nara M4CHiiN3	that as a hidden jutsu
22:54:03	Konoha	Uchiha -E-	omfg im sure this is the right source
22:54:07	Konoha	Uchiha -E-	wtf is happening
22:54:54	Konoha	Nara M4CHiiN3	o.o
22:54:58	Konoha	Nara M4CHiiN3	whats wrong?
22:55:06	Konoha	Uchiha -E-	spam://ww.byond.com/games/NUStaff/NarutoUniverse
22:55:12	Konoha	Uchiha -E-	see know that game?
22:55:17	Konoha	Uchiha -E-	you*
22:55:33	Konoha	Nara M4CHiiN3	huh?
22:55:40	Konoha	Uchiha -E-	that game ^
22:55:45	Konoha	Nara M4CHiiN3	yh.
22:55:52	Konoha	Uchiha -E-	you know it?
22:56:00	Konoha	Nara M4CHiiN3	nope
22:56:08	Konoha	Uchiha -E-	check the images
22:56:13	Konoha	Uchiha -E-	see if you like
22:56:39	Konoha	Nara M4CHiiN3	looks good.
22:56:46	Konoha	Uchiha -E-	i have the source :o
22:56:51	Konoha	Nara M4CHiiN3	oo
22:56:54	Konoha	Uchiha -E-	xD
22:56:54	Konoha	Nara M4CHiiN3	WEALLY.
22:56:57	Konoha	Uchiha -E-	yh
22:57:05	Konoha	Nara M4CHiiN3	use it...
22:57:06	Konoha	Nara M4CHiiN3	:/
22:57:12	Konoha	Nara M4CHiiN3	do i need to tell you everything
22:57:12	Konoha	Nara M4CHiiN3	QQ
22:57:14	Konoha	Uchiha -E-	LAZY
22:57:19	Konoha	Uchiha -E-	D:
22:57:20	Konoha	Nara M4CHiiN3	im done.
22:57:22	Konoha	Nara M4CHiiN3	D:
22:57:24	Konoha	Uchiha -E-	and its far from done
22:57:26	Konoha	Uchiha -E-	xD
22:57:39	Konoha	Nara M4CHiiN3	it&#39;s i was alble to code like you in perfection
22:57:46	Konoha	Nara M4CHiiN3	the things i would do
22:57:48	Konoha	Nara M4CHiiN3	&gt;.&gt;
22:57:52	Konoha	Uchiha -E-	xD
22:58:02	Konoha	Nara M4CHiiN3	Learn coding in school
22:58:03	Konoha	Nara M4CHiiN3	?
22:58:05	Konoha	Nara M4CHiiN3	C++ ?
22:58:11	Konoha	Uchiha -E-	nuh
22:58:16	Konoha	Nara M4CHiiN3	o.o
22:58:18	Konoha	Nara M4CHiiN3	where.
22:58:19	Konoha	Uchiha -E-	all i know learned alone
22:58:26	Konoha	Nara M4CHiiN3	O.O
22:58:27	Konoha	Nara M4CHiiN3	nice
22:58:30	Konoha	Nara M4CHiiN3	from where though
22:58:33	Konoha	Nara M4CHiiN3	how long.
22:58:38	Konoha	Uchiha -E-	2 weeks
22:58:41	Konoha	Uchiha -E-	internet
22:58:44	Konoha	Nara M4CHiiN3	Lier.
22:58:48	Konoha	Nara M4CHiiN3	2 weeks
22:58:49	Konoha	Nara M4CHiiN3	the hell
22:58:51	Konoha	Nara M4CHiiN3	show me 
22:58:54	Konoha	Nara M4CHiiN3	QQ
22:59:08	Konoha	Uchiha -E-	i learned the basics in 2 weeks
22:59:19	Konoha	Nara M4CHiiN3	when you learn the basics
22:59:22	Konoha	Nara M4CHiiN3	easy to learn
22:59:23	Konoha	Nara M4CHiiN3	other stuff
22:59:27	Konoha	Uchiha -E-	yh
22:59:30	Konoha	Nara M4CHiiN3	learn as you go along 
22:59:31	Konoha	Nara M4CHiiN3	:d
22:59:32	Konoha	Uchiha -E-	everything the same
22:59:39	Konoha	Nara M4CHiiN3	was it hard.
22:59:40	Konoha	Nara M4CHiiN3	O.O
22:59:52	Konoha	Uchiha -E-	hnm water is bugging then
22:59:54	Konoha	Uchiha -E-	and nah
23:00:02	Konoha	Nara M4CHiiN3	oh i see.
23:00:15	Konoha	Nara M4CHiiN3	lol
23:00:21	Konoha	Nara M4CHiiN3	he fights like a real player.
23:00:22	Konoha	Nara M4CHiiN3	:D
23:00:27	Konoha	Nara M4CHiiN3	a little
23:00:30	Konoha	Uchiha -E-	yh
23:00:47	Konoha	Uchiha -E-	opopop
23:00:52	Konoha	Nara M4CHiiN3	yal
23:00:53	Konoha	Nara M4CHiiN3	lol
23:01:23	Konoha	Nara M4CHiiN3	owned
23:01:24	Konoha	Nara M4CHiiN3	o.o
23:01:44	Konoha	Nara M4CHiiN3	gimmie
23:01:46	Konoha	Nara M4CHiiN3	that jutsu
23:01:47	Konoha	Nara M4CHiiN3	:d
23:01:50	Konoha	Nara M4CHiiN3	i wanna try lol
23:02:14	Konoha	Nara M4CHiiN3	oh poop
23:02:15	Konoha	Nara M4CHiiN3	lol
23:02:19	Konoha	Uchiha -E-	=)
23:02:28	Konoha	Uchiha -E-	i also have arty redemption source
23:02:36	Konoha	Nara M4CHiiN3	aped
23:02:45	Konoha	Uchiha -E-	npc vs npc?
23:02:46	Konoha	Nara M4CHiiN3	where is lazy ass harishima
23:02:47	Konoha	Nara M4CHiiN3	QQ
23:02:55	Konoha	Nara M4CHiiN3	hash*
23:03:15	Konoha	Nara M4CHiiN3	GG
23:03:28	Konoha	Uchiha -E-	use A and F to make him atatckj
23:03:54	Konoha	Nara M4CHiiN3	wrecked
23:03:56	Konoha	Uchiha -E-	****
23:03:56	Konoha	Nara M4CHiiN3	like a boss.
23:04:00	Konoha	Uchiha -E-	xD
23:04:01	Konoha	Uchiha -E-	gf
23:04:24	Konoha	Uchiha -E-	hell no
23:04:31	Konoha	Uchiha -E-	&gt;.&gt;
23:04:33	Konoha	Uchiha -E-	cheat
23:05:34	Konoha	Uchiha -E-	runner
23:05:39	Konoha	Nara M4CHiiN3	hehe
23:05:40	Konoha	Nara M4CHiiN3	come 
23:05:48	Konoha	Nara M4CHiiN3	follow
23:05:52	Konoha	Nara M4CHiiN3	secret.
23:05:53	Konoha	Uchiha -E-	****
23:05:57	Konoha	Uchiha -E-	hashi killer me
23:06:04	Konoha	Nara M4CHiiN3	LMDFAO
23:06:05	Konoha	Nara M4CHiiN3	LMFAO
23:06:06	Konoha	Nara M4CHiiN3	LMFAO
23:06:08	Konoha	Nara M4CHiiN3	lool
23:06:17	Konoha	Uchiha -E-	ill get my revenge!
23:06:25	Konoha	Nara M4CHiiN3	LOL
23:06:29	Konoha	Nara M4CHiiN3	Girl calling me 
23:06:30	Konoha	Nara M4CHiiN3	QQ
23:06:44	Konoha	Nara M4CHiiN3	The Fork
23:06:46	Konoha	Nara M4CHiiN3	l
23:06:50	Konoha	Nara M4CHiiN3	!!!~!!!!!!!!!!!!!!!1
23:07:03	Konoha	Nara M4CHiiN3	ill find a host k
23:07:46	Konoha	Nara M4CHiiN3	kl
23:09:50	Konoha	Nara M4CHiiN3	Exte.
23:09:57	Konoha	Nara M4CHiiN3	what you think of that exodus game o.o ?
23:10:55	Konoha	Asda	&gt;.&lt;
23:10:58	Konoha	Nara M4CHiiN3	O.O
23:11:18	Konoha	Nara M4CHiiN3	lala
23:11:28	Konoha	Nara Cifta	admin?
23:11:34	Konoha	Hyuuga Crystal	M4CHiiN3
23:11:35	Konoha	Nara M4CHiiN3	owner i guess.
23:11:35	Konoha	Nara Cifta	m4? :D
23:11:40	Konoha	Nara Cifta	lol 
23:11:48	Konoha	Nara Cifta	free level or ?D:
23:11:52	Konoha	Nara M4CHiiN3	Na na 
23:11:56	Konoha	Nara M4CHiiN3	it&#39;s just like official GOA 
23:12:02	Konoha	Nara M4CHiiN3	Exte owner
23:12:20	Konoha	Nara M4CHiiN3	Okii
23:12:27	Konoha	Nara M4CHiiN3	going to go talk to my girl
23:12:30	Konoha	Nara M4CHiiN3	mean while then
23:12:36	Konoha	Nara M4CHiiN3	Yall invite.
23:12:42	Konoha	Hyuuga Crystal	M4CHiiN3 Where is the Manito clan at
23:12:43	Konoha	Nara M4CHiiN3	&#39;hade 100 players last time we hosted.
23:12:52	Konoha	Nara M4CHiiN3	We going to add clans little by little.
23:12:58	Konoha	Nara M4CHiiN3	so nothing buggs + Op
23:12:59	Konoha	Nara M4CHiiN3	Etc.
23:13:24	Konoha	Nara M4CHiiN3	Go mish
23:13:24	Konoha	Nara M4CHiiN3	:d
23:14:00	Konoha	Nara M4CHiiN3	brb.
23:17:54	Kiri	Brutal	lol this is exactly when goa wiped
