21:51:19	Nara Nemesis	Nara Nemesis	did
21:51:33	Nara Nemesis	Nara Nemesis	hahah
21:51:35	Nara Nemesis	Nara Nemesis	yeah
21:51:55	Nara Nemesis	Nara Nemesis	the effect is supposed to be the same as sweing
21:52:21	Nara Nemesis	Nara Nemesis	the slow effect of fear
21:52:32	Nara Nemesis	Nara Nemesis	its supposed to be the same as the nara shadow
21:53:31	Nara Nemesis	Nara Nemesis	k
21:53:36	Nara Nemesis	Nara Nemesis	rofl
21:53:40	Nara Nemesis	Nara Nemesis	it does nothing here
21:55:49	Nara Nemesis	Nara Nemesis	i do believe simplifying his code would take forever
21:56:00	Nara Nemesis	Nara Nemesis	it would be like making your own game
21:56:17	Nara Nemesis	Nara Nemesis	blossom doesnt slow either meh
21:56:24	Exteban	Exteban	o.o
21:56:28	Exteban	Exteban	walk
21:56:37	Exteban	Exteban	slows a bit
21:56:56	Nara Nemesis	Nara Nemesis	lol wth
21:57:32	Nara Nemesis	Nara Nemesis	the previous slowed alot this one didnt
22:05:06	Nara Nemesis	Nara Nemesis	arena?
22:05:11	Nara Nemesis	Nara Nemesis	arena?
22:05:42	Nara Nemesis	Nara Nemesis	huh?
22:05:53	Nara Nemesis	Nara Nemesis	lol
22:05:55	Nara Nemesis	Nara Nemesis	how
22:06:02	Exteban	Exteban	use bind
22:06:15	Exteban	Exteban	hmm
22:06:32	Exteban	Exteban	i need to increase that crap cd
22:06:33	Exteban	Exteban	lol
22:06:40	Nara Nemesis	Nara Nemesis	arena?
22:06:41	Exteban	Exteban	60 secs minimum
22:06:51	Nara Nemesis	Nara Nemesis	60 no passives involved in it
22:06:56	Exteban	Exteban	use shadow again plz
22:07:08	Exteban	Exteban	yeh kawa isnt working on that
22:08:55	Nara Nemesis	Nara Nemesis	poop keep losing target
22:08:58	Exteban	Exteban	yh
22:11:46	Exteban	Exteban	lol
22:11:54	Nara Nemesis	Nara Nemesis	windblade is bad
22:14:08	Exteban	Exteban	needles are stunning
22:14:12	Exteban	Exteban	i need to change that
22:14:13	Nara Nemesis	Nara Nemesis	?
22:16:53	Nara Nemesis	Nara Nemesis	ill get u!!
22:16:55	Nara Nemesis	Nara Nemesis	again :P
22:17:11	Exteban	Exteban	,,,
22:17:19	Nara Nemesis	Nara Nemesis	lol
22:17:48	Nara Nemesis	Nara Nemesis	just thow us in there
22:17:51	Nara Nemesis	Nara Nemesis	cheat!
22:18:00	Nara Nemesis	Nara Nemesis	cheat!
22:18:04	Exteban	Exteban	xD
22:18:10	Nara Nemesis	Nara Nemesis	come on arena :p
22:18:45	Nara Nemesis	Nara Nemesis	rasengan doesnt stun?
22:18:56	Exteban	Exteban	~wtf
22:19:00	Exteban	Exteban	how you get out?
22:19:03	Nara Nemesis	Nara Nemesis	revo
22:19:05	Nara Nemesis	Nara Nemesis	boom
22:19:10	Exteban	Exteban	stop
22:19:13	Exteban	Exteban	how?
22:19:20	Nara Nemesis	Nara Nemesis	rasengan =anti stun
22:19:30	Exteban	Exteban	eww
22:19:30	Nara Nemesis	Nara Nemesis	same with poison
22:33:13	Nara Nemesis	Nara Nemesis	boom raped
22:33:20	Nara Nemesis	Nara Nemesis	oped
22:33:27	Exteban	Exteban	o.o
22:33:28	Nara Nemesis	Nara Nemesis	and no weak spot
22:33:36	Nara Nemesis	Nara Nemesis	weak spot doesnt even affect thi
22:33:38	Nara Nemesis	Nara Nemesis	s
22:33:41	Exteban	Exteban	use again
22:33:48	Exteban	Exteban	hmm
22:33:57	Exteban	Exteban	k ty
22:34:04	Exteban	Exteban	You took 1950 Stamina damage from Nara Nemesis!
22:34:04	Nara Nemesis	Nara Nemesis	did that stun?
22:34:07	Exteban	Exteban	yh
22:34:10	Exteban	Exteban	use needles
22:34:13	Exteban	Exteban	chi
22:34:16	Nara Nemesis	Nara Nemesis	it was weak o.o
22:34:31	Exteban	Exteban	sometimes it stuns
22:34:45	Exteban	Exteban	****ing wound spamer
22:34:46	Exteban	Exteban	xD
22:35:04	Nara Nemesis	Nara Nemesis	uhuh
22:35:07	Exteban	Exteban	want me to stay here
22:35:12	Exteban	Exteban	fo you to test jutsus?
22:35:20	Nara Nemesis	Nara Nemesis	naw i
22:35:23	Nara Nemesis	Nara Nemesis	brb
22:48:52	Exteban	Exteban	talk on v say
22:48:53	Nara Nemesis	Nara Nemesis	respec
22:49:02	Exteban	Exteban	perfect
