19:00:24	Akuma Senpai	:D
20:44:03	Hyuuga M4CHiiN3	no changes.
20:48:51	Kaguya Neptuneez	Ahah Sup Exteban
20:49:13	Kaguya Neptuneez	No lag bro
20:49:43	Nara -E-	who is he?
20:50:24	Nara -E-	for now yes
20:51:00	Nara -E-	host/owner
20:51:16	Nara -E-	already did
20:51:25	Nara -E-	yh
20:51:29	DustRelease	wtf is this poop
20:51:35	DustRelease	wheres the auto 100
20:51:38	DustRelease	...
20:51:39	Shauri	Gone.
20:51:42	Nara -E-	who said auto 100 lied
20:52:19	DustRelease	n sushin sword
20:52:22	DustRelease	needs fix
20:52:26	DustRelease	cause its slow AF
20:52:29	DustRelease	sushin kunai
20:52:34	DustRelease	n eeds fix also
20:52:37	DustRelease	SLOW AF
20:52:44	Nara -E-	so everything you cant hit with needs fix
20:52:45	Nara -E-	ok
20:52:51	DustRelease	no..
20:52:57	DustRelease	try sushin kunai
20:52:59	DustRelease	ull see
20:53:03	DustRelease	its nor normal
20:53:07	Nara -E-	ik what it is
20:53:10	Nara -E-	i made it like that
20:53:12	DustRelease	sushin kunai
20:53:21	DustRelease	shud be close to sushin mp
20:53:32	DustRelease	u can land sushin mps easily
20:53:33	Nara -E-	ill reduce the time if i see everyone starts complaining
20:54:08	DustRelease	girls wanna screw us
20:54:11	DustRelease	wanna do us
20:54:13	DustRelease	who us
20:54:19	DustRelease	yea papa an puff
20:54:22	DustRelease	never loose
20:54:26	DustRelease	never choose to
20:54:50	Nara -E-	its help T
20:54:54	DustRelease	its B
20:54:57	DustRelease	IG
20:55:05	Kaguya Neptuneez	So Exteban im becoming admin now? :dd
20:55:10	DustRelease	hes been admin
20:55:13	DustRelease	O_O
20:55:13	Nara -E-	nope
20:55:23	DustRelease	hes been owner
20:57:51	Kaguya Neptuneez	:( **** you exteban :( &lt;3
20:57:57	Kaguya Neptuneez	F*ck*
20:58:03	Kaguya Neptuneez	:cc
20:58:06	Nara -E-	&gt;-&gt;
20:58:22	Nara -E-	eww kaito
20:58:55	Kaguya MrT	o.o
20:59:43	Kaguya MrT	lol esteban more good is
20:59:50	Nara -E-	hum?
20:59:52	Kaguya MrT	automatic lvl 100 or 40 
20:59:54	Kaguya MrT	x.x
21:00:02	Nara -E-	naw ty
21:00:18	Nara -E-	this isnt for the weak minded
21:00:35	Kaguya MrT	i think idk xD
21:02:25	Kaguya MrT	so, where i train xD?
21:02:37	Nara -E-	how you train on goa?
21:02:55	Kaguya MrT	down my chakra and HP xD
21:03:02	Nara -E-	do the same here then
21:03:15	Kaguya MrT	mm kk
21:13:13	Kaguya MrT	any on?
