23:34:05	Ousamu, Naruke	Ousamu, Naruke	test clones
23:34:57	Uzumaki Naruto	Uzumaki Naruto	forgot to add skill block
23:35:04	Uzumaki Naruto	Uzumaki Naruto	so they dont use tags and gates...
23:35:05	Ousamu, Naruke	Ousamu, Naruke	O.o
23:35:12	Ousamu, Naruke	Ousamu, Naruke	I aint seem em
23:35:15	Ousamu, Naruke	Ousamu, Naruke	Use em again
23:35:17	Ousamu, Naruke	Ousamu, Naruke	Lmao
23:35:20	Ousamu, Naruke	Ousamu, Naruke	WTf is that
23:35:27	Ousamu, Naruke	Ousamu, Naruke	Omg
23:35:30	Ousamu, Naruke	Ousamu, Naruke	Halp
23:35:36	Uzumaki Naruto	Uzumaki Naruto	edo tensei
23:35:38	Uzumaki Naruto	Uzumaki Naruto	xD
23:35:42	Ousamu, Naruke	Ousamu, Naruke	You gone add that to the game?
23:35:43	Uzumaki Naruto	Uzumaki Naruto	made it when i was bored
23:35:45	Uzumaki Naruto	Uzumaki Naruto	nah
23:35:51	Ousamu, Naruke	Ousamu, Naruke	That would be OP
23:35:59	Ousamu, Naruke	Ousamu, Naruke	Omg
23:36:06	Ousamu, Naruke	Ousamu, Naruke	Exteban this is OP shxt
23:36:08	Ousamu, Naruke	Ousamu, Naruke	Lmao
23:36:12	Uzumaki Naruto	Uzumaki Naruto	xD
23:36:26	Ousamu, Naruke	Ousamu, Naruke	Omg he&#39;s using this shxt?
23:36:31	Uzumaki Naruto	Uzumaki Naruto	yh
23:36:46	Uzumaki Naruto	Uzumaki Naruto	he stoped
23:36:48	Uzumaki Naruto	Uzumaki Naruto	dont worry
23:36:49	Ousamu, Naruke	Ousamu, Naruke	lol 
23:36:52	Ousamu, Naruke	Ousamu, Naruke	Thats scary
23:37:25	Uzumaki Naruto	Uzumaki Naruto	LOl
23:37:27	Ousamu, Naruke	Ousamu, Naruke	So oml
23:37:32	Ousamu, Naruke	Ousamu, Naruke	Exteban
23:37:33	Uzumaki Naruto	Uzumaki Naruto	k im done
23:37:39	Ousamu, Naruke	Ousamu, Naruke	I didnt know you were this Op of a coder
23:37:55	Ousamu, Naruke	Ousamu, Naruke	Thats fixed
23:38:01	Uzumaki Naruto	Uzumaki Naruto	still thinking if i should add water clone
23:38:10	Ousamu, Naruke	Ousamu, Naruke	Hm show me example
23:38:19	Uzumaki Naruto	Uzumaki Naruto	&gt;.&gt;
23:38:24	Ousamu, Naruke	Ousamu, Naruke	What its suppose to do?
23:38:43	Ousamu, Naruke	Ousamu, Naruke	Rbth?
23:38:45	Ousamu, Naruke	Ousamu, Naruke	Lol
23:38:55	Uzumaki Naruto	Uzumaki Naruto	he used edo tensei
23:38:58	Uzumaki Naruto	Uzumaki Naruto	o.o
23:39:01	Ousamu, Naruke	Ousamu, Naruke	Noo
23:39:05	Uzumaki Naruto	Uzumaki Naruto	lol
23:39:05	Ousamu, Naruke	Ousamu, Naruke	Dont add that Op shiz
23:39:18	Ousamu, Naruke	Ousamu, Naruke	Save some of that for later in the game
23:39:20	Uzumaki Naruto	Uzumaki Naruto	wanna see me scare yass
23:39:28	Ousamu, Naruke	Ousamu, Naruke	Do et
23:39:59	Ousamu, Naruke	Ousamu, Naruke	Lol
23:40:04	Yassrab	Yassrab	wth was that
23:40:09	Uzumaki Naruto	Uzumaki Naruto	edo tensei
23:40:17	Uzumaki Naruto	Uzumaki Naruto	anyway
23:40:21	Uzumaki Naruto	Uzumaki Naruto	naruke
23:40:23	Uzumaki Naruto	Uzumaki Naruto	sword me
23:40:27	Uzumaki Naruto	Uzumaki Naruto	go
23:40:30	Ousamu, Naruke	Ousamu, Naruke	QQ
23:40:34	Ousamu, Naruke	Ousamu, Naruke	yu do me
23:40:47	Ousamu, Naruke	Ousamu, Naruke	Yas use it
23:40:55	Ousamu, Naruke	Ousamu, Naruke	Hit me
23:40:58	Ousamu, Naruke	Ousamu, Naruke	OH 
23:41:04	Ousamu, Naruke	Ousamu, Naruke	OH shxt
23:41:07	Uzumaki Naruto	Uzumaki Naruto	o.o
23:41:19	Ousamu, Naruke	Ousamu, Naruke	Wait hold on
23:41:19	Uzumaki Naruto	Uzumaki Naruto	ah guys
23:41:21	Uzumaki Naruto	Uzumaki Naruto	wound me
23:41:23	Ousamu, Naruke	Ousamu, Naruke	Exte
23:41:26	Uzumaki Naruto	Uzumaki Naruto	?
23:41:30	Ousamu, Naruke	Ousamu, Naruke	Hit me
23:41:39	Ousamu, Naruke	Ousamu, Naruke	wait a second
23:41:40	Uzumaki Naruto	Uzumaki Naruto	?
23:41:51	Ousamu, Naruke	Ousamu, Naruke	Now hit me
23:41:52	Ousamu, Naruke	Ousamu, Naruke	Gogogo
23:41:54	Ousamu, Naruke	Ousamu, Naruke	Hurry
23:42:03	Yassrab	Yassrab	brb
23:42:20	Ousamu, Naruke	Ousamu, Naruke	yeha your gonna have to respec
23:42:26	Ousamu, Naruke	Ousamu, Naruke	in order for that kawa to work
23:42:30	Ousamu, Naruke	Ousamu, Naruke	give me a sec
23:42:32	Uzumaki Naruto	Uzumaki Naruto	ik
23:44:16	Uzumaki Naruto	Uzumaki Naruto	hmm
23:44:29	Uchiha Opp	Uchiha Opp	hit me now
23:44:34	Yassrab	Yassrab	ou im laggin on this
23:44:46	Uchiha Opp	Uchiha Opp	your piercing went through that kawa
23:44:48	Uchiha Opp	Uchiha Opp	Hmm
23:44:55	Uzumaki Naruto	Uzumaki Naruto	hmm need to fix that
23:45:01	Yassrab	Yassrab	old kawa?
23:45:15	Uchiha Opp	Uchiha Opp	yassrab hes gonna do a world respec
23:45:22	Uchiha Opp	Uchiha Opp	if you had your old kawa placed on macro bar
23:45:25	Uchiha Opp	Uchiha Opp	It wont work
23:45:32	Yassrab	Yassrab	Oh I see
23:45:45	Uzumaki Naruto	Uzumaki Naruto	o.o
23:45:47	Yassrab	Yassrab	is that poop in it too?
23:45:55	Uzumaki Naruto	Uzumaki Naruto	i did that when i was bored
23:46:05	Uchiha Opp	Uchiha Opp	hit meh
23:46:07	Uchiha Opp	Uchiha Opp	gogogo
23:46:25	Uchiha Opp	Uchiha Opp	How would you make the piercing not go through?
23:46:33	Uzumaki Naruto	Uzumaki Naruto	~its easy
23:46:41	Uchiha Opp	Uchiha Opp	ah ok
23:47:48	Uchiha Opp	Uchiha Opp	clones straight?
23:48:19	Uchiha Opp	Uchiha Opp	the fack was that
23:48:45	Uzumaki Naruto	Uzumaki Naruto	what else needed to be tested?
23:48:58	Yassrab	Yassrab	someone kill me
23:49:09	Yassrab	Yassrab	i wana see the jashin thing 
23:49:36	Yassrab	Yassrab	lemme get up now
23:49:42	Yassrab	Yassrab	lets see if i fall down
23:50:03	Uchiha Opp	Uchiha Opp	Fixed
23:50:06	Yassrab	Yassrab	kk im good
23:50:20	Uchiha Opp	Uchiha Opp	Yassrab you might wanna add this stuff to forums
23:50:32	Yassrab	Yassrab	I will
23:50:38	Uchiha Opp	Uchiha Opp	kk
23:50:46	Uzumaki Naruto	Uzumaki Naruto	idk why
23:50:50	Yassrab	Yassrab	Estaban will have to give me a list of all the shiet he fixed
23:50:51	Uchiha Opp	Uchiha Opp	?
23:50:53	Uzumaki Naruto	Uzumaki Naruto	but i think im forgeting something
23:50:59	Yassrab	Yassrab	mhm
23:51:06	Yassrab	Yassrab	what could it bee
23:51:19	Uchiha Opp	Uchiha Opp	Factions, using sword after D, Clones, Jashins.
23:51:22	Uchiha Opp	Uchiha Opp	What else
23:51:22	Uzumaki Naruto	Uzumaki Naruto	someone use new kawa
23:51:29	Uchiha Opp	Uchiha Opp	go
23:51:31	Uchiha Opp	Uchiha Opp	Gogogogo
23:51:32	Uchiha Opp	Uchiha Opp	Hit me
23:51:40	Uzumaki Naruto	Uzumaki Naruto	was that
23:51:46	Uchiha Opp	Uchiha Opp	did it make you untarget
23:51:49	Yassrab	Yassrab	hit ,e
23:51:50	Uchiha Opp	Uchiha Opp	?
23:51:55	Uzumaki Naruto	Uzumaki Naruto	nope forgot that &gt;,&lt;
23:52:02	Uchiha Opp	Uchiha Opp	Lol
23:52:25	Uzumaki Naruto	Uzumaki Naruto	use kawa again
23:52:31	Yassrab	Yassrab	I did
23:53:03	Uzumaki Naruto	Uzumaki Naruto	yass use kawa
23:53:12	Yassrab	Yassrab	c/d
23:53:19	Uzumaki Naruto	Uzumaki Naruto	go
23:53:21	Yassrab	Yassrab	now
23:53:30	Uzumaki Naruto	Uzumaki Naruto	hmm
23:53:37	Uzumaki Naruto	Uzumaki Naruto	need to fix this
23:53:38	Uchiha Opp	Uchiha Opp	You stuck?
23:53:40	Uzumaki Naruto	Uzumaki Naruto	yh
23:53:43	Uchiha Opp	Uchiha Opp	Ah
23:53:51	Uzumaki Naruto	Uzumaki Naruto	i knew i was forgetting something
23:54:04	Uzumaki Naruto	Uzumaki Naruto	need to test wof bug
23:54:06	Uzumaki Naruto	Uzumaki Naruto	ko me
23:55:56	Uzumaki Naruto	Uzumaki Naruto	&gt;.&gt;
23:56:48	Yassrab	Yassrab	fml
23:57:00	Uchiha Opp	Uchiha Opp	use arena newb
23:57:55	Uzumaki Naruto	Uzumaki Naruto	damm you guys are weak
23:58:08	Uzumaki Naruto	Uzumaki Naruto	ugh too much
23:58:26	Uchiha Opp	Uchiha Opp	im only lvl 12
23:58:33	Uzumaki Naruto	Uzumaki Naruto	hmm
23:58:34	Yassrab	Yassrab	wth
23:58:59	Uzumaki Naruto	Uzumaki Naruto	yass
23:59:00	Uzumaki Naruto	Uzumaki Naruto	bb me
