22:24:23	Kaguya Light	:D
22:24:26	Kaguya Light	hello
22:24:50	Kaguya Light	Luis , hi mate, i have come back to byond
22:24:52	Kaguya Light	:D
22:25:01	Uchiha -E-	sup light =)
22:25:08	Kaguya Light	im Light Shpere
22:25:12	Uchiha -E-	ik
22:25:13	Uchiha -E-	xD
22:25:23	Uchiha -E-	you logged right on time
22:25:28	Kaguya Light	:D, i hadnt played byond for almost 1 year
22:25:29	Uchiha -E-	can i test something?
22:25:32	Kaguya Light	sure
22:26:14	Kaguya Light	&gt;.&lt;
22:26:18	Uchiha -E-	xD
22:26:25	Kaguya Light	is this a new game?
22:26:31	Uchiha -E-	+/-
22:26:35	Uchiha -E-	officials are dead
22:26:37	Kaguya Light	i like your host, there is not lag
22:26:39	Kaguya Light	:D
22:26:45	Kaguya Light	i know they are
22:26:56	Uchiha -E-	so im making this like pre update
22:26:59	Kaguya Light	there are reborn rips alive
22:27:02	Uchiha -E-	to make oldiescome back
22:27:08	Kaguya Light	:D
22:27:14	Kaguya Light	do you know people?
22:27:26	Kaguya Light	almost everyone in byond have forgotten me
22:27:29	Kaguya Light	xD
22:27:39	Uchiha -E-	i have nearly 300 friends in byond pager
22:27:44	Kaguya Light	o.o
22:27:47	Uchiha -E-	if you call that friends o.o
22:27:56	Kaguya Light	they used to be
22:27:58	Kaguya Light	xD
22:28:01	Uchiha -E-	xD
22:28:11	Kaguya Light	as i said i was almost a year or more out of byond
22:28:24	Kaguya Light	some people remember my byond account
22:28:50	Kaguya Light	and today i made a new one because i didnt remenber the password of this one
22:28:55	Kaguya Light	.:O
22:28:57	Uchiha -E-	lol
22:29:28	Kaguya Light	im the king of this game &gt;.&lt;
22:29:31	Kaguya Light	after u
22:29:33	Kaguya Light	:O
22:29:36	Uchiha -E-	lol
22:29:45	Uchiha -E-	you wish!
22:29:54	Kaguya Light	hahahahahahhahaha
22:30:27	Kaguya Light	there are alot people that plays this poop &gt;.&lt;
22:31:06	Uchiha -E-	yeh there is
22:31:17	Uchiha -E-	i got over 70 players waiting for this to come up
22:31:21	Kaguya Light	i back because im watching naruto shippuden that i hadnt watched it for almost 10 months and i said &#34; i remember those GOA games, lets give it a second chance &#34;
22:31:23	Kaguya Light	xD
22:31:32	Kaguya Light	really :O
22:31:39	Uchiha -E-	yh
22:31:39	Kaguya Light	im the first one and it was lucky
22:31:47	Kaguya Light	xD 
22:31:59	Uchiha -E-	this is not official release yet... &gt;.&lt;
22:32:07	Kaguya Light	have you added something new to the clans?
22:32:08	Uchiha -E-	doing final touches
22:32:13	Uchiha -E-	not yet
22:32:21	Uchiha -E-	1st i wanna make this like old goa
22:32:22	Kaguya Light	what kind of changes are you making?
22:32:32	Uchiha -E-	then imma change as community would like it
22:32:33	Kaguya Light	yeah it is better
22:32:38	Uchiha -E-	something that dipic didnt do
22:32:53	Uchiha -E-	thats why officials are dead
22:32:54	Kaguya Light	yeah, and please, dont be an asshole as kabuto
22:33:02	Kaguya Light	i dont remenber his poopty name
22:33:02	Uchiha -E-	kabuto?
22:33:07	Kaguya Light	the coder
22:33:09	Kaguya Light	D
22:33:11	Uchiha -E-	Feral?
22:33:14	Uchiha -E-	Kobata?
22:33:17	Kaguya Light	kobata
22:33:20	Uchiha -E-	Kobata died
22:33:22	Kaguya Light	that guy
22:33:25	Uchiha -E-	Feral the coder now
22:33:26	Kaguya Light	o.o
22:33:29	Kaguya Light	:O
22:33:29	Uchiha -E-	xD
22:33:51	Kaguya Light	i remember that feral guy, he was nice but really impulsive cxD
22:34:28	Kaguya Light	if you need any help tell me
22:34:42	Kaguya Light	i would be proud if you let me test things :D
22:34:51	Kaguya Light	hahahaha, i forgot to code &gt;.&lt;
22:37:17	Kaguya Light	i almost was riped by Daisuke :D
22:37:51	Uchiha -E-	go fight sebi then
22:37:53	Uchiha -E-	lol
22:38:21	Kaguya Light	hahahahaha
22:38:31	Kaguya Light	Kameyo :D
22:38:54	Uchiha -E-	hmm imma go sleep
22:38:58	Uchiha -E-	gotta work tomorow
22:39:01	Uchiha -E-	pce
22:39:02	Kaguya Light	where are you from?
22:39:05	Kaguya Light	bye mate
22:39:08	Kaguya Light	btw
22:39:13	Uchiha -E-	im living in portugal
22:39:15	Kaguya Light	when you back tell me
22:39:17	Kaguya Light	ohh
22:39:19	Uchiha -E-	kk
22:39:21	Kaguya Light	im from colombia
22:39:27	Kaguya Light	its 17:38 
22:39:29	Kaguya Light	:D
22:39:36	Uchiha -E-	22:39 here
22:39:39	Uchiha -E-	D:
22:39:46	Kaguya Light	ahahhaa
22:39:53	Uchiha -E-	anyway pce
22:39:55	Kaguya Light	could you give me some powers to play for some time?
22:39:57	Kaguya Light	ok
22:40:01	Kaguya Light	see u
