18:07:40	Kiri	Kaguya MrT	Hi
18:12:23	Kiri	MrT	friend con/rfx is good for ruthless?
18:21:38	Kiri	MrT	Nara E you there?
18:28:18	Kiri	MrT	Nara-e
18:28:32	Kiri	Kaito	Aye
18:28:45	Kiri	MrT	?
18:28:48	Kiri	MrT	u are?
18:29:18	Kiri	Kaito	Kaito
18:29:19	Kiri	MrT	more good is istantaly lvl 100 
18:29:23	Kiri	MrT	i more pvp 
18:29:32	Kiri	MrT	is more pvp
18:30:15	Kiri	Kaito	yeah
18:30:17	Kiri	Kaito	:
18:30:21	Kiri	MrT	...
18:30:31	Kiri	MrT	is bored start again
18:30:33	Kiri	MrT	..
18:31:04	Kiri	MrT	Where are you kaito?
18:32:14	Kiri	Kaito	in kiri
18:32:39	Kiri	MrT	what part?
18:38:05	Kiri	Kaito	Hosp
