19:57:11	Db9	Hmm
19:58:40	Db9	Whats the command for map
19:58:50	Maito Gui	map
19:59:11	Cheewie	lol im confused it this exte&#39;s game?
19:59:15	Db9	aint working
19:59:19	Db9	it is
19:59:20	Maito Gui	yh akuma
19:59:38	Cheewie	exteban can you stab self when you wound ppl with normal needles
19:59:38	Maito Gui	death thats your byond blocking macros
19:59:43	Maito Gui	with me works
19:59:52	Db9	How do I unblock it
19:59:58	Maito Gui	no idea
20:00:10	Maito Gui	yh akuma
20:00:39	Kaguya Light	.D
20:01:11	Cheewie	that br server should be on right now o.o
20:01:12	Db9	Rage
20:01:14	Akimichi SkinWalker	Sorry about earlier today!
20:01:20	Kaguya Light	IT IS ON
20:01:22	Kaguya Light	:p
20:01:27	Bloodtaster	Nobo&#39;s
20:01:29	Maito Gui	lonely, im mister lonely
20:01:34	Kaguya Light	xD
20:01:39	Maito Gui	oh wait
20:01:43	Maito Gui	i aint alone anymore
20:01:46	Maito Gui	Skin! &lt;3
20:01:59	Kaguya Light	lol
20:02:30	Maito Gui	blood saying i should give lvl 31
20:02:33	Maito Gui	should i?
20:02:41	Cheewie	yh
20:02:41	Maito Gui	only for today?
20:02:42	Db9	I feel so dumb
20:02:49	Maito Gui	nah im mean
20:02:52	Db9	I was using .click Map
20:02:53	Maito Gui	imma give lvl 30
20:02:54	Db9	Lol
20:03:06	Db9	yh Exte
20:03:30	Kaguya Light	:s
20:04:01	Maito Gui	oh forgot to invite naruke
20:37:07	Medz	hello
20:37:28	Medz	rofl
20:47:26	Jet	Hi? lol
20:47:37	Juriki	Hi? lol
20:47:54	Nemesi	u seem to have a bug exte
20:48:06	Exteban	??
20:48:12	Nemesi	from the macro
20:48:17	Nemesi	at options
20:48:26	Nemesi	my A d f and z are deleted
20:48:32	Nemesi	and i can edit them back
21:00:40	HOSHIKAGE hiya	thank you 2 whoever invited me
21:21:50	Atticus	guards &#39;-&#39;
21:37:35	Exteban	k roi
21:46:19	Zix	sup
21:46:27	Atticus	hey you 
21:46:49	Hyuuga nemesis	can anyone give me and older goa version?
21:46:53	Zix	lvl?
21:52:38	Zix	lvls?
21:53:21	Zix	ultra lagg!
21:53:33	Ssfsdvgsd	yh
21:54:33	Zix	nice naruke admin
21:54:36	Zix	&lt;3
21:54:37	Juriki	give me my kunai!
21:54:42	Juriki	i cant slide with kunai melee
21:54:51	Zix	atticus
21:54:53	Zix	&lt;3
21:54:57	Zix	sup bro
21:55:20	Juriki	i need my old kunai
21:55:59	Gerudogetsu	Teach me to ez
21:56:15	Juriki	no naruke
21:56:20	Juriki	cant even fight with this kunai
21:56:26	Juriki	i&#39;m frozed after using kunai
21:56:47	Juriki	...
21:58:14	Zix	LAGG
21:58:38	Zix	yet
21:59:03	Uchiha -E-	its your pc zix
21:59:27	Zix	na
21:59:37	Zix	the rips game problem in the lagg
21:59:39	Zix	^^
21:59:48	Zix	have
21:59:50	Zix	*
21:59:52	Zix	xd
22:01:20	Zix	Stop spam IN Admin Say
22:01:24	Zix	say in occ
22:01:27	Zix	or village say
22:01:30	Zix	-_-
22:07:55	Zix	Inv Friend
22:09:00	Zix	18 People ON = Exam chunnin
22:09:03	Zix	INV FRIEND
22:09:16	Raditz	Relax
22:09:21	Raditz	Your a bit too hyper
22:10:20	Zix	sure
22:25:37	Hyuuga Νεμεσισ	jesus help me macro attack and block
22:26:16	Hyuuga Νεμεσισ	did that
22:26:22	Hyuuga Νεμεσισ	this makes 0 sense this is a new pc
22:26:29	Hyuuga Νεμεσισ	only used it today
22:26:40	Hyuuga Νεμεσισ	i didnt?
22:26:55	Hyuuga Νεμεσισ	they are deleted and i cant change from options
22:27:02	Hyuuga Νεμεσισ	they refresh
22:27:06	God Fangzz	Laiaoeo
22:27:08	God Fangzz	are you owner
22:27:37	Hyuuga Νεμεσισ	doesnt work dam
22:27:48	God Fangzz	Laiaoeo
22:27:51	God Fangzz	are you owner ?
22:28:02	Hyuuga Νεμεσισ	i told you they refresh
22:28:06	Hyuuga Νεμεσισ	it makes no freakin sense
22:29:29	God Fangzz	summon me
22:29:31	God Fangzz	Naruke
22:29:36	Ousamu, Naruke	For?
22:29:40	Raditz	Uchiha fangz ?
22:29:44	God Fangzz	summon me :( please
22:29:48	God Fangzz	wat Raditz
22:29:52	Ousamu, Naruke	NO that aint him Raditz
22:29:55	Raditz	Ok
22:30:08	God Fangzz	from wat game
22:30:18	Raditz	the original official goa
22:34:40	Hyuuga Νεμεσισ	i need help to actually play the game :P
22:34:43	Hyuuga Νεμεσισ	thats all haha
22:34:55	Hyuuga Νεμεσισ	i need to fix these damn macros
22:35:04	Hyuuga Νεμεσισ	also rename me to Nemesis?
22:35:13	Hyuuga Juriki	nope
22:37:27	Hyuuga Nemesis	how come you know these macros naruke?
22:37:43	Ousamu, Naruke	I forgot how i really know them
22:37:59	Hyuuga Nemesis	no way you can see them with your verbs?
22:38:20	Hyuuga Nemesis	the code behind the key
22:39:34	Hyuuga Nemesis	oh yeah i have seen that before too
22:42:50	Hyuuga Nemesis	**** yeah i found trigger
22:43:05	Ruthless J	is this the new GOA?
22:43:19	Uchiha Shine	Mhm.
22:43:28	Ruthless J	who are the kages?
22:43:31	Uchiha Shine	Shush, Naruke It&#39;s the New one.
22:43:50	Uchiha Shine	Tell your friends to tell your friends that There is a new one
22:44:01	Hyuuga Nemesis	J do you know how to macro attack and block?
22:44:11	Ruthless J	no
22:44:22	Ruthless J	if i bring like 30 people can i be kage?
22:44:22	Hyuuga Juriki	jur jur juice on ruj ruj rice
22:45:04	Ruthless J	me?
22:45:08	Uchiha Shine	me?
22:45:27	Ruthless J	i can do it
22:45:42	Ruthless J	if you want?
22:45:58	Ruthless J	i have done it before
22:46:09	Ousamu, Naruke	Come
22:46:09	Uchiha Shine	You just want Kage J lol.
22:46:16	Ruthless J	not even
22:46:35	Ruthless J	if this is the new goa y not i want to play it and others 2 for 24/7
22:46:52	Ruthless J	i can host
22:47:25	Uchiha Shine	Get me his msn,
22:47:36	Uchiha Shine	I might host 24/7
22:47:47	Uchiha Shine	Ite\
22:48:08	Ruthless J	anyone chuunin yet?
22:48:19	Uchiha Shine	Ah the good old Goa.
22:49:03	Uchiha Shine	Yo Naruke
22:49:12	Uchiha Shine	You gonna let dis level thing stay?
22:50:01	Ruthless J	naruke can you make people chuunin or jounin or start a chuunin exam?
22:50:02	Uchiha Shine	like leveling fast and stuff
22:50:31	Ruthless J	dont like what?
22:50:35	Uchiha Shine	It&#39;s too Easy.
22:50:41	Uchiha Shine	No fun at it at all
22:50:42	Uchiha Shine	Tbh
22:51:18	Ruthless J	who is the mizu kage
22:51:56	Ruthless J	naruke whos the mizu kage
22:52:12	Hyuuga Nemesis	noone is anything yet
22:52:25	Ruthless J	i see
22:52:44	Ruthless J	when will you make the kages?
22:53:03	Uchiha Shine	J, Just stfu about the kages -.-
22:59:10	Uchiha Shine	Shikaramu watch out with those tags.
22:59:45	Uchiha Shine	Naruke host that damn Chewnin @.@
23:00:16	Uchiha Shine	Yay
23:00:37	Uchiha Shine	Chewnin everyone join.
23:01:00	Uchiha Shine	Chewnin Enter!
23:01:05	Ruthless J	hold on
23:01:21	Uchiha Shine	leggo more more!
23:04:34	Uchiha Shine	Join Chewnin everyone
23:07:36	Don	levels?
23:10:53	Ortewix	levels?
23:11:23	Ortewix	levels?
23:11:42	Ortewix	is there no levels?
23:12:02	Ortewix	sure
23:12:04	Ortewix	ty\
23:14:22	Nara Niika	o.o
23:15:35	Ortewix	i got like 300 freinds let me invite lol
23:20:14	Ousamu, Naruke	Hey Niika btw
23:23:40	Orochi****rua	.
23:30:54	Hash 1	do we get lvls?
23:32:04	Akimichi AntonisKun	u can be lvl 200 you wont touch me exte huhu
23:32:59	Akimichi AntonisKun	ok you can touch me
23:33:07	Akimichi AntonisKun	i do love your touch ^
23:35:30	Lenk	.___.
23:41:44	My dicksobig	Help abusive admins :o
23:42:12	Shine Hoshigaki	y not Right now?
23:42:16	Shine Hoshigaki	I am bored X_x
23:42:24	My dicksobig	then read the bible.
23:42:35	My dicksobig	Check out the third chapter yo might like it.
23:42:42	Shine Hoshigaki	Good Idea.. Idk/Idc if you ment that
23:42:42	Akimichi Sax	aa this guy is lame
23:50:50	Shine Hoshigaki	Eh.
23:51:05	Akimichi Sax	Eh.
23:52:53	Shine Hoshigaki	Yo Exter
23:52:59	Shine Hoshigaki	Gimme your msn
23:53:09	Jur	shut up
23:53:17	Shine Hoshigaki	?
23:53:24	Jur	^^
23:53:27	Jur	&lt;3
23:53:31	My dicksobig	Jur
23:53:32	Shine Hoshigaki	Lol
23:53:35	My dicksobig	u know you want my dick
23:53:38	Jur	no
23:53:40	My dicksobig	its so big and juicyy
23:53:43	Shine Hoshigaki	Lmao
23:53:46	My dicksobig	youk now you wanna kiss it all over
23:53:50	Jur	nah
23:54:38	Shine Hoshigaki	Damn
23:54:41	My dicksobig	SHnie
23:54:43	Shine Hoshigaki	I missed Cha.
23:54:45	My dicksobig	you know you want it
23:54:45	Shine Hoshigaki	?
23:54:52	My dicksobig	the dick thats so tasty
23:54:57	Shine Hoshigaki	Yes I know I want your mom.
23:54:58	My dicksobig	you just wanna nuggle with it
23:55:01	Agrippec	didnt notice this lol
23:55:03	My dicksobig	o.O
23:55:12	My dicksobig	oo
23:55:15	My dicksobig	Oo
23:55:20	My dicksobig	you know you want itt
