14:47:20	Uchiha Bjisboss	Uchiha Bjisboss	u told me join to kill a brother
14:47:24	Uchiha Bjisboss	Uchiha Bjisboss	now thats low =p
14:47:25	Pl	Pl	bug
14:47:38	Uchiha Bjisboss	Uchiha Bjisboss	df up with your dmg lol
21:10:02	Pl	Pl	STAY
21:10:18	Pl	Pl	well that was meh
21:10:55	Bjisboss	Bjisboss	o have no stats in lol
22:01:26	Pl	Pl	YOU THERE
22:06:03	Bjisboss	Bjisboss	,...
22:07:42	Pl	Pl	kk move when you dazed
22:07:51	Pl	Pl	well then
22:08:36	Bjisboss	Bjisboss	fail
22:08:52	Bjisboss	Bjisboss	fail!
22:09:09	Pl	Pl	this guy dont listen
22:09:20	Pl	Pl	PRES D
22:09:29	Pl	Pl	noce move around
22:09:32	Pl	Pl	now
22:09:39	Bjisboss	Bjisboss	df
22:09:41	Pl	Pl	thought so
22:09:49	Pl	Pl	kk stand
22:10:08	Pl	Pl	its block
22:10:54	Bjisboss	Bjisboss	brb
22:15:24	Nara Black	Nara Black	PL
22:15:57	Nara Black	Nara Black	Negro
22:19:26	Pl	Pl	rebooting
22:22:57	Pl	Pl	umg
22:23:07	Pl	Pl	MOVE
22:23:11	Pl	Pl	horrible kid
22:23:26	Bjisboss	Bjisboss	still not gettin slowed
22:23:30	Bjisboss	Bjisboss	still not gettin slowed
22:23:44	Pl	Pl	thats weird
22:23:45	Bjisboss	Bjisboss	nope
22:23:51	Pl	Pl	no its caus you vlocking
22:23:51	Bjisboss	Bjisboss	u suck spammy guy!
22:23:59	Bjisboss	Bjisboss	im not blocking -.-
22:24:10	Pl	Pl	the state your in is
22:24:14	Pl	Pl	dazed state i mean
22:24:24	Pl	Pl	d then move
22:24:33	Pl	Pl	OMG
22:24:36	Pl	Pl	BE USEFULL
22:24:42	Bjisboss	Bjisboss	girl buggin me bro
22:24:44	Bjisboss	Bjisboss	-.-
22:24:51	Pl	Pl	see
22:24:56	Pl	Pl	the dazed state bugged LOL
22:25:25	Pl	Pl	told you
22:25:26	Pl	Pl	~
22:32:37	Bjisboss	Bjisboss	still not slwoing
22:32:42	Bjisboss	Bjisboss	just doing daze state
22:37:54	Pl	Pl	go left when yer dazed
22:38:34	Pl	Pl	seems fine to me
