23:59:49	General Chime	General Chime	finish the a rank
23:59:54	General Chime	General Chime	level btw
00:00:01	Zix	Zix	i wann a kage
00:00:02	Zix	Zix	kiri
00:00:06	Uchiha Rein	Uchiha Rein	bro you dont have to ask me
00:00:08	Zix	Zix	ask to exteban
00:00:09	Zix	Zix	plz
00:00:13	General Chime	General Chime	tell me
00:00:15	General Chime	General Chime	ur lvl
00:00:17	Zix	Zix	all kiri
00:00:17	General Chime	General Chime	1st
00:00:21	Zix	Zix	ask stevan
00:01:10	Hozuki Laxus	Hozuki Laxus	lol
00:02:58	Kaguya Light	Kaguya Light	hahaha
00:04:17	Uchiha -E-	Uchiha -E-	multikeying in front of the owner
00:04:24	Uchiha -E-	Uchiha -E-	&gt;,&gt;
00:04:27	Tanatoz	Tanatoz	lol
00:04:47	Akimichi Sax	Akimichi Sax	did xd
00:05:03	Uchiha -E-	Uchiha -E-	invite zix for a sex
00:05:06	Uchiha -E-	Uchiha -E-	sec*
00:05:19	Uchiha J	Uchiha J	hes just going to leave
00:05:22	Uchiha -E-	Uchiha -E-	ik
00:05:24	Uchiha J	Uchiha J	he left suna 3 times now
00:05:24	Akimichi Sax	Akimichi Sax	k
00:05:43	Akimichi Sax	Akimichi Sax	can i kick after?
00:05:44	Uchiha -E-	Uchiha -E-	hmm k ty
00:05:47	Uchiha -E-	Uchiha -E-	kick
00:06:20	Uchiha -E-	Uchiha -E-	kick him
00:06:23	Uchiha -E-	Uchiha -E-	if you want
00:06:25	Uchiha -E-	Uchiha -E-	and ty
00:06:37	Akimichi Sax	Akimichi Sax	Dislike this guy
00:06:40	Uchiha J	Uchiha J	are you sure copy is good
00:06:42	Akimichi Sax	Akimichi Sax	k guys get mish
00:06:43	Akimichi Sax	Akimichi Sax	yh j
00:06:50	Uchiha J	Uchiha J	man i have a feeling its not good and just a waste
00:06:51	Akimichi Sax	Akimichi Sax	ishi to kawa
00:06:56	Uchiha J	Uchiha J	all you do is copy a move
00:07:05	Akimichi Sax	Akimichi Sax	a move you dont have
00:07:11	Uchiha -E-	Uchiha -E-	imagine a enemie uses water dragon
00:07:11	Uchiha J	Uchiha J	but can get?
00:07:17	Uchiha J	Uchiha J	true
00:07:22	Uchiha J	Uchiha J	fine
00:07:23	Uchiha -E-	Uchiha -E-	best way to counter a water dragon is with water dragon
00:07:54	Uchiha J	Uchiha J	do i get it right away?
00:08:07	Uchiha -E-	Uchiha -E-	when he uses the jutsu you press space
00:08:12	Uchiha J	Uchiha J	i know
00:08:17	Uchiha J	Uchiha J	but do i get right away
00:08:35	Uchiha -E-	Uchiha -E-	naruke you gave saxi EJ?
00:08:41	Akimichi Sax	Akimichi Sax	yh he did
00:08:54	Akimichi Sax	Akimichi Sax	just for squad spots
00:09:18	Uchiha -E-	Uchiha -E-	still, dont give free ranks plz, leave that to kages
00:09:23	Uchiha -E-	Uchiha -E-	ty
00:09:44	Uchiha Rein	Uchiha Rein	heal
00:09:48	Uchiha Rein	Uchiha Rein	im overwounded
00:09:52	Uchiha Rein	Uchiha Rein	ty
00:10:22	Zix	Zix	-_-
00:11:09	Uchiha Rein	Uchiha Rein	heal
00:11:12	Kaguya Light	Kaguya Light	100 wounds clsed
00:11:22	Kaguya Light	Kaguya Light	Analyzed Uchiha Rein: 21% Stamina -- 90% Chakra -- 104% Wounds ... 
00:11:23	Kaguya Light	Kaguya Light	xD
00:11:43	Kaguya Light	Kaguya Light	hahahahaha
00:12:01	Uchiha -E-	Uchiha -E-	saxi can i stay fuma?
00:12:06	Uchiha -E-	Uchiha -E-	only working faction
00:12:07	Akimichi Sax	Akimichi Sax	yh
00:12:09	Uchiha -E-	Uchiha -E-	ty
00:12:14	Akimichi Sax	Akimichi Sax	k guys imma do my mish
00:12:18	Uchiha Rein	Uchiha Rein	same
00:12:19	Akimichi Sax	Akimichi Sax	wait at kawa
00:12:20	Uchiha Rein	Uchiha Rein	omw
00:12:22	Uchiha J	Uchiha J	omw
00:12:28	Uchiha Shine	Uchiha Shine	Saxi
00:12:34	Akimichi Sax	Akimichi Sax	aa
00:12:36	Uchiha Shine	Uchiha Shine	mp
00:12:43	Uchiha -E-	Uchiha -E-	J
00:12:45	Uchiha Shine	Uchiha Shine	ty
00:12:47	Uchiha -E-	Uchiha -E-	You ready to host?
00:12:47	Uchiha J	Uchiha J	i got cha kill after
00:12:54	Uchiha J	Uchiha J	i guess so
00:13:02	Uchiha -E-	Uchiha -E-	Yes ot No!
00:13:02	Akimichi Sax	Akimichi Sax	Host exam?
00:13:03	Uchiha -E-	Uchiha -E-	or*
00:13:07	Uchiha J	Uchiha J	yes
00:13:10	Uchiha -E-	Uchiha -E-	host this game
00:13:17	Uchiha J	Uchiha J	oui yes
00:13:17	Akimichi Sax	Akimichi Sax	me?
00:13:22	Uchiha -E-	Uchiha -E-	no J
00:13:25	Akimichi Sax	Akimichi Sax	aa
00:13:29	Uchiha -E-	Uchiha -E-	saxyouarentthatimportant
00:13:37	Akimichi Sax	Akimichi Sax	yhi
00:13:40	Akimichi Sax	Akimichi Sax	ik*
00:13:41	Uchiha -E-	Uchiha -E-	xD
00:13:43	Uchiha -E-	Uchiha -E-	&lt;3
00:14:19	Uchiha Rein	Uchiha Rein	cha kill
00:14:24	Uchiha J	Uchiha J	same
00:14:33	Uchiha -E-	Uchiha -E-	brb
00:15:02	Uchiha Rein	Uchiha Rein	where to?
00:17:24	Uchiha J	Uchiha J	now what to cha??
00:18:24	Zix	Zix	nice
00:18:27	Zix	Zix	ll leaf vs me
00:18:28	Uchiha Rein	Uchiha Rein	ppl be run**** to much
00:18:34	Akimichi Sax	Akimichi Sax	yh ikr rein
00:18:42	Uchiha Rein	Uchiha Rein	wow
00:18:47	Uchiha Shine	Uchiha Shine	@_@
00:18:57	Uchiha J	Uchiha J	let me copy heal
00:20:45	Akimichi Sax	Akimichi Sax	k guys what mish you got?
00:23:18	Akimichi Sax	Akimichi Sax	k guys what mish you have
00:23:19	Zix	Zix	noobs teamer
00:23:22	Uchiha Rein	Uchiha Rein	come
00:23:24	Uchiha J	Uchiha J	i had to relog
00:24:09	Uchiha Rein	Uchiha Rein	you guys are epic leeching
00:24:37	Uchiha J	Uchiha J	whats better decap or sword
00:24:51	Uchiha -E-	Uchiha -E-	decap - damage sword - faster
00:25:05	Uchiha J	Uchiha J	how is faster
00:25:13	Uchiha J	Uchiha J	it takes 5 sec eevery swing
00:25:37	Akimichi Sax	Akimichi Sax	k guys 
00:26:07	Akimichi Sax	Akimichi Sax	kh guys
00:26:08	Zix	Zix	hey
00:26:12	Zix	Zix	tank
00:26:12	Zix	Zix	bro
00:26:29	Akimichi Sax	Akimichi Sax	yo guys ready for chuunin?
00:26:33	Uchiha Shine	Uchiha Shine	Yep
00:26:42	Uchiha J	Uchiha J	sax y did you demote me??
00:26:46	Uchiha J	Uchiha J	any reason
00:27:11	Uchiha J	Uchiha J	gl rein and shine
00:27:19	Uchiha Shine	Uchiha Shine	^^
00:27:24	Uchiha Rein	Uchiha Rein	^
00:27:51	Uchiha J	Uchiha J	sax y did you demote me??
00:27:54	Uchiha Rein	Uchiha Rein	bugged?
00:27:56	Uchiha J	Uchiha J	any reason
00:27:59	Uchiha J	Uchiha J	?
00:28:03	Akimichi Sax	Akimichi Sax	now
00:28:04	Akimichi Sax	Akimichi Sax	?
00:28:09	Uchiha Rein	Uchiha Rein	nope
00:28:12	Akimichi Sax	Akimichi Sax	Dam
00:28:23	Uchiha Shine	Uchiha Shine	what happened?
00:28:26	Akimichi Sax	Akimichi Sax	Exam bugged exte
00:28:48	Kaguya Light	Kaguya Light	stop im too laggy
00:29:10	Akimichi Sax	Akimichi Sax	imma try again
00:29:25	Uchiha -E-	Uchiha -E-	isnt bugged saxi...
00:29:31	Uchiha -E-	Uchiha -E-	now it is
00:29:32	Uchiha -E-	Uchiha -E-	...
00:29:44	Uchiha Shine	Uchiha Shine	lol
00:29:47	Uchiha Rein	Uchiha Rein	end all 3 of them
00:29:49	Tank	Tank	tell me dmg
00:29:51	Akimichi Sax	Akimichi Sax	i did 2 times before exte
00:29:52	Tank	Tank	?
00:29:57	Uchiha Rein	Uchiha Rein	now you host
00:30:01	Kaguya Light	Kaguya Light	idont know why i get so laggy :(
00:30:11	ZixJR	ZixJR	leae your squad
00:30:13	Uchiha Rein	Uchiha Rein	theres 1 more E
00:30:14	Kaguya Light	Kaguya Light	rein, what happened with your game?
00:30:15	ZixJR	ZixJR	leave
00:30:24	Tank	Tank	k
00:30:27	Kaguya Light	Kaguya Light	rein, what happened with your game?
00:30:31	Tank	Tank	tell me dmg
00:30:31	Uchiha Rein	Uchiha Rein	idk i didnt feel liek owrking on it by myself
00:30:37	ZixJR	ZixJR	ok
00:30:42	ZixJR	ZixJR	nice
00:30:51	Kaguya Light	Kaguya Light	:s
00:30:59	Akimichi Sax	Akimichi Sax	still bugged?
00:31:06	Uchiha Rein	Uchiha Rein	umm
00:31:17	Uchiha Rein	Uchiha Rein	theyhost again saxi
00:31:21	Uchiha Rein	Uchiha Rein	host*
00:31:33	Kaguya Light	Kaguya Light	o.o
00:31:47	Uchiha J	Uchiha J	gl light
00:31:52	Kaguya Light	Kaguya Light	hey J
00:31:55	Uchiha J	Uchiha J	sup
00:32:08	Kaguya Light	Kaguya Light	thank you but im really bad getting scrolls &gt;.&lt;
00:32:11	Kaguya Light	Kaguya Light	xD
00:32:14	Uchiha Rein	Uchiha Rein	LOl
00:32:26	Kaguya Light	Kaguya Light	i kill them , but they use kawa and i lost them
00:32:28	Uchiha J	Uchiha J	just spam needles
00:32:31	Taizu	Taizu	o.o
00:32:36	Taizu	Taizu	oh the infamous rein...
00:32:38	Uchiha Rein	Uchiha Rein	needlesi s for noobs
00:32:39	ZixJR	ZixJR	attack me
00:32:41	ZixJR	ZixJR	for regen
00:32:42	Kaguya Light	Kaguya Light	i dont know how to fight with it xD
00:32:43	Uchiha Rein	Uchiha Rein	Sup Taizu
00:32:45	Uchiha Rein	Uchiha Rein	LOL
00:32:52	Taizu	Taizu	not ezing this time r we?
00:32:54	Uchiha J	Uchiha J	samurai
00:33:01	Uchiha Rein	Uchiha Rein	i never ezed
00:33:01	Uchiha J	Uchiha J	wtf is ezing
00:33:10	Kaguya Light	Kaguya Light	eazing is training with ctr
00:33:19	Kaguya Light	Kaguya Light	well im going to do some missions
00:33:22	Kaguya Light	Kaguya Light	see you later guys ;)
00:33:23	Uchiha J	Uchiha J	i dont know how to do that
00:33:24	Uchiha Rein	Uchiha Rein	pce
00:34:04	Uchiha -E-	Uchiha -E-	ugh no one in suna to tele
00:34:06	Uchiha -E-	Uchiha -E-	&gt;.&gt;
00:34:10	Uchiha Rein	Uchiha Rein	lol
00:34:12	Uchiha -E-	Uchiha -E-	i have to walk...
00:34:15	ZixJR	ZixJR	attack
00:34:22	Akimichi Sax	Akimichi Sax	Can i host now exte?
00:34:30	Uchiha -E-	Uchiha -E-	no saxi...
00:34:31	Akimichi Sax	Akimichi Sax	k
00:34:34	Uchiha -E-	Uchiha -E-	imma reboot
00:34:55	Uchiha J	Uchiha J	dead
00:35:01	Uchiha Rein	Uchiha Rein	LOL
00:35:06	Uchiha Shine	Uchiha Shine	^
00:35:07	Uchiha J	Uchiha J	lol
00:35:07	Zix	Zix	back
00:35:10	Zix	Zix	hey bro
00:35:14	Zix	Zix	vote for me for kage
00:35:17	Tank	Tank	where
00:35:20	Zix	Zix	wait
00:35:39	Zix	Zix	hey
00:35:43	Tank	Tank	i am there
00:35:44	Zix	Zix	you can let me kill you for rank A
00:35:46	Zix	Zix	bro?
00:35:51	Uchiha -E-	Uchiha -E-	gotta love the icon
00:35:53	Uchiha -E-	Uchiha -E-	&lt;3
00:35:55	Zix	Zix	ya vine con este
00:36:01	Tank	Tank	you don&#39;t have an A rank lol
00:36:01	Kaguya Light	Kaguya Light	xD
00:36:02	Zix	Zix	waoo!! cuanto quisiera ser kage
00:36:03	Zix	Zix	Aww
00:36:05	Tank	Tank	you just logged on
00:36:08	Akimichi Sax	Akimichi Sax	k you&#39;re rebooting?
00:36:09	Kaguya Light	Kaguya Light	:s
00:36:10	Zix	Zix	yea i need
00:36:12	Zix	Zix	kill 1
00:36:13	Uchiha -E-	Uchiha -E-	yh
00:36:13	Tank	Tank	im not stupid
00:36:15	Zix	Zix	for a Rank
00:36:21	Zix	Zix	look
00:36:23	Zix	Zix	my info card
00:36:27	Zix	Zix	i realize
00:36:30	Zix	Zix	10 mish rank A
00:36:36	Tank	Tank	doesn&#39;t matter lol
00:36:39	Zix	Zix	general
00:36:42	Tank	Tank	you didn&#39;t go to kh
00:36:44	General Chime	General Chime	?
00:36:48	Tank	Tank	plus your missing
00:36:50	Zix	Zix	i need kill someone for rank A
00:36:57	Zix	Zix	again
00:36:58	Tank	Tank	it wouldn&#39;t just be someone
00:36:59	Zix	Zix	:S
00:37:00	Kaguya Light	Kaguya Light	when you are killed you lost A rank
00:37:05	Zix	Zix	light
00:37:08	Zix	Zix	hice un relog
00:37:09	Kaguya Light	Kaguya Light	&gt;.&gt;
00:37:09	Tank	Tank	it would tell you who lol
00:37:11	Zix	Zix	y me lo quitaron
00:37:13	Kaguya Light	Kaguya Light	xD
00:37:18	Zix	Zix	i can kill you?
00:37:19	Tank	Tank	i am an old player
00:37:20	Zix	Zix	general
00:37:22	General Chime	General Chime	invite
00:37:26	Akimichi Sax	Akimichi Sax	i will host after reboot then
00:37:27	General Chime	General Chime	i kno you r tank
00:37:32	General Chime	General Chime	i know u
00:37:39	Kaguya Light	Kaguya Light	tank wanna join us?
00:37:41	Tank	Tank	lol zix made the squad
00:37:44	Tank	Tank	yeah sure
00:37:52	Tank	Tank	inv
00:37:55	Kaguya Light	Kaguya Light	haha zix ,ya me e dejado matar muho
00:38:01	Kaguya Light	Kaguya Light	y perdi mi rango B
00:38:04	Kaguya Light	Kaguya Light	:/
00:38:36	Kaguya Light	Kaguya Light	any of you get a mission
00:38:57	Kaguya Light	Kaguya Light	:P
00:39:04	Akimichi Sax	Akimichi Sax	nvm going to eat
00:39:06	Kaguya Light	Kaguya Light	heheh chime
00:39:29	Zix	Zix	back
00:39:30	Kaguya Light	Kaguya Light	tank, chime get a scroll :O
00:39:35	Kaguya Light	Kaguya Light	lets do some missions
00:39:43	Kaguya Light	Kaguya Light	&gt;.&gt;
00:39:45	Tank	Tank	ishi
00:39:50	Zix	Zix	ty chime
00:39:50	Tank	Tank	pack
00:40:02	Zix	Zix	O.o
00:40:06	Zix	Zix	preguntale
00:40:08	Zix	Zix	que paso
00:40:11	Kaguya Light	Kaguya Light	Cha no Kuni, to Kiri. 
00:40:18	Zix	Zix	dile que me deje dale un kill
00:40:20	Kaguya Light	Kaguya Light	tiene mision
00:40:29	Zix	Zix	chime
00:40:32	General Chime	General Chime	let me see
00:40:33	Zix	Zix	u have mish
00:40:34	Zix	Zix	rank C
00:40:34	General Chime	General Chime	mission
00:40:35	Zix	Zix	?
00:40:37	Zix	Zix	ok
00:40:39	Zix	Zix	i waiting you
00:40:41	General Chime	General Chime	copy paste
00:40:46	General Chime	General Chime	the mission
00:40:53	General Chime	General Chime	on me
00:40:53	Kaguya Light	Kaguya Light	where chime?
00:41:01	Tank	Tank	don&#39;t let him kill you
00:41:02	General Chime	General Chime	zix copy and paste your a rank
00:41:07	Tank	Tank	he doesn&#39;t have a mission
00:41:13	Zix	Zix	Level Grade: 56/100 ... Total Grade 56% / 100% ... Current Rank: B
00:41:17	Zix	Zix	i need 1 kill
00:41:18	Kaguya Light	Kaguya Light	everybody go to ishi
00:41:19	Tank	Tank	missing can&#39;t even get A ranks
00:41:20	Zix	Zix	for rank A
00:41:22	Zix	Zix	back
00:41:25	Zix	Zix	i can kill u
00:41:28	Zix	Zix	?
00:41:31	Kaguya Light	Kaguya Light	lets make tank mission, later mine and idk what is chime
00:41:42	General Chime	General Chime	tank
00:41:46	General Chime	General Chime	he wants a rank
00:41:48	Zix	Zix	yea?
00:41:49	General Chime	General Chime	not for mission
00:41:54	Zix	Zix	no
00:41:55	General Chime	General Chime	but for the tittle
00:42:00	Zix	Zix	i want the rank
00:42:07	Tank	Tank	just don&#39;t let him kill you
00:42:12	Zix	Zix	after reboot
00:48:44	Kaguya Light	Kaguya Light	:D
00:49:12	Zix	Zix	let?
00:49:24	Zix	Zix	ty
00:49:31	Zix	Zix	brb
00:49:56	Zix	Zix	dame heal
00:50:07	Kaguya Light	Kaguya Light	xD
00:50:10	Zix	Zix	---_--
00:50:16	Kaguya Light	Kaguya Light	chime?
00:51:07	Kaguya Light	Kaguya Light	xD
11:29:25	Akuma-Senpai	Akuma-Senpai	o.o rain
11:29:28	Akuma-Senpai	Akuma-Senpai	snow
11:29:44	Akuma-Senpai	Akuma-Senpai	factions fixed?
11:30:14	Uchiha -E-	Uchiha -E-	Sand Storm
11:30:14	Akuma-Senpai	Akuma-Senpai	lol
11:30:25	Akuma-Senpai	Akuma-Senpai	dont put it in xD
11:30:30	Uchiha -E-	Uchiha -E-	xD
11:30:42	Akuma-Senpai	Akuma-Senpai	Rain in mist sand storm in sun snow in lef
11:30:42	Uchiha -E-	Uchiha -E-	xD
11:30:47	Akuma-Senpai	Akuma-Senpai	woo dafuq is this xD
11:30:55	Uchiha -E-	Uchiha -E-	troll modo
11:31:17	Akuma-Senpai	Akuma-Senpai	lol you should do that at an exam to troll them
11:31:22	Uchiha -E-	Uchiha -E-	xD
11:31:35	Akuma-Senpai	Akuma-Senpai	aff cmon now i need to train to 30
11:31:44	Akuma-Senpai	Akuma-Senpai	&lt;3? lol
11:31:57	Akuma-Senpai	Akuma-Senpai	oh shet
11:32:03	Uchiha -E-	Uchiha -E-	!
11:32:25	Akuma-Senpai	Akuma-Senpai	lol
11:32:31	Uchiha -E-	Uchiha -E-	45k stam
11:32:33	Uchiha -E-	Uchiha -E-	...
11:32:36	Uchiha -E-	Uchiha -E-	brb
11:32:40	Akuma-Senpai	Akuma-Senpai	8
11:32:52	Uchiha -E-	Uchiha -E-	k its off
11:32:53	Akuma-Senpai	Akuma-Senpai	i need the sp...
11:33:20	Uchiha -E-	Uchiha -E-	sp?
11:33:28	Akuma-Senpai	Akuma-Senpai	skillpoints
11:33:34	Uchiha -E-	Uchiha -E-	ik but for?
11:33:42	Akuma-Senpai	Akuma-Senpai	stab
11:33:48	Uchiha -E-	Uchiha -E-	ah jashin
11:33:50	Akuma-Senpai	Akuma-Senpai	&lt;&lt;lvl 14 jashin
11:35:31	Uchiha -E-	Uchiha -E-	i need to rebuild my youth
11:35:32	Uchiha -E-	Uchiha -E-	brb
11:38:02	Akuma-Senpai	Akuma-Senpai	lol
11:48:04	Bloodtaster	Bloodtaster	Ga naar ishi
11:50:00	Bloodtaster	Bloodtaster	Thnx.
12:10:02	Hyuuga RicKz	Hyuuga RicKz	wtf lol
12:10:07	Akuma-Senpai	Akuma-Senpai	dafuq was that?0.0
12:10:09	Uchiha Shine	Uchiha Shine	Mangekyou.
12:10:29	Hyuuga RicKz	Hyuuga RicKz	lol ?
12:10:33	Akuma-Senpai	Akuma-Senpai	wtf is that?
12:10:34	Uchiha Shine	Uchiha Shine	Damn I love Gen.
12:10:40	Uchiha Shine	Uchiha Shine	Mangekyou
12:11:08	Akuma-Senpai	Akuma-Senpai	lol thats gonna be taken out
12:11:30	Uchiha Shine	Uchiha Shine	It&#39;s going to be dark soon
12:11:33	Hyuuga RicKz	Hyuuga RicKz	mhm
12:11:33	Uchiha Shine	Uchiha Shine	Damn
12:11:36	Uchiha Shine	Uchiha Shine	Overused it
12:12:59	Hyuuga RicKz	Hyuuga RicKz	lol
12:13:55	Gulion Slico	Gulion Slico	hey can i test lion combo on u
12:14:00	Maito Gai	Maito Gai	sure
12:14:05	Gulion Slico	Gulion Slico	so you can tell ne the dmg
12:14:25	Maito Gai	Maito Gai	93 dmg
12:14:26	Maito Gai	Maito Gai	xD
12:14:27	Gulion Slico	Gulion Slico	none?
12:14:30	Gulion Slico	Gulion Slico	?
12:14:37	Gulion Slico	Gulion Slico	wow
12:14:37	Maito Gai	Maito Gai	You took 93 Stamina damage from Gulion Slico!
12:14:47	Gulion Slico	Gulion Slico	i made a mistake 
12:15:10	Gulion Slico	Gulion Slico	what determines its damage?
12:15:20	Maito Gai	Maito Gai	str rfx
12:15:31	Gulion Slico	Gulion Slico	ok
12:21:51	Hyuuga RicKz	Hyuuga RicKz	Mete-me numa faction xD
12:23:12	Maito Gai	Maito Gai	its night
12:23:13	Maito Gai	Maito Gai	!!
12:23:15	Maito Gai	Maito Gai	:o
12:23:16	Akuma-Senpai	Akuma-Senpai	!!
12:23:24	Akuma-Senpai	Akuma-Senpai	amg was about to complete mission xD
12:23:28	Maito Gai	Maito Gai	sry xD
12:23:36	Maito Gai	Maito Gai	where was it?
12:23:39	Akuma-Senpai	Akuma-Senpai	cha
12:23:57	Akuma-Senpai	Akuma-Senpai	Gai give me announce verb?
12:26:01	Akuma-Senpai	Akuma-Senpai	lol tag spam
12:28:04	Hyuuga RicKz	Hyuuga RicKz	akuma admin?
12:32:57	Uchiha Shine	Uchiha Shine	go
12:33:05	Hyuuga RicKz	Hyuuga RicKz	can&#39;t fight now. busy
12:34:51	Akuma-Senpai	Akuma-Senpai	No
12:35:10	Uchiha -E-	Uchiha -E-	what you think of this
12:35:24	Akuma-Senpai	Akuma-Senpai	atake it away
12:35:25	Uchiha -E-	Uchiha -E-	xD
12:35:40	Akuma-Senpai	Akuma-Senpai	exteban just a tip lol, everything that wasnt here pre-update should be taken out
12:35:50	Uchiha -E-	Uchiha -E-	lol ik
12:35:54	Uchiha -E-	Uchiha -E-	did this when i was bored
12:35:58	Akuma-Senpai	Akuma-Senpai	xD
12:36:00	Uchiha -E-	Uchiha -E-	its isnt ingame
12:36:06	Akuma-Senpai	Akuma-Senpai	btw whats bugged for the jashins
12:36:17	Uchiha -E-	Uchiha -E-	after 100 wounds they auto die
12:36:29	Uchiha -E-	Uchiha -E-	gona fix that now
12:36:32	Uchiha Shine	Uchiha Shine	1v1?
12:36:33	Akuma-Senpai	Akuma-Senpai	hmm what else
12:36:37	Uchiha -E-	Uchiha -E-	nothing else
12:36:47	Akuma-Senpai	Akuma-Senpai	you gonna fix clones right?
12:36:47	Gulion Slico	Gulion Slico	no i have a mish
12:36:51	Uchiha -E-	Uchiha -E-	yh
12:36:52	Gulion Slico	Gulion Slico	when i get back
12:36:56	Uchiha Shine	Uchiha Shine	just til 70
12:37:12	Akuma-Senpai	Akuma-Senpai	can you make ruthy&#39;s get boost faster cus i raided yesterday like 3-4 times
12:37:22	Akuma-Senpai	Akuma-Senpai	and didnt get a boost at all
12:37:30	Akuma-Senpai	Akuma-Senpai	while i was landing 7 wounds decap
12:37:53	Uchiha -E-	Uchiha -E-	hmm k
12:37:56	Uchiha -E-	Uchiha -E-	imma look at it
12:38:12	Uchiha -E-	Uchiha -E-	even tought i think jashin boost is op
12:38:14	Akuma-Senpai	Akuma-Senpai	not biased lol they get the boost slow
12:38:21	Akuma-Senpai	Akuma-Senpai	whats the boost?
12:38:27	Akuma-Senpai	Akuma-Senpai	lemme test
12:38:31	Uchiha -E-	Uchiha -E-	20%
12:38:32	Akuma-Senpai	Akuma-Senpai	dont attack
12:38:44	Akuma-Senpai	Akuma-Senpai	+58
12:38:58	Akuma-Senpai	Akuma-Senpai	keep healing me
12:39:05	Akuma-Senpai	Akuma-Senpai	ill see how far it goes
12:39:38	Uchiha -E-	Uchiha -E-	lol sry
12:39:40	Akuma-Senpai	Akuma-Senpai	+42
12:39:48	Akuma-Senpai	Akuma-Senpai	+28
12:39:59	Uchiha -E-	Uchiha -E-	thats cus your low lvl
12:58:41	Akuma-Senpai	Akuma-Senpai	Faka
12:59:18	Nara Juriki	Nara Juriki	faka
13:05:10	Nara Juriki	Nara Juriki	geef me mr
13:05:21	Nara Juriki	Nara Juriki	dankje
13:05:26	Akuma-Senpai	Akuma-Senpai	np
13:06:26	Atticus	Atticus	mr
13:12:29	Atticus	Atticus	dont work c.c
13:17:44	Nara Juriki	Nara Juriki	what your doing atti?
13:17:57	Atticus	Atticus	lvling with mr
13:18:12	Nara Juriki	Nara Juriki	ah ok
13:19:31	Nara Juriki	Nara Juriki	wanna mish?
13:19:51	Atticus	Atticus	it&#39;s bugged
13:19:55	Nara Juriki	Nara Juriki	everything?
13:19:58	Atticus	Atticus	idk
13:20:15	Atticus	Atticus	lets try
13:23:09	Nara Juriki	Nara Juriki	inv me
13:23:27	Nara Juriki	Nara Juriki	take now?
13:23:33	Atticus	Atticus	ready?
13:23:46	Nara Juriki	Nara Juriki	well still gotm r
13:23:52	Atticus	Atticus	same
13:26:06	Atticus	Atticus	sorry
13:26:08	Atticus	Atticus	:3
13:26:18	Atticus	Atticus	i didnt mean to make wounds
13:26:22	Nara Juriki	Nara Juriki	lol
13:27:16	Nara Juriki	Nara Juriki	ok rdy?
13:27:22	Atticus	Atticus	yes
13:27:35	Nara Juriki	Nara Juriki	c or d rank?
13:27:37	Atticus	Atticus	Your job is to Escort Maki who you can find at Cha no Kuni, to Kawa no Kuni. 
13:27:42	Atticus	Atticus	i grabbed c
13:28:01	Nara Juriki	Nara Juriki	kawa to cha
13:29:48	Nara Juriki	Nara Juriki	atti
13:29:53	Nara Juriki	Nara Juriki	i&#39;m escorting
13:29:57	Atticus	Atticus	ok
13:30:02	Nara Juriki	Nara Juriki	wait top left of cha
13:30:24	Nara Juriki	Nara Juriki	...
13:30:26	Nara Juriki	Nara Juriki	what you doing?
13:30:34	Atticus	Atticus	just to gain time
13:30:42	Nara Juriki	Nara Juriki	but i want your mish 2
13:30:48	Atticus	Atticus	i know
13:30:50	Atticus	Atticus	lol
13:33:23	Gulion Slico	Gulion Slico	thanks
13:33:24	Atticus	Atticus	do it
13:33:34	Atticus	Atticus	fake jur
13:33:49	Nara Juriki	Nara Juriki	to kawa!
13:33:49	Gulion Slico	Gulion Slico	wow
13:34:35	Atticus	Atticus	yellow house
13:35:04	Gulion Slico	Gulion Slico	ishi pack
13:37:02	Nara Juriki	Nara Juriki	afk gonna watch a soccer game
13:37:12	Gulion Slico	Gulion Slico	log then in a house
13:37:19	Atticus	Atticus	ok
13:39:37	Bloodtaster	Bloodtaster	Waar is die andere?
13:39:45	Nara Juriki	Nara Juriki	in cha
13:39:52	Nara Juriki	Nara Juriki	i didnt get mr -.-
13:40:07	Bloodtaster	Bloodtaster	Je hebt al mr van mij gekregen
13:40:10	Bloodtaster	Bloodtaster	Je moet reloggen.
13:40:16	Bloodtaster	Bloodtaster	Of van iemand anders halen.
13:40:25	Bloodtaster	Bloodtaster	Kga afk.
13:40:26	Nara Juriki	Nara Juriki	ah hoef nu niet ga toch eten
13:40:30	Bloodtaster	Bloodtaster	Isgoed
13:41:00	Atticus	Atticus	lvl?
13:42:16	Gulion Slico	Gulion Slico	level?
13:42:54	Nara Juriki	Nara Juriki	:P
13:42:57	Nara Juriki	Nara Juriki	hes a admin
13:42:57	Gulion Slico	Gulion Slico	um what are those brown things on his arms?
13:43:00	Nara Juriki	Nara Juriki	he added 100 lvl
13:43:08	Akuma-Senpai	Akuma-Senpai	im testing
13:43:12	Gulion Slico	Gulion Slico	oh
13:45:53	Akuma-Senpai	Akuma-Senpai	oh shet its already +90
13:46:05	Uchiha -E-	Uchiha -E-	see
13:46:06	Atticus	Atticus	Slico
13:46:10	Atticus	Atticus	grab 
13:46:12	Gulion Slico	Gulion Slico	yes?
13:46:16	Akuma-Senpai	Akuma-Senpai	max boost = 180 con
13:46:23	Akuma-Senpai	Akuma-Senpai	+135 rfx
13:46:26	Akuma-Senpai	Akuma-Senpai	i mean 180 str
13:46:30	Gulion Slico	Gulion Slico	omw
13:46:40	Akuma-Senpai	Akuma-Senpai	lol
13:46:45	Akuma-Senpai	Akuma-Senpai	+150 rfx
13:46:49	Akuma-Senpai	Akuma-Senpai	+ 180 str
13:46:51	Uchiha -E-	Uchiha -E-	lets see if i fixed jashins
13:46:58	Uchiha -E-	Uchiha -E-	and see jashin boost is op
13:49:18	Atticus	Atticus	did you lost your mish?
13:49:22	Atticus	Atticus	lose/*
13:49:32	Uchiha -E-	Gulion Slico	sadly
13:49:39	Atticus	Atticus	come to kawa
13:50:53	Uchiha -E-	Gulion Slico	what trait are you?
13:51:09	Atticus	Atticus	Uchiha
13:51:32	Uchiha -E-	Gulion Slico	then where u=is the uchiha in your name?
13:51:39	Uchiha -E-	Gulion Slico	is
13:51:41	Atticus	Atticus	idk
13:51:44	Atticus	Atticus	i lost 
13:51:50	Uchiha -E-	Gulion Slico	yeah right
13:56:30	Atticus	Atticus	grab
13:57:19	Gulion Slico	Gulion Slico	Your job is to track down Gendou who you can find at Ishi no Kuni and kill him.
13:57:52	Atticus	Atticus	Your job is to Escort Chisato who you can find at Kawa no Kuni, to Cha no Kuni. 
13:58:02	Atticus	Atticus	ishi first
14:00:37	Atticus	Atticus	escort
14:04:57	Atticus	Atticus	Your job is to track down Kameko who you can find at Kawa no Kuni and kill him.
14:05:48	Gulion Slico	Gulion Slico	Your job is to Escort Naoko who you can find at Cha no Kuni, to Kawa no Kuni.
14:07:45	Gulion Slico	Gulion Slico	wound spammer 0.0
14:07:49	Atticus	Atticus	e.e
14:07:56	Atticus	Atticus	bugged? &#39;-&#39;
14:08:15	Gulion Slico	Gulion Slico	good
14:08:17	Atticus	Atticus	ur escort
14:11:02	Uchiha -E-	Uchiha -E-	...
14:11:03	Uchiha -E-	Uchiha -E-	rly...
14:11:08	Akuma-Senpai	Akuma-Senpai	im testing xd
14:11:32	Uchiha -E-	Uchiha -E-	spam that A
14:11:33	Uchiha -E-	Uchiha -E-	...
14:11:37	Akuma-Senpai	Akuma-Senpai	lol
14:12:29	Gulion Slico	Gulion Slico	atti?
14:13:47	Atticus	Atticus	hi
14:13:49	Atticus	Atticus	sorry
14:14:34	Gulion Slico	Gulion Slico	does chidori current push people away here?
14:14:40	Atticus	Atticus	yh
14:14:49	Gulion Slico	Gulion Slico	the crappy version -.-
14:15:47	Akuma-Senpai	Akuma-Senpai	lol
14:16:15	Gulion Slico	Gulion Slico	Your job is to Escort Jin who you can find at Cha no Kuni, to Kawa no Kuni. 
14:16:28	Gulion Slico	Gulion Slico	level?
14:16:37	Atticus	Atticus	Your job is to Escort Amida who you can find at Cha no Kuni, to Kawa no Kuni. 
14:16:40	Atticus	Atticus	lvl 39
14:16:43	Atticus	Atticus	u?
14:16:45	Gulion Slico	Gulion Slico	33
14:18:28	Maito Gai	Maito Gai	=)
14:18:43	Hyuuga RicKz	Hyuuga RicKz	u there dude? &#39;-&#39;
14:20:00	Atticus	Atticus	i&#39;m waiting
14:20:03	Atticus	Atticus	go get urs
14:20:10	Gulion Slico	Gulion Slico	mine is not in cha
14:20:17	Gulion Slico	Gulion Slico	it&#39;s here
14:20:42	Gulion Slico	Gulion Slico	wait near the house
14:20:46	Maito Gai	Maito Gai	w8
14:20:48	Maito Gai	Maito Gai	bugged
14:20:55	Akuma-Senpai	Akuma-Senpai	its the other circle
14:20:58	Maito Gai	Maito Gai	utgh
14:21:03	Maito Gai	Maito Gai	w8
14:21:06	Maito Gai	Maito Gai	...
14:21:07	Akuma-Senpai	Akuma-Senpai	ooh
14:21:14	Akuma-Senpai	Akuma-Senpai	my wounds..
14:22:35	Gulion Slico	Gulion Slico	which med moves do clones use?
14:22:59	Akuma-Senpai	Akuma-Senpai	lol sorry i guess
14:23:03	Akuma-Senpai	Akuma-Senpai	spamming a
14:23:46	Maito Gai	Maito Gai	hmm
14:24:29	Akuma-Senpai	Akuma-Senpai	xD
14:30:03	Uchiha -E-	Uchiha -E-	not gona fight
14:30:06	Uchiha -E-	Uchiha -E-	unblock
14:30:06	Akuma-Senpai	Akuma-Senpai	oh k
14:30:23	Akuma-Senpai	Akuma-Senpai	that was bs
14:30:28	Uchiha -E-	Uchiha -E-	i dont have bs
14:30:33	Akuma-Senpai	Akuma-Senpai	oh k
14:30:38	Uchiha -E-	Uchiha -E-	why?
14:30:54	Akuma-Senpai	Akuma-Senpai	just saying
14:31:17	Uchiha -E-	Uchiha -E-	hmm
14:31:18	Akuma-Senpai	Akuma-Senpai	what you testing?
14:31:24	Uchiha -E-	Uchiha -E-	100 wounds bug
14:31:27	Akuma-Senpai	Akuma-Senpai	ooh k
14:31:43	Uchiha -E-	Uchiha -E-	move
14:31:54	Uchiha -E-	Uchiha -E-	guess its fixed
14:31:57	Akuma-Senpai	Akuma-Senpai	but
14:32:01	Akuma-Senpai	Akuma-Senpai	k0 me again
14:32:36	Akuma-Senpai	Akuma-Senpai	k0 me untill 100 wounds
14:33:08	Uchiha -E-	Uchiha -E-	stab urself to 100 wounds
14:33:11	Uchiha -E-	Uchiha -E-	:o
14:33:21	Akuma-Senpai	Akuma-Senpai	k k0 me
14:33:27	Akuma-Senpai	Akuma-Senpai	i need to test something
14:42:28	Steel Shredz	Steel Shredz	-.-
14:43:35	Yagura	Yagura	Rickz.
14:43:37	Hyuuga RicKz	Hyuuga RicKz	?
14:43:48	Yagura	Yagura	Maldito, não me deixe pegar level aqui
14:43:55	Hyuuga RicKz	Hyuuga RicKz	who are u? &lt;.&lt;
14:43:55	Yagura	Yagura	Quando eu pegar, você ja era.
14:44:30	Silent Assassin	Silent Assassin	heb je heal?
14:44:43	Silent Assassin	Silent Assassin	aiit thnxs
14:45:57	Silent Assassin	Silent Assassin	succes met examen
14:46:04	Bloodtaster	Bloodtaster	Welke
14:51:23	Cheewie	Cheewie	go kh and heal chime
14:51:44	Yagura	Yagura	Is that an order?
14:51:58	Steel Shredz	Steel Shredz	gettin a heal
14:51:58	Yagura	Yagura	Since when people give me orders.
14:52:03	Yagura	Yagura	._.
14:53:15	Bloodtaster	Bloodtaster	2/2/2 fits better doesn&#39;t it?
14:53:17	Yagura	Yagura	Leave.
14:53:24	Cheewie	Cheewie	rickz leave
14:53:25	Bloodtaster	Bloodtaster	Kinda better with the old stamina.
14:53:28	Yagura	Yagura	It does, blood.
14:53:36	Yagura	Yagura	i&#39;ll use 2 2 2 as well.
14:53:59	Bloodtaster	Bloodtaster	Chidori&#39;d him hard.
14:55:34	Poisin	Poisin	can i test moves on you
14:55:38	Poisin	Poisin	i am level 12
14:56:42	Cheewie	Cheewie	stand next to eachother
14:56:59	Steel Shredz	Steel Shredz	atak me
14:57:04	Steel Shredz	Steel Shredz	chew
14:57:46	Princess Peach	Princess Peach	&lt;.&lt;
14:57:51	Cheewie	Cheewie	we need 1 more
14:58:20	Cheewie	Cheewie	Dont attack eachother
14:58:36	Maito Gai	Maito Gai	lol dont attack each other?
14:58:40	Maito Gai	Maito Gai	thats what caps are for
14:58:44	Cheewie	Cheewie	Yup
14:58:51	Cheewie	Cheewie	Exteban stop
14:59:02	Maito Gai	Maito Gai	ok
14:59:07	Regular Joe	Regular Joe	we see you rickz jeez
14:59:15	Hyuuga RicKz	Hyuuga RicKz	so ? o.o
14:59:21	Regular Joe	Regular Joe	fak you hidig for
14:59:23	Yagura	Yagura	^
14:59:38	Yagura	Yagura	Hey peach
14:59:43	Yagura	Yagura	Remember me?
14:59:44	Princess Peach	Princess Peach	hai there
14:59:47	Princess Peach	Princess Peach	Sousuke?
14:59:49	Yagura	Yagura	We used to ez together ;)
14:59:54	Princess Peach	Princess Peach	Oh yeah I do
14:59:55	Yagura	Yagura	yeah ^
15:00:30	Hyuuga RicKz	Hyuuga RicKz	boi
15:00:32	Yagura	Yagura	This map is nostalgic.
15:00:40	Regular Joe	Regular Joe	yessir
15:01:05	Hyuuga RicKz	Hyuuga RicKz	&lt;.&lt;
15:01:05	Yagura	Yagura	Why does everyone have mabs?
15:01:16	General Chime	General Chime	idk
15:01:20	Cheewie	Cheewie	pretty beast
15:02:27	Yagura	Yagura	Exte
15:02:35	Maito Gai	Maito Gai	?
15:02:35	Yagura	Yagura	Invite me to that faction.
15:02:38	Yagura	Yagura	;)
15:02:41	Maito Gai	Maito Gai	~youll get deleted
15:02:46	Yagura	Yagura	Noob.
15:02:48	Yagura	Yagura	&#39;-&#39;
15:03:31	Maito Gai	Maito Gai	see
15:03:34	Maito Gai	Maito Gai	fixed
15:03:40	General Chime	General Chime	look
15:03:47	Poisin	Poisin	want to see how op i can be at lvl 20
15:03:51	Maito Gai	Maito Gai	health is suposed to be like that
15:03:57	Silent Assassin	Silent Assassin	aiit
15:04:00	Silent Assassin	Silent Assassin	u can test on me
15:04:20	Poisin	Poisin	sure?
15:04:25	Silent Assassin	Silent Assassin	yes
15:04:54	Poisin	Poisin	going to do a quick mish for some money
15:05:31	General Chime	General Chime	remaking in leaf
15:09:36	Poisin	Poisin	hey
15:09:40	Silent Assassin	Silent Assassin	&gt;?
15:09:41	Poisin	Poisin	are you there?
15:09:48	Silent Assassin	Silent Assassin	yes
15:09:49	Poisin	Poisin	ready to test
15:09:56	Silent Assassin	Silent Assassin	yup
15:10:00	Poisin	Poisin	but i will not kill you.
15:10:05	Silent Assassin	Silent Assassin	oke
15:10:06	Poisin	Poisin	level 16 btw
15:10:11	Silent Assassin	Silent Assassin	aiit
15:10:39	Hyuuga RicKz	Hyuuga RicKz	As missoes tão com 15 mins delay?
15:10:46	Maito Gai	Maito Gai	s?
15:10:49	Poisin	Poisin	any good?
15:10:51	Hyuuga RicKz	Hyuuga RicKz	asério? o.o
15:10:56	Maito Gai	Maito Gai	s?
15:11:11	Hyuuga RicKz	Hyuuga RicKz	venho cá tipo de 10 em 10 minutos, e tenho sempre uma nova. xD
15:11:14	Silent Assassin	Silent Assassin	chamber needles crush rasengan
15:11:24	Poisin	Poisin	i stopped
15:11:32	Poisin	Poisin	so you wouldn&#39;t faint
15:11:42	Silent Assassin	Silent Assassin	oke
15:12:37	Uchiha Robin	Uchiha Robin	ill acept squad
15:13:45	Hyuuga RicKz	Hyuuga RicKz	uau :3
15:14:00	Poisin	Poisin	get ready
15:14:08	Hyuuga RicKz	Hyuuga RicKz	só acabar a mish ^^
15:16:04	Silent Assassin	Silent Assassin	battle
15:16:10	Poisin	Poisin	oh
15:18:11	Hyuuga RicKz	Hyuuga RicKz	exte
15:18:17	Hyuuga RicKz	Hyuuga RicKz	lool
15:18:56	Hyuuga RicKz	Hyuuga RicKz	achas? o.o
15:20:14	Hyuuga RicKz	Hyuuga RicKz	tou
15:20:17	Hyuuga RicKz	Hyuuga RicKz	xD
15:21:04	Yagura	Yagura	Affs
15:21:05	Hyuuga RicKz	Hyuuga RicKz	Depois claro 
15:21:13	Yagura	Yagura	Mãe atrapalhando.
15:21:17	Hyuuga RicKz	Hyuuga RicKz	^^
15:21:35	Hyuuga RicKz	Hyuuga RicKz	não sabia que voce era br o.o
15:21:50	Hyuuga RicKz	Hyuuga RicKz	k
15:21:53	Princess Peach	Princess Peach	k
15:26:23	Poisin	Poisin	i am level 19
15:26:28	Raditz	Raditz	Cool
15:26:43	Poisin	Poisin	testing
15:26:51	Poisin	Poisin	can i test on you?
15:26:53	Raditz	Raditz	ok
15:27:08	Poisin	Poisin	how?
15:27:13	Silent Assassin	Silent Assassin	D
15:27:24	Poisin	Poisin	i mean het stood 
15:27:28	Poisin	Poisin	he
15:27:32	Silent Assassin	Silent Assassin	yeah
15:27:50	Raditz	Raditz	I have gen in my build to block your genjutsu
15:27:55	Raditz	Raditz	int*
15:28:00	Poisin	Poisin	oh
15:28:02	Maito Gai	Maito Gai	can you help me test anti log akuma?
15:28:06	Poisin	Poisin	battle?
15:28:06	Raditz	Raditz	Basically genjutsu can&#39;t affect me
15:28:08	Raditz	Raditz	Yes
15:28:09	Cheewie	Cheewie	sure
15:28:14	Cheewie	Cheewie	you mean for loggers?
15:28:18	Maito Gai	Maito Gai	yh
15:28:38	Cheewie	Cheewie	exteban tip nerf mabs and that cus that wasnt so OP you know
15:28:56	Maito Gai	Maito Gai	that what?
15:28:58	Raditz	Raditz	You got dark gen ?
15:29:03	Poisin	Poisin	no
15:29:03	Cheewie	Cheewie	what you just ussed
15:29:09	Poisin	Poisin	not yet
15:29:10	Cheewie	Cheewie	used
15:29:13	Raditz	Raditz	silent level ?
15:29:14	Maito Gai	Maito Gai	lion cmbo?
15:29:19	Silent Assassin	Silent Assassin	53
15:29:23	Cheewie	Cheewie	twin rising dragons
15:29:26	Maito Gai	Maito Gai	ah
15:29:30	Cheewie	Cheewie	k now i log?
15:29:38	Maito Gai	Maito Gai	ñot yet
15:29:44	Cheewie	Cheewie	tell me when i relog
15:29:46	Maito Gai	Maito Gai	kk
15:29:59	Silent Assassin	Silent Assassin	wait
15:30:15	Maito Gai	Maito Gai	oh log
15:30:31	Maito Gai	Maito Gai	thought you were jashin
15:30:33	Maito Gai	Maito Gai	my bad
15:30:39	Cheewie	Cheewie	xd this a ruthless
15:30:39	Maito Gai	Maito Gai	~log when you die
15:30:48	Cheewie	Cheewie	and relog 
15:30:48	Maito Gai	Maito Gai	log
15:31:23	Maito Gai	Maito Gai	hmm
15:31:27	Cheewie	Cheewie	you can log?
15:32:59	Uchiha J	Uchiha J	wanna mish
15:34:38	Uchiha J	Uchiha J	lvl
15:34:45	Hyuuga RicKz	Hyuuga RicKz	32
15:34:50	Raditz	Raditz	Good fight
15:35:01	Silent Assassin	Silent Assassin	that was bad -.-&#39;&#39;
15:35:06	Raditz	Raditz	How ?
15:35:25	Silent Assassin	Silent Assassin	i didnot payd attention on my chackra
15:35:32	Uchiha J	Uchiha J	go get a mish
15:35:33	Silent Assassin	Silent Assassin	i just spammed
15:35:44	Hyuuga RicKz	Hyuuga RicKz	cha kill &lt;.&lt;
15:35:44	Poisin	Poisin	where is the weapons shop?
15:35:49	Raditz	Raditz	bottom
15:35:52	Uchiha J	Uchiha J	kawa kill for me
15:35:56	Uchiha J	Uchiha J	kawa then cha
15:36:12	Raditz	Raditz	inside
15:36:12	Poisin	Poisin	thanks
15:36:41	Uchiha J	Uchiha J	rickz you coming
15:36:47	Hyuuga RicKz	Hyuuga RicKz	brb for 10 mins
15:36:49	Hyuuga RicKz	Hyuuga RicKz	mom calling
15:36:56	Poisin	Poisin	level 20
15:37:40	Raditz	Raditz	Poisin you a battle as well ?
15:37:54	Silent Assassin	Silent Assassin	genius
15:37:57	Raditz	Raditz	oh
15:38:08	Raditz	Raditz	They get extra sp ?
15:38:14	Poisin	Poisin	yes
15:38:14	Silent Assassin	Silent Assassin	yea
15:38:22	Poisin	Poisin	i have so mnay jutsus
15:38:25	Poisin	Poisin	many
15:38:51	Raditz	Raditz	Silent
15:38:55	Raditz	Raditz	fight cheewi
15:38:56	Silent Assassin	Silent Assassin	?
15:39:03	Silent Assassin	Silent Assassin	he only runs
15:39:10	Poisin	Poisin	put me in the tourney
15:39:14	Poisin	Poisin	with silent
15:39:16	Raditz	Raditz	fight him in the arena where he can&#39;t run
15:39:28	Silent Assassin	Silent Assassin	oke
15:40:21	Silent Assassin	Silent Assassin	hmm
15:41:30	Silent Assassin	Silent Assassin	i will ony use 3 jutsus
15:41:34	Silent Assassin	Silent Assassin	and knife
15:42:40	Poisin	Poisin	hmm
15:43:19	Silent Assassin	Silent Assassin	lets mish raditz
15:43:48	Raditz	Raditz	ok
15:44:34	Raditz	Raditz	Grab missions
15:44:49	Poisin	Poisin	kawa pack
15:45:01	Raditz	Raditz	cha to kawa escort
15:45:10	Silent Assassin	Silent Assassin	kawa to cha here
15:45:30	Raditz	Raditz	lets start mine
15:47:39	Silent Assassin	Silent Assassin	sleep gen the shinobi
15:48:29	Zix	Zix	wow
15:48:36	Zix	Zix	You are somewhat less experienced than Maito Gai. ... 
15:48:37	Zix	Zix	editr
15:48:41	Maito Gai	Maito Gai	leave then
15:48:46	Maito Gai	Maito Gai	ok
15:48:56	Silent Assassin	Silent Assassin	my tai is 150+ static 
15:49:12	Poisin	Poisin	wow
15:50:11	Cheewie	Cheewie	im stuck?
15:50:29	Poisin	Poisin	thanks
15:50:38	Raditz	Raditz	np
15:51:04	Zix	Zix	wow
15:51:06	Zix	Zix	xdd
15:51:08	Zix	Zix	lvl?
15:51:09	Zix	Zix	100
15:51:19	Maito Gai	Maito Gai	none of your busyness
15:51:23	Zix	Zix	:D
15:51:28	Zix	Zix	i love you luis
15:51:29	Zix	Zix	xd
15:52:09	Uchiha J	Uchiha J	stop i shut down this game
15:52:23	Zix	Zix	na
15:52:27	Silent Assassin	Silent Assassin	continue mission or what?
15:52:31	Raditz	Raditz	Yes
15:52:35	Raditz	Raditz	Wait at kawa for my escort
15:52:40	Silent Assassin	Silent Assassin	oke
15:53:11	Zix	Zix	xdd
15:53:15	Zix	Zix	nice critial
15:53:30	Zix	Zix	****
15:55:35	Poisin	Poisin	my pack
15:55:36	Raditz	Raditz	kawa pack
15:56:12	Raditz	Raditz	wait at leaf top corner for silents escort
15:57:30	Raditz	Raditz	who&#39;s at leaf ?
15:57:35	Poisin	Poisin	me
15:57:39	Raditz	Raditz	come now!
15:57:42	Silent Assassin	Silent Assassin	Raditz Radio: wait at leaf top corner for silents escort ... 
15:57:44	Poisin	Poisin	u daid to corner?
15:57:48	Silent Assassin	Silent Assassin	trollol
15:57:48	Raditz	Raditz	Damn
15:57:51	Raditz	Raditz	i mean cha*
15:57:54	Raditz	Raditz	sorry
15:57:59	Silent Assassin	Silent Assassin	lolling
15:59:03	Raditz	Raditz	blood level ?
15:59:07	Bloodtaster	Bloodtaster	54, you?
15:59:16	Raditz	Raditz	62
15:59:20	Raditz	Raditz	62
15:59:50	Cheewie	Cheewie	im testing
16:00:01	Silent Assassin	Silent Assassin	stop being annoying then
16:00:02	Poisin	Poisin	u were in suna right?
16:00:04	Silent Assassin	Silent Assassin	just ask
16:00:04	Yagura	Yagura	Haku?
16:00:22	Bloodtaster	Bloodtaster	Raditz
16:00:39	Bloodtaster	Bloodtaster	Want to go down that way?
16:02:05	Silent Assassin	Silent Assassin	how did you became admin btw?
16:02:15	Cheewie	Cheewie	i was the first player with yagura
16:02:17	Poisin	Poisin	no hard feelings
16:02:22	Cheewie	Cheewie	je weet toch :D
16:02:29	Silent Assassin	Silent Assassin	hahahahahahahahaa
16:02:34	Silent Assassin	Silent Assassin	faka wie ben jij
16:02:35	Cheewie	Cheewie	lol zag je praten met blood
16:02:41	Cheewie	Cheewie	rustig met jou
16:02:41	Silent Assassin	Silent Assassin	oowh aiit
16:02:45	Cheewie	Cheewie	mattie van blood
16:02:46	Silent Assassin	Silent Assassin	gaande jwz
16:02:51	Cheewie	Cheewie	ai ai
16:02:54	Silent Assassin	Silent Assassin	aii
16:02:55	Poisin	Poisin	was playing around
16:03:09	Silent Assassin	Silent Assassin	spele nog meer mensen dan?
16:03:12	Silent Assassin	Silent Assassin	van nl
16:03:17	Cheewie	Cheewie	jah
16:03:17	Silent Assassin	Silent Assassin	ez raditz
16:03:19	Cheewie	Cheewie	juriki
16:03:27	Silent Assassin	Silent Assassin	van hem weet ik al
16:03:31	Silent Assassin	Silent Assassin	hit me
16:03:33	Poisin	Poisin	hard feelings blood, i am low level that was just playing around
16:03:37	Cheewie	Cheewie	ohh verder weet ik niet
16:03:46	Poisin	Poisin	level 23
16:03:51	Silent Assassin	Silent Assassin	mr
16:04:01	Raditz	Raditz	juriki on akuma&#39;s char ?
16:04:04	Bloodtaster	Bloodtaster	I don&#39;t really care about what happend, just come out.
16:04:06	Bloodtaster	Bloodtaster	I need mr.
16:04:08	Cheewie	Cheewie	nope
16:04:13	Cheewie	Cheewie	i told him juriki is dutch
16:04:42	Silent Assassin	Silent Assassin	more dutch ppl playing this
16:05:02	Bloodtaster	Bloodtaster	Can you get any non-kiri to come, I need max rate.
16:05:21	Zix	Zix	i wanna be mizukage
16:05:29	Bloodtaster	Bloodtaster	Why didn&#39;t you take hokage?
16:05:42	Zix	Zix	Akimichi Sax
16:05:45	Zix	Zix	is hokage
16:05:57	Bloodtaster	Bloodtaster	Exte offered you hokage in the beginning.
16:06:05	Bloodtaster	Bloodtaster	He said either k0 him twice or remake into leaf.
16:06:25	Zix	Zix	not said if he fought and won the
16:06:30	Zix	Zix	he is ll 100
16:06:30	Mitsu	Mitsu	cheewie?
16:06:32	Zix	Zix	lvl 100
16:06:33	Bloodtaster	Bloodtaster	Lol.
16:06:33	Zix	Zix	edit
16:06:35	Zix	Zix	is
16:06:38	Zix	Zix	youth
16:06:47	Zix	Zix	1000 dmage
16:06:51	Zix	Zix	pounch
16:06:53	Zix	Zix	i can win?
16:06:55	Zix	Zix	no
16:06:58	Zix	Zix	he abused
16:07:01	Bloodtaster	Bloodtaster	Lol.
16:07:01	Zix	Zix	Im lvl 59
16:07:04	Zix	Zix	-_-
16:07:11	Silent Assassin	Silent Assassin	relogging
16:07:14	Silent Assassin	Silent Assassin	rate bugged
16:07:18	Poisin	Poisin	what is mr
16:08:00	Cheewie	Cheewie	yh
16:08:25	Raditz	Raditz	mr helps you level faster
16:08:38	Bloodtaster	Poisin	what is it?
16:08:52	Bloodtaster	Poisin	as in what does it mean
16:09:01	Raditz	Raditz	max rate
16:09:06	Bloodtaster	Poisin	oh
16:09:16	Mitsu	Mitsu	ooc
16:09:18	Raditz	Raditz	the higher the rate the more you level faster
16:09:29	Bloodtaster	Poisin	i understand
16:09:43	Mitsu	Mitsu	is raditz akimichi Grimmjow?
16:10:02	Raditz	Raditz	try giant ball rasengan on me
16:10:20	Poisin	Poisin	wow
16:10:23	Raditz	Raditz	Oh i see
16:10:24	Poisin	Poisin	strong
16:10:27	Raditz	Raditz	Knock back affect
16:11:39	Cheewie	Cheewie	cyall im logging out
16:11:43	Silent Assassin	Silent Assassin	aiit 
16:11:47	Silent Assassin	Silent Assassin	mr
16:11:53	Mitsu	Mitsu	hi silent
16:11:56	Silent Assassin	Silent Assassin	sup
16:12:09	Mitsu	Mitsu	training you?
16:12:17	Silent Assassin	Silent Assassin	yes
16:13:01	Zix	Zix	:(
16:13:09	Mitsu	Mitsu	hii grimmjow
16:13:15	Raditz	Raditz	hey
16:13:25	Raditz	Raditz	You gonna leave kiri ?
16:13:31	Mitsu	Mitsu	yeh
16:13:40	Zix	Zix	me
16:13:47	Raditz	Raditz	Leave now ?
16:13:54	Mitsu	Mitsu	only lv 13
16:14:00	Raditz	Raditz	oh
16:14:09	Maito Gai	Maito Gai	how much is you internet?
16:14:13	Zix	Zix	2mb
16:14:14	Silent Assassin	Silent Assassin	missions?
16:14:20	Maito Gai	Maito Gai	lol gtfo
16:14:21	Raditz	Raditz	i got 170 rate :/
16:14:26	Silent Assassin	Silent Assassin	lol
16:14:31	Silent Assassin	Silent Assassin	aiit
16:14:41	Raditz	Raditz	after it goes i will
16:15:41	Bloodtaster	Bloodtaster	Meh... lost full mr.
16:15:44	Bloodtaster	Bloodtaster	Only got 1/2 now.
16:15:47	Raditz	Raditz	You got
16:15:49	Raditz	Raditz	Genjutsu ?
16:15:53	XxKillerxX	XxKillerxX	ofc
16:15:57	Raditz	Raditz	:D
16:16:00	Raditz	Raditz	Try sleep gen on me
16:16:11	Zix	Zix	sup steel
16:16:16	Steel Shredz	Steel Shredz	hi
16:16:25	Steel Shredz	Steel Shredz	what you think a good capa build wud be
16:16:31	Raditz	Raditz	Yay
16:16:34	XxKillerxX	XxKillerxX	lvl 22 is weak
16:16:35	Zix	Zix	xd
16:16:39	Steel Shredz	Steel Shredz	?
16:16:48	Uchiha J	Uchiha J	im srry
16:16:52	Uchiha Rein	Uchiha Rein	LOL
16:16:53	Uchiha J	Uchiha J	i cant host
16:16:54	Steel Shredz	Steel Shredz	i need a 100 server to test
16:16:55	Zix	Zix	3 con
16:16:56	Zix	Zix	2str
16:16:57	Uchiha -E-	Uchiha -E-	xD
16:16:58	Steel Shredz	Steel Shredz	whats your mr
16:16:59	Zix	Zix	1rfx
16:17:01	Uchiha J	Uchiha J	me and gai tried
16:17:10	Uchiha J	Uchiha J	we teamviewed on my computer
16:17:12	Steel Shredz	Steel Shredz	whats your mr?
16:17:13	Uchiha -E-	Uchiha -E-	J
16:17:15	Uchiha -E-	Uchiha -E-	i am gai
16:17:16	Steel Shredz	Steel Shredz	maxrate
16:17:16	Uchiha J	Uchiha J	and its not letting me host
16:17:19	Uchiha J	Uchiha J	ohh
16:17:21	Zix	Zix	mmh
16:17:23	Zix	Zix	210
16:17:25	Uchiha -E-	Uchiha -E-	~xD
16:17:27	Steel Shredz	Steel Shredz	wtf
16:17:32	Uchiha Rein	Uchiha Rein	now take away his benefits
16:17:33	Steel Shredz	Steel Shredz	why did he raise it
16:17:35	Uchiha J	Uchiha J	demote me to chuunin i dont desever jounin
16:17:36	Raditz	Raditz	dgen ?
16:17:39	Zix	Zix	i attack 4 ppl
16:17:41	Steel Shredz	Steel Shredz	is he trying to ruin the game
16:17:42	Uchiha -E-	Uchiha -E-	your genin
16:17:43	Uchiha Rein	Uchiha Rein	lol
16:17:44	XxKillerxX	XxKillerxX	lvl 22 dont have it
16:17:46	Zix	Zix	lol
16:17:47	Uchiha J	Uchiha J	ok
16:18:01	Zix	Zix	na
16:18:04	Zix	Zix	is rate
16:18:06	Zix	Zix	normal
16:18:07	Uchiha J	Uchiha J	still got my vest :)
16:18:11	Raditz	Raditz	2 levels away from a rank
16:18:19	Steel Shredz	Steel Shredz	normal rate was 10
16:18:26	Steel Shredz	Steel Shredz	now the normal is 100
16:18:26	Zix	Zix	na
16:18:28	Zix	Zix	normal is 5
16:18:30	Uchiha J	Uchiha J	pce and im srry E
16:18:30	Zix	Zix	max rate
16:18:31	Zix	Zix	10
16:18:32	Zix	Zix	^^
16:18:37	Steel Shredz	Steel Shredz	for lvl 20s
16:18:41	Raditz	Raditz	killer
16:18:42	Steel Shredz	Steel Shredz	its 5
16:18:45	Raditz	Raditz	i got iron skin on
16:18:46	Zix	Zix	yet
16:18:49	Raditz	Raditz	hit me with windmill
16:19:06	Raditz	Raditz	See how silly that is ?
16:19:15	Uchiha Rein	Uchiha Rein	:(
16:19:26	Uchiha Rein	Uchiha Rein	i freaking love uchihas
16:19:32	XxKillerxX	XxKillerxX	tell me if you take dmg
16:19:37	Raditz	Raditz	yeah
16:20:04	XxKillerxX	XxKillerxX	dam this movement system is trippy
16:20:11	Raditz	Raditz	ikr
16:20:21	Raditz	Raditz	that&#39;s cause we haven&#39;t been use to it in awhile
16:20:50	Steel Shredz	Steel Shredz	yay
16:20:55	Steel Shredz	Steel Shredz	lvl 20 :P
16:20:58	Steel Shredz	Steel Shredz	brb
16:21:03	Steel Shredz	Steel Shredz	gettin a shirt
16:22:08	Zix	Zix	steel!!
16:22:10	Zix	Zix	&lt;3
16:22:12	Steel Shredz	Steel Shredz	me&gt;yassrab&gt;zix
16:22:16	Uchiha Rein	Uchiha Rein	aww misclicked
16:22:17	Zix	Zix	O.o
16:22:18	Steel Shredz	Steel Shredz	:P
16:22:22	Zix	Zix	WTF
16:22:31	Zix	Zix	open your ***
16:22:36	Steel Shredz	Steel Shredz	WHaa
16:22:39	Steel Shredz	Steel Shredz	!!!!
16:22:40	Zix	Zix	game
16:22:43	XxKillerxX	XxKillerxX	lol
16:22:44	Steel Shredz	Steel Shredz	@@!!
16:22:49	Raditz	Raditz	!
16:23:02	Uchiha Rein	Uchiha Rein	man you op af
16:23:04	Uchiha -E-	Uchiha -E-	see battle log now
16:23:04	Steel Shredz	Steel Shredz	this time m trying some gen
16:23:10	Raditz	Raditz	ok time to grab
16:23:11	Uchiha -E-	Uchiha -E-	just for you
16:23:16	Steel Shredz	Steel Shredz	wanna see how it works out
16:23:16	Uchiha -E-	Uchiha -E-	mangekyou sharingan
16:23:21	Uchiha Rein	Uchiha Rein	lol
16:23:24	Zix	Zix	go
16:23:28	Steel Shredz	Steel Shredz	?
16:23:29	Uchiha -E-	Uchiha -E-	!!
16:23:30	Uchiha Rein	Uchiha Rein	:(
16:23:36	Steel Shredz	Steel Shredz	i mean in my build i got some int
16:23:37	Zix	Zix	test in my
16:23:37	Raditz	Raditz	grab missions guys
16:23:38	Zix	Zix	me
16:23:42	Steel Shredz	Steel Shredz	1sec
16:24:18	Steel Shredz	Steel Shredz	target
16:24:23	Raditz	Raditz	What&#39;s your missions ?
16:24:34	Silent Assassin	Silent Assassin	cha ishi
16:24:39	Steel Shredz	Steel Shredz	target me
16:24:45	XxKillerxX	XxKillerxX	cha
16:24:45	Zix	Zix	go
16:24:47	Silent Assassin	Silent Assassin	i feel like having b-rank atm
16:24:51	Raditz	Raditz	lets start mine
16:24:53	Steel Shredz	Steel Shredz	not working
16:24:56	Raditz	Raditz	kawa to cha
16:24:56	Uchiha Rein	Uchiha Rein	hack
16:25:02	Uchiha Shine	Uchiha Shine	Ok, Im gonna steel that combo :p
16:25:03	Steel Shredz	Steel Shredz	getting sleepgen next
16:25:07	Uchiha -E-	Uchiha -E-	xD
16:25:12	Bloodtaster	Bloodtaster	Calm down killer.
16:25:20	Steel Shredz	Steel Shredz	chidori senbon sleep gen, and chidori spear
16:25:23	XxKillerxX	XxKillerxX	rage silent
16:25:40	Bloodtaster	Bloodtaster	Help mij O_o
16:25:41	Steel Shredz	Steel Shredz	lol
16:25:45	Zix	Zix	xd
16:25:47	Raditz	Raditz	wait top left cha
16:25:47	Steel Shredz	Steel Shredz	its not that good
16:25:52	Steel Shredz	Steel Shredz	dootn chamber better
16:25:54	Uchiha Rein	Uchiha Rein	was in dark gen for so long
16:25:56	Bloodtaster	Bloodtaster	Heal
16:26:00	Uchiha -E-	Uchiha -E-	xD
16:26:00	Steel Shredz	Steel Shredz	or i might just get that fire
16:26:05	Zix	Zix	ups
16:26:06	Zix	Zix	sorry
16:26:14	Steel Shredz	Steel Shredz	or i might get that fire1 try the fire on me after
16:26:22	Silent Assassin	Silent Assassin	volgende map
16:26:23	Steel Shredz	Steel Shredz	i need a finisher to use with sleepgen
16:26:31	Uchiha Rein	Uchiha Rein	..
16:26:34	Zix	Zix	ok
16:26:41	Steel Shredz	Steel Shredz	You took 2780 Stamina damage from Zix! ... You took 13 Wound damage from Zix!
16:26:49	Steel Shredz	Steel Shredz	tahts your spear
16:27:10	Silent Assassin	Silent Assassin	aiit ik ga verder met missies
16:27:14	Silent Assassin	Silent Assassin	salute
16:27:47	Raditz	Raditz	cha pack
16:28:14	Steel Shredz	Steel Shredz	is it ready?
16:28:32	Uchiha -E-	Uchiha -E-	ur lvling?
16:28:35	Zix	Zix	raditz
16:28:42	XxKillerxX	XxKillerxX	bugged
16:28:46	Uchiha Rein	Uchiha Rein	a little bit im lvl 41
16:28:46	Zix	Zix	xd
16:28:48	Steel Shredz	Steel Shredz	O_O
16:28:51	Zix	Zix	raditz is my friend
16:28:52	Uchiha -E-	Uchiha -E-	nice
16:28:54	Zix	Zix	he is crazy
16:28:56	Steel Shredz	Steel Shredz	:o
16:28:57	Raditz	Raditz	lets start silents mission then
16:29:00	Uchiha Rein	Uchiha Rein	did you add anbu in?
16:29:07	Steel Shredz	Steel Shredz	ok im ready
16:29:07	Uchiha -E-	Uchiha -E-	faction?
16:29:11	Zix	Zix	ok
16:29:13	Uchiha -E-	Uchiha -E-	nah factions are bugged
16:29:13	Uchiha Rein	Uchiha Rein	yea
16:29:15	Uchiha Rein	Uchiha Rein	oh
16:29:15	Uchiha -E-	Uchiha -E-	less fuma
16:29:26	Zix	Zix	ups
16:29:26	Raditz	Raditz	you left your npc
16:29:31	Silent Assassin	Silent Assassin	kawa
16:29:33	Steel Shredz	Steel Shredz	wrong 1 lol
16:29:37	Silent Assassin	Silent Assassin	but kawa on the wrong map to XD
16:30:01	Steel Shredz	Steel Shredz	ok you can use it now
16:30:26	Zix	Zix	the spear?
16:30:31	Steel Shredz	Steel Shredz	nno
16:30:37	Steel Shredz	Steel Shredz	the dragon
16:30:39	Steel Shredz	Steel Shredz	ffire
16:30:44	Uchiha Shine	Uchiha Shine	Yo guys
16:30:46	Uchiha Shine	Uchiha Shine	Lets mish?
16:30:48	Zix	Zix	xd
16:31:05	Steel Shredz	Steel Shredz	You took 3437 Stamina damage from Zix! ... You took 422 Stamina damage from Zix! ... You took 12 Wound damage from Zix! ... You took 4 Wound damage from Zix!
16:31:08	Uchiha Shine	Uchiha Shine	Exte lemme copy mp
16:31:27	Zix	Zix	that the first damage then you still removing
16:31:27	Uchiha Shine	Uchiha Shine	^
16:31:27	Uchiha Rein	Uchiha Rein	rfx whores
16:31:37	Steel Shredz	Steel Shredz	yea
16:31:43	Steel Shredz	Steel Shredz	Zix: Lightning: Chidori Spear! ... You took 3617 Stamina damage from Zix! ... You took 14 Wound damage from Zix! ... 
16:32:07	Steel Shredz	Steel Shredz	You took 3437 Stamina damage from Zix! ... You took 422 Stamina damage from Zix! ... You took 12 Wound damage from Zix! ... You took 4 Wound damage from Zix! ... 
16:32:11	Zix	Zix	ok nice you are yassap
16:32:12	Zix	Zix	xdd
16:32:12	Silent Assassin	Silent Assassin	come to me
16:32:15	Zix	Zix	How your brother
16:32:19	XxKillerxX	XxKillerxX	lol
16:32:23	Silent Assassin	Silent Assassin	troll
16:32:28	Steel Shredz	Steel Shredz	me?
16:32:28	Uchiha Rein	Uchiha Rein	lol
16:32:31	Raditz	Raditz	lol
16:32:32	Zix	Zix	yet
16:32:39	Steel Shredz	Steel Shredz	im not yassap
16:32:42	XxKillerxX	XxKillerxX	we playing that game?
16:32:45	Zix	Zix	I was not knowing
16:32:45	Steel Shredz	Steel Shredz	:P
16:32:47	Zix	Zix	WTF
16:32:51	Zix	Zix	what you say before
16:32:53	Steel Shredz	Steel Shredz	LIES
16:33:14	XxKillerxX	XxKillerxX	No invite
16:33:16	Steel Shredz	Steel Shredz	we where hanging out yesterday
16:33:29	Zix	Zix	yet
16:33:38	Uchiha Rein	Uchiha Rein	lemme copy CN?
16:33:44	Akimichi AntonisKun	Akimichi AntonisKun	what?
16:33:49	XxKillerxX	XxKillerxX	hehe
16:33:51	Uchiha Rein	Uchiha Rein	chidori needles
16:33:53	Zix	Zix	Steel Shredz says: me&gt;yassrab&gt;zix ... 
16:34:06	Zix	Zix	you wanted to leave that there?
16:34:08	Uchiha -E-	Uchiha -E-	saxi &gt;.&gt;
16:34:12	Uchiha J	Uchiha J	shine didnt you make a sandy
16:34:16	Akimichi AntonisKun	Akimichi AntonisKun	i dont have
16:34:22	Uchiha Rein	Uchiha Rein	let me copy chidori needles E
16:34:23	Steel Shredz	Steel Shredz	?
16:34:24	Akimichi AntonisKun	Akimichi AntonisKun	ill get it at like lvl 70
16:34:51	Steel Shredz	Steel Shredz	pro capacity build!!!!???
16:34:57	Zix	Zix	you said there?
16:35:01	Uchiha J	Uchiha J	not really the rate is 50
16:35:01	Zix	Zix	3 con 
16:35:03	Zix	Zix	2 str
16:35:05	Zix	Zix	1 rfx
16:35:06	Zix	Zix	^^
16:35:36	Raditz	Raditz	killer
16:35:42	Raditz	Raditz	you know on external memories
16:35:46	Ikon YellowReborn	Ikon YellowReborn	blood &gt;&gt;&gt;
16:35:53	Raditz	Raditz	How do you Ko people with one punch on gai ?
16:35:56	Bloodtaster	Bloodtaster	??
16:35:57	Uchiha Shine	Uchiha Shine	Your job is to track down Gendou who you can find at Ishi no Kuni and kill him.
16:36:02	Bloodtaster	Bloodtaster	Who are you?
16:36:09	Ikon YellowReborn	Ikon YellowReborn	im yellwo bol
16:36:10	Akimichi AntonisKun	Akimichi AntonisKun	cha kill
16:36:11	Ikon YellowReborn	Ikon YellowReborn	...
16:36:17	Uchiha -E-	Uchiha -E-	Ishi A rank
16:36:17	Bloodtaster	Bloodtaster	Ay zix, heal him.
16:36:18	Ikon YellowReborn	Ikon YellowReborn	yellow bol*
16:36:24	Zix	Zix	sorry
16:36:24	Akimichi AntonisKun	Akimichi AntonisKun	omg A ranks gonna be op
16:36:27	Zix	Zix	140 wound
16:36:30	Zix	Zix	is cared
16:36:33	Zix	Zix	orry yellow
16:36:33	Bloodtaster	Bloodtaster	Help me heal him.
16:36:35	Zix	Zix	not know you
16:36:37	Uchiha -E-	Uchiha -E-	should i mish with my chuunin?
16:36:41	Uchiha -E-	Uchiha -E-	so i dont leach?
16:36:41	Uchiha Shine	Uchiha Shine	where to go?
16:36:44	Uchiha -E-	Uchiha -E-	leech*
16:36:47	Uchiha -E-	Uchiha -E-	Ishi Shine
16:36:51	XxKillerxX	XxKillerxX	you cant
16:37:03	Raditz	Raditz	Well some guy did it to me earlier
16:37:06	Zix	Zix	my heal
16:37:07	Zix	Zix	suck
16:37:08	Raditz	Raditz	I had max health then bam
16:37:11	Bloodtaster	Bloodtaster	Same
16:37:13	Zix	Zix	sorry
16:37:14	XxKillerxX	XxKillerxX	you can go gates and kill them instantly if they dont move
16:37:15	Zix	Zix	bloo
16:37:18	Bloodtaster	Bloodtaster	Np.
16:37:22	Bloodtaster	Bloodtaster	Mind healing me?
16:37:22	Zix	Zix	i not know
16:37:25	Zix	Zix	your friend
16:37:33	Uchiha Rein	Uchiha Rein	cha to kawa
16:37:33	Raditz	Raditz	hmm
16:37:35	Bloodtaster	Bloodtaster	Thnx.
16:37:36	Uchiha Rein	Uchiha Rein	way at kawa
16:37:39	Zix	Zix	np :3
16:37:39	Uchiha Rein	Uchiha Rein	wait*
16:37:39	XxKillerxX	XxKillerxX	probably was that
16:37:53	Akimichi AntonisKun	Akimichi AntonisKun	we were doing dat a rank first no?
16:37:59	Zix	Zix	O.o
16:38:02	Raditz	Raditz	Saxi is leafs kage
16:38:05	Raditz	Raditz	rofl
16:38:12	Steel Shredz	Steel Shredz	O_O
16:38:17	Bloodtaster	Bloodtaster	Lolz.
16:38:18	Steel Shredz	Steel Shredz	anyone wanna make an alt
16:38:22	Steel Shredz	Steel Shredz	so i can get chuunin
16:38:24	Zix	Zix	bloo brb
16:38:51	Akimichi AntonisKun	Akimichi AntonisKun	can someone tell me the rounds priority?
16:38:56	Akimichi AntonisKun	Akimichi AntonisKun	ohh
16:38:58	Akimichi AntonisKun	Akimichi AntonisKun	nice
16:38:59	Uchiha Shine	Uchiha Shine	-_-
16:39:00	Uchiha Rein	Uchiha Rein	LOL
16:39:06	Uchiha Shine	Uchiha Shine	Amg
16:39:07	Uchiha Rein	Uchiha Rein	oh shot
16:39:09	Silent Assassin	Silent Assassin	raditz
16:39:18	Raditz	Raditz	
16:39:19	Akimichi AntonisKun	Akimichi AntonisKun	we wait at kawa/
16:39:22	Silent Assassin	Silent Assassin	what happened to gaara last night
16:39:28	Uchiha Rein	Uchiha Rein	shine hurry and join
16:39:28	Raditz	Raditz	gaara ?
16:39:31	Silent Assassin	Silent Assassin	yeh
16:39:33	Uchiha Rein	Uchiha Rein	im joining chuunin
16:39:38	Raditz	Raditz	Who&#39;s gaara ?
16:40:31	Raditz	Raditz	heal me
16:40:33	Uchiha J	Uchiha J	k?
16:40:34	Uchiha Rein	Uchiha Rein	shine
16:40:38	Silent Assassin	Silent Assassin	entering exam
16:40:38	Uchiha Rein	Uchiha Rein	we work together?
16:40:39	Uchiha Shine	Uchiha Shine	Sawp.
16:40:40	Silent Assassin	Silent Assassin	to troll
16:40:41	Akimichi AntonisKun	Akimichi AntonisKun	did you all go in chunnin?
16:40:44	Uchiha Shine	Uchiha Shine	Guess so
16:40:44	Uchiha Rein	Uchiha Rein	yea
16:40:46	Raditz	Raditz	cool cool
16:40:46	Uchiha Rein	Uchiha Rein	anton
16:40:54	Kaguya KidKrupt	Kaguya KidKrupt	aff ima get teamed
16:40:54	Uchiha J	Uchiha J	whos getting my scroll?
16:41:00	Uchiha Rein	Uchiha Rein	me and shine
16:41:01	Uchiha J	Uchiha J	ill drop it for you rein or shine
16:41:02	Akimichi AntonisKun	Akimichi AntonisKun	ill go for it
16:41:23	Uchiha J	Uchiha J	ant you want my scroll
16:41:27	Uchiha Rein	Uchiha Rein	i need to copy CN!
16:41:32	Akimichi AntonisKun	Akimichi AntonisKun	yeah
16:41:36	Uchiha J	Uchiha J	ok
16:41:43	Uchiha J	Uchiha J	whisper me
16:41:58	Uchiha J	Uchiha J	cause i dont think rein and shine desorver my scroll since they been hating on me
16:42:08	Uchiha Rein	Uchiha Rein	i dnt want nun from you
16:42:13	Uchiha Rein	Uchiha Rein	ill kill you
16:42:14	Uchiha J	Uchiha J	good lol
16:42:16	Uchiha -E-	Uchiha -E-	saxi you should level
16:42:19	Uchiha J	Uchiha J	u cant
16:42:19	Kaguya KidKrupt	Kaguya KidKrupt	j gimmie scroll ^
16:42:22	Bloodtaster	Bloodtaster	J, gimme.
16:42:24	Uchiha Rein	Uchiha Rein	better hope i dnt see you
16:42:27	Akimichi Sax	Akimichi Sax	Homework.
16:42:37	Uchiha J	Uchiha J	dont worry your a noob
16:42:42	Uchiha Rein	Uchiha Rein	you sound good
16:42:44	Uchiha J	Uchiha J	i pwn you prob in this lvl anyways
16:42:47	Uchiha Shine	Uchiha Shine	Rein squad up nab.
16:43:03	Uchiha J	Uchiha J	sup silent
16:43:04	Uchiha Rein	Uchiha Rein	invite me?
16:43:11	Silent Assassin	Silent Assassin	sup J
16:43:14	Uchiha J	Uchiha J	nm u
16:43:19	Silent Assassin	Silent Assassin	same aswell
16:43:20	MItsu	MItsu	hi rditz
16:43:23	Uchiha J	Uchiha J	u going to pwn
16:43:24	Ikon Skittz	Ikon Skittz	this si 
16:43:26	Ikon Skittz	Ikon Skittz	...
16:43:27	Raditz	Raditz	hey
16:43:31	Uchiha J	Uchiha J	come top coner
16:43:35	MItsu	MItsu	are jashins strong on this version of goa
16:43:39	Raditz	Raditz	Yes
16:43:39	Akimichi AntonisKun	Akimichi AntonisKun	which lol
16:43:39	Uchiha J	Uchiha J	right coner
16:43:43	MItsu	MItsu	or should i just make a battle
16:43:48	Raditz	Raditz	You decide
16:43:51	Uchiha J	Uchiha J	hurry up
16:43:55	Steel Shredz	Steel Shredz	zix
16:44:05	Uchiha J	Uchiha J	come bottom right coner
16:44:12	Uchiha Rein	Uchiha Rein	shine i got 2 heavens
16:44:20	Uchiha Shine	Uchiha Shine	O.o
16:44:21	Uchiha Shine	Uchiha Shine	Gimme one
16:44:23	Uchiha J	Uchiha J	come on hurry up
16:44:34	Uchiha J	Uchiha J	right bottom corner
16:44:35	Akimichi AntonisKun	Akimichi AntonisKun	i am there again
16:44:36	Uchiha Shine	Uchiha Shine	Err top left:o
16:44:42	Uchiha J	Uchiha J	bottom right
16:45:06	Akimichi AntonisKun	Akimichi AntonisKun	damn i had that
16:45:07	Uchiha J	Uchiha J	go get them bro
16:45:17	Uchiha Rein	Uchiha Rein	help me get a earth thoughh
16:45:21	Uchiha Shine	Uchiha Shine	ite\
16:45:32	Uchiha J	Uchiha J	u need earth
16:45:36	Akimichi AntonisKun	Akimichi AntonisKun	y
16:47:01	Silent Assassin	Silent Assassin	gimmescroll \j
16:47:03	Uchiha Shine	Uchiha Shine	Reion
16:47:05	Uchiha Shine	Uchiha Shine	Come back
16:47:05	ZixJR	ZixJR	what you
16:47:06	Uchiha J	Uchiha J	dont have
16:47:08	ZixJR	ZixJR	have?
16:47:22	Uchiha Shine	Uchiha Shine	Rein b left
16:47:23	Uchiha Rein	Uchiha Rein	kk
16:47:39	Uchiha Rein	Uchiha Rein	imma stay in fod for Mr
16:47:43	Uchiha Rein	Uchiha Rein	till last few mins
16:47:43	ZixJR	ZixJR	light
16:47:57	Uchiha Shine	Uchiha Shine	2 heavens lol
16:48:12	Uchiha J	Uchiha J	did you get earth
16:48:28	Akimichi AntonisKun	Akimichi AntonisKun	i want :D
16:48:32	Akimichi AntonisKun	Akimichi AntonisKun	bottom right
16:48:36	Uchiha J	Uchiha J	im trolling him
16:48:52	Uchiha J	Uchiha J	send me 1
16:49:18	Ikon Skittz	Ikon Skittz	i did
16:49:19	Steel Shredz	Steel Shredz	i needed a heaven
16:49:26	Steel Shredz	Steel Shredz	i lost it
16:49:36	Steel Shredz	Steel Shredz	but its ok cause you got an earth
16:49:44	Steel Shredz	Steel Shredz	ur in my squad
16:49:51	Steel Shredz	Steel Shredz	ooh
16:49:53	ZixJR	ZixJR	good luck
16:49:54	Steel Shredz	Steel Shredz	its old fod
16:49:58	ZixJR	ZixJR	go
16:50:00	ZixJR	ZixJR	get 
16:50:01	Steel Shredz	Steel Shredz	:(
16:50:02	ZixJR	ZixJR	heaven
16:50:04	Steel Shredz	Steel Shredz	u need it
16:50:07	ZixJR	ZixJR	i help you
16:50:08	ZixJR	ZixJR	No
16:50:09	ZixJR	ZixJR	Im lvl 10
16:50:10	Steel Shredz	Steel Shredz	ok
16:51:04	Raditz	Raditz	...
16:51:52	Raditz	Raditz	lvl ?
16:51:59	Ikon Skittz	Ikon Skittz	is that a battle once again?
16:52:06	Raditz	Raditz	A ruthless
16:52:18	Ikon Skittz	Ikon Skittz	19
16:52:18	Silent Assassin	Silent Assassin	damn teamers
16:52:24	Raditz	Raditz	Just kidding its a battle
16:52:44	Hyuuga Draper	Hyuuga Draper	can i get lvls
16:52:46	Steel Shredz	Steel Shredz	im not ready 4 fod
16:52:58	Raditz	Raditz	!
16:53:02	Raditz	Raditz	How did you do that ?
16:53:07	Ikon Skittz	Ikon Skittz	amg somethign is bugged
16:53:19	Raditz	Raditz	?
16:53:22	Ikon Skittz	Ikon Skittz	lmfao
16:53:25	Ikon Skittz	Ikon Skittz	dik
16:53:31	Raditz	Raditz	idk*
16:53:45	Ikon Skittz	Ikon Skittz	i went back to lvl 15 again...
16:53:52	Raditz	Raditz	Oh!
16:53:54	Raditz	Raditz	I see now
16:53:59	Raditz	Raditz	Go into another slot
16:54:03	Raditz	Raditz	save slot
16:54:05	Ikon Skittz	Ikon Skittz	hmm k imma go on the tother and c now
16:54:08	Raditz	Raditz	One of them will be lvl 19
16:57:06	Zix	Zix	come
16:57:07	Steel Shredz	Steel Shredz	zix
16:57:33	Steel Shredz	Steel Shredz	:(
16:58:37	Zix	Zix	wait
16:58:42	Steel Shredz	Steel Shredz	zix i failed u...
16:59:15	Uchiha Shine	Uchiha Shine	To gates 
16:59:43	Bloodtaster	Bloodtaster	Wajoh &gt;_&gt;
16:59:44	Steel Shredz	Steel Shredz	what rfx passives shud i get
16:59:46	Uchiha Shine	Uchiha Shine	^^
16:59:51	Steel Shredz	Steel Shredz	for 3con 2 str 1 rfx cap
17:01:18	Uchiha Shine	Uchiha Shine	Ik lag em dood
17:01:20	Uchiha Shine	Uchiha Shine	lucky:s
17:01:22	Bloodtaster	Bloodtaster	Ik ook man
17:01:25	Bloodtaster	Bloodtaster	Kapot erge lag.
17:01:46	Yassrab	Yassrab	Well well
17:01:58	Steel Shredz	Steel Shredz	its us from yesterday
17:02:04	Steel Shredz	Steel Shredz	lol
17:02:04	Zix	Zix	lol
17:02:15	Yassrab	Yassrab	Yaa
17:02:25	Zix	Zix	yassap
17:02:26	Yassrab	Yassrab	Im waiting on the owner for that rip
17:02:27	Zix	Zix	you know me
17:02:28	Zix	Zix	?
17:02:30	Yassrab	Yassrab	So he can change shiet
17:02:35	Steel Shredz	Steel Shredz	owners on
17:02:41	Steel Shredz	Steel Shredz	oh
17:02:46	Yassrab	Yassrab	Na I mean the owner for the other game I was hosting
17:02:57	Zix	Zix	bloo win
17:02:59	Zix	Zix	Yes ye
17:03:31	Zix	Zix	BLOOD WIN
17:03:33	Bloodtaster	Bloodtaster	lol
17:03:34	Zix	Zix	YEA
17:04:25	Yassrab	Yassrab	Well ima go mish
17:04:31	Steel Shredz	Steel Shredz	me2
17:04:32	Ikon Skittz	Ikon Skittz	ow are you A rank so fast
17:04:32	Yassrab	Yassrab	Steel wana join
17:04:34	Yassrab	Yassrab	?
17:04:40	Steel Shredz	Steel Shredz	squad me
17:04:45	Ikon Skittz	Ikon Skittz	inv me and gynec btw
17:04:48	Raditz	Raditz	Kage+ being lvl 65+ equals a rank
17:05:13	Yassrab	Yassrab	Kawa pac
17:05:19	Ikon Skittz	Ikon Skittz	so no leachign our d rnaks then &gt;.&lt;
17:05:20	Raditz	Raditz	plus the rate is 50
17:05:21	Zix	Zix	YASSRAB
17:05:22	Steel Shredz	Steel Shredz	cha pack
17:05:24	Zix	Zix	YOU NOT KNOW ME
17:05:25	Zix	Zix	-_-
17:05:26	Raditz	Raditz	i won&#39;t
17:05:27	Yassrab	Yassrab	omg havnt missioned in so long
17:05:38	Yassrab	Yassrab	Cha than Kawa okay Steel?
17:05:49	Raditz	Raditz	extebans most likely gonna chance the rate to 10
17:06:01	Yassrab	Yassrab	well well light
17:06:02	Yassrab	Yassrab	;)
17:06:03	Raditz	Raditz	so that it becomes harder to level later for new peeps that join the game
17:06:11	Raditz	Raditz	and for everyone in general
17:06:11	Blaze	Blaze	vcgudue\
17:06:59	Yassrab	Yassrab	Kawa now
17:07:41	Blaze	Blaze	+
17:07:47	Blaze	Blaze	+\
17:07:48	Blaze	Blaze	\
17:07:48	Blaze	Blaze	\
17:07:49	Blaze	Blaze	\
17:07:50	Blaze	Blaze	\
17:07:51	Blaze	Blaze	\
17:08:21	Steel Shredz	Steel Shredz	where gunna spam missons so back to kh
17:08:32	Yassrab	Yassrab	Theres no cooldown?
17:08:38	Steel Shredz	Steel Shredz	its low
17:08:43	Steel Shredz	Steel Shredz	it shud be done by now
17:08:45	Yassrab	Yassrab	Goodies
17:08:49	Silent Assassin	Silent Assassin	tags piss me off
17:08:54	Steel Shredz	Steel Shredz	he needs to fix it
17:08:57	Mitsuyoshi	Mitsuyoshi	hi
17:08:57	Kaguya Light	Kaguya Light	hey
17:09:01	Steel Shredz	Steel Shredz	hes going to
17:09:11	Kaguya Light	Kaguya Light	how are u?
17:09:15	Yassrab	Yassrab	Lets spam when we have the chance than
17:09:16	Mitsuyoshi	Mitsuyoshi	good and you?
17:09:26	Kaguya Light	Kaguya Light	i dont know jashin builds
17:09:32	Kaguya Light	Kaguya Light	mine was 3 con 3 reflex
17:09:34	Uchiha Greed	Uchiha Greed	hi kid.
17:09:40	Kaguya KidKrupt	Kaguya KidKrupt	hi
17:09:46	Kaguya Light	Kaguya Light	it depends on your fight style
17:10:10	Yassrab	Yassrab	Cha pack
17:10:14	Blaze	Blaze	sharib pizza 200\
17:10:52	Steel Shredz	Steel Shredz	cha
17:10:55	Yassrab	Yassrab	me 2
17:11:26	Yassrab	Yassrab	teel lvl?
17:11:29	Yassrab	Yassrab	Steel*
17:11:35	Steel Shredz	Steel Shredz	23
17:11:42	Steel Shredz	Steel Shredz	25
17:11:45	Yassrab	Yassrab	oh ok
17:12:59	Steel Shredz	Steel Shredz	what build you think better 3con 2int 1str or 3 con 2str 1 rfx for cap
17:13:22	Yassrab	Yassrab	Uhm
17:13:26	Blaze	Blaze	sharib\
17:13:27	Yassrab	Yassrab	Wana be a gen user?
17:13:28	Zix	Zix	silent can win
17:13:31	Zix	Zix	he is noob
17:13:35	Zix	Zix	2 noob in chunnin
17:13:36	Zix	Zix	lol
17:13:39	Zix	Zix	98 wound
17:13:41	Zix	Zix	in 84
17:13:42	Zix	Zix	lol
17:13:45	Steel Shredz	Steel Shredz	a litl
17:13:48	Steel Shredz	Steel Shredz	a lil
17:13:48	Yassrab	Yassrab	2 min wait
17:14:34	Steel Shredz	Steel Shredz	blood got dis
17:14:34	Zix	Zix	go bloo
17:14:35	Zix	Zix	go
17:16:12	Yassrab	Yassrab	Ishi
17:16:17	Uchiha J	Uchiha J	shine mish??
17:16:32	Uchiha J	Uchiha J	mish
17:17:10	Uchiha J	Uchiha J	wanna mish
17:17:18	Cymptoms	Cymptoms	sure
17:17:32	Uchiha J	Uchiha J	leave old sqaud
17:17:36	Cymptoms	Cymptoms	i did
17:17:43	Blaze	Blaze	pizza sharib 200 koby jordyn\
17:17:49	Zix	Zix	bandage
17:17:51	Zix	Zix	and pill
17:17:52	Zix	Zix	lol
17:18:19	Uchiha J	Uchiha J	package at cha
17:18:21	Uchiha J	Uchiha J	u?
17:18:40	Cymptoms	Cymptoms	kawa to isji
17:18:43	Uchiha J	Uchiha J	lets do yours
17:18:43	Cymptoms	Cymptoms	ishi*
17:18:47	Uchiha J	Uchiha J	mine*
17:18:51	Uchiha J	Uchiha J	do mine first
17:18:53	Uchiha J	Uchiha J	to cha
17:19:51	Blaze	Blaze	sharib\
17:21:01	Uchiha J	Uchiha J	come
17:21:14	Uchiha Shine	Uchiha Shine	..
17:21:20	Uchiha J	Uchiha J	come
17:21:20	Blaze	Blaze	hdfjfkhd\
17:22:17	Raditz	Raditz	Come for my a rank
17:22:21	Silent Assassin	Silent Assassin	oke
17:22:26	Cymptoms	Cymptoms	leggo
17:22:27	Uchiha J	Uchiha J	pwned by a lvl 27
17:22:34	Steel Shredz	Steel Shredz	IM LVL 25
17:22:36	Steel Shredz	Steel Shredz	LOLOL
17:23:47	Raditz	Raditz	leggo
17:24:10	Uchiha J	Uchiha J	im ion ishi
17:24:31	Silent Assassin	Silent Assassin	hmm
17:24:35	Silent Assassin	Silent Assassin	u got bs?
17:24:40	Raditz	Raditz	5
17:24:43	Raditz	Raditz	come
17:24:43	Silent Assassin	Silent Assassin	ait
17:24:44	Blaze	Blaze	sharib\
17:25:04	Clarkeboi	Clarkeboi	:(
17:25:17	Raditz	Raditz	Gonna raid kiri
17:25:22	Silent Assassin	Silent Assassin	nah leaf
17:25:26	Raditz	Raditz	leaf is dead
17:25:31	Silent Assassin	Silent Assassin	lego mist
17:25:38	Raditz	Raditz	yah
17:26:45	Bloodtaster	Bloodtaster	Rawr
17:26:47	Steel Shredz	Steel Shredz	yassrab
17:26:56	Raditz	Raditz	i&#39;m the strongest kage
17:27:02	Bloodtaster	Bloodtaster	Lol, there are coming tons of kiri right now.
17:27:05	Yassrab	Yassrab	?
17:27:08	Bloodtaster	Bloodtaster	I won&#39;t be able to stop them from attacking you.
17:27:09	Raditz	Raditz	I noticed
17:27:16	Steel Shredz	Steel Shredz	nvm
17:27:24	Raditz	Raditz	Needn&#39;t be worry
17:27:28	Raditz	Raditz	i can handle them
17:27:39	Bloodtaster	Bloodtaster	Meh, I might have to jump in.
17:27:45	Silent Assassin	Silent Assassin	sure
17:27:52	Raditz	Raditz	Blood will you protect yor village ?
17:27:53	Uchiha J	Uchiha J	to kh
17:27:59	Bloodtaster	Bloodtaster	Ofc
17:28:11	Cymptoms	Cymptoms	ill rejoin later
17:28:22	Cymptoms	Cymptoms	nope
17:28:48	Steel Shredz	Steel Shredz	yass grab
17:28:53	Bloodtaster	Bloodtaster	Meh, caught me off-guard.
17:29:23	Steel Shredz	Steel Shredz	my gen lasts so long LD
17:31:12	Silent Assassin	Silent Assassin	bs mabs
17:32:01	Cymptoms	Cymptoms	shine
17:33:24	Yassrab	Yassrab	dw
17:33:30	Silent Assassin	Silent Assassin	heal
17:33:43	Silent Assassin	Silent Assassin	heal]
17:34:41	Mitsuyoshi	Mitsuyoshi	thanks
17:35:18	Steel Shredz	Steel Shredz	boss
17:35:18	Mitsuyoshi	Mitsuyoshi	woof thanks lol
17:35:37	Silent Assassin	Silent Assassin	Analyzed Silent Assassin: 1031.92 Stamina -- 507 Chakra -- 173 Wounds ... 
17:35:45	Silent Assassin	Silent Assassin	jashins annyoing
17:35:57	Bloodtaster	Bloodtaster	This is going to take to long.
17:36:02	Bloodtaster	Bloodtaster	Go to the hospital and heal.
17:36:06	Mitsuyoshi	Mitsuyoshi	its alright i just got wound regen
17:36:15	Mitsuyoshi	Mitsuyoshi	no need to heal me
17:36:23	Steel Shredz	Steel Shredz	feel like becoming a medic
17:36:26	Bloodtaster	Bloodtaster	Doesn&#39;t heal that much.
17:38:25	Zix	Zix	NOOB RUJN
17:42:53	Yassrab	Yassrab	ty
17:43:01	Yassrab	Yassrab	distract them so I can bb
17:44:00	Uchiha Niika	Uchiha Niika	=o
17:44:09	Raditz	Raditz	I used rebirth
17:44:11	Uchiha J	Uchiha J	let me copy something
17:44:22	Uchiha Niika	Uchiha Niika	i havent skill
17:44:31	Greed	Greed	Im here.
17:44:48	Greed	Greed	Can I join
17:45:02	Greed	Greed	Ty.
17:45:36	Yassrab	Yassrab	Ty
17:46:09	Silent Assassin	Silent Assassin	ugh
17:48:07	Greed	Greed	Ley needs to get on so he can host this game 24/7.
17:48:20	Yassrab	Yassrab	I could even host this 24/7
17:48:25	Kaguya KidKrupt	Kaguya KidKrupt	i doubt he would
17:48:30	Bloodtaster	Bloodtaster	^
17:48:38	Raditz	Raditz	aff
17:48:41	Raditz	Raditz	he got away
17:48:44	Raditz	Raditz	he had 72 stamina
17:48:47	Greed	Greed	Awh.
17:48:56	Greed	Greed	Suna outside
17:48:58	Silent Assassin	Silent Assassin	lol
17:49:01	Greed	Greed	Too weak to fight him
17:49:06	Silent Assassin	Silent Assassin	my map was bugged
17:49:11	Silent Assassin	Silent Assassin	3 times a row
17:49:18	Silent Assassin	Silent Assassin	had to use skill three
17:49:27	Silent Assassin	Silent Assassin	need heal
17:50:00	Bloodtaster	Bloodtaster	Hm..
17:50:09	Bloodtaster	Bloodtaster	I went from A rank to B rank, weird.
17:50:30	Greed	Greed	I think you got to relog.
17:51:07	Greed	Greed	I have kawa mish.
17:51:12	Bloodtaster	Bloodtaster	Hm, still B rank.
17:51:19	Zix	Zix	i lost my A rank
17:51:21	Zix	Zix	you can
17:51:24	Zix	Zix	be me jounin
17:51:25	Zix	Zix	?
17:51:27	Zix	Zix	for A rank 
17:51:27	Bloodtaster	Bloodtaster	Same, I think there&#39;s a hidden kdr.
17:51:27	Greed	Greed	Ask an admin to change it back.
17:51:33	Bloodtaster	Bloodtaster	Zix, leave your old squad.
17:51:40	Zix	Zix	i dont have
17:51:49	Zix	Zix	make me jounin
17:51:51	Yassrab	Yassrab	help
17:51:59	Zix	Zix	where
17:52:27	Yassrab	Yassrab	come to kh
17:53:34	Yassrab	Yassrab	is assasin running?
17:54:01	Raditz	Raditz	one sec
17:54:57	Yassrab	Yassrab	He deaqd!?
17:55:05	Bloodtaster	Bloodtaster	No yas, he ran.
17:55:46	Zix	Zix	noob you feel
17:55:48	Zix	Zix	orry
17:55:51	Silent Assassin	Silent Assassin	zix
17:55:53	Silent Assassin	Silent Assassin	1v1
17:55:54	Zix	Zix	You disgust your
17:55:55	Zix	Zix	NOOB
17:55:56	Silent Assassin	Silent Assassin	nd you dead
17:55:57	Silent Assassin	Silent Assassin	XD
17:55:59	Zix	Zix	YOU SUCK
17:56:01	Silent Assassin	Silent Assassin	raditz
17:56:02	Zix	Zix	YOU NEVER WIN ME
17:56:07	Silent Assassin	Silent Assassin	Zix says: YOU SUCK ... Silent Assassin says: raditz ... Zix says: YOU NEVER WIN ME
17:56:13	Silent Assassin	Silent Assassin	u the biggest noob zix
17:56:13	Zix	Zix	I feel sorry useless good for nothing
17:56:15	Zix	Zix	NOOB
17:57:02	Yassrab	Yassrab	I dont have heal sorry
17:57:15	Bloodtaster	Bloodtaster	Np
17:57:34	Ortewix	Ortewix	xD
17:57:43	Ortewix	Ortewix	im level 32 by yje way
17:58:07	Bloodtaster	Bloodtaster	Zix, relog and wear a mist vest.
17:58:13	Yassrab	Yassrab	^
17:58:29	Yassrab	Yassrab	We confuse you for a suna , take that off
17:58:32	Bloodtaster	Bloodtaster	Meet kh for missions.
17:59:06	Ortewix	Ortewix	level 32 by the way
17:59:31	Greed	Greed	Ty.
17:59:34	Zix	Zix	np
17:59:42	Ortewix	Ortewix	D
17:59:42	Bloodtaster	Bloodtaster	Kid?
17:59:44	Ortewix	Ortewix	lol
17:59:46	Ortewix	Ortewix	level?
17:59:59	Zix	Zix	blood make
18:00:02	Bloodtaster	Bloodtaster	Grab your missions.
18:00:18	Bloodtaster	Bloodtaster	Zix, you&#39;re an A rank now?
18:00:25	Greed	Greed	I got kawa d rank
18:00:27	Zix	Zix	need Jounin
18:00:34	Yassrab	Yassrab	I got Cha
18:00:35	Zix	Zix	O.o
18:00:36	Zix	Zix	sorry
18:00:37	Bloodtaster	Bloodtaster	Already jounin&#39;d you.
18:00:38	Zix	Zix	wait
18:00:40	Zix	Zix	for kill
18:00:41	Greed	Greed	Cha&gt;kawa?
18:01:02	Bloodtaster	Bloodtaster	Your job is to Escort Chisato who you can find at Kawa no Kuni, to Cha no Kuni. 
18:01:06	Bloodtaster	Bloodtaster	Post your missions.
18:01:09	Kaguya KidKrupt	Kaguya KidKrupt	ishi to kawa
18:01:11	Greed	Greed	Kawa
18:01:13	Yassrab	Yassrab	Cha pack
18:01:28	Kaguya KidKrupt	Kaguya KidKrupt	poop man forget dis raider lets mish
18:01:39	Yassrab	Yassrab	Thas what im sayin
18:01:49	Bloodtaster	Bloodtaster	Mkay, kawa &gt; cha.
18:01:54	Greed	Greed	Cha&gt;ishi to kawa&gt;kawa&gt;kawa to cha?
18:02:02	Ortewix	Ortewix	gfgf
18:02:09	Bloodtaster	Bloodtaster	Wait at cha for kid&#39;s escort.
18:02:15	Bloodtaster	Bloodtaster	Kawa*
18:02:20	Kaguya KidKrupt	Kaguya KidKrupt	aight
18:02:24	Bloodtaster	Bloodtaster	Kawa &gt; cha &gt; kiri
18:03:50	Yassrab	Yassrab	Uhm
18:03:57	Yassrab	Yassrab	Well whats going on now?
18:04:05	Bloodtaster	Bloodtaster	Go to kawa and wait for kid&#39;s escort.
18:04:22	Bloodtaster	Bloodtaster	Go west cha after his escort.
18:05:00	Greed	Greed	I have a kawa pack too.
18:05:40	Bloodtaster	Bloodtaster	Ishi &gt; kawa escort, kawa pack, kawa &gt; cha escort, cha pack, everything else in cha, cha &gt; kiri escort.
18:08:06	Yassrab	Yassrab	Blood lvl?
18:08:14	Bloodtaster	Bloodtaster	57.
18:08:18	Yassrab	Yassrab	Dayum
18:08:20	Bloodtaster	Bloodtaster	Didn&#39;t grind that much today.
18:08:21	Kaguya KidKrupt	Kaguya KidKrupt	should i go?
18:08:26	Cheewie	Cheewie	easy lvling
18:08:28	Cheewie	Cheewie	im 56
18:08:29	Bloodtaster	Bloodtaster	Yeah, go.
18:08:31	Cheewie	Cheewie	no edits
18:08:37	Yassrab	Yassrab	Kawa pack?
18:08:41	Bloodtaster	Bloodtaster	Kawa pack
18:08:41	Yassrab	Yassrab	Who got that
18:08:48	Greed	Greed	me
18:09:07	Bloodtaster	Bloodtaster	Do it.
18:09:23	Greed	Greed	right here.
18:09:29	Greed	Greed	all here?
18:09:31	Zix	Zix	lol you suck
18:09:31	Cheewie	Cheewie	Do?
18:09:34	Zix	Zix	running
18:09:36	Cheewie	Cheewie	noo zix
18:09:39	Cheewie	Cheewie	oh shet
18:09:43	Bloodtaster	Bloodtaster	No kawa packs left?
18:09:45	Kaguya KidKrupt	Kaguya KidKrupt	nxt
18:09:47	Cheewie	Cheewie	sorry Zix?
18:09:54	Yassrab	Yassrab	No I have Cha pack
18:09:54	Greed	Greed	Sorry zix.
18:09:55	Cheewie	Cheewie	got cha&gt;kiri
18:10:01	Greed	Greed	I thought everyone was here.
18:10:04	Bloodtaster	Bloodtaster	Mkay, go west cha and wait for my escort.
18:10:10	Kaguya KidKrupt	Kaguya KidKrupt	zix is fighting
18:10:13	Cheewie	Cheewie	Top left cha
18:10:18	Yassrab	Yassrab	^
18:10:23	Yassrab	Yassrab	Like da good old days
18:10:25	Silent Assassin	Silent Assassin	hes running over water
18:10:27	Bloodtaster	Bloodtaster	Hehe.
18:10:28	Cheewie	Cheewie	hell yeah
18:11:09	Cheewie	Cheewie	aff i remember bs bulleting ppl waiting for their mish
18:11:16	Yassrab	Yassrab	lmaoo
18:11:22	Silent Assassin	Silent Assassin	yes
18:11:26	Silent Assassin	Silent Assassin	he ran 
18:11:34	Cheewie	Cheewie	dipic ruined goa...
18:11:45	Yassrab	Yassrab	Ya for sure he did
18:11:51	Cheewie	Cheewie	with his cheerleaders: feral,Roi
18:11:52	Greed	Greed	Good thing we got this goa for now.
18:11:57	Yassrab	Yassrab	He better go back to pre update
18:12:05	Cheewie	Cheewie	he wont yassrab
18:12:10	Cheewie	Cheewie	he never will
18:12:11	Yassrab	Yassrab	Ya I know hes a chode
18:12:17	Cheewie	Cheewie	lol
18:12:19	Greed	Greed	His gunna have to or this goa will over run the officals
18:12:23	Yassrab	Yassrab	Cha pack
18:12:24	Cheewie	Cheewie	anyone pack in cha?
18:12:30	Yassrab	Yassrab	Me
18:12:39	Bloodtaster	Bloodtaster	Wait for Zix.
18:12:58	Yassrab	Yassrab	ma boy kameyo
18:13:15	Zix	Zix	us cuk
18:13:40	Yassrab	Yassrab	Hehe
18:13:59	Cheewie	Cheewie	mish?
18:14:03	Silent Assassin	Silent Assassin	god what a speed
18:14:05	Yassrab	Yassrab	Should I do it?
18:14:08	Zix	Zix	Your job is to track down Kotoko who you can find at Ishi no Kuni and kill him.
18:14:09	Cheewie	Cheewie	no zix
18:14:17	Cheewie	Cheewie	we do yours then zix then my escort
18:14:24	Zix	Zix	wait
18:14:25	Yassrab	Yassrab	There now Ishi?
18:14:26	Bloodtaster	Bloodtaster	Go ishi.
18:14:28	Zix	Zix	i wanna black ninjas
18:14:35	Yassrab	Yassrab	Omg Zix
18:14:37	Yassrab	Yassrab	-_-
18:15:55	Bloodtaster	Bloodtaster	Zix, wear your kiri vest.
18:16:09	Zix	Zix	Congratulations on completing your mission! You recieved 1144.03 Dollars! ... 
18:16:12	Zix	Zix	You gained 24553 Level Points! ... 
18:16:13	Zix	Zix	:D
18:16:13	Cheewie	Cheewie	my escort
18:16:13	Yassrab	Yassrab	Dam A ranks
18:16:31	Yassrab	Yassrab	Wait at Kiri bridge?
18:16:38	Bloodtaster	Bloodtaster	Yes.
18:16:41	Cheewie	Cheewie	blood and zix guard me
18:16:42	General Chime	General Chime	hey wassup
18:16:47	Zix	Zix	ok
18:16:54	Uchiha Niika	Uchiha Niika	hi
18:17:03	General Chime	General Chime	hey
18:17:07	Uchiha Niika	Uchiha Niika	?
18:17:11	General Chime	General Chime	what naruto character
18:17:15	General Chime	General Chime	has shimura
18:17:19	General Chime	General Chime	as a last name
18:17:32	Uchiha Niika	Uchiha Niika	o.o
18:17:32	Zix	Zix	lol
18:17:36	Zix	Zix	blood
18:17:37	Bloodtaster	Bloodtaster	Ignore Raditz.
18:17:39	Zix	Zix	nob fight
18:17:41	Uchiha Niika	Uchiha Niika	i speak español srry xd
18:17:43	Zix	Zix	you defeat
18:17:45	Zix	Zix	80 wound
18:17:47	Zix	Zix	he run
18:17:48	General Chime	General Chime	espanol
18:17:49	Zix	Zix	to hosp
18:17:52	Zix	Zix	not lost your time
18:17:53	General Chime	General Chime	:P
18:17:56	Uchiha Niika	Uchiha Niika	:p
18:19:23	Cheewie	Cheewie	kawa on cooldown
18:20:36	Zix	Zix	stop
18:20:37	Zix	Zix	kiri
18:20:39	Zix	Zix	come back
18:20:45	Zix	Zix	get again
18:20:47	Zix	Zix	our mish
18:20:50	Zix	Zix	go go
18:20:53	Zix	Zix	scort
18:21:02	Bloodtaster	Bloodtaster	New round.
18:21:04	Zix	Zix	go
18:21:05	Zix	Zix	no
18:21:07	Zix	Zix	come
18:21:09	Bloodtaster	Bloodtaster	Go kh, grab&amp;post.
18:21:22	Yassrab	Yassrab	Tbh
18:21:24	Bloodtaster	Bloodtaster	Nvm, wait at kiri bridge.
18:21:29	Yassrab	Yassrab	We should just spam Zix&#39;s A ranks
18:21:30	Bloodtaster	Bloodtaster	Mission is still working.
18:21:35	Yassrab	Yassrab	Cause the cooldowns low
18:21:54	Kaguya KidKrupt	Kaguya KidKrupt	yo anyone can rember the cooldown bug for mishes?
18:22:07	Bloodtaster	Bloodtaster	Probaly doesn&#39;t work here.
18:22:12	Yassrab	Yassrab	We need 2 servers for that?
18:22:20	Bloodtaster	Bloodtaster	Mhm.
18:22:27	Kaguya KidKrupt	Kaguya KidKrupt	poop can&#39;t even remember tbh
18:22:28	Yassrab	Yassrab	I use to do it all da time hehe
18:23:03	Zix	Zix	bloo
18:23:04	Zix	Zix	come
18:23:11	Cheewie	Cheewie	everyone to bridge
18:23:19	Zix	Zix	go
18:23:48	Yassrab	Yassrab	comee
18:24:05	Cheewie	Cheewie	next map?
18:24:21	Cheewie	Cheewie	stay there
18:24:24	Yassrab	Yassrab	Here
18:24:26	Yassrab	Yassrab	Come here
18:24:30	Kaguya KidKrupt	Kaguya KidKrupt	?
18:24:33	Yassrab	Yassrab	Where I am
18:24:38	Yassrab	Yassrab	There
18:24:47	Cheewie	Cheewie	spam zix&#39;s A ranks
18:24:54	Yassrab	Yassrab	Thas what im asayin
18:25:09	Zix	Zix	Your job is to track down Black fenix who you can find at Konoha and kill him.
18:25:13	Cheewie	Cheewie	i know i just copyed what you said :D cus you smart
18:25:18	Yassrab	Yassrab	Whisp him blood
18:25:22	Zix	Zix	yea
18:25:26	Zix	Zix	wait Im shiping
18:25:29	Bloodtaster	Bloodtaster	I shouldn&#39;t.
18:25:32	Yassrab	Yassrab	shiping?
18:25:34	Yassrab	Yassrab	I will
18:25:39	Zix	Zix	-_
18:25:44	Bloodtaster	Bloodtaster	I kept killing his jashin on officials everytime he tryed to raid suna.
18:26:10	Yassrab	Yassrab	Lets see what he says
18:26:35	Zix	Zix	seems afk
18:26:37	Zix	Zix	a no contesto
18:26:46	Yassrab	Yassrab	Cheewi arent you admin?
18:26:55	Cheewie	Cheewie	i am why
18:27:00	Yassrab	Yassrab	Go to commands
18:27:04	Zix	Zix	wait
18:27:05	General Chime	General Chime	invite to sqaud
18:27:07	Yassrab	Yassrab	And spectate
18:27:11	Cheewie	Cheewie	he didnt give me all verbs.
18:27:17	Yassrab	Yassrab	Ah I see
18:27:22	General Chime	General Chime	lol we where fighting at your gate yesterday
18:27:34	Atticus	Atticus	rlly?
18:27:39	General Chime	General Chime	cause jashins are happy
18:27:43	Zix	Zix	cheewie
18:27:45	Atticus	Atticus	^
18:27:46	Zix	Zix	yea 
18:27:46	General Chime	General Chime	yea i killed like 4 of your villagers
18:27:51	Cheewie	Cheewie	where 2
18:27:54	Zix	Zix	I already answered
18:27:55	Yassrab	Yassrab	?
18:27:58	Kaguya KidKrupt	Kaguya KidKrupt	ishi kill
18:27:59	Zix	Zix	wait
18:28:01	Yassrab	Yassrab	Where is he
18:28:03	Raditz	Raditz	silent you know that guy you fought in the exams
18:28:06	Greed	Greed	Cha pack.
18:28:06	Raditz	Raditz	uchiha rein
18:28:10	Zix	Zix	I need another answer to confirm
18:28:10	Silent Assassin	Silent Assassin	yea
18:28:14	Atticus	Atticus	^Cha kill
18:28:15	Bloodtaster	Bloodtaster	No escorts.
18:28:15	Yassrab	Yassrab	OKayz
18:28:16	Cheewie	Cheewie	w8 we first do zix&#39;s kill
18:28:21	Bloodtaster	Bloodtaster	Only grab A and D ranks.
18:28:22	General Chime	General Chime	ishi pack
18:28:22	Raditz	Raditz	that&#39;s my brothers student
18:28:28	General Chime	General Chime	black
18:28:29	Yassrab	Yassrab	Good decision Blood
18:28:29	Silent Assassin	Silent Assassin	troll
18:28:31	General Chime	General Chime	wanna mish?
18:28:32	Black fenix	Black fenix	??
18:28:34	Black fenix	Black fenix	yes
18:28:39	General Chime	General Chime	inv him please
18:28:47	Yassrab	Yassrab	Pure white skin?
18:28:48	Atticus	Atticus	post}?
18:28:52	Black fenix	Black fenix	kawa
18:28:53	General Chime	General Chime	ishi pack
18:28:56	Bloodtaster	Bloodtaster	The pale skin.
18:28:56	Black fenix	Black fenix	pack
18:28:58	Cheewie	Cheewie	what zix and krupt have
18:28:58	Yassrab	Yassrab	Oh
18:29:00	Uchiha Shine	Uchiha Shine	lol
18:29:00	Yassrab	Yassrab	Haha ok
18:29:02	Raditz	Raditz	that&#39;s why he&#39;s good
18:29:05	Atticus	Atticus	-.-
18:29:07	General Chime	General Chime	cha&gt;ishi&gt;kawa&gt;kono
18:29:11	Silent Assassin	Silent Assassin	aiit
18:29:12	Yassrab	Yassrab	Is all about that tanned life
18:29:17	Yassrab	Yassrab	#Jerseyshore baby
18:29:20	Zix	Zix	he say spanish
18:29:25	Zix	Zix	Black fenix: bien xD quien eres ... 
18:29:27	Raditz	Raditz	6 hours till i host
18:29:28	Zix	Zix	wait
18:29:30	Silent Assassin	Silent Assassin	i gotta train more
18:29:32	Silent Assassin	Silent Assassin	aiit
18:29:39	Yassrab	Yassrab	bien means good
18:29:40	Raditz	Raditz	Might host tomorrow
18:29:41	Yassrab	Yassrab	:)
18:29:43	Yassrab	Yassrab	Thats all I know
18:29:50	Silent Assassin	Silent Assassin	aiit then i have a chance to
18:29:57	Silent Assassin	Silent Assassin	already 19:29 pm
18:30:11	Zix	Zix	ok
18:30:33	Zix	Zix	new Mish Rank A
18:30:34	Zix	Zix	wait
18:30:36	Atticus	Atticus	come
18:30:38	Zix	Zix	Your job is to track down Black fenix who you can find at Konoha and kill him.
18:30:40	Yassrab	Yassrab	Rain vest !
18:30:41	Zix	Zix	black fenix
18:30:41	Silent Assassin	Silent Assassin	i hope he fixed factions
18:30:42	Zix	Zix	again
18:30:44	Zix	Zix	WTF
18:30:49	Raditz	Raditz	Ask him if he did
18:31:02	Bloodtaster	Bloodtaster	(/o.o)/
18:31:16	Yassrab	Yassrab	Blood bro lets do the d ranks
18:31:25	Greed	Greed	I got cha pack.
18:31:31	Kaguya KidKrupt	Kaguya KidKrupt	i got ishi kill
18:31:35	Yassrab	Yassrab	Kawa pack
18:31:38	Bloodtaster	Bloodtaster	Grab&amp;post.
18:31:42	Greed	Greed	Cha pack
18:31:50	Silent Assassin	Silent Assassin	i luve air bullet 
18:32:11	Raditz	Raditz	Who doesn&#39;t in this version of the game
18:32:16	Raditz	Raditz	that was the shet
18:32:17	Silent Assassin	Silent Assassin	mist
18:32:20	Silent Assassin	Silent Assassin	XD
18:32:23	Raditz	Raditz	haha
18:32:26	Bloodtaster	Bloodtaster	Cha&gt;kawa&gt;ishi
18:32:27	Bloodtaster	Bloodtaster	Go
18:32:31	Silent Assassin	Silent Assassin	ho poop
18:32:32	Zix	Zix	does not answer the
18:32:33	Kaguya KidKrupt	Kaguya KidKrupt	aight
18:32:37	Silent Assassin	Silent Assassin	wrong clan atm
18:32:42	Raditz	Raditz	?
18:32:52	Silent Assassin	Silent Assassin	this version
18:32:57	Silent Assassin	Silent Assassin	jashin&gt;all
18:33:07	Silent Assassin	Silent Assassin	last longer in fight
18:33:09	Raditz	Raditz	Depends
18:33:11	Silent Assassin	Silent Assassin	self heal
18:33:11	Greed	Greed	Top left of cha.
18:33:14	Silent Assassin	Silent Assassin	gates
18:33:15	Raditz	Raditz	if your good your better
18:33:19	Greed	Greed	Is where my mish is at.
18:33:31	Silent Assassin	Silent Assassin	hode
18:33:34	Silent Assassin	Silent Assassin	conjo bo ma
18:33:36	Silent Assassin	Silent Assassin	ma
18:33:45	Black fenix	Black fenix	is chizato
18:33:54	Atticus	Atticus	here nab
18:33:58	Atticus	Atticus	xD
18:34:12	Bloodtaster	Bloodtaster	Top left
18:34:29	Greed	Greed	Come lol.
18:34:41	Greed	Greed	Ova here.
18:35:03	Cheewie	Cheewie	kidkrupt come
18:35:11	Cheewie	Cheewie	do it
18:35:20	Yassrab	Yassrab	Ishi now
18:35:39	Bloodtaster	Bloodtaster	Ishi
18:36:00	General Chime	General Chime	can you take off the happy rain please
18:37:18	Yassrab	Yassrab	??
18:37:46	Bloodtaster	Bloodtaster	Zix, stop
18:37:47	Kaguya KidKrupt	Kaguya KidKrupt	not everyone here
18:37:52	Zix	Zix	na
18:37:57	Zix	Zix	i can attack
18:38:00	Zix	Zix	he drop money
18:38:02	Zix	Zix	Aww
18:38:04	Zix	Zix	sorry
18:38:05	Bloodtaster	Bloodtaster	&lt;---
18:38:39	Bloodtaster	Bloodtaster	Who&#39;s way up there?
18:38:41	Yassrab	Yassrab	Where too now?
18:38:49	Yassrab	Yassrab	I got kawa pack
18:39:09	Raditz	Raditz	blood
18:39:11	Raditz	Raditz	damage ?
18:39:14	Zix	Zix	come
18:39:17	Raditz	Raditz	take of guard
18:39:29	Silent Assassin	Silent Assassin	You took 926 Stamina damage from Raditz!
18:39:33	Zix	Zix	bloo
18:39:34	Silent Assassin	Silent Assassin	almost 1k
18:39:35	Zix	Zix	is your mish?
18:39:39	Raditz	Raditz	hm
18:39:44	Bloodtaster	Bloodtaster	&#39;Greed
18:39:46	Raditz	Raditz	You took 475 Stamina damage from Silent Assassin!
18:39:53	Mitsuyoshi	Mitsuyoshi	cheewie how do i get that coat you have?
18:39:55	Zix	Zix	greed
18:39:55	Cheewie	Cheewie	do the mission
18:39:56	Silent Assassin	Silent Assassin	thats 10 PP!
18:39:57	Zix	Zix	need kill?
18:39:58	Greed	Greed	?
18:40:01	Raditz	Raditz	i knew
18:40:03	Cheewie	Cheewie	mitsu it costs 500
18:40:06	Cheewie	Cheewie	you got 500?
18:40:08	Zix	Zix	who you neet kill
18:40:08	Greed	Greed	I did my cha mission remember.
18:40:08	Bloodtaster	Bloodtaster	Someone bugged it.
18:40:09	Zix	Zix	?
18:40:09	Silent Assassin	Silent Assassin	o.O
18:40:11	Silent Assassin	Silent Assassin	cheater
18:40:12	Mitsuyoshi	Mitsuyoshi	i think so
18:40:16	Bloodtaster	Bloodtaster	Go kawa.
18:40:19	Cheewie	Cheewie	k ill show you after this mish
18:40:30	Mitsuyoshi	Mitsuyoshi	k
18:40:33	Cheewie	Cheewie	mission bugged 2 kaw
18:40:56	Greed	Greed	its unbugged now.
18:40:58	Cheewie	Cheewie	amg cant w8 for factions ima make kurosame so OP
18:41:23	Bloodtaster	Bloodtaster	You sure Greed?
18:41:26	Cheewie	Cheewie	ill show you fter missions
18:41:35	Zix	Zix	sup atticus
18:41:37	Zix	Zix	bro
18:41:38	Zix	Zix	^^
18:41:38	Bloodtaster	Bloodtaster	We&#39;ll come back to ishi after we&#39;re done in kawa.
18:41:39	Greed	Greed	yeah.
18:41:40	Atticus	Atticus	hey
18:41:43	Zix	Zix	how are you
18:41:47	Atticus	Atticus	fine
18:41:49	Atticus	Atticus	u?
18:41:51	Zix	Zix	me to
18:41:52	Zix	Zix	xdd
18:41:53	Raditz	Raditz	lol
18:41:55	Zix	Zix	Im in mish
18:41:56	Zix	Zix	cya
18:41:58	Zix	Zix	^^
18:42:00	Atticus	Atticus	yea, i see you A rank already
18:42:03	Atticus	Atticus	xD
18:42:03	Zix	Zix	xdd
18:42:05	Zix	Zix	yea
18:42:08	Atticus	Atticus	bye
18:42:15	Zix	Zix	if I get a mish you notice you ok?
18:42:21	Atticus	Atticus	ok
18:42:23	Zix	Zix	^^
18:43:07	Mitsuyoshi	Mitsuyoshi	oh and how do you add .5 like you said xheewie?
18:43:13	Mitsuyoshi	Mitsuyoshi	cheewie*
18:43:16	Cheewie	Cheewie	.5?
18:43:24	Mitsuyoshi	Mitsuyoshi	yeh like 1.5 int
18:43:26	Bloodtaster	Bloodtaster	Do the pack?
18:43:38	Yassrab	Yassrab	Here
18:43:45	Cheewie	Cheewie	go 3 str 3 rfx till lvl 50 then 3 str 3 int to 100
18:44:04	Cheewie	Cheewie	or 3 str 3 int to 50 then 3 str 3 rfx to 100
18:44:07	Zix	Zix	go
18:44:10	Yassrab	Yassrab	Do it?
18:44:12	Mitsuyoshi	Mitsuyoshi	oh ok
18:44:16	Zix	Zix	to Kh
18:44:24	Bloodtaster	Bloodtaster	Go ishi, the mission should work now.
18:44:28	Zix	Zix	ok
18:44:46	Black fenix	Black fenix	go mish?
18:44:59	Bloodtaster	Bloodtaster	Ishi
18:45:02	Yassrab	Yassrab	Ishi?
18:45:15	General Chime	General Chime	guys
18:45:20	General Chime	General Chime	pick up another 
18:45:23	General Chime	General Chime	mission
18:45:25	Raditz	Raditz	silent
18:45:27	Raditz	Raditz	damage
18:45:39	Atticus	Atticus	Cha to leaf
18:45:40	Silent Assassin	Silent Assassin	234
18:45:49	General Chime	General Chime	cha
18:45:54	Raditz	Raditz	and for that one ?
18:45:57	General Chime	General Chime	black u?
18:45:58	Silent Assassin	Silent Assassin	You took 2088 Stamina damage from Raditz!
18:46:09	Black fenix	Black fenix	moment
18:46:12	Silent Assassin	Silent Assassin	this game need controled shunshin
18:46:15	General Chime	General Chime	ok
18:46:31	Bloodtaster	Bloodtaster	Who&#39;s at cha?
18:46:38	Silent Assassin	Silent Assassin	now i took less dmg
18:46:44	Silent Assassin	Silent Assassin	Raditz: Wind: Great Breakthrough! ... You took 623 Stamina damage from Raditz!
18:46:45	General Chime	General Chime	we will be waiting in cha
18:46:46	Atticus	Atticus	nh just kick him
18:46:52	Atticus	Atticus	xD
18:46:53	Raditz	Raditz	oh
18:46:53	General Chime	General Chime	y?
18:46:58	Atticus	Atticus	kidding
18:46:59	Raditz	Raditz	most likely cause of my 5 bs 
18:47:03	Silent Assassin	Silent Assassin	oowh
18:47:06	General Chime	General Chime	i kinda thought you where lol
18:47:09	Raditz	Raditz	You took 475 Stamina damage from Silent Assassin!
18:47:13	Silent Assassin	Silent Assassin	mf
18:47:25	Black fenix	Black fenix	cha
18:47:33	Atticus	Atticus	cha cha leaf
18:47:34	General Chime	General Chime	good
18:47:48	Greed	Greed	^
18:47:49	Zix	Zix	Congratulations on completing your mission! You recieved 588.333 Dollars!
18:47:51	Zix	Zix	to KH
18:47:54	Zix	Zix	MIsh rank A
18:48:12	General Chime	General Chime	wait by me
18:48:16	General Chime	General Chime	right of cha
18:48:58	Silent Assassin	Silent Assassin	im gonna register someone on a sex dating site with grannys XD
18:49:04	Raditz	Raditz	lol
18:49:08	Silent Assassin	Silent Assassin	using his name and street and poop XD
18:49:17	Silent Assassin	Silent Assassin	let them visit him lfmao
18:49:35	General Chime	General Chime	enix
18:49:39	General Chime	General Chime	ru a capacity?
18:49:41	Atticus	Atticus	wait at leaf gate
18:49:45	Black fenix	Black fenix	yes
18:49:55	General Chime	General Chime	cool
18:49:59	Zix	Zix	Your job is to track down Azami who you can find at Kawa no Kuni and kill him.
18:50:10	Zix	Zix	come all pick mish
18:50:11	General Chime	General Chime	how much rfx you got
18:50:13	Zix	Zix	and go to kawa
18:50:14	Bloodtaster	Bloodtaster	Only grab A and D ranks.
18:50:17	Zix	Zix	come come to Kh
18:50:30	Yassrab	Yassrab	Cha pak
18:52:25	Bloodtaster	Bloodtaster	Grab&amp;post.
18:52:29	Yassrab	Yassrab	Cha pack
18:52:35	Bloodtaster	Bloodtaster	A&#39;s and D&#39;s only.
18:52:48	Kaguya KidKrupt	Kaguya KidKrupt	aff grabbed c
18:52:50	Bloodtaster	Bloodtaster	Kawa pack.
18:52:55	Kaguya KidKrupt	Kaguya KidKrupt	cha kill
18:52:55	Bloodtaster	Bloodtaster	Toss it Kid.
18:52:56	Zix	Zix	come to kiri
18:52:58	Bloodtaster	Bloodtaster	Nvm
18:52:58	Zix	Zix	Wtf
18:53:00	Bloodtaster	Bloodtaster	Don&#39;t ;)
18:53:05	Mitsuyoshi	Mitsuyoshi	Your job is to Deliver a package to Raku who you can find at Ishi no Kuni.
18:53:05	Kaguya KidKrupt	Kaguya KidKrupt	tossed!
18:53:07	Kaguya KidKrupt	Kaguya KidKrupt	&lt;.&gt;
18:53:10	Kaguya KidKrupt	Kaguya KidKrupt	jks
18:53:11	Uchiha -E-	Uchiha -E-	ufly as allways
18:53:13	Uchiha -E-	Uchiha -E-	...
18:53:25	Bloodtaster	Bloodtaster	Kawa &gt; ishi &gt; cha
18:53:29	Zix	Zix	wait
18:53:30	Zix	Zix	blood
18:53:32	Zix	Zix	people
18:53:32	Bloodtaster	Bloodtaster	Hm?
18:53:34	Zix	Zix	pick mish
18:53:36	Zix	Zix	new
18:53:42	Greed	Greed	Cha pack
18:53:44	Zix	Zix	copy and paste
18:53:45	Zix	Zix	ok
18:53:55	Zix	Zix	To kawa
18:54:01	Mitsuyoshi	Mitsuyoshi	greed
18:54:07	Greed	Greed	?
18:54:08	Cheewie	Cheewie	i got ch
18:54:10	Mitsuyoshi	Mitsuyoshi	can you show meh where you got yer coat?
18:54:21	Greed	Greed	Cha byond membership shop.
18:54:38	Greed	Greed	The right side of the cha hositpal.
18:54:48	Black fenix	Black fenix	atticus come pliz
18:54:49	Bloodtaster	Bloodtaster	Kawa &gt; ishi &gt; cha.
18:54:52	Atticus	Atticus	?
18:54:52	Cheewie	Cheewie	i got cha
18:55:01	Black fenix	Black fenix	what is dameg clones
18:55:05	Silent Assassin	Silent Assassin	say chichar tu madre
18:55:40	Black fenix	Black fenix	D:
18:55:40	Atticus	Atticus	weaj
18:55:46	Atticus	Atticus	weak*
18:55:47	Black fenix	Black fenix	clones use suplis?
18:55:48	Atticus	Atticus	xD
18:55:55	Atticus	Atticus	looks like
18:55:57	Atticus	Atticus	they do
18:56:02	Zix	Zix	Your job is to track down Azami who you can find at Kawa no Kuni and kill him.
18:56:16	General Chime	General Chime	Please avoid using Multiple Shadow Clones jutsu till furthes notice, a respec will happen when clones start working at 100%
18:56:27	General Chime	General Chime	-.-
18:56:34	Atticus	Atticus	dragon?
18:56:39	Silent Assassin	Silent Assassin	darkgenned
18:57:35	Zix	Zix	Congratulations on completing your mission! You recieved 1270.8 Dollars!
18:57:39	Bloodtaster	Bloodtaster	My kawa pack.
18:57:48	Kaguya KidKrupt	Kaguya KidKrupt	kawa pack
18:57:57	Zix	Zix	KAWA PACK
18:58:01	Zix	Zix	COME TO KAWA
18:58:02	Zix	Zix	BACK
18:58:04	Bloodtaster	Bloodtaster	Who&#39;s going to ishi?
18:58:07	Zix	Zix	ARE STUPID ALL
18:58:07	Bloodtaster	Bloodtaster	Come back.
18:58:08	Kaguya KidKrupt	Kaguya KidKrupt	who got kawa?
18:58:13	Zix	Zix	-_-
18:58:16	Cheewie	Cheewie	my bad i said kaw
18:58:17	Greed	Greed	smh
18:58:18	Bloodtaster	Bloodtaster	I do, sebi&#39;s behind this building.
18:58:22	Zix	Zix	ol
18:58:24	Zix	Zix	lol
18:58:32	Bloodtaster	Bloodtaster	Sebi&#39;s oped.
18:58:37	Zix	Zix	ishi
19:00:20	Mitsuyoshi	Mitsuyoshi	Your job is to Deliver a package to Raku who you can find at Ishi no Kuni.
19:00:40	Zix	Zix	why you kick
19:00:44	Zix	Zix	yassrap
19:00:46	Zix	Zix	squad
19:01:00	Steel Shredz	Steel Shredz	im almost there
19:01:03	Steel Shredz	Steel Shredz	wait 4 me please
19:01:04	Zix	Zix	-_-
19:01:04	Mitsuyoshi	Mitsuyoshi	eyy cheewie
19:01:13	Cheewie	Cheewie	yh?
19:01:17	Greed	Greed	I have a cha pack btw.
19:01:18	Mitsuyoshi	Mitsuyoshi	do i add my int passive to genjutsu?
19:01:36	Steel Shredz	Steel Shredz	ok
19:01:40	Steel Shredz	Steel Shredz	i have pack here btw
19:01:42	Cheewie	Cheewie	get 2 analyse 3 tracking so you can bb from fr then gen mastery
19:01:56	Mitsuyoshi	Mitsuyoshi	k
19:01:57	Bloodtaster	Bloodtaster	Do it.
19:01:59	Zix	Zix	-_-
19:02:00	Zix	Zix	go
19:02:06	Zix	Zix	to cha
19:02:08	Cheewie	Cheewie	2 cha
19:02:09	Steel Shredz	Steel Shredz	i have
19:02:10	Bloodtaster	Bloodtaster	No
19:02:12	Steel Shredz	Steel Shredz	ishi
19:02:14	Bloodtaster	Bloodtaster	Steel Shredz says: i have pack here btw ... 
19:02:14	Steel Shredz	Steel Shredz	pack
19:02:15	Kaguya KidKrupt	Kaguya KidKrupt	&lt;.&gt;
19:02:16	Zix	Zix	BACK
19:02:18	Zix	Zix	TO ISHI
19:02:34	Steel Shredz	Steel Shredz	machi
19:02:36	Bloodtaster	Bloodtaster	Go up.
19:02:41	Kaguya KidKrupt	Kaguya KidKrupt	odd
19:03:09	Zix	Zix	cha
19:03:17	Bloodtaster	Bloodtaster	Cha.
19:04:29	Cheewie	Cheewie	top left
19:04:35	Kaguya KidKrupt	Kaguya KidKrupt	no come here
19:04:39	Kaguya KidKrupt	Kaguya KidKrupt	mine first
19:04:40	Zix	Zix	come
19:04:48	Greed	Greed	Mines right here too
19:05:02	Zix	Zix	KH
19:05:09	Bloodtaster	Bloodtaster	No
19:05:11	Cheewie	Cheewie	greed urs then mine
19:05:12	Bloodtaster	Bloodtaster	Top left cha.
19:05:52	Cheewie	Cheewie	everyone?
19:06:56	Cheewie	Cheewie	Exte
19:07:04	Cheewie	Cheewie	you can wear headband with mask
19:07:17	Kaguya KidKrupt	Kaguya KidKrupt	can u?
19:07:58	Uchiha -E-	Uchiha -E-	now you coming back?
19:08:00	Uchiha -E-	Uchiha -E-	im done
19:08:00	Silent Assassin	Silent Assassin	yes
19:08:01	Mitsuyoshi	Mitsuyoshi	Your job is to Deliver a package to Maki who you can find at Cha no Kuni.
19:08:02	Silent Assassin	Silent Assassin	XD
19:08:20	Steel Shredz	Steel Shredz	kawa pack
19:08:27	Yassrab	Yassrab	Cha pack
19:08:30	Greed	Greed	Cha pack
19:09:13	Zix	Zix	Your job is to track down Naoko who you can find at Cha no Kuni and kill him.
19:09:17	Zix	Zix	Mish A rank
19:09:27	Raditz	Raditz	damn exte
19:09:31	Raditz	Raditz	your a battle
19:09:55	Uchiha -E-	Uchiha -E-	im a uchiha
19:09:56	Uchiha -E-	Uchiha -E-	o.o
19:10:01	Raditz	Raditz	multi clanned..
19:10:05	Uchiha -E-	Uchiha -E-	nope i swer
19:10:21	Raditz	Raditz	then how comes my wind breakthrough does only 300 damage on you ?
19:10:28	Raditz	Raditz	it&#39;s supposed to do 600
