21:38:02	M4CHiiN3	M4CHiiN3	o.o
21:47:01	M4CHiiN3	M4CHiiN3	lemme do
21:47:02	Hatake -E-	Hatake -E-	xD
21:47:02	M4CHiiN3	M4CHiiN3	passives
21:47:04	M4CHiiN3	M4CHiiN3	hoe
21:47:04	M4CHiiN3	M4CHiiN3	:D
21:47:06	Hatake -E-	Hatake -E-	1 hit ko
21:47:30	M4CHiiN3	M4CHiiN3	nerf sword?
21:49:53	M4CHiiN3	M4CHiiN3	lol
21:51:55	Hatake -E-	Hatake -E-	...
21:54:08	M4CHiiN3	M4CHiiN3	stop ending
21:54:09	M4CHiiN3	M4CHiiN3	:D 
21:54:11	M4CHiiN3	M4CHiiN3	hehe
21:54:17	Hatake -E-	Hatake -E-	cant i have a private fight?
21:55:19	M4CHiiN3	M4CHiiN3	2.3k
21:55:21	M4CHiiN3	M4CHiiN3	bs?
22:01:17	Okami Shin	Okami Shin	M4
22:01:21	M4CHiiN3	M4CHiiN3	?
22:01:21	Okami Shin	Okami Shin	can i be Kaze
22:01:25	Okami Shin	Okami Shin	recommendm e
22:01:26	Okami Shin	Okami Shin	me
22:01:29	Okami Shin	Okami Shin	to Exte
22:01:32	M4CHiiN3	M4CHiiN3	will do
22:01:36	M4CHiiN3	M4CHiiN3	when more players come on
22:01:37	Okami Shin	Okami Shin	yay :)
22:01:39	Okami Shin	Okami Shin	ok
22:01:41	M4CHiiN3	M4CHiiN3	we do chunnin
22:01:42	M4CHiiN3	M4CHiiN3	etc.
22:01:44	M4CHiiN3	M4CHiiN3	take votes
22:01:47	M4CHiiN3	M4CHiiN3	stuff like that.
22:01:53	M4CHiiN3	M4CHiiN3	hopefully you would get it .
22:04:41	M4CHiiN3	M4CHiiN3	me v you
22:13:43	M4CHiiN3	M4CHiiN3	hm
