23:59:55	Uzumaki Naruto	Uzumaki Naruto	use your op punches to ko me
00:00:37	Uzumaki Naruto	Uzumaki Naruto	oh
00:00:44	Yassrab	Yassrab	?
00:02:47	Uzumaki Naruto	Uzumaki Naruto	hmm
00:02:53	Uzumaki Naruto	Uzumaki Naruto	still not fixed...
00:02:54	Uchiha Opp	Uchiha Opp	?
00:03:03	Uchiha Opp	Uchiha Opp	whats wrong with them?
00:03:12	Uzumaki Naruto	Uzumaki Naruto	same as jashins
00:03:16	Uzumaki Naruto	Uzumaki Naruto	after 100 wounds they die
00:04:23	Uchiha Opp	Uchiha Opp	Jashins fixed
00:04:25	Uchiha Opp	Uchiha Opp	right?
00:04:28	Uzumaki Naruto	Uzumaki Naruto	yh
00:04:31	Uzumaki Naruto	Uzumaki Naruto	but wof arent
00:04:35	Uchiha Opp	Uchiha Opp	O.o
00:04:42	Uchiha Opp	Uchiha Opp	Not the same technique?
00:05:26	Uchiha Opp	Uchiha Opp	Wof get stamina boost if they get ko&#39;d past 100 wounds but dont die right?
00:06:48	Uzumaki Naruto	Uzumaki Naruto	wofs arent getting nothing
00:06:52	Uzumaki Naruto	Uzumaki Naruto	thats the prob
00:07:04	Uchiha Opp	Uchiha Opp	O.o
00:08:10	Uchiha Opp	Uchiha Opp	what were they recoded or something?
00:08:27	Uzumaki Naruto	Uzumaki Naruto	its a strange bug
00:08:55	Uchiha Opp	Uchiha Opp	its not similar to the jashins coding at all?
00:09:00	Uchiha Opp	Uchiha Opp	as far as wound cap
00:09:59	Uzumaki Naruto	Uzumaki Naruto	it is exactly like jashin
00:10:04	Uzumaki Naruto	Uzumaki Naruto	thast why its strange
00:11:00	Uzumaki Naruto	Uzumaki Naruto	ok think i fixed it
00:11:59	Uchiha Opp	Uchiha Opp	They keep QQing about lag i keep telling them itll be fixed
00:12:35	Uzumaki Naruto	Uzumaki Naruto	im doing the best i can
00:13:15	Uchiha Opp	Uchiha Opp	yeah i know 
00:13:32	Uzumaki Naruto	Uzumaki Naruto	fixed naras too
00:13:40	Uzumaki Naruto	Uzumaki Naruto	what else needed to be fixed?
00:13:47	Uzumaki Naruto	Uzumaki Naruto	oh yeh gona test needles dmg
00:14:35	Maito Gai	Maito Gai	seems still too op
00:14:41	Uchiha Opp	Uchiha Opp	you got bs dont you?
00:14:46	Maito Gai	Maito Gai	yh
00:14:46	Uchiha Opp	Uchiha Opp	I aint have you targeted
00:14:47	Uchiha Opp	Uchiha Opp	lol
00:14:50	Uchiha Opp	Uchiha Opp	go again
00:15:08	Uchiha Opp	Uchiha Opp	They nerfed
00:15:22	Uchiha Opp	Uchiha Opp	Ppl QQ about these then they just stupid
00:15:30	Maito Gai	Maito Gai	lol
00:15:32	Uchiha Opp	Uchiha Opp	Its called Weakspot for a reason
00:16:14	Maito Gai	Maito Gai	hmm
00:16:17	Maito Gai	Maito Gai	what else?
00:16:26	Uchiha Opp	Uchiha Opp	nothing that i can think of lemme ask them
00:19:27	Uchiha -E-	Uchiha -E-	see if daze stuns
00:19:37	Uchiha -E-	Uchiha -E-	rdy?
00:19:59	Uchiha Opp	Uchiha Opp	Yeah
00:20:01	Uchiha Opp	Uchiha Opp	Gogogo
00:20:24	Uchiha -E-	Uchiha -E-	ugh no daze...
00:20:29	Uchiha Opp	Uchiha Opp	Lol
00:20:29	Uchiha -E-	Uchiha -E-	couldnt move?
00:20:35	Uchiha Opp	Uchiha Opp	yeah i could
00:20:38	Uchiha Opp	Uchiha Opp	Op
00:20:46	Uchiha Opp	Uchiha Opp	2340 critcal
00:20:47	Uchiha -E-	Uchiha -E-	o.o
00:20:49	Uchiha -E-	Uchiha -E-	lol
00:21:20	Uchiha -E-	Uchiha -E-	i dont think we can update today...
00:21:54	Uchiha -E-	Uchiha -E-	use kawa
00:22:23	Uchiha Opp	Uchiha Opp	my bad tryingto see about the other bugs
00:22:33	Uchiha Opp	Uchiha Opp	you can update a portion of it cant you?
00:22:40	Uchiha -E-	Uchiha -E-	use kawa plz
00:22:43	Uchiha Opp	Uchiha Opp	i did
00:22:45	Uchiha Opp	Uchiha Opp	It went away
00:22:54	Uchiha Opp	Uchiha Opp	do Now
00:22:58	Uchiha Opp	Uchiha Opp	Gogogo
00:23:01	Uchiha Opp	Uchiha Opp	Still got the wounds
00:23:07	Uchiha -E-	Uchiha -E-	as i thought
00:23:10	Uchiha -E-	Uchiha -E-	i cant update now
00:23:14	Uchiha Opp	Uchiha Opp	It just blocks stamina damage
00:25:19	Yassrab	Yassrab	E
00:25:25	Uchiha -E-	Uchiha -E-	?
00:25:26	Yassrab	Yassrab	Can Negro still host tho? 
00:25:32	Yassrab	Yassrab	Cause my lagss alot
00:25:36	Uchiha -E-	Uchiha -E-	send him the stuff if you want
00:26:48	Yassrab	Yassrab	NEgro ezin
00:26:50	Yassrab	Yassrab	fml
00:28:22	Uchiha Opp	Uchiha Opp	Exteban
00:28:33	Uchiha Opp	Uchiha Opp	Negro said you need to add Reboot verbs
00:28:34	Uchiha Opp	Uchiha Opp	*
00:28:49	Uchiha Opp	Uchiha Opp	Cause he cant reboot from his he can only shutdown and reopen it
00:29:13	Uchiha Opp	Uchiha Opp	Yassrab
00:29:15	Yassrab	Yassrab	?
00:29:25	Uchiha -E-	Uchiha -E-	i have reboot verbs
00:29:26	Uchiha Opp	Uchiha Opp	Talk to Negro
00:29:32	Yassrab	Yassrab	hes ezin
00:29:36	Uchiha Opp	Uchiha Opp	Hes not
00:29:38	Uchiha Opp	Uchiha Opp	Im talking to him now
00:29:51	Uchiha Opp	Uchiha Opp	He callin yo name on the game lol
00:34:57	Uchiha -E-	Uchiha -E-	what else? piercing right?
00:35:29	Yassrab	Yassrab	E
00:35:37	Yassrab	Yassrab	whats the file sharing website you use?
00:36:39	Uchiha -E-	Uchiha -E-	sendspace
00:36:50	Uchiha -E-	Uchiha -E-	shutting this down to update and test
00:36:51	Uchiha -E-	Uchiha -E-	brb
00:48:28	Maito Gai	Maito Gai	...
00:48:38	Maito Gai	Maito Gai	check if you have kawa
00:48:42	Uchiha Opp	Uchiha Opp	I do
00:48:46	Uchiha Opp	Uchiha Opp	On my macro bar
00:48:49	Maito Gai	Maito Gai	in skill list
00:48:51	Uchiha Opp	Uchiha Opp	Not on my skill list
00:48:56	Uchiha Opp	Uchiha Opp	Hit meh
00:48:59	Maito Gai	Maito Gai	i swer im about to rage
00:49:10	Uchiha Opp	Uchiha Opp	Now
00:49:16	Maito Gai	Maito Gai	isnt that kawa
00:49:27	Uchiha Opp	Uchiha Opp	k
00:53:45	Maito Gai	Maito Gai	rdy?
00:53:46	Uchiha Opp	Uchiha Opp	Hit me
00:54:00	Uchiha Opp	Uchiha Opp	It works
00:54:04	Uchiha Opp	Uchiha Opp	I aint get a icon 
00:54:05	Uchiha Opp	Uchiha Opp	How come 
00:54:07	Uchiha Opp	Uchiha Opp	Lol
00:54:24	Maito Gai	Maito Gai	use again
00:54:32	Uchiha Opp	Uchiha Opp	go
00:54:38	Uchiha Opp	Uchiha Opp	Wait
00:54:51	Uchiha Opp	Uchiha Opp	now
00:54:52	Uchiha Opp	Uchiha Opp	Gogogo
00:55:00	Uchiha Opp	Uchiha Opp	No damamge was taken
00:55:06	Uchiha Opp	Uchiha Opp	Do you untarget me when you hit meh?
00:55:13	Maito Gai	Maito Gai	imma do that next
00:55:16	Maito Gai	Maito Gai	lemme see wounds
00:55:33	Uchiha -E-	Uchiha -E-	tell when i can
00:55:34	Uchiha Opp	Uchiha Opp	Go
00:55:42	Uchiha Opp	Uchiha Opp	still wounds
00:55:45	Uchiha -E-	Uchiha -E-	ugh
00:56:51	Maito Gai	Maito Gai	hmm
00:57:01	Maito Gai	Maito Gai	imma make a youth
00:57:04	Maito Gai	Maito Gai	wof*
00:57:07	Uchiha Opp	Uchiha Opp	k
00:58:43	Fire	Fire	ko me
00:59:14	Ousamu, Naruke	Ousamu, Naruke	you died?
00:59:31	Fire	Fire	k isnt dieing anymore
00:59:35	Ousamu, Naruke	Ousamu, Naruke	its like your dead and got healed tho
00:59:49	Fire	Fire	now gotta get the boost work
01:00:29	Fire	Fire	see skills infos
01:00:32	Fire	Fire	^^
01:01:23	Ousamu, Naruke	Ousamu, Naruke	Op!
01:01:37	Ousamu, Naruke	Ousamu, Naruke	Ew my needles would do 44.4 
01:01:41	Ousamu, Naruke	Ousamu, Naruke	Lol i aint got no PP
01:01:46	Fire	Fire	xD
01:02:56	Fire	Fire	use kawa plz
01:03:24	Ousamu, Naruke	Ousamu, Naruke	gogogo
01:03:41	Ousamu, Naruke	Ousamu, Naruke	my bad
01:03:44	Fire	Fire	go again
01:03:48	Ousamu, Naruke	Ousamu, Naruke	ready
01:03:49	Ousamu, Naruke	Ousamu, Naruke	Go
01:04:41	Fire	Fire	hmm
01:04:56	Uchiha -E-	Uchiha -E-	use kawa plz
01:05:50	Uchiha -E-	Uchiha -E-	...
01:06:35	Ousamu, Naruke	Ousamu, Naruke	my bad
01:06:41	Ousamu, Naruke	Ousamu, Naruke	gopgpgpg
01:06:42	Ousamu, Naruke	Ousamu, Naruke	Go
01:06:50	Uchiha -E-	Uchiha -E-	did anything?
01:06:55	Ousamu, Naruke	Ousamu, Naruke	No
01:07:01	Uchiha -E-	Uchiha -E-	again
01:07:09	Ousamu, Naruke	Ousamu, Naruke	gogogo
01:07:14	Ousamu, Naruke	Ousamu, Naruke	nope
01:07:21	Ousamu, Naruke	Ousamu, Naruke	gopgpggo
01:07:23	Ousamu, Naruke	Ousamu, Naruke	Gogogo
01:07:24	Ousamu, Naruke	Ousamu, Naruke	NOpe
01:07:31	Uchiha -E-	Uchiha -E-	hmm
01:07:35	Ousamu, Naruke	Ousamu, Naruke	nope
01:07:49	Ousamu, Naruke	Ousamu, Naruke	Lol
01:07:53	Uchiha -E-	Uchiha -E-	wounds appear 1st or after stam dmg?
01:07:53	Ousamu, Naruke	Ousamu, Naruke	-,-
01:07:59	Ousamu, Naruke	Ousamu, Naruke	After
01:08:07	Ousamu, Naruke	Ousamu, Naruke	Do raiton
01:08:11	Ousamu, Naruke	Ousamu, Naruke	None on WS
01:08:15	Ousamu, Naruke	Ousamu, Naruke	Raiton the only thing
01:08:19	Uchiha -E-	Uchiha -E-	now?
01:08:32	Ousamu, Naruke	Ousamu, Naruke	I aint use kawa but the wounds came first
01:08:34	Ousamu, Naruke	Ousamu, Naruke	On that WS
01:08:43	Uchiha -E-	Uchiha -E-	here?
01:08:48	Ousamu, Naruke	Ousamu, Naruke	Wait lemme use kawa
01:08:55	Ousamu, Naruke	Ousamu, Naruke	Gopgogog
01:09:04	Ousamu, Naruke	Ousamu, Naruke	I aint kawa xD
01:09:09	Uchiha -E-	Uchiha -E-	np
01:09:10	Ousamu, Naruke	Ousamu, Naruke	Gogogo
01:09:15	Uchiha -E-	Uchiha -E-	wounds came 1st or after?
01:09:20	Ousamu, Naruke	Ousamu, Naruke	First
01:09:46	Ousamu, Naruke	Ousamu, Naruke	First
01:09:58	Uchiha -E-	Uchiha -E-	ik what to do then
01:10:14	Ousamu, Naruke	Ousamu, Naruke	Raiton coded to go through IS
01:11:21	Uchiha -E-	Uchiha -E-	should be done
01:11:36	Ousamu, Naruke	Ousamu, Naruke	Did you nerf mabs?
01:11:40	Uchiha -E-	Uchiha -E-	yeh
01:11:43	Uchiha -E-	Uchiha -E-	alot
01:11:53	Uchiha -E-	Uchiha -E-	nerf crit?
01:11:56	Ousamu, Naruke	Ousamu, Naruke	What else need to be done
01:12:00	Ousamu, Naruke	Ousamu, Naruke	Criticals are fine
01:12:05	Uchiha -E-	Uchiha -E-	kk
01:12:20	Uchiha -E-	Uchiha -E-	fix wofs
01:12:23	Uchiha -E-	Uchiha -E-	then im done
01:12:33	Ousamu, Naruke	Ousamu, Naruke	Test?
01:12:34	Uchiha -E-	Uchiha -E-	**** factions for now
01:12:37	Ousamu, Naruke	Ousamu, Naruke	Wait
01:12:42	Ousamu, Naruke	Ousamu, Naruke	What about clones?
01:12:48	Ousamu, Naruke	Ousamu, Naruke	You made it so they dont use tags?
01:12:49	Uchiha -E-	Uchiha -E-	clones is fast
01:12:58	Uchiha -E-	Uchiha -E-	wont even need to test
01:13:12	Ousamu, Naruke	Ousamu, Naruke	If Saxi or any other kages want a faction
01:13:18	Ousamu, Naruke	Ousamu, Naruke	You can code it in right?
01:13:43	Uchiha -E-	Uchiha -E-	not rly
01:13:43	Ousamu, Naruke	Ousamu, Naruke	Dont forget to make the kawa untarget
01:13:51	Uchiha -E-	Uchiha -E-	kk
01:13:57	Uchiha -E-	Uchiha -E-	ill leave factions for tomorow
01:14:01	Ousamu, Naruke	Ousamu, Naruke	kk
01:14:02	Uchiha -E-	Uchiha -E-	its 1:13 am
01:14:07	Uchiha -E-	Uchiha -E-	&gt;.&gt;
01:14:12	Ousamu, Naruke	Ousamu, Naruke	lol
01:14:19	Ousamu, Naruke	Ousamu, Naruke	7 pm here
01:14:39	Ousamu, Naruke	Ousamu, Naruke	I shouldve never stopped coding 
01:14:39	Uchiha -E-	Uchiha -E-	Unban verb!
01:14:43	Ousamu, Naruke	Ousamu, Naruke	^
01:14:43	Uchiha -E-	Uchiha -E-	Almost Forgot
01:14:47	Ousamu, Naruke	Ousamu, Naruke	Forgot about that
01:15:09	Ousamu, Naruke	Ousamu, Naruke	If i didnt stop i could be way more helpful i was a beastly coder lol
01:15:49	Uchiha -E-	Uchiha -E-	xD
01:16:03	Uchiha -E-	Uchiha -E-	i aint as good as feral
01:16:11	Uchiha -E-	Uchiha -E-	but i aint a bad coder either...
01:16:13	Ousamu, Naruke	Ousamu, Naruke	Feral is good but he messes up alot
01:16:19	Uchiha -E-	Uchiha -E-	yh
01:16:21	Ousamu, Naruke	Ousamu, Naruke	Your a great coder imo,
01:16:34	Ousamu, Naruke	Ousamu, Naruke	Better than most of these so called coders
01:17:56	Uchiha -E-	Uchiha -E-	its easier to make a ban code then an unban lol
01:18:14	Ousamu, Naruke	Ousamu, Naruke	The Unbann code now is broken i believe
01:19:00	Uchiha -E-	Uchiha -E-	yh im making a new one
01:21:29	Uchiha -E-	Uchiha -E-	and it should be done
01:22:07	Ousamu, Naruke	Ousamu, Naruke	everythang?
01:22:57	Uchiha -E-	Uchiha -E-	no the unbann xD
01:23:14	Ousamu, Naruke	Ousamu, Naruke	oh lol
01:28:27	Uchiha -E-	Uchiha -E-	law
