00:13:56	Fire	Fire	win what?
00:13:59	Fire	Fire	oh no
00:14:01	Fire	Fire	2-2
00:14:05	Ousamu, Naruke	Ousamu, Naruke	Tie
00:14:52	Ousamu, Naruke	Ousamu, Naruke	Op Clones use heal
00:15:03	Fire	Fire	you have spear?
00:15:07	Ousamu, Naruke	Ousamu, Naruke	Nope
00:15:16	Fire	Fire	aido and soul are asking me to close this
00:15:27	Ousamu, Naruke	Ousamu, Naruke	Why?
00:15:36	Ousamu, Naruke	Ousamu, Naruke	I got spear now
00:15:56	Fire	Fire	so people go to officials
00:16:04	Fire	Fire	use spear
00:16:05	Fire	Fire	now
00:16:06	Ousamu, Naruke	Ousamu, Naruke	They can go to officials if they want
00:16:12	Fire	Fire	no dmg
00:16:13	Ousamu, Naruke	Ousamu, Naruke	GG
00:16:15	Fire	Fire	or wounds
00:16:17	Fire	Fire	^^
00:16:30	Fire	Fire	nerfed alot too
00:16:36	Ousamu, Naruke	Ousamu, Naruke	Hm with deflection that should be good
00:17:00	Fire	Fire	wound me to 100
00:18:17	Fire	Fire	need to figure why
00:18:20	Ousamu, Naruke	Ousamu, Naruke	That still aint fixed
00:18:22	Fire	Fire	they arent getting the boost
00:20:20	Fire	Fire	and world respec isnt working for some reason...
00:20:35	Ousamu, Naruke	Ousamu, Naruke	O.o
00:20:45	Ousamu, Naruke	Ousamu, Naruke	You just tried it on here?
00:20:52	Fire	Fire	yh
00:21:26	Fire	Fire	normal respec works
00:21:28	Fire	Fire	world doesnt
00:21:58	Ousamu, Naruke	Ousamu, Naruke	You made your own code for world respec?
00:22:11	Fire	Fire	used one i had from before
00:22:21	Ousamu, Naruke	Ousamu, Naruke	Hm
00:25:26	Ousamu, Naruke	Ousamu, Naruke	Brb Extebam
00:25:29	Ousamu, Naruke	Ousamu, Naruke	*ban
00:26:55	Fire	Fire	kk
00:29:59	Ousamu, Naruke	Ousamu, Naruke	back
00:30:40	Fire	Fire	this is ****ing my head i swer
00:30:52	Fire	Fire	im so ****ing tired from the game...
00:32:17	Ousamu, Naruke	Ousamu, Naruke	You know
00:32:21	Ousamu, Naruke	Ousamu, Naruke	Negro can help you
00:33:33	Fire	Fire	negro isnt on
00:33:48	Ousamu, Naruke	Ousamu, Naruke	Lemme see if i can get em on
00:34:46	Ousamu, Naruke	Ousamu, Naruke	See i got him in a instant
00:34:51	Fire	Fire	nvm im stupid
00:35:09	Ousamu, Naruke	Ousamu, Naruke	You found the problem?
00:35:26	Fire	Fire	for respec yes
00:35:31	Fire	Fire	for youths not rly
00:35:34	Fire	Fire	wof*
00:36:19	Ousamu, Naruke	Ousamu, Naruke	You can fix that some other time
00:36:28	Ousamu, Naruke	Ousamu, Naruke	Wof will just have to stay as it is
00:36:36	Ousamu, Naruke	Ousamu, Naruke	Dont stress yourself over it
00:39:03	Fire	Fire	nah
00:49:18	Fire	Fire	imma reboot in a bit
00:49:23	Fire	Fire	to see if i fixed wofs
00:53:23	Fire	Fire	.
00:53:32	Fire	Fire	naruke
00:53:39	Fire	Fire	do your mambojambo
00:53:40	Fire	Fire	plz
00:54:44	Fire	Fire	noob wound spammer!
00:54:49	Fire	Fire	xD
00:54:52	Ousamu, Naruke	Ousamu, Naruke	xD
00:54:57	Fire	Fire	fixed
00:54:58	Fire	Fire	!
00:55:02	Fire	Fire	gogogoo
00:55:08	Ousamu, Naruke	Ousamu, Naruke	I aint ko you past 100
00:55:25	Fire	Fire	boost &lt;100 is fixed
00:55:38	Fire	Fire	gogo
00:56:01	Ousamu, Naruke	Ousamu, Naruke	Wait what just happened?
00:56:07	Fire	Fire	o.o
00:56:21	Fire	Fire	gogo
00:56:38	Fire	Fire	lol
00:56:39	Fire	Fire	op
00:56:42	Fire	Fire	they are imortal
00:56:47	Ousamu, Naruke	Ousamu, Naruke	xDD
00:57:07	Fire	Fire	amg
00:57:23	Ousamu, Naruke	Ousamu, Naruke	Ok lets see
00:57:28	Fire	Fire	they dont die
00:57:44	Ousamu, Naruke	Ousamu, Naruke	It works 
00:57:48	Fire	Fire	yh
00:57:49	Ousamu, Naruke	Ousamu, Naruke	Why did you keep getting up
00:57:59	Fire	Fire	removed the code that kept them from dieing
00:58:21	Ousamu, Naruke	Ousamu, Naruke	Oh damn
00:58:23	Ousamu, Naruke	Ousamu, Naruke	I see
00:58:33	Ousamu, Naruke	Ousamu, Naruke	But at least you got the stamina boost part back up
00:59:00	Fire	Fire	yh
01:02:12	Ousamu, Naruke	Ousamu, Naruke	Ew weak rasengan
01:02:45	Fire	Fire	only respec to be made
01:02:57	Ousamu, Naruke	Ousamu, Naruke	World respec
01:04:35	Fire	Fire	lol
01:04:44	Fire	Fire	imma leave this bug to my chars only
01:04:49	Fire	Fire	jkjkjkjk
01:05:05	Ousamu, Naruke	Ousamu, Naruke	Roflmao
01:05:54	Fire	Fire	WTF
01:05:58	Ousamu, Naruke	Ousamu, Naruke	?
01:06:04	Fire	Fire	too many narukes
01:06:07	Ousamu, Naruke	Ousamu, Naruke	lmao
01:06:14	Fire	Fire	your in leaf
01:06:19	Fire	Fire	lemme test something
01:14:32	Ousamu, Naruke	Ousamu, Naruke	i felt like hades
01:14:35	Ousamu, Naruke	Ousamu, Naruke	O.o
01:14:50	Ousamu, Naruke	Ousamu, Naruke	thats say?
01:14:56	Fire	Fire	o.o
01:14:59	Fire	Fire	yh
01:15:06	Fire	Fire	~its bugged &gt;.&lt;
01:15:13	Fire	Fire	ARGH
01:15:33	Fire	Fire	hmm
01:15:40	Fire	Fire	only chakra boost working now
01:15:43	Fire	Fire	**** it
01:15:50	Ousamu, Naruke	Ousamu, Naruke	Fxck WOF
01:15:55	Ousamu, Naruke	Ousamu, Naruke	**** EM
01:17:48	Fire	Fire	could you make a jashin real quick?
01:18:04	Ousamu, Naruke	Ousamu, Naruke	k
01:19:13	Uchiha -E-	Uchiha -E-	after this i need 1 more test on wof
01:19:23	Uchiha -E-	Uchiha -E-	wrf
01:19:26	JashinBoy	JashinBoy	Mangekyo sharingan?
01:19:40	Uchiha -E-	Uchiha -E-	ok
01:19:42	Uchiha -E-	Uchiha -E-	super bugged
01:19:50	JashinBoy	JashinBoy	what?
01:19:59	Uchiha -E-	Uchiha -E-	you dont see
01:20:05	JashinBoy	JashinBoy	I thought that was you
01:20:06	JashinBoy	JashinBoy	lmfao
01:20:10	Uchiha -E-	Uchiha -E-	xD
01:20:17	Uchiha -E-	Uchiha -E-	log on naruke
01:20:27	JashinBoy	JashinBoy	I seen Mangekyo and i thought anything was possible
01:20:56	Fire	Fire	ko me once
01:21:02	Fire	Fire	fail
01:21:02	Ousamu, Naruke	Ousamu, Naruke	O.o
01:21:34	Fire	Fire	as i thought
01:21:42	Ousamu, Naruke	Ousamu, Naruke	?
01:22:54	Ousamu, Naruke	Ousamu, Naruke	That looks Op what i just did
01:23:07	Ousamu, Naruke	Ousamu, Naruke	Rasengan ran in front of you pressed kunai and you flew the other way
01:23:36	Ousamu, Naruke	Ousamu, Naruke	Your dead
01:27:57	Fire	Fire	rebooting
01:28:02	Ousamu, Naruke	Ousamu, Naruke	k
01:37:25	Ousamu, Naruke	Ousamu, Naruke	Was it suppose to world respec?
01:38:20	Fire	Fire	yh
01:38:24	Ousamu, Naruke	Ousamu, Naruke	If you want i can respec everyone manually
01:38:30	Fire	Fire	lol dude
01:38:34	Ousamu, Naruke	Ousamu, Naruke	Theyll cooperate xD
01:38:35	Fire	Fire	its over 90 chars
01:38:48	Ousamu, Naruke	Ousamu, Naruke	Oh yeah i forgot about the other people
01:39:15	Fire	Fire	90 players * 3 chars each
01:39:23	Fire	Fire	it would take you 3 days to respe
01:39:27	Fire	Fire	respec
01:39:48	Fire	Fire	got an idea
01:39:56	Fire	Fire	instead of making it respec when i load
01:40:02	Fire	Fire	imma make it respec when it saves
01:40:04	Fire	Fire	O.O
01:40:06	Ousamu, Naruke	Ousamu, Naruke	GG
01:40:10	Fire	Fire	brb
01:43:00	Fire	Fire	reboot
01:45:51	Fire	Fire	oh it worked
01:45:52	Ousamu, Naruke	Ousamu, Naruke	Nope
01:45:58	Ousamu, Naruke	Ousamu, Naruke	Mine aint
01:46:21	Fire	Fire	give it a sec
01:46:38	Fire	Fire	now?
01:47:27	Fire	Fire	it respeced you?
01:47:29	Ousamu, Naruke	Ousamu, Naruke	NO
01:47:32	Fire	Fire	...
01:47:33	Fire	Fire	****
01:47:49	Fire	Fire	hmm
01:48:00	Fire	Fire	now?
01:48:07	Ousamu, Naruke	Ousamu, Naruke	Nope
01:48:16	Fire	Fire	hmm i think i know why
01:49:10	Fire	Fire	this should fix it
01:51:06	Ousamu, Naruke	Ousamu, Naruke	Jashins and Wof?
01:52:50	Fire	Fire	oh yeh
01:52:53	Fire	Fire	log on jashin
01:53:01	Fire	Fire	plz
01:53:44	Fire	Fire	hmm
01:53:46	Fire	Fire	naruke?
01:54:21	Ousamu, Naruke	Ousamu, Naruke	Omg
01:54:49	JashinBoy	JashinBoy	meant to put omb
01:54:51	JashinBoy	JashinBoy	oh my bad
01:54:56	Uchiha -E-	Uchiha -E-	xD
01:55:13	Uchiha -E-	Uchiha -E-	done ^^
01:55:20	Uchiha -E-	Uchiha -E-	rebooting to test respec
01:55:24	JashinBoy	JashinBoy	kk
01:57:52	Fire	Fire	respeced?
01:57:52	Ousamu, Naruke	Ousamu, Naruke	Yeah it worked
01:57:57	Fire	Fire	o.o
01:58:00	Fire	Fire	**** yeah
01:58:01	Ousamu, Naruke	Ousamu, Naruke	Respec Done. Make sure you relog to finish the Respec.
01:58:06	Fire	Fire	relog
01:58:09	Ousamu, Naruke	Ousamu, Naruke	Just gotta make sure it dont spam respecs
01:58:31	Ousamu, Naruke	Ousamu, Naruke	Just gotta make sure it dont spam respecs
01:58:37	Fire	Fire	shown up again?
01:58:42	Ousamu, Naruke	Ousamu, Naruke	Yes
01:58:48	Fire	Fire	ugh
01:58:56	Ousamu, Naruke	Ousamu, Naruke	Imma relog again
01:59:18	Ousamu, Naruke	Ousamu, Naruke	I added some stats 
01:59:20	Ousamu, Naruke	Ousamu, Naruke	I added some stats 
01:59:23	Ousamu, Naruke	Ousamu, Naruke	To see 
01:59:28	Ousamu, Naruke	Ousamu, Naruke	Oh 
01:59:32	Fire	Fire	ugh...
01:59:32	Ousamu, Naruke	Ousamu, Naruke	It did it again
01:59:48	Fire	Fire	i swer im about to rage
01:59:58	Ousamu, Naruke	Ousamu, Naruke	man i forgot so much about coding
02:00:15	Ousamu, Naruke	Ousamu, Naruke	but there isnt a var where it says something about how many times it respecs
02:00:19	Ousamu, Naruke	Ousamu, Naruke	like after relogging
02:00:30	Ousamu, Naruke	Ousamu, Naruke	I would try to put that like i was coding but i forgot 
02:04:43	Fire	Fire	imma var dump this poop
02:04:56	Ousamu, Naruke	Ousamu, Naruke	o.o
02:05:54	Fire	Fire	im about to rage i swer
02:05:57	Fire	Fire	its 2 am
02:06:04	Fire	Fire	my leg hurts
02:06:09	Fire	Fire	didnt eat since 1 pm
02:06:12	Fire	Fire	...
02:11:57	Ousamu, Naruke	Ousamu, Naruke	I aint add stats xDD
02:12:06	Ousamu, Naruke	Ousamu, Naruke	but my other char was respec
02:12:14	Ousamu, Naruke	Ousamu, Naruke	the number 1 just popped up
02:12:42	Fire	Fire	w8 w8
02:12:47	Ousamu, Naruke	Ousamu, Naruke	?
02:12:54	Fire	Fire	just saw something
02:13:05	Ousamu, Naruke	Ousamu, Naruke	It just respec&#39;d meh
02:13:06	Fire	Fire	FOUND IT
02:13:11	Ousamu, Naruke	Ousamu, Naruke	a bunch of 1001
02:13:20	Ousamu, Naruke	Ousamu, Naruke	popping up along side of the screen
02:13:22	Fire	Fire	the 1001 gave me the answer
02:13:27	Fire	Fire	=)
02:13:28	Ousamu, Naruke	Ousamu, Naruke	xD
02:13:35	Fire	Fire	var dump ftw
02:13:50	Fire	Fire	nlow idk how to fix
02:13:52	Fire	Fire	&gt;.&lt;
02:14:13	Ousamu, Naruke	Ousamu, Naruke	now you dont know how to fix it?
02:14:16	Ousamu, Naruke	Ousamu, Naruke	Or you do?
02:14:22	Ousamu, Naruke	Ousamu, Naruke	If you dont i am scared
02:14:22	Fire	Fire	you saw the two 0s?
02:14:29	Ousamu, Naruke	Ousamu, Naruke	I saw the 0s
02:14:32	Ousamu, Naruke	Ousamu, Naruke	nd the 1s
02:14:37	Fire	Fire	they were suposed to be 1&#39;s
02:14:46	Fire	Fire	that means the var isnt getting saved
02:17:14	Ousamu, Naruke	Ousamu, Naruke	i see the 1s now
02:21:43	Fire	Fire	hopefully this will be it
02:28:41	Fire	Fire	i wonder
02:28:45	Fire	Fire	var/mob/O in All_Clients())
02:28:47	Fire	Fire	this means
02:28:56	Fire	Fire	i chose 1 in a list of all clients
02:29:13	Fire	Fire	nah i will not work...
02:36:01	Ousamu, Naruke	Ousamu, Naruke	why the 1&#39;s in stuff popping up?
02:37:04	Fire	Fire	its means usedrespec = 1
02:37:09	Fire	Fire	wich is what i want
02:37:13	Fire	Fire	but when you relog
02:37:19	Fire	Fire	it resets to 0
02:38:06	Fire	Fire	i need to make it save after the char logs out
02:38:45	Ousamu, Naruke	Ousamu, Naruke	ah
02:39:00	Fire	Fire	rebootinh
02:43:57	Ousamu, Naruke	Ousamu, Naruke	I seen it reset to 0 that time
02:45:05	Fire	Fire	..
02:45:17	Fire	Fire	i seriously dont know what to do
02:46:39	Fire	Fire	TEMP VARS !
02:46:43	Fire	Fire	HOW COULD I FORGET
02:46:47	Ousamu, Naruke	Ousamu, Naruke	O.o
02:47:00	Fire	Fire	temp vars are vars that dont get modified
02:47:06	Fire	Fire	unless its done on the code
02:47:15	Fire	Fire	thats what i need
02:47:17	Ousamu, Naruke	Ousamu, Naruke	Think thats the solution
02:47:24	Ousamu, Naruke	Ousamu, Naruke	?
02:47:43	Fire	Fire	imma read about it a bit more
03:10:34	Ousamu, Naruke	Ousamu, Naruke	It works?
03:10:39	Ousamu, Naruke	Ousamu, Naruke	Looks like it dos
03:10:43	Ousamu, Naruke	Ousamu, Naruke	Started out with 1&#39;s
03:14:46	Fire	Fire	ñow it didnt even respec
03:16:51	Ousamu, Naruke	Ousamu, Naruke	I thought it did butidk if i put in stats
03:16:58	Ousamu, Naruke	Ousamu, Naruke	Before the update
03:17:01	Ousamu, Naruke	Ousamu, Naruke	*reboot
03:18:11	Fire	Fire	it didnt
03:34:49	Ousamu, Naruke	Ousamu, Naruke	Exte?
03:34:59	Ousamu, Naruke	Ousamu, Naruke	What time is it where your at now?
04:19:19	Ousamu, Naruke	Ousamu, Naruke	Alert works with no respec
04:20:00	Fire	Fire	yh
04:20:03	Fire	Fire	fixing that now
04:46:12	Ousamu, Naruke	Ousamu, Naruke	Btw
04:46:20	Ousamu, Naruke	Ousamu, Naruke	The message pops up everytime you relog
04:48:55	Fire	Fire	yh
04:49:00	Fire	Fire	its suposed to do that
05:05:42	Ousamu, Naruke	Ousamu, Naruke	Lol ignore that
05:07:29	Ousamu, Naruke	Ousamu, Naruke	Copy how you get invited to a Faction ... 
05:13:12	Fire	Fire	think i did it
05:13:14	Fire	Fire	o.o
05:13:18	Ousamu, Naruke	Ousamu, Naruke	O.o
05:13:26	Ousamu, Naruke	Ousamu, Naruke	i no got respec
05:13:31	Fire	Fire	...
05:13:41	Fire	Fire	you pressed yes or no?
05:13:44	Ousamu, Naruke	Ousamu, Naruke	Yes
05:13:48	Ousamu, Naruke	Ousamu, Naruke	Ill try again
05:14:06	Fire	Fire	yh not yet
05:22:05	Fire	Fire	im so god damm tired...
05:22:26	Ousamu, Naruke	Ousamu, Naruke	Just postpone it and try again tomorrow
05:22:51	Fire	Fire	kaito is helping me now
