19:59:05	Konoha	Uchiha Flawless	??
19:59:12	Konoha	Exteban	sup
19:59:13	Konoha	Uchiha Flawless	ooc &#34;??
19:59:18	Konoha	Uchiha Flawless	Hey
19:59:34	Konoha	Uchiha Flawless	Is this the source you was wanting ages ago
19:59:36	Konoha	Uchiha Flawless	?
19:59:40	Konoha	Exteban	nah
19:59:44	Konoha	Exteban	this one is mine
19:59:49	Konoha	Uchiha Flawless	Did you ever get that source?
19:59:54	Konoha	Exteban	nope
20:00:10	Konoha	Uchiha Flawless	Why not?
20:00:27	Konoha	Exteban	the guy disapeared
20:00:50	Konoha	Uchiha Flawless	Ohright haha
20:01:39	Konoha	Exteban	i had this source since 2010
20:01:47	Konoha	Exteban	only decided to fix it now
20:02:24	Konoha	Uchiha Flawless	Cool :)
20:02:29	Konoha	Akimichi SkinWalker	?
20:02:41	Konoha	Uchiha Flawless	I&#39;m making a new original game with a production team i gathered :P
20:02:50	Konoha	Exteban	game of?
20:03:04	Konoha	Xato	:)
20:03:04	Konoha	Uchiha Flawless	It&#39;s based on Habbo Hotel and The Sims
20:03:11	Konoha	Akimichi SkinWalker	Tu vai edita aqui Exteban?
20:03:16	Konoha	Exteban	nao
20:03:19	Konoha	Exteban	and eww
20:03:25	Konoha	Uchiha Flawless	Like a lifestyle game, where you buy a house and furniture etc
20:03:29	Konoha	Exteban	i know
20:03:37	Konoha	Exteban	i hate games like those xD
20:03:38	Konoha	Uchiha Flawless	It&#39;s coming along good you know :o
20:03:42	Konoha	Uchiha Flawless	Why? xD
20:03:45	Konoha	Akimichi SkinWalker	Tu quer que eu pessoal upe do jeito do Naruto GOA é?
20:03:45	Konoha	Xato	Sup volks :P
20:03:50	Konoha	Exteban	idk, just dont like it
20:03:52	Konoha	Uchiha Flawless	I coded an awesome chat system and inventory too ;)
20:03:53	Konoha	Exteban	sup xato
20:04:02	Konoha	Xato	Teban
20:04:05	Konoha	Exteban	?
20:04:07	Konoha	Xato	Can i get kage? :P
20:04:09	Kiri	DeathRun	o.o no ooc
20:04:12	Konoha	Uchiha Flawless	Wanna see it Exte?
20:04:14	Konoha	Uchiha Flawless	:o
20:04:19	Konoha	Exteban	sure
20:04:22	Konoha	Exteban	o.o
20:04:23	Kiri	DeathRun	-__-
20:04:23	Konoha	Xato	:D
20:04:30	Konoha	Akimichi SkinWalker	Exteban
20:04:31	Konoha	Xato	ok rank me up :D
20:04:34	Konoha	Exteban	sure wasnt for you xato
20:04:39	Konoha	Xato	aww Q_Q
20:04:40	Konoha	Exteban	&gt;.&gt;
20:04:42	Konoha	Akimichi SkinWalker	Tu quer que todos upem do jeito do Naruto GOa é?
20:04:50	Konoha	Exteban	s
20:04:51	Konoha	Uchiha Flawless	I&#39;ll page you my meeting ID
20:04:51	Konoha	Akimichi SkinWalker	GOA*
20:04:55	Konoha	Akimichi SkinWalker	:S
20:04:56	Konoha	Exteban	k law
20:04:59	Konoha	Akimichi SkinWalker	Tenso
20:05:32	Kiri	DeathRun	o.o rate low too
20:05:58	Kiri	DeathRun	Plz tell me we can marco? lol
20:06:11	Kiri	DeathRun	Yey
20:06:11	Konoha	Xato	Teban i have to admit
20:06:21	Konoha	Xato	It is almost a real copy
20:06:28	Konoha	Xato	but i don&#39;t see help chat
20:06:30	Konoha	Xato	only you
20:06:47	Kiri	DeathRun	Ruthless gd ere?
20:06:56	Kiri	DeathRun	Wait why can you use ooc but i cant lol
20:07:23	Konoha	Xato	yes
20:07:35	Konoha	Uchiha Flawless	I paged you Exte :P
20:07:41	Konoha	Uchiha Flawless	Did you get it?
20:07:49	Konoha	Exteban	then why you said you couldnt see it
20:07:53	Konoha	Exteban	not yet law
20:08:00	Konoha	Akimichi SkinWalker	Mas pra fazer do jeito do oficial Exteban você era pra ter chamado mais gente
20:08:03	Konoha	Xato	Dude it was like you talked to youreself
20:08:06	Konoha	Xato	in help chat
20:08:30	Kiri	DeathRun	I cant use marco
20:08:39	Kiri	DeathRun	o.O
20:08:54	Kiri	DeathRun	Shh son
20:09:01	Konoha	Uchiha Flawless	:o
20:09:13	Kiri	DeathRun	Exte took my name o.o
20:09:18	Kiri	DeathRun	dog !
20:09:28	Kiri	DeathRun	Wtf why cant I use ooc
20:09:31	Konoha	Uchiha Flawless	What&#39;s Deathrun&#39;s key?
20:09:45	Konoha	Akimichi SkinWalker	Andre19951
20:09:48	Konoha	Uchiha Flawless	&gt;.&gt;
20:12:29	Konoha	Xato	Teban can you give me chuunin? :D
20:13:19	Konoha	Xato	...
20:13:46	Konoha	Xato	Teban was gonna spam you on skype to unmute me ^^
20:15:57	Konoha	Xato	So there are only 4 people online &gt;.&lt;
20:16:03	Konoha	Xato	This rocks..
20:17:58	Konoha	Xato	cool
20:18:02	Konoha	Uchiha burr	this detay
20:18:07	Konoha	Xato	if you need help contact some1 else
20:18:11	Konoha	Xato	i got my exams
20:18:18	Konoha	Xato	next week
20:18:25	Konoha	Uchiha burr	this the old map lol
20:18:34	Konoha	Xato	thsi is pre update
20:18:45	Konoha	Akimichi SkinWalker	Luis jáh está todo editado! =/
20:19:06	Konoha	Xato	Exteban: Please dont ask for levels, ranks, money or anything that makes me use admin verbs, thank you ... 
20:19:17	Konoha	Xato	burr no you can&#39;t ^^
20:20:06	Konoha	Xato	Meep
20:20:20	Konoha	Xato	Teban you gonna get kages?
20:20:52	Konoha	Uchiha -E-	if imma be kage?
20:20:52	Konoha	Xato	recruit*
20:21:09	Konoha	Xato	i mean recruit people to kages?
20:21:17	Konoha	Uchiha -E-	Yeh
20:21:20	Konoha	Akimichi SkinWalker	I&#39;m the new kage from Konoha
20:21:22	Konoha	Uchiha -E-	anyone can get kage
20:21:26	Konoha	Uchiha -E-	less xato and skin
20:21:29	Konoha	Xato	Do you need a bj or something to give kage?
20:21:42	Konoha	Akimichi SkinWalker	=/
20:21:47	Konoha	Akimichi SkinWalker	Exteban mad
20:22:05	Konoha	Uchiha -E-	xD
20:22:12	Konoha	Uchiha -E-	Yamato Face
20:22:17	Konoha	Uchiha -E-	&#39;O.O&#39;
20:22:19	Konoha	Xato	Yamato is dead
20:22:27	Konoha	Xato	How can you do a dead face?
20:22:34	Konoha	Uchiha -E-	-.-
20:22:35	Konoha	Akimichi SkinWalker	Kaguya Bovino = Yamato?
20:22:38	Konoha	Akimichi SkinWalker	Hauhsuahus&#39;
20:22:40	Konoha	Uchiha -E-	x.x
20:22:44	Konoha	Uchiha -E-	dead face ^
20:22:53	Konoha	Xato	Teban in real ik you love me :P
20:23:00	Konoha	Akimichi SkinWalker	lol
20:23:02	Konoha	Uchiha -E-	course i do &lt;3
20:23:05	Konoha	Akimichi SkinWalker	Declaretions
20:23:05	Konoha	Uchiha -E-	your my dog
20:23:07	Konoha	Xato	&lt;3
20:23:11	Konoha	Xato	And youre mine
20:23:14	Konoha	Akimichi SkinWalker	LoL
20:23:14	Konoha	Xato	^^
20:23:30	Konoha	Xato	ok no homo bro
20:23:38	Konoha	Akimichi SkinWalker	Coloca eu ai como kage, e depois me tira! :P
20:23:42	Konoha	Xato	you want to inv all old goa players?
20:23:55	Konoha	Xato	to play this pre update goa?
20:24:06	Konoha	Akimichi SkinWalker	Can&#39;t inivte ppl from Naruto GOA, the game is off
20:24:07	Konoha	Uchiha -E-	Just waiting for my admins
20:24:14	Konoha	Xato	...
20:24:17	Konoha	Uchiha -E-	so they can start inviting
20:24:20	Konoha	Xato	I tought you worked alone
20:24:23	Konoha	Akimichi SkinWalker	Are you in Naruto GOA now?
20:24:32	Konoha	Xato	no thats offline
20:24:35	Konoha	Akimichi SkinWalker	Are you admin*
20:25:04	Konoha	Uchiha -E-	Naruke, Negro, Hostel and Sousuke are my admins
20:25:09	Konoha	Akimichi SkinWalker	Tua net é de quanto Exteban?
20:25:14	Konoha	Uchiha -E-	100 mb
20:25:15	Konoha	Akimichi SkinWalker	LoL
20:25:21	Konoha	Akimichi SkinWalker	Sousuke
20:25:22	Konoha	Xato	Teban
20:25:30	Konoha	Akimichi SkinWalker	Serio?
20:25:34	Konoha	Akimichi SkinWalker	Massa
20:25:34	Konoha	Xato	You realy should think of making me a Lord :P
20:25:42	Konoha	Akimichi SkinWalker	A miha é em kbytes
20:25:44	Konoha	Akimichi SkinWalker	=/
20:25:53	Konoha	Akimichi SkinWalker	Tenho que esperar um bocado pra carregar
20:26:47	Konoha	Xato	skin lets spar
20:26:51	Konoha	Xato	wanna lvl 1 lvl
20:27:04	Konoha	Uchiha -E-	Xato
20:27:06	Konoha	Xato	?
20:27:12	Konoha	Uchiha -E-	Get more A ranks then me and youll be Hokage
20:27:18	Konoha	Xato	...
20:27:21	Konoha	Xato	**** off
20:27:28	Konoha	Xato	You can give youreself a ranks xD
20:27:34	Konoha	Uchiha -E-	how? o.o
20:27:42	Konoha	Xato	Youre jounin!!
20:27:44	Konoha	Uchiha burr	**** do posion work O.o
20:27:58	Konoha	Uchiha -E-	and?
20:28:55	Konoha	Xato	brb saints row 3 downloaded
20:29:00	Konoha	Xato	gonna test it
20:29:04	Konoha	Xato	kill me skin
20:29:12	Konoha	Akimichi SkinWalker	Diabo é isso
20:29:20	Konoha	Akimichi SkinWalker	Os macros estão bugando?
20:30:24	Konoha	Uchiha -E-	sr3 could be better
20:30:59	Konoha	Xato	its sr3
20:30:59	Konoha	Akimichi SkinWalker	q?
20:31:19	Konoha	Uchiha -E-	its good for like 1 week, then gets a bit boring
20:31:29	Konoha	Akimichi SkinWalker	O que aconteceu com o kawarime que você tava fazendo?
20:31:51	Konoha	Xato	i wanna drive a car
20:31:56	Konoha	Xato	then ima delete it
20:32:02	Konoha	Uchiha -E-	deu preguiça de acabar
20:32:05	Konoha	Uchiha -E-	lol 
20:32:10	Konoha	Akimichi SkinWalker	-.-&#39;
20:32:11	Konoha	Uchiha -E-	thats such a waste
20:32:17	Konoha	Xato	nah bro that not
20:32:24	Konoha	Xato	it mens i accomplisch my goal
20:32:39	Konoha	Akimichi SkinWalker	Extaban
20:33:05	Konoha	Xato	not fair
20:33:25	Konoha	Akimichi SkinWalker	Se por acaso o meu jogo e de mais 2 amigos meus der mais de 25 jogadores você hospeda?
20:33:53	Konoha	Xato	Q_Q
20:33:57	Konoha	Uchiha -E-	n
20:33:57	Konoha	Xato	im lagging
20:34:09	Konoha	Akimichi SkinWalker	Razões?
20:34:16	Konoha	Uchiha -E-	este jogo?
20:34:47	Konoha	Akimichi SkinWalker	Com muitas atualizações
20:35:53	Konoha	Uchiha 0	?
20:36:03	Konoha	Akimichi SkinWalker	Estamos colocando alguns clãns novos
20:36:16	Konoha	Akimichi SkinWalker	Futuramente criar um nova aldeia
20:36:21	Konoha	Akimichi SkinWalker	uma*
20:36:24	Konoha	Xato	wtf
20:36:27	Konoha	Xato	dude
20:36:32	Konoha	Xato	fight me when we are same lvl
20:36:33	Konoha	Uchiha -E-	nao skin
20:36:39	Konoha	Xato	and both are ghosts
20:36:40	Konoha	Akimichi SkinWalker	Ok
20:36:57	Konoha	Xato	Homo!!
20:37:03	Konoha	Uchiha -E-	yes you are =)
20:37:20	Konoha	Xato	Teban why you hate me bro?
20:37:41	Konoha	Xato	You could help youre bro
20:37:47	Konoha	Xato	but you don&#39;t help
20:40:08	Konoha	Uchiha -E-	o.o
20:40:13	Konoha	Uchiha -E-	xato so happy
20:40:22	Konoha	Xato	****
20:40:25	Konoha	Xato	xD
20:40:28	Konoha	Xato	gtfo
20:40:34	Konoha	Uchiha -E-	leave it if you want
20:40:37	Konoha	Uchiha -E-	xD
20:40:57	Konoha	Xato	change name pls
20:41:02	Konoha	Xato	To assasins
20:41:06	Konoha	Uchiha -E-	leave the faction
20:41:09	Konoha	Xato	or Xato&#39;s Squad
20:41:16	Konoha	Uchiha -E-	or you wont be able to log in on that char
20:41:28	Konoha	Xato	hm?
20:41:34	Konoha	Uchiha -E-	leave that faction
20:41:40	Konoha	Uchiha -E-	k good
20:41:42	Konoha	Xato	Konohagakure (Genin) Xato: poop
20:41:48	Konoha	Uchiha -E-	o.o
20:41:50	Konoha	Xato	still got faction say
20:41:53	Konoha	Uchiha -E-	np
20:41:56	Konoha	Xato	bug found
20:42:01	Konoha	Uchiha -E-	thats no bug
20:42:06	Konoha	Uchiha -E-	even officials got that
20:42:12	Konoha	Uchiha -E-	:o
20:42:23	Konoha	Xato	lol
20:42:28	Konoha	Xato	awesome
20:42:42	Konoha	Xato	teban
20:42:45	Konoha	Xato	seriously bro
20:42:50	Konoha	Uchiha -E-	?
20:42:53	Konoha	Xato	id like to be some high rank :D
20:43:00	Konoha	Xato	or have my own faction
20:43:01	Konoha	Uchiha -E-	get it fair
20:43:07	Konoha	Xato	it is fair
20:43:14	Konoha	Xato	we are good buddy&#39;s :D
20:43:16	Konoha	Uchiha -E-	no it isnt
20:43:28	Konoha	Xato	meep gonna test the game now
20:43:32	Konoha	Xato	cya tomorrow
20:43:40	Konoha	Uchiha -E-	pce
20:43:41	Konoha	Xato	goodnight bro
20:43:45	Konoha	Uchiha -E-	gn
20:46:09	Konoha	Zenouva	sup Exte
21:00:34	Konoha	Uchiha -E-	brb
21:00:38	Konoha	Uchiha -E-	eating dinner
21:00:41	Konoha	Hyuuga Taju	k
21:02:25	Konoha	Uchiha -E-	back
21:02:30	Konoha	Hyuuga Taju	wb
21:02:35	Konoha	Uchiha -E-	ty
21:02:45	Konoha	Zenouva	Exte, GF is not working
21:03:00	Konoha	Uchiha -E-	how it isnt working?
21:03:07	Konoha	Hyuuga Taju	i didn&#39;t buy it yet
21:03:26	Konoha	Hyuuga Taju	but it randomly shows punches like i do gentle fist punches xD
21:03:27	Konoha	Zenouva	it doesn´t look like GF on officals and the damage is stil the same as normal Taijustu so i guess it´s just normal Tai
21:03:31	Konoha	Uchiha -E-	sry
21:03:35	Konoha	Uchiha -E-	wrong verb
21:04:00	Konoha	Uchiha -E-	logging on my hyuuga
21:04:02	Konoha	Hyuuga Taju	btw byakugan supposed to not have boost?
21:04:05	Konoha	Uchiha -E-	brb
21:04:13	Konoha	Uchiha -E-	byakugan only has boost on rips
21:04:19	Konoha	Hyuuga Taju	seriously? xD
21:04:21	Konoha	Hyuuga Taju	wow
21:04:25	Konoha	Zenouva	lol
21:04:28	Konoha	Hyuuga Taju	sweet
21:04:34	Konoha	Hyuuga Taju	this seems legit
21:05:18	Konoha	Hyuuga Neji	hmm
21:05:20	Konoha	Hyuuga Neji	lets test it
21:05:46	Konoha	Hyuuga Neji	working fine
21:05:58	Konoha	Zenouva	ummn but his doesn´t
21:06:07	Konoha	Zenouva	let him hit you
21:06:07	Konoha	Hyuuga Neji	he said he didnt buy yet
21:06:17	Konoha	Hyuuga Taju	look at my punch
21:06:19	Konoha	Zenouva	ohh
21:06:29	Konoha	Hyuuga Taju	lmao
21:07:12	Konoha	Hyuuga Neji	hmm meybe ill boost gentle fist chakra drain a bit
21:07:17	Konoha	Hyuuga Neji	its 24 atm
21:07:19	Konoha	Zenouva	Exte you gonna host that 24/7 ?
21:07:31	Konoha	Hyuuga Neji	cant...looking for a host atm
21:07:56	Konoha	Zenouva	awwh..
21:08:03	Konoha	Zenouva	if i find one i´m gonna tell u.
21:08:16	Konoha	Hyuuga Neji	Negrodramus suposed to be my 24/7
21:08:22	Konoha	Hyuuga Neji	but hes inactive af
21:08:32	Konoha	Zenouva	inactive host lol
21:08:49	Kiri	Deontay	evo?
21:08:54	Kiri	Evoque	?
21:09:16	Konoha	Hyuuga Neji	Bagel, didnt saw that name in some time
21:09:17	Kiri	Deontay	wat you doin?? XD
21:09:22	Konoha	Hyuuga Taju	lol
21:09:36	Suna	Kratos	its a goa free level 100?
21:09:37	Konoha	Hyuuga Neji	anything else from hyuugas?
21:09:54	Konoha	Hyuuga Taju	don&#39;t think so
21:09:58	Suna	Kratos	a goa ofi with 10 rate ?
21:10:01	Suna	Kratos	oh god
21:10:10	Suna	Kratos	bye
21:10:57	Konoha	Hyuuga Neji	:o
21:12:13	Konoha	Hyuuga Taju	rofl
21:12:26	Konoha	Hyuuga Taju	pce
