10:38:43	Pl	Pl	dmg
10:38:56	Akimichi kool	Akimichi kool	You took 156 Stamina damage from ! ... You took 775 Stamina damage from !
10:39:02	Pl	Pl	mmk
10:39:11	Akimichi kool	Akimichi kool	whats all in the updates
10:39:21	Pl	Pl	Team Death Match
10:39:23	Akimichi kool	Akimichi kool	for medics when you hitthem while they&#39;re healing 
10:39:29	Akimichi kool	Akimichi kool	they continue healing
10:39:34	Akimichi kool	Akimichi kool	you cant interrupt it
10:39:38	Pl	Pl	I kno im fixing that now
10:39:54	Akimichi kool	Akimichi kool	people said somethign about ws idk what happened to it
10:41:34	Pl	Pl	Nun its 2 tiles but it fails otherwise
10:41:43	Pl	Pl	just mad they cant spam it till it works
10:41:52	Akimichi kool	Akimichi kool	O i land it with no problem
10:41:57	Pl	Pl	same
10:42:10	Pl	Pl	Re-Did the whole Ai system
10:42:17	Akimichi kool	Akimichi kool	Damage still the same?
10:42:20	Pl	Pl	mhm
10:43:06	Akimichi kool	Akimichi kool	buffed clones a bit?
10:43:36	Pl	Pl	Nah
10:43:43	Pl	Pl	just re worked how they attack
10:43:58	Pl	Pl	the whole AI system was cpu intensive
10:44:55	Pl	Pl	Re-Did pills
