18:22:34	Nameless	a
19:07:41	Nameless	Zelko Blitzkreig
19:10:30	Nameless	a
19:11:46	Hyuuga HH	a
19:14:12	Hyuuga HH	Zelko-Blitzkreig
19:21:07	Hyuuga HH	a
19:21:29	Hyuuga HH	a
19:27:43	Hyuuga HH	a
19:31:04	Hyuuga HH	a
19:31:24	Hyuuga HH	a
19:50:01	Hyuuga HH	a
19:50:25	Hyuuga HH	a
20:03:18	Hyuuga HH	a
20:03:39	Hyuuga HH	a
20:12:43	Hyuuga HH	a
20:13:00	Hyuuga HH	a
20:13:50	Hyuuga HH	a
20:14:21	Hyuuga HH	a
20:39:49	Hyuuga HH	a
21:04:57	Hyuuga HH	wara
21:26:55	Hyuuga HH	.
22:42:32	Hyuuga HH	a
22:44:56	Hyuuga HH	a
22:45:40	Hyuuga HH	a
22:46:20	Hyuuga HH	a
22:47:11	Hyuuga HH	a
23:10:14	Hyuuga HH	a
23:10:25	Hyuuga HH	a
23:12:17	Hyuuga HH	a
