14:46:35	Uchiha Bjisboss	oo
14:46:35	Uchiha Bjisboss	oo
14:47:37	Pl	die
14:47:37	Pl	die
14:47:48	Pl	af
14:47:48	Pl	af
14:48:07	Uchiha Bjisboss	-.-
14:48:07	Uchiha Bjisboss	-.-
14:48:24	Uchiha Bjisboss	wa r you testing?
14:48:24	Uchiha Bjisboss	wa r you testing?
14:48:29	Uchiha Bjisboss	the exp when you die thing?
14:48:29	Uchiha Bjisboss	the exp when you die thing?
14:48:32	Uchiha Bjisboss	kill*
14:48:32	Uchiha Bjisboss	kill*
14:48:42	Pl	nah
14:48:42	Pl	nah
14:50:05	Uchiha Bjisboss	wa is?&gt;
14:50:05	Uchiha Bjisboss	wa is?&gt;
14:50:36	Uchiha Bjisboss	lol now you could gain bounty again?
14:50:37	Uchiha Bjisboss	lol now you could gain bounty again?
14:50:54	Uchiha Bjisboss	your bounty hasnt moved form 40
14:50:55	Uchiha Bjisboss	your bounty hasnt moved form 40
21:09:31	Bjisboss	u suck
21:09:32	Bjisboss	u suck
21:09:32	Bjisboss	u suck
21:09:41	Bjisboss	give me lvl 100 on this server let me test tai
21:09:42	Bjisboss	give me lvl 100 on this server let me test tai
21:09:42	Bjisboss	give me lvl 100 on this server let me test tai
21:09:42	Bjisboss	give me lvl 100 on this server let me test tai
21:51:26	Bjisboss	,,,
21:51:27	Bjisboss	,,,
22:00:28	Pl	WERE YOU AT
22:00:28	Pl	WERE YOU AT
22:13:52	Nara Black	Negro you there
22:13:52	Nara Black	Negro you there
22:13:52	Nara Black	Negro you there
22:13:58	Nara Black	can you fix the bind when you get the chance
22:13:58	Nara Black	can you fix the bind when you get the chance
22:13:59	Nara Black	can you fix the bind when you get the chance
