12:44:43	/squad	Bloodtaster	Bloodtaster	Hm.
12:44:50	/squad	Bloodtaster	Bloodtaster	Level 60, old save-files, hehe
12:44:56	/squad	Bloodtaster	Bloodtaster	Wow, oped mp stun.
12:45:41	/squad	Bloodtaster	Bloodtaster	You may not retreat so soon!
12:45:47	/squad	Bloodtaster	Bloodtaster	Nice
12:45:53	/squad	Bloodtaster	Bloodtaster	How long does it last?
12:46:33	/squad	Bloodtaster	Bloodtaster	You got to kill me
12:46:40	/squad	Bloodtaster	Bloodtaster	You have recieved retribution for trying to escape death by logging out. Do not log out while KO&#39;d. ... 
12:47:08	/squad	Bloodtaster	Bloodtaster	Yup
12:47:28	/squad	Bloodtaster	Bloodtaster	Nice
12:47:45	/squad	Bloodtaster	Bloodtaster	Yeah.
12:47:47	/squad	Bloodtaster	Bloodtaster	Hm..
12:47:59	/squad	Bloodtaster	Bloodtaster	Fear gen
12:48:19	/squad	Bloodtaster	Bloodtaster	poop lasted like 2-3 k0&#39;s and even after I got healed after dying like 2-3 times.
12:48:23	/squad	Bloodtaster	Bloodtaster	It was still there.
12:48:29	/squad	Bloodtaster	Bloodtaster	It&#39;s also makes doton chamber auto-land.
12:50:03	/squad	Bloodtaster	Bloodtaster	Y?
12:50:17	/squad	Bloodtaster	Bloodtaster	Ah..
12:50:18	/squad	Bloodtaster	Bloodtaster	Btw
12:50:31	/squad	Bloodtaster	Bloodtaster	Me &amp; Ambulance were talking about it and we came to a conclusion.
12:50:40	/squad	Bloodtaster	Bloodtaster	You added missing factions way to early.
12:50:47	/squad	Bloodtaster	Bloodtaster	The villages are starting to get empty
12:50:59	/squad	Bloodtaster	Bloodtaster	Everyone&#39;s trying to be a wanna-be rain members or blitz member.
12:52:06	/squad	Bloodtaster	Bloodtaster	Hm, alright
12:52:26	/squad	Bloodtaster	Bloodtaster	Wanna test it?
12:53:43	/squad	Bloodtaster	Bloodtaster	Can I mute Yagura? :P
12:54:28	/squad	Bloodtaster	Bloodtaster	Ah, I wanted to do that &gt;:o
12:54:49	/squad	Bloodtaster	Bloodtaster	I&#39;ll mute myself I guess
12:55:11	/squad	Bloodtaster	Bloodtaster	LOL
12:55:27	/squad	Bloodtaster	Bloodtaster	Huh?
12:55:31	/squad	Bloodtaster	Bloodtaster	I can&#39;t mute myself? Lulz
12:55:37	/squad	Bloodtaster	Bloodtaster	You&#39;re Muted ... Bloodtaster says: LOL ... You&#39;re Muted ... Bloodtaster says: Huh? ... You&#39;re Muted ... Bloodtaster says: I can&#39;t mute myself? Lulz
12:56:10	/squad	Bloodtaster	Bloodtaster	Btw
