20:03:34	Kiri	Db9	ty
20:03:45	Kiri	Kaguya Light	thank luis :)
20:03:50	Kiri	Db9	Should add in OOC lol
20:04:01	Kiri	Cheewie	nahh
20:04:09	Konoha	Akimichi SkinWalker	Hum
20:04:13	Konoha	Akimichi SkinWalker	Exteban
20:04:22	Kiri	Db9	Hmm
20:04:29	Kiri	Db9	But yeah lets make mist OP
20:04:30	Konoha	Akimichi SkinWalker	Por que quando eu logo aparece 2 números
20:04:30	Kiri	Kaguya Light	better in this way
20:04:34	Konoha	Akimichi SkinWalker	1 e 3
20:04:37	Kiri	Kaguya Light	people use to spam alot in occ
20:04:45	Kiri	Db9	I feel sorry for suna&#39;s vsay lol
20:04:46	Konoha	Maito Gui	apagou o 2?
20:04:50	Kiri	Db9	yh true
20:04:50	Kiri	Kaguya Light	xD 
20:04:54	Kiri	Cheewie	lol
20:04:54	Konoha	Akimichi SkinWalker	E quando eu logo em qualquer 1, vem para essa conta
20:04:56	Konoha	Akimichi SkinWalker	Não
20:04:59	Kiri	Db9	Exte
20:05:01	Konoha	Akimichi SkinWalker	Já veio assim no meu
20:05:03	Kiri	Db9	is there clan block?
20:05:05	Kiri	Kaguya Light	i like suna :D i was thinking to make one, but i said , i havent use a kaguya yet
20:05:07	Kiri	Kaguya Light	:O
20:05:13	Kiri	Db9	lool
20:05:17	Konoha	Maito Gui	quer refazer?
20:05:32	Konoha	Akimichi SkinWalker	Mais o que tem o 2?
20:05:37	Kiri	Cheewie	Come kh for 1 round mishing?
20:05:44	Kiri	Db9	already in kawa
20:05:44	Konoha	Maito Gui	nada
20:05:47	Kiri	Kaguya Light	sure
20:05:47	Kiri	Db9	Lol
20:05:50	Kiri	Cheewie	lol k
20:05:51	Kiri	Kaguya Light	im in kawa xD
20:05:53	Kiri	Db9	Mish give nice exp I heard
20:05:54	Kiri	Kaguya Light	cha*
20:05:55	Kiri	Cheewie	w8 for me
20:05:58	Kiri	Db9	kk
20:06:03	Kiri	Cheewie	go kawa light
20:06:07	Kiri	Kaguya Light	ok
20:06:25	Kiri	Kaguya Light	i dont remenber where kawa is
20:06:33	Kiri	Kaguya Light	it is top left of map?
20:06:33	Kiri	Db9	LLool you kidding me?
20:06:35	Kiri	Db9	yh
20:06:41	Kiri	Kaguya Light	i havent play this for 1 year
20:06:44	Kiri	Kaguya Light	&gt;.&gt;
20:06:56	Kiri	Kaguya Light	i hadnt play byond for a year
20:07:01	Suna	Bloodtaster	Rawr
20:07:03	Kiri	Cheewie	you light jr?
20:07:06	Kiri	Kaguya Light	it was maybe longer time
20:07:09	Kiri	Kaguya Light	not
20:07:14	Kiri	Kaguya Light	i was his student
20:07:18	Kiri	Cheewie	o.o
20:07:20	Kiri	Kaguya Light	several years ago
20:07:32	Kiri	Cheewie	where in kawa?
20:07:34	Kiri	Kaguya Light	i was ixus in that time
20:07:44	Kiri	Cheewie	hmm k
20:07:54	Kiri	Cheewie	Kirigakure (Genin) Cheewie: where in kawa? ... 
20:07:56	Kiri	Kaguya Light	xD
20:08:04	Kiri	Db9	Exte
20:08:07	Kiri	Db9	Now
20:08:13	Kiri	Cheewie	yes
20:08:13	Kiri	Db9	body replacement aint working
20:08:14	Kiri	Kaguya Light	chewiie
20:08:16	Kiri	Cheewie	The mercy
20:08:29	Kiri	Cheewie	??
20:08:33	Kiri	Cheewie	lol
20:08:39	Kiri	Db9	hurry
20:08:44	Kiri	Kaguya Light	squad
20:08:52	Kiri	Cheewie	we here
20:08:57	Kiri	Kaguya Light	im making the squad
20:09:12	Konoha	Akimichi SkinWalker	Tu é o Kage de Konoha? ou como você vai escolher?
20:09:17	Kiri	Db9	im by the yellow house
20:09:20	Konoha	Exteban	1º chuunin fica kage
20:09:24	Kiri	Cheewie	db where are you?
20:10:18	Konoha	Akimichi SkinWalker	E como você pretende fazer esse Exame?
20:10:38	Konoha	Exteban	normal?
20:10:59	Kiri	LiranZ	Sup ?
20:11:01	Kiri	Kaguya Light	xD}
20:11:03	Kiri	LiranZ	No OOC ?
20:11:04	Kiri	LiranZ	O_o
20:11:04	Kiri	Db9	yo
20:11:05	Kiri	Kaguya Light	sup liranz
20:11:07	Kiri	Db9	Nope
20:11:09	Kiri	LiranZ	Sup :D
20:11:14	Kiri	Cheewie	to kh
20:11:27	Konoha	Akimichi SkinWalker	Tipo 2 viram Chunnin da mesma Aldeia, vai ser o 1 ou uma luta entre os 2?
20:11:34	Konoha	Exteban	s
20:11:48	Kiri	LiranZ	Why the **** the rate is 10 ?
20:11:57	Kiri	Db9	U get lvl 30
20:12:02	Kiri	Db9	and mish give alot of exp
20:12:12	Kiri	LiranZ	Well im still lvl 1
20:12:12	Kiri	LiranZ	O_o
20:12:13	Kiri	Db9	This wipe bout working for your lvls
20:12:13	Kiri	Kaguya Light	u get lvl 30 and you start to lvl up since that lvl
20:12:20	Kiri	Kaguya Light	it is better .D
20:12:22	Konoha	Akimichi SkinWalker	s? quais das 2 alternativas?
20:12:33	Kiri	Db9	kk
20:12:43	Konoha	Akimichi SkinWalker	o.O
20:12:45	Kiri	Kaguya Light	ok
20:12:47	Kiri	Kaguya Light	:D
20:12:55	Kiri	Kaguya Light	btw
20:12:58	Kiri	Kaguya Light	exteban
20:13:40	Kiri	Db9	Exte whats the command for justsus o.O
20:13:43	Kiri	Kaguya Light	are clans village allow to change its village?
20:13:46	Kiri	Kaguya Light	i mean
20:13:55	Kiri	Kaguya Light	ok
20:14:00	Kiri	Kaguya Light	:D
20:14:03	Kiri	Kaguya Light	it is perfect :)
20:14:15	Kiri	Kaguya Light	xD
20:14:22	Suna	Bloodtaster	Meh, I guess he came online to check it out.
20:14:25	Suna	Bloodtaster	Paged him tho.
20:14:31	Suna	Bloodtaster	He&#39;ll probaly come back later.
20:14:39	Kiri	Db9	Thank god rain village aint in this
20:14:50	Kiri	Kaguya Light	yep
20:14:54	Kiri	Cheewie	what about blitzkreig
20:14:56	Kiri	Db9	rates going up yey
20:15:10	Konoha	Akimichi SkinWalker	O que aconteceu?
20:15:14	Kiri	Kaguya Light	im taking a mission in kh
20:15:21	Kiri	Cheewie	100 ratE?
20:15:22	Kiri	Kaguya Light	if you want wait me in cha guys
20:15:25	Kiri	Kaguya Light	5
20:15:26	Kiri	Cheewie	k
20:15:28	Kiri	Kaguya Light	:O
20:15:39	Kiri	Kaguya Light	we should do some caps
20:15:51	Kiri	Cheewie	8+ ppl needed?
20:15:55	Kiri	Deontay	KOO WITH ME
20:16:18	Kiri	Db9	lol
20:16:47	Kiri	Kaguya Light	and we are?
20:16:56	Kiri	Kaguya Light	im going to invite people
20:17:08	Kiri	Kaguya Light	luis invite people that you have in your page
20:17:18	Kiri	Db9	yh
20:17:38	Kiri	Db9	Same old boring poop in byond shop &gt;.&lt;
20:17:54	Kiri	Cheewie	Exteban you are still looking for a host, and testing the game right
20:17:54	Kiri	Db9	QQ
20:18:19	Kiri	Kaguya Light	:O
20:18:25	Kiri	Kaguya Light	i know a good hoster
20:18:28	Kiri	Kaguya Light	bookie86
20:19:00	Kiri	Kaguya Light	if you want i could ask him if he is interested
20:19:01	Kiri	Kaguya Light	ok
20:19:10	Kiri	LiranZ	Im a hoster ...
20:22:04	Kiri	Kaguya Light	btw, luis, if you can fix those things of groups, it would be nice
20:22:07	Kiri	Kaguya Light	xD
20:22:39	Kiri	Kaguya Light	always when you relog the group disappear
20:22:48	Kiri	Kaguya Light	&gt;.&lt;
20:22:55	Kiri	Cheewie	deon come cha dojo
20:23:16	Kiri	Cheewie	what verbs o.o
20:23:28	Kiri	Cheewie	,got nothing
20:23:42	Kiri	Kaguya Light	exte, could i help you in the admin? i mean , get power to set tournaments, summon and those stuff that could be needed?
20:23:54	Kiri	Cheewie	Lemme relog
20:24:26	Kiri	Db9	This is pissin me off
20:24:35	Kiri	Kaguya Light	db9 ?
20:25:07	Kiri	Cheewie	Nope nothing
20:25:30	Kiri	Db9	yh
20:25:35	Kiri	Kaguya Light	i think you added the wrong key
20:25:52	Kiri	Db9	me?
20:26:20	Kiri	Cheewie	lol exte dont got it
20:27:24	Kiri	Kaguya Light	not, exte , db9 ;)
20:29:11	Kiri	Cheewie	nawh i actually was thinking about being a jashin
20:29:15	Kiri	Cheewie	pretty good with it
20:29:21	Kiri	Db9	RAGE MORE
20:29:27	Kiri	Cheewie	o.o
20:29:43	Kiri	Db9	Does anyone know the commands to marco a justsu !????!!
20:29:59	Kiri	Bloodtaster	Noone I guess.
20:30:28	Kiri	Db9	Ive tried everything
20:30:30	Kiri	Kaguya Light	i have a mission
20:30:38	Kiri	Kaguya Light	Ishi no Kuni.
20:30:42	Kiri	Cheewie	k go there
20:30:44	Kiri	Kaguya Light	everybody to ishi
20:30:51	Kiri	Db9	kk
20:30:56	Kiri	Deontay	kk
20:30:58	Kiri	Kaguya Light	well atleast people that are in my squad
20:31:00	Kiri	Kaguya Light	xD
20:31:06	Kiri	Db9	oh you lot left me
20:31:08	Kiri	Db9	-_-
20:31:21	Kiri	Kaguya Light	exteban, how many people can join in squad?
20:31:25	Kiri	Kaguya Light	3 or 4?
20:31:44	Kiri	Kaguya Light	is it still as old one, 4 if you are chunnin¡?
20:32:01	Kiri	Db9	Yh
20:32:16	Kiri	Cheewie	come ishi house imnot in squad anymore (reboot
20:32:17	Kiri	Kaguya Light	so go the two guys i were before
20:32:33	Kiri	Kaguya Light	the other ones, make a squad, go to kage house and make missions
20:33:05	Kiri	Db9	not fighting until i find out how to marco
20:33:10	Kiri	Cheewie	is your mish kotoko?
20:33:44	Kiri	Kaguya Light	exteban i was afk for a while
20:33:49	Kiri	Kaguya Light	i ahvent add skills
20:34:25	Kiri	Kaguya Light	sorry im die
20:34:39	Kiri	Kaguya Light	im going to add attribute points and stuff, exteban you gonna die :D
20:35:38	Kiri	Bloodtaster	Usain Bolt
20:36:08	Kiri	Bloodtaster	Damn exte
20:36:13	Kiri	Bloodtaster	Just gimme the 30 O_o
20:36:28	Kiri	Redo	Hi
20:36:37	Kiri	Cheewie	Hi and welcome to Old goa
20:36:40	Kiri	Redo	&lt;-Naruke
20:36:46	Kiri	Cheewie	where naruek 0.0
20:36:49	Kiri	Cheewie	ooh lol
20:36:53	Kiri	Kaguya Light	naruke :D
20:36:54	Konoha	Hyuuga Boomer	is this goa?
20:36:56	Kiri	Redo	?
20:37:01	Kiri	Kaguya Light	&lt;--- wild keus
20:37:03	Kiri	Kaguya Light	:O
20:37:06	Kiri	Redo	Oh hey
20:37:11	Kiri	Kaguya Light	how are u?
20:37:18	Konoha	Exteban	sup medz
20:37:21	Kiri	Redo	I been good how about you
20:37:25	Kiri	Redo	Imma invite tousen
20:37:30	Konoha	Hyuuga Boomer	free 30 lvls?
20:37:31	Kiri	Cheewie	invite him
20:37:33	Konoha	Hyuuga Boomer	thnx
20:37:48	Konoha	Medz	so not medz &lt;3
20:37:55	Konoha	Exteban	MEDZ &lt;3
20:37:57	Kiri	Kaguya Light	i have been pretty good too ;)
20:38:00	Konoha	Medz	no seriously
20:38:05	Konoha	Medz	my key see it
20:38:17	Konoha	Exteban	Sup Med&lt;
20:38:19	Konoha	Exteban	medz*
20:38:28	Konoha	Medz	omg
20:38:49	Konoha	Juriki	this is the game?
20:38:54	Konoha	Medz	THE WHAT?
20:38:54	Konoha	Exteban	yh jur
20:39:02	Konoha	Exteban	THE HOE!
20:39:03	Konoha	Medz	jur is gonna be a lvl 100 here
20:39:09	Konoha	Medz	its gonna be op
20:39:11	Konoha	Juriki	lol
20:39:16	Konoha	Exteban	yh here he levels a bit faster
20:39:16	Kiri	Redo	Where is Juriki the noob at?
20:39:21	Konoha	Medz	yo exte lvl 30?
20:39:22	Konoha	Exteban	Kirigakure (Genin) Redo: Where is Juriki the noob at?
20:39:24	Konoha	Juriki	its 100
20:39:30	Konoha	Juriki	i&#39;m famous
20:39:42	Kiri	Redo	Jashins Sp get cutt?
20:39:43	Konoha	Juriki	goa is closed for good?
20:39:52	Kiri	Redo	Did you ever talk to Messi Exte?
20:40:12	Kiri	Cheewie	Did you naruke?
20:40:17	Kiri	Cheewie	:P
20:40:18	Konoha	Medz	kk
20:40:21	Kiri	Redo	Did i wha?
20:40:21	Konoha	Medz	brb
20:40:22	Kiri	Redo	Yeah
20:40:23	Kiri	Redo	I did
20:40:27	Kiri	Cheewie	Kirigakure (Genin) Redo: Did you ever talk to Messi Exte? ... 
20:40:31	Kiri	Cheewie	o.o really?
20:40:38	Konoha	Medz	cant i kill jur first?
20:40:42	Konoha	Juriki	-.-
20:40:44	Konoha	Juriki	go away
20:40:50	Kiri	Kaguya Light	xD
20:41:12	Kiri	Redo	Is there anyway to use the old kawa
20:41:13	Kiri	Redo	?
20:41:30	Konoha	Juriki	is the real goa closed for good?
20:41:32	Kiri	Cheewie	this is old kawa
20:41:43	Kiri	Redo	I meant like 
20:41:45	Kiri	Redo	The new one 
20:41:46	Kiri	Db9	Ah
20:41:47	Kiri	Redo	Lol
20:41:58	Kiri	Db9	Nuh **** the new one -_-
20:42:11	Kiri	Cheewie	^
20:42:26	Konoha	Exteban	yhjur
20:42:27	Kiri	Cheewie	id say fugg the new one
20:42:27	Kiri	Redo	This key will do i guess
20:42:37	Kiri	Deontay	&gt;___&lt;
20:42:46	Kiri	Redo	And thanks lol
20:42:46	Kiri	Cheewie	cus gaara&#39;s, gen users, clone spammers etc etc think about it
20:43:03	Kiri	Redo	Did you ever talk to Negro about hosting Exte?
20:43:04	Konoha	Juriki	o.o
20:43:04	Kiri	Kaguya Light	SS spam xD
20:43:12	Kiri	Redo	HIs game is being hosted 24/7
20:43:19	Konoha	Juriki	i dont know why dipic closed it
20:43:28	Kiri	Redo	Yeah i aint seen him in days either
20:43:36	Konoha	Juriki	the first step was so easy -.-
20:43:39	Kiri	Db9	Lying down
20:43:41	Konoha	Juriki	atleast old map
20:43:44	Kiri	Db9	cba to get up yet
20:43:44	Kiri	Cheewie	k
20:43:58	Kiri	Kaguya Light	guys where are u?
20:44:09	Kiri	Db9	cha
20:44:24	Kiri	Db9	Rage
20:44:28	Kiri	Db9	cant boost of npcs
20:44:54	Kiri	Redo	Who wanna mission?
20:44:59	Kiri	Db9	boost broken?
20:45:08	Kiri	Cheewie	maybe its a low boost
20:45:25	Kiri	Db9	Exte
20:45:26	Kiri	Cheewie	guys g2g be back soon
20:45:27	Konoha	Nemesi	oh the suffering is over
20:45:30	Kiri	Db9	cya
20:45:32	Kiri	Kaguya Light	bye
20:45:33	Kiri	Cheewie	cya everyone.
20:45:33	Konoha	Nemesi	jur
20:45:38	Kiri	Kaguya Light	take care
20:45:40	Kiri	Kaguya Light	:)
20:45:40	Konoha	Juriki	it will be hard to make this game great after normal goa
20:45:41	Konoha	Nemesi	dipic only has a version of 2009
20:45:49	Konoha	Juriki	so 2009 is better then 2011
20:45:51	Kiri	Kaguya Light	bye ;)
20:45:59	Konoha	Nemesi	to bring that back he would have to do all the updates again
20:46:08	Kiri	Db9	Exte
20:46:16	Konoha	Nemesi	plus he was kinda bored of Goa
20:46:42	Konoha	Juriki	what a shame
20:46:56	Konoha	Lee Pai-Long	so , all jutsus stun here as well?
20:47:03	Konoha	Juriki	no noob
20:47:07	Konoha	Juriki	here is normal jutsus
20:47:13	Konoha	Lee Pai-Long	whyd you call me a noob for asking that? 
20:47:15	Konoha	Lee Pai-Long	retard
20:47:21	Konoha	Juriki	because i can 
20:47:24	Konoha	Juriki	its 4 letters
20:47:26	Konoha	Exteban	lol gotta love leaf
20:47:27	Konoha	Lee Pai-Long	cuz your a retard
20:47:34	Kiri	Kaguya Light	db9
20:47:38	Kiri	Kaguya Light	Where are u?
20:48:01	Konoha	Lee Pai-Long	just wanted to know if the stun so i know if i should just not care about this rip either
20:48:03	Kiri	Db9	wait
20:48:09	Kiri	Db9	which dojo you talking bout
20:48:10	Konoha	Juriki	no stuns
20:48:13	Kiri	Kaguya Light	cha
20:48:15	Kiri	Kaguya Light	&gt;.&gt;
20:48:15	Konoha	Juriki	this is the old goa
20:48:18	Kiri	Db9	im in mist lol
20:48:21	Kiri	Kaguya Light	we were in cha
20:48:24	Kiri	Kaguya Light	xDxDxDxD !!!!
20:48:28	Konoha	Lee Pai-Long	then y am i allowed to go to mem shop if im not a mem?
20:48:28	Kiri	Db9	everyone in cha?
20:48:35	Kiri	Kaguya Light	idk
20:48:39	Konoha	Juriki	thats not a stun 
20:48:40	Konoha	Juriki	:P
20:48:48	Konoha	Lee Pai-Long	lol
20:48:50	Kiri	Db9	mist one easier to get mish
20:48:56	Konoha	Lee Pai-Long	its not?
20:49:08	Konoha	Juriki	nobody would by member anymore
20:49:08	Konoha	Nemesi	after i get my bug fixed ill race you all to the top
20:49:23	Konoha	Lee Pai-Long	y am i lvl 30?
20:49:33	Konoha	Nemesi	and why aint I lvl 30
20:49:42	Konoha	Juriki	your standing nemesi!
20:50:14	Konoha	Nemesi	exte do you see my prob?
20:50:20	Konoha	Exteban	no?
20:50:29	Konoha	Nemesi	uhh just explained
20:50:37	Konoha	Exteban	was fighting
20:51:03	Konoha	Nemesi	i dont have an Attack Block Weapon and Trigger button
20:51:09	Konoha	Nemesi	and i cant edit
20:51:14	Konoha	Exteban	how so?
20:51:17	Konoha	Nemesi	idk
20:51:21	Konoha	Nemesi	logged that way
20:51:26	Konoha	Nemesi	is that your ez flag?
20:51:27	Konoha	Exteban	thats one of your byond problems
20:51:34	Konoha	Exteban	as nothing to do with the game
20:51:38	Konoha	Nemesi	huh? no
20:51:51	Konoha	Nemesi	i was on exodus and it was fine
20:51:55	Konoha	Nemesi	relogs
20:52:53	Konoha	Nemesi	k removed ez flag
20:52:57	Konoha	Juriki	saxi plays exodus
20:53:18	Konoha	Nemesi	the editing doesnt work
20:53:23	Konoha	Juriki	lol exte is missing
20:53:47	Konoha	Nemesi	ill try with macros
20:54:36	Konoha	Nemesi	wth is going on
20:54:41	Kiri	Kaguya Light	:O
20:54:42	Konoha	Lee Pai-Long	this 24/7?
20:54:45	Konoha	Nemesi	u think thats cause of my version?
20:54:46	Kiri	Redo	Anyone wanna spar?
20:54:56	Kiri	Deontay	redoo you still doin mish
20:55:02	Kiri	Redo	Yeah
20:55:12	Kiri	Deontay	which dojo
20:55:19	Kiri	Redo	Cha
20:55:23	Konoha	Juriki	ask exte
20:55:25	Konoha	Juriki	if he can here us
20:55:34	Konoha	Nemesi	i was talking to him and he can o.o
20:55:34	Kiri	Kaguya Light	we are in cha
20:56:10	Konoha	Nemesi	damn i should be able to make macro commands
20:56:29	Konoha	Nemesi	for my f a d and u
20:57:03	Konoha	Nemesi	oh poop this is my prob
20:57:13	Konoha	Nemesi	nothing to do with this game in particuarly..
20:57:19	Kiri	Redo	This is like beginning of the wipe right?
20:57:23	Konoha	Nemesi	exte are you still busy?
20:57:34	Kiri	Db9	yh
20:57:38	Kiri	Redo	Ah Ok
20:57:39	Konoha	Juriki	nemesi my marcos are fune
20:57:45	Konoha	Nemesi	yeah its me
20:57:45	Kiri	Redo	CAnt be prewipe cause aint no S key
20:57:52	Kiri	Redo	I shouldve made a battle or something lol
20:57:53	Konoha	Nemesi	do you have any old versions of goa?
20:58:02	Konoha	Juriki	me?
20:58:05	Konoha	Nemesi	yeah
20:58:07	Konoha	Juriki	nope
20:59:53	Kiri	Kaguya Light	xdxD
21:00:08	Kiri	HOSHIKAGE hiya	sickk
21:00:10	Kiri	SPQR	._.
21:00:12	Kiri	HOSHIKAGE hiya	sickk;
21:00:13	Kiri	Kaguya Light	?
21:00:17	Kiri	HOSHIKAGE hiya	this is awsome
21:00:25	Kiri	Kaguya Light	:p
21:00:35	Kiri	Redo	Someone should post this on Forums
21:00:50	Kiri	HOSHIKAGE hiya	thank you 2 hoever invited me
21:01:02	Kiri	HOSHIKAGE hiya	they where like dont you miss the old goa?
21:01:04	Kiri	Kaguya Light	:O
21:01:08	Kiri	HOSHIKAGE hiya	AN I WAS LIKE HECK YEA
21:01:41	Kiri	Redo	relogging
21:01:44	Kiri	Kaguya Light	who wanna make some missions?
21:02:01	Kiri	HOSHIKAGE hiya	i doo
21:02:06	Kiri	Kaguya Light	wait me in kh
21:02:55	Konoha	Lee Pai-Long	how come no1s training in front of cha hosp with mr?
21:03:20	Kiri	Redo	Where everyone go?
21:03:24	Kiri	Kaguya Light	im in kh
21:03:30	Kiri	Kaguya Light	im go to do missions
21:03:32	Kiri	SPQR	What lvl are you all?
21:03:33	Konoha	Nemesi	kinda pissed
21:03:34	Kiri	Redo	Lets squad up
21:03:38	Kiri	Redo	31&lt;
21:03:47	Kiri	Kaguya Light	come to kh
21:03:48	Kiri	SPQR	Damn, nvm then
21:03:48	Kiri	Kaguya Light	:)
21:03:54	Kiri	SPQR	Only lvl 8
21:03:55	Konoha	Lee Pai-Long	why?
21:04:00	Kiri	Kaguya Light	spqr im 31
21:04:12	Konoha	Nemesi	goa bug
21:04:20	Kiri	SPQR	I see. I wanted to come mish. xD
21:04:22	Konoha	Nemesi	i dont have my basic macros and i cant edit them
21:04:22	Kiri	Redo	Someone should post about this on forums.
21:04:36	Kiri	Kaguya Light	i dont have forum account
21:04:46	Kiri	SPQR	Post what? o.o
21:04:57	Kiri	Redo	Kawa mission
21:05:07	Kiri	SPQR	???
21:05:09	Kiri	Redo	I grabbed a D rank
21:05:17	Kiri	LiranZ	Death
21:05:18	Konoha	Lee Pai-Long	eww u
21:05:19	Kiri	LiranZ	Join War
21:05:33	Kiri	Kaguya Light	?
21:05:45	Konoha	Nemesi	yo exte its not your game it seems to be the same with all goa
21:05:50	Konoha	Nemesi	fo rme
21:06:12	Konoha	Nemesi	idk i am on my new laptop
21:06:18	Konoha	Nemesi	just got it today
21:06:33	Kiri	Redo	Exte
21:06:35	Konoha	Nemesi	cant you edit them on me?
21:06:45	Kiri	Redo	Were you talking to me when you asked about admin being on a key?
21:06:50	Kiri	Deontay	o mie ex
21:06:51	Konoha	Lee Pai-Long	right fresh new game starting with the editing?
21:06:53	Konoha	Nemesi	(could it possibly be my byond version?)
21:07:01	Konoha	Juriki	lol
21:07:02	Konoha	Nemesi	edit the macros lol
21:07:12	Konoha	Lee Pai-Long	right
21:07:13	Konoha	Nemesi	i dont have an A button
21:07:20	Kiri	Redo	Exte
21:07:22	Kiri	Redo	Were you talking to me when you asked about admin being on a key?
21:07:27	Konoha	Nemesi	seems kinda unfair dont you think
21:07:28	Konoha	Lee Pai-Long	commands &gt; options?
21:07:33	Konoha	Nemesi	they reset
21:07:34	Kiri	Deontay	he got me while i was afk dam hyuugas
21:07:38	Kiri	Redo	Oh ok just making sure lol
21:07:40	Konoha	Lee Pai-Long	then quit
21:07:45	Konoha	Nemesi	u quit
21:07:49	Konoha	Lee Pai-Long	k
21:08:34	Konoha	Lee Pai-Long	i dont think ppl will actually play with this rate
21:08:42	Konoha	Lee Pai-Long	i mean it was a bother on officials as well
21:08:48	Kiri	Redo	Ues
21:08:58	Kiri	Redo	He killin me
21:08:59	Konoha	Lee Pai-Long	idk
21:09:17	Kiri	Redo	Jashins dont get a boost from wounds
21:09:24	Kiri	Redo	Lol
21:09:34	Kiri	Redo	Just run
21:09:48	Konoha	Lee Pai-Long	oh theres no kill death ration
21:09:49	Kiri	Meek Millz	tf
21:09:50	Kiri	Meek Millz	?
21:09:52	Kiri	Redo	Woah
21:09:52	Konoha	Lee Pai-Long	ratio
21:10:00	Konoha	Lee Pai-Long	sry for goin in the hosp then exte
21:10:05	Konoha	Nemesi	yeah kdr could be fun
21:10:07	Kiri	Meek Millz	free lvls?
21:10:09	Konoha	Lee Pai-Long	nono
21:10:10	Konoha	Lee Pai-Long	not at all
21:10:13	Konoha	Lee Pai-Long	makes runners
21:10:15	Kiri	SPQR	Running to Cha with 31 wounds. Best idea ever.
21:10:16	Konoha	Lee Pai-Long	lots of em
21:10:18	Kiri	Meek Millz	goodbye.
21:10:20	Kiri	Redo	No
21:10:21	Konoha	Nemesi	runners run anyways
21:10:27	Konoha	Nemesi	its a life attitude
21:10:38	Konoha	Nemesi	just like you telling me to quit
21:10:38	Konoha	Lee Pai-Long	but less if theres no k/d
21:10:49	Konoha	Lee Pai-Long	thats the 1st time i said anyone to quit
21:10:54	Konoha	Lee Pai-Long	dont see your point
21:11:01	Konoha	Lee Pai-Long	told*
21:11:12	Konoha	Nemesi	rly? its right there
21:11:30	Konoha	Lee Pai-Long	maybe if you change its color to something more bright i might see it
21:12:09	Konoha	Lee Pai-Long	andre advertised this game to me and his not even playing anymore lol
21:12:16	Konoha	Nemesi	yo exte can you do it?
21:12:52	Kiri	SPQR	Jashins don&#39;t get a scythe?
21:13:20	Kiri	Redo	No
21:13:22	Konoha	Lee Pai-Long	fix his macros
21:13:28	Konoha	Nemesi	edit them on me
21:13:29	Kiri	Redo	They str dont increase with wounds
21:13:31	Kiri	Redo	Remaking 
21:13:33	Kiri	Redo	Brb
21:14:02	Konoha	Lee Pai-Long	redownload byond and clear cache
21:14:06	Konoha	Lee Pai-Long	idk
21:14:18	Konoha	Nemesi	it was clear this is the first time i open byond on this pc
21:14:25	Konoha	Lee Pai-Long	yh
21:14:28	Konoha	Lee Pai-Long	redownload byond
21:14:30	Konoha	Atticus	:O
21:14:31	Konoha	Lee Pai-Long	and clear cache
21:14:44	Kiri	Ousamu, Naruke	.
21:14:50	Kiri	Ousamu, Naruke	Just run next time Light 
21:14:52	Kiri	Ousamu, Naruke	He&#39;s Op
21:15:58	Kiri	Kaguya Light	i back
21:16:04	Kiri	Kaguya Light	GF exteban
21:16:10	Konoha	Lee Pai-Long	ok lets mish o.o
21:16:45	Kiri	Kaguya Light	ok naruke xD
21:16:55	Kiri	Ousamu, Naruke	Thanks Exteban
21:17:14	Kiri	Ousamu, Naruke	Im not gonna put stats in just yet
21:17:22	Kiri	Ousamu, Naruke	Nah nvm
21:17:34	Kiri	Ousamu, Naruke	Tryna set up some promoting
21:17:40	Konoha	Juriki	roi was online
21:17:56	Konoha	Uchiha Rager	Youshouldstop stalking
21:18:11	Konoha	Juriki	its not stalking
21:18:14	Konoha	Juriki	its knwing
21:18:15	Konoha	Xato	Silence is a way of betrayel.
21:18:20	Kiri	Kaguya Light	Kaguya Light was hit for 354.2 damage by Exteban! ... 
21:18:27	Kiri	Kaguya Light	each hit lol
21:18:36	Konoha	Juriki	i see atticus 2
21:18:42	Konoha	Uchiha Rager	smh
21:18:47	Konoha	Uchiha Rager	foshame
21:18:50	Konoha	Atticus	no
21:18:51	Kiri	Ousamu, Naruke	He hit you with combo
21:18:53	Kiri	Ousamu, Naruke	Thats why
21:18:57	Konoha	Atticus	i dont see any attcus
21:19:01	Konoha	Juriki	me either
21:19:04	Konoha	Juriki	but i see atticus
21:19:11	Konoha	Atticus	atticus lol
21:19:11	Konoha	Juriki	neither*
21:19:29	Konoha	Uchiha Rager	thats creepy
21:19:31	Konoha	Xato	Teban
21:19:36	Konoha	Uchiha Rager	I want you to know that 
21:19:39	Konoha	Xato	not even saying sup to youre bro
21:19:40	Kiri	Ousamu, Naruke	Tell Roi Naruke says Hi too
21:19:47	Kiri	Ousamu, Naruke	Or guy that used to be jounin
21:19:51	Konoha	Xato	Woa!!
21:20:05	Kiri	Kaguya Light	zxD
21:20:06	Konoha	Uchiha Rager	You guys are creepy
21:20:09	Kiri	Kaguya Light	yeah he does &gt;.&lt;
21:20:13	Konoha	Uchiha Rager	&lt;_&lt; just saying
21:20:24	Konoha	Xato	Rager we are awesome
21:20:28	Kiri	Ousamu, Naruke	xD
21:20:31	Konoha	Xato	Like my text
21:20:36	Konoha	Uchiha Rager	yeah in the field of creeping
21:21:02	Konoha	Uchiha Rager	hey exteban did you see if you could import a map into a bigger one?
21:21:31	Kiri	Ousamu, Naruke	Exteban
21:21:40	Kiri	Ousamu, Naruke	Most people aint gone join cause they have to work for levels
21:21:51	Kiri	Ousamu, Naruke	Competing with these other rips will be a dog
21:21:59	Kiri	Ousamu, Naruke	Ill advertise on forums though
21:22:40	Kiri	SPQR	Well, if we provide a better enviroment.
21:22:41	Kiri	Kaguya Light	naruke go to cha, i have a mission
21:22:49	Kiri	Ousamu, Naruke	I gota remake squd
21:22:52	Kiri	SPQR	Wouldn&#39;t be too hard.
21:22:53	Kiri	Ousamu, Naruke	Lemme grab first though
21:22:57	Kiri	Kaguya Light	ok
21:23:06	Kiri	Kaguya Light	i wait you in kiri gate
21:23:07	Kiri	Kaguya Light	xD
21:23:32	Kiri	Ousamu, Naruke	SpQR
21:23:35	Kiri	Ousamu, Naruke	Mission with us
21:24:59	Konoha	Juriki	i think you should use normal rate
21:25:07	Konoha	Juriki	or 15
21:25:15	Konoha	Atticus	yh plz
21:25:19	Konoha	Juriki	otherwise we gonna be lazy
21:25:21	Konoha	Juriki	and troll :P
21:25:32	Kiri	Ousamu, Naruke	Tried wha?
21:25:39	Konoha	Juriki	because the wounds still fresh
21:25:42	Konoha	Juriki	they miss goa
21:25:50	Kiri	Ousamu, Naruke	Ppl are QQing about high rate?
21:25:52	Konoha	Juriki	but after a couple of days its like a normal goa day
21:26:09	Konoha	Juriki	naruke gonna rage
21:26:11	Kiri	Ousamu, Naruke	Tell him to get more people on
21:26:21	Kiri	Ousamu, Naruke	then we can talk about progress
21:26:57	Konoha	Atticus	the mission exp is better.
21:27:22	Konoha	Atticus	and money&#39;
21:27:37	Kiri	Ousamu, Naruke	Lets go to dojo guys
21:28:08	Kiri	General Chime	anyone want to mission?
21:28:16	Kiri	Ousamu, Naruke	We missioning already
21:28:25	Kiri	Kaguya Light	yeah , a few minutes ago
21:28:26	Kiri	General Chime	can i join?
21:28:28	Kiri	Kaguya Light	like 3
21:28:30	Kiri	Kaguya Light	xxD
21:28:33	Kiri	Ousamu, Naruke	Squad full i believe
21:28:38	Kiri	General Chime	u can bug me in
21:28:41	Kiri	Kaguya Light	yep 3 people
21:28:44	Kiri	Ousamu, Naruke	Come to Cha ojo 
21:29:05	Kiri	General Chime	ok ill grab a mish n be on my way
21:29:14	Konoha	Juriki	whats the rate after lvl 20?
21:30:05	Konoha	Xato	Teban my mish is done ^^
21:30:16	Konoha	Xato	i can&#39;t move
21:30:18	Konoha	Xato	wtf
21:30:26	Konoha	Xato	can move again
21:32:11	Konoha	Juriki	cant slide and use kunai -.-
21:32:14	Kiri	Ousamu, Naruke	exte
21:32:19	Kiri	Ousamu, Naruke	Tell everyone to come to cha dojo
21:32:37	Konoha	Juriki	í&#39;m stun after using kunai when i move
21:33:14	Konoha	Juriki	to cha dojo 
21:34:20	Konoha	Atticus	hub?
21:34:30	Konoha	Lee Pai-Long	shh
21:34:40	Kiri	Ousamu, Naruke	Exteban
21:34:43	Kiri	Ousamu, Naruke	Ill 1vs1 you
21:34:49	Konoha	Lee Pai-Long	why would i fight a weakspot spammer thats same build as me just that hes higher lvl , its just stuped
21:35:52	Konoha	Lee Pai-Long	ur the one following me around going all hiper tho O.o
21:35:55	Suna	Karmuh	is this offical GOA? o.o
21:36:09	Suna	Karmuh	o nvm
21:37:09	Kiri	Ousamu, Naruke	woah
21:37:12	Kiri	Ousamu, Naruke	exeban
21:37:16	Kiri	Ousamu, Naruke	Damage go through IS
21:37:23	Kiri	Ousamu, Naruke	Or is it suppose to do that?
21:37:26	Konoha	Uchiha Rager	well I figured out how to do it
21:37:35	Konoha	Uchiha Rager	ha got a surprise for everyone
21:38:29	Konoha	Juriki	what suprise?
21:39:09	Konoha	Nemesi	still
21:39:15	Konoha	Nemesi	cant fix it huh
21:39:27	Kiri	Ousamu, Naruke	No
21:39:50	Konoha	Nemesi	?
21:40:33	Kiri	General Chime	what level ru guys
21:40:44	Kiri	General Chime	and lets strt deze missions again
21:41:00	Kiri	Ousamu, Naruke	We gotta put you in a squad first
21:41:08	Kiri	General Chime	is this a version where windbullet does 2k 24/7 or is it fixed
21:41:24	Kiri	Ousamu, Naruke	Im not sure
21:41:27	Kiri	General Chime	ok
21:41:36	Kiri	General Chime	i thought so because of the fuuton break icon
21:41:41	Kiri	General Chime	is updated
21:41:48	Konoha	Juriki	fix my kunai melee
21:41:49	Konoha	Atticus	send me the hub, plz
21:41:51	Kiri	General Chime	this gunna be a 24/7?
21:41:53	Konoha	Juriki	cant move and use kunai melee
21:42:31	Kiri	Ousamu, Naruke	I think he has to find a 24/7 host
21:43:09	Kiri	Ousamu, Naruke	So if you know any host let him know.
21:43:39	Kiri	Ousamu, Naruke	People in Kiri say I
21:43:40	Kiri	General Chime	idk if i shud throw in strength or con
21:43:49	Kiri	General Chime	prolly just gunna throw in some str
21:44:01	Kiri	General Chime	stregtn or int i mean
21:44:23	Kiri	Kaguya Light	I
21:44:32	Kiri	Kaguya Light	Im out for a while
21:44:45	Kiri	Kaguya Light	bye
21:44:46	Kiri	Ousamu, Naruke	k cya
21:45:05	Konoha	Lee Pai-Long	xato
21:45:09	Konoha	Lee Pai-Long	u still doing mish?
21:45:58	Konoha	Juriki	kunai melee + moving
21:45:58	Kiri	General Chime	this is the new goaa
21:46:18	Konoha	Atticus	mission anyone?
21:46:22	Kiri	General Chime	raise the rate when you fight foreign people
21:46:37	Kiri	General Chime	guys
21:46:41	Kiri	General Chime	invite me
21:46:51	Konoha	Lee Pai-Long	grab a mish and come to kawa atti
21:46:53	Kiri	General Chime	meet at cha dojo
21:47:09	Konoha	Uchiha -E-	for neme?
21:47:28	Konoha	Atticus	Ok
21:47:32	Konoha	Hyuuga nemesis	see if it fixes me
21:47:55	Konoha	Xato	cya leaf
21:47:57	Konoha	Xato	im out
21:47:58	Konoha	Atticus	Guards attacking the village members e.e
21:48:00	Konoha	Uchiha -E-	this is the olderst i got
21:48:09	Konoha	Xato	Teban
21:48:17	Konoha	Xato	upgrade it a little bit &gt;.&lt;
21:48:25	Konoha	Atticus	omw
21:48:26	Kiri	Deontay	anybody on
21:48:32	Konoha	Uchiha -E-	upgrade with stuns?
21:48:33	Konoha	Uchiha -E-	nty
21:48:35	Konoha	Xato	yes
21:48:35	Kiri	General Chime	i am
21:48:40	Kiri	General Chime	wanna mission?
21:48:41	Konoha	Xato	this is totaaly crappy atm
21:48:50	Konoha	Uchiha -E-	so stun spam i good?
21:48:55	Kiri	Deontay	sure meet kh
21:48:56	Konoha	Uchiha -E-	learn to play &gt;.&gt;
21:49:00	Konoha	Xato	not spam just for nagashi
21:49:04	Konoha	Lee Pai-Long	oh and when i added this to favs .. stunts added? ganna remove it
21:49:05	Konoha	Atticus	game is fine.
21:49:09	Kiri	General Chime	i been had my mission so meet at cha barber shop
21:49:26	Konoha	Atticus	Lee?
21:49:35	Konoha	Lee Pai-Long	ati?
21:50:02	Kiri	Deontay	can we do r mission first plox
21:50:18	Konoha	Atticus	none in kawa. ok. bye.
21:52:26	Konoha	Juriki	lol firefox used 1 gb 
21:52:52	Konoha	Juriki	my laptop almost crashed -.-
21:53:10	Konoha	Juriki	hey zen
21:53:32	Konoha	Zenouva	sup Jur :)
21:54:06	Kiri	Ousamu, Naruke	Back
21:54:46	Kiri	Deontay	naruke wat can you do r you like mizu
21:54:59	Konoha	Xato	what zen?
21:55:09	Konoha	Zenouva	hahaha :D
21:55:15	Konoha	Xato	wtf!!
21:55:21	Konoha	Zenouva	just wanted you to get on this game ^^
21:55:24	Suna	Zix	money?
21:55:26	Konoha	Zenouva	it´s cool :)
21:55:32	Suna	Gerudogetsu	Too lazy
21:55:34	Konoha	Juriki	we gonna make this famous zwen
21:55:35	Konoha	Uchiha -E-	xato dont like it
21:55:35	Konoha	Juriki	zen
21:55:43	Konoha	Uchiha -E-	cus it has no stuns zen
21:55:47	Konoha	Xato	didn&#39;t say that teban
21:55:47	Kiri	Ousamu, Naruke	Get to 20 people
21:55:51	Konoha	Xato	gave you advize
21:55:52	Konoha	Zenouva	lol
21:55:57	Konoha	Uchiha -E-	~&gt;.&lt;
21:55:58	Kiri	Deontay	can i b n a fraction j/p (unless you would do it)
21:56:06	Konoha	Xato	ousamu
21:56:11	Konoha	Xato	why the **** is he admin?
21:56:34	Suna	Zix	naruke
21:56:53	Kiri	Deontay	Nice, r you always online cause so far you would make a koo mizu
21:56:56	Konoha	Zenouva	Kunai is working fine.
21:56:59	Suna	Gerudogetsu	No one plays exact copiies of GOA and especially don&#39;t level on one.
21:57:04	Konoha	Juriki	no it isnrt!
21:57:13	Konoha	Zenouva	yes it is ..
21:57:14	Konoha	Juriki	i can only use it when i&#39;m standing still
21:57:20	Konoha	Juriki	move and use kunai
21:57:29	Konoha	Zenouva	i can ;P
21:57:32	Konoha	Juriki	**** you
21:57:40	Konoha	Zenouva	come to dojo
21:57:41	Konoha	Juriki	lies zen
21:57:43	Konoha	Xato	So you gonna promote me to kage?
21:57:44	Konoha	Juriki	i&#39;m in cha dojo
21:57:51	Konoha	Juriki	ask atticus
21:57:52	Konoha	Zenouva	&lt;.&lt;
21:57:55	Konoha	Juriki	the kunai melee is strange
21:58:07	Konoha	Zenouva	omw ...
21:58:08	Kiri	Deontay	E i would like to b Kurosame O.o!! I hav a 3 str 3 con haku
21:58:15	Konoha	Juriki	i need to slide!
21:58:33	Konoha	Atticus	Yea, Jur is right, there&#39;s something
21:58:36	Konoha	Xato	no lagg is fixed
21:58:37	Konoha	Zenouva	no
21:58:53	Kiri	Deontay	im not
21:59:10	Kiri	Deontay	:O
21:59:33	Konoha	Uchiha -E-	AFK
21:59:43	Konoha	Zenouva	Taijustu is also like this
21:59:52	Konoha	Juriki	why!
21:59:54	Konoha	Juriki	i wanna slide
21:59:55	Konoha	Zenouva	try taijutsu, it´s the same
22:00:04	Konoha	Zenouva	i think it was like this in this version
22:00:19	Konoha	Xato	i can
22:00:38	Konoha	Xato	people play feinz his goa
22:00:47	Konoha	Xato	you have to advertise him
22:01:23	Kiri	Deontay	thats a koo idea till them that shushin is back n gates,donton chamber ect has been converted back
22:01:33	Konoha	Xato	&lt;3
22:01:34	Konoha	Juriki	24/7 lol
22:01:38	Konoha	Juriki	that will never happen
22:01:45	Konoha	Juriki	cant you use a programa?
22:01:49	Konoha	Xato	I could and couden&#39;t
22:01:50	Kiri	Deontay	tell*
22:01:51	Konoha	Zenouva	lies.
22:02:07	Konoha	Zenouva	u just have to find some nerd with WLan
22:02:10	Konoha	Juriki	idk how you call it
22:02:22	Konoha	Juriki	how much?
22:02:27	Konoha	Xato	o wait im not a nerd
22:02:42	Konoha	Juriki	ah ok
22:03:04	Suna	Zix	.
22:03:05	Kiri	Deontay	1 time fee r wat
22:03:10	Konoha	Juriki	i&#39;m gonna buy senbon after 2 years lol
22:03:12	Suna	Ace	I can host btw
22:03:17	Suna	Zix	IM Host
22:03:19	Konoha	Juriki	btw kawa is old system?
22:03:19	Suna	Zix	naruke
22:03:21	Suna	Zix	you know me
22:03:23	Suna	Zix	_-
22:03:26	Konoha	Zenouva	ofc
22:03:27	Konoha	Juriki	i should make a Hatake Juriki
22:03:54	Kiri	Deontay	e
22:03:57	Kiri	Deontay	E
22:04:04	Kiri	Deontay	can i get faction verb
22:04:07	Konoha	Atticus	afk, 
22:04:14	Suna	Zix	Lagg!
22:04:18	Kiri	Deontay	nvermind he already said yea
22:04:27	Suna	Zix	E- stop see porno
22:04:30	Konoha	Juriki	you guys need to make normal names -.-
22:04:35	Konoha	Juriki	roi tried to stay undercover
22:04:42	Konoha	Xato	Trollol
22:04:44	Konoha	Xato	Fail
22:04:48	Kiri	General Chime	anyone
22:04:52	Konoha	Xato	Jur
22:04:55	Kiri	Deontay	yum
22:04:58	Kiri	General Chime	up 4 a mission?
22:04:58	Konoha	Juriki	yes?
22:05:06	Konoha	Xato	Krijg je je academy weer terug?
22:05:08	Kiri	Deontay	meet at brige
22:05:18	Konoha	Juriki	misschien
22:05:22	Kiri	General Chime	ok
22:05:24	Konoha	Xato	iscool
22:05:25	Konoha	Juriki	ik kan zelf kage krijgen :P
22:05:26	Suna	Zix	?
22:05:32	Konoha	Xato	ik word kage!!
22:05:38	Konoha	Xato	GHHrr
22:05:39	Konoha	Juriki	eh!
22:05:41	Konoha	Zenouva	no me ;P
22:05:46	Konoha	Juriki	lol
22:05:50	Konoha	Juriki	zen can understand
22:05:51	Konoha	Xato	**** you all ima be Hokage!!
22:05:52	Konoha	Juriki	hes erman
22:06:04	Konoha	Juriki	we gonna fight for it
22:06:07	Konoha	Juriki	when the day comes
22:06:07	Konoha	Xato	No
22:06:12	Konoha	Zenouva	yea most words are kinda similiar just spelled otherwise
22:06:13	Konoha	Xato	Just quit juriki
22:06:20	Konoha	Xato	xD
22:06:20	Konoha	Juriki	i will never quit
22:06:22	Konoha	Xato	Dude
22:06:25	Suna	Raditz	Naruke from naruto goa ?
22:06:26	Konoha	Xato	get youre academy
22:06:27	Konoha	Juriki	i&#39;m here to support extebn
22:06:29	Konoha	Xato	let me be kage
22:06:35	Suna	Raditz	The officials ?
22:06:37	Konoha	Xato	Me 2!!
22:06:46	Kiri	Deontay	i got cha
22:06:48	Konoha	Juriki	kunai is kinda fail this version
22:06:52	Suna	Raditz	Oh hey
22:06:54	Konoha	Xato	ikr
22:06:57	Konoha	Xato	but idk
22:07:02	Konoha	Xato	i will be hokage!!
22:07:04	Suna	Raditz	You are on every rip i see
22:07:08	Konoha	Juriki	naruke isnt it possible to change kunai melee?
22:07:12	Konoha	Juriki	if you know how
22:07:17	Konoha	Xato	no
22:07:18	Kiri	General Chime	got ishi
22:07:19	Suna	Raditz	Is this game any good ?
22:07:22	Konoha	Xato	it has to be coded
22:07:24	Konoha	Xato	otherwise
22:07:31	Konoha	Juriki	ah damn
22:07:37	Konoha	Juriki	cant we take that from a rip
22:07:41	Konoha	Xato	nope
22:07:44	Konoha	Xato	probally not
22:07:47	Konoha	Juriki	yes you can
22:07:50	Konoha	Juriki	copy paste
22:07:55	Konoha	Xato	but they wont give
22:08:01	Konoha	Xato	no
22:08:02	Suna	Raditz	Tell him to give me lvl 30
22:08:05	Konoha	Xato	idk
22:08:09	Suna	Zix	no 30
22:08:10	Suna	Zix	25
22:08:13	Kiri	Deontay	not that i know of
22:08:18	Suna	Zix	and 2000 money
22:08:46	Suna	Zix	give me
22:08:52	Konoha	Xato	why?
22:08:55	Konoha	Zenouva	i think i wonna have Ctr :o
22:09:18	Konoha	Juriki	tai feels normal
22:09:22	Konoha	Juriki	but kunai is lame
22:09:48	Konoha	Xato	no wait
22:09:49	Suna	Raditz	Sure
22:09:53	Kiri	Deontay	sure
22:09:53	Konoha	Xato	till i get my mish done
22:10:26	Suna	Zix	i need 500 money
22:10:27	Suna	Zix	plz
22:10:29	Suna	Zix	bro
22:10:29	Konoha	Zenouva	can´t you wait until every1 get a decent lvl &lt;.&lt;
22:10:30	Konoha	Juriki	is this the first day of this game?
22:10:33	Suna	Zix	plz plz plz
22:10:40	Konoha	Xato	2nd day
22:10:43	Suna	Zix	why you are bad?
22:11:09	Kiri	General Chime	yea
22:11:25	Kiri	Deontay	naruke mist is down with chuunin
22:11:34	Konoha	Juriki	not mw
22:11:37	Kiri	General Chime	im gunna loose tho :(
22:11:42	Konoha	Juriki	coming to cha again
22:11:47	Kiri	Deontay	we squad i got your back
22:11:56	Kiri	Deontay	lol
22:12:01	Konoha	Juriki	we need more c rankers
22:12:02	Kiri	General Chime	deon level?
22:12:07	Suna	Raditz	So we don&#39;t get auto lvl 30 ?
22:12:13	Suna	Zix	idc
22:12:14	Konoha	Xato	im in ishi
22:12:16	Kiri	Deontay	O.o 26 sound op rite lmao
22:12:21	Kiri	General Chime	na im 20
22:12:23	Suna	Raditz	Only exteban can ?
22:12:26	Konoha	Xato	who can?
22:12:31	Kiri	General Chime	well basically 20
22:12:34	Konoha	Xato	teban?
22:12:37	Konoha	Juriki	xato
22:12:39	Konoha	Juriki	you got a mish?
22:12:39	Konoha	Xato	?
22:12:43	Konoha	Xato	im finished
22:12:52	Suna	Raditz	And i&#39;m assuming he&#39;s offline ?
22:12:56	Konoha	Zenouva	Jur
22:13:01	Konoha	Xato	naruke
22:13:02	Konoha	Juriki	roi?
22:13:02	Konoha	Zenouva	i´m bout to take one
22:13:02	Suna	Zix	I know the command
22:13:04	Kiri	Deontay	naruke im n cha O.o
22:13:06	Konoha	Xato	why youre kiri?
22:13:10	Suna	Zix	I have experiencia
22:13:10	Suna	Raditz	...
22:13:11	Suna	Zix	In admin
22:13:13	Suna	Zix	xdd
22:13:14	Konoha	Xato	where zen?
22:13:17	Suna	Zix	write
22:13:19	Suna	Zix	in Command
22:13:21	Suna	Zix	level
22:13:23	Suna	Zix	and select
22:13:25	Suna	Zix	name
22:13:28	Suna	Zix	my name
22:13:48	Suna	Raditz	zix
22:13:53	Suna	Zix	?
22:13:53	Suna	Raditz	come fight me in suna dojo
22:13:57	Suna	Zix	na
22:13:59	Suna	Zix	come cha dojo
22:14:26	Konoha	Xato	naruke promise me you don&#39;t join chuunin xD
22:14:37	Suna	Zix	you cna?
22:14:39	Suna	Zix	can?
22:14:44	Suna	Zix	lol
22:14:51	Suna	Zix	is nice the command
22:14:58	Suna	Zix	you can give me 1 mish
22:15:00	Suna	Zix	naruke
22:15:02	Suna	Zix	IM in cha
22:15:03	Suna	Zix	plz
22:15:11	Konoha	Xato	Xato says: got a kill mish ... Xato says: ishi if some1 wants it
22:15:16	Suna	Zix	summon to me
22:15:20	Suna	Zix	and give me mish
22:15:36	Konoha	Juriki	damn i forgot what i was thinking about
22:15:39	Konoha	Juriki	oh yea
22:15:43	Konoha	Juriki	i can be a admin
22:15:53	Konoha	Xato	jur be an admin
22:15:58	Konoha	Xato	and let me be hokage
22:17:04	Konoha	Xato	me
22:17:11	Konoha	Xato	Don&#39;t join chuunin ok?
22:17:20	Konoha	Hyuuga Íåìåóéó	crap
22:17:22	Suna	Raditz	Just one
22:17:25	Konoha	Hyuuga Íåìåóéó	i cant fix me
22:17:40	Suna	Raditz	Does this game update itself like everyday or once in awhile ?
22:17:54	Konoha	Hyuuga Íåìåóéó	so have you ever encountered a goa back where your options get deleted?
22:18:24	Konoha	Juriki	kunai melee is to lame to use
22:18:37	Konoha	Xato	or
22:18:38	Konoha	Juriki	i&#39;m pressing 10 times until it slash after moving
22:18:40	Konoha	Xato	naruke
22:18:42	Konoha	Hyuuga Íåìåóéó	**** it ill have to macro this poop
22:18:46	Konoha	Xato	join and help me pass fod
22:18:50	Konoha	Xato	and then leave
22:18:51	Konoha	Xato	:D
22:18:58	Konoha	Xato	i need chuunin for Hokage!!
22:18:59	Konoha	Hyuuga Íåìåóéó	do we still get lvl 30?
22:19:03	Kiri	Deontay	Juriki tried 2 pwned my azz lol
22:19:05	Konoha	Xato	no
22:19:24	Suna	Raditz	You underestimate battles too much juriki
22:19:32	Konoha	Juriki	naruke can you give respec?
22:20:45	Konoha	Hyuuga Íåìåóéó	i cant use f1 either..
22:20:45	Konoha	Xato	juriki
22:20:52	Konoha	Xato	teban won&#39;t accept respec
22:20:55	Konoha	Xato	i already asked
22:20:56	Suna	Zix	naruke
22:20:59	Suna	Zix	not kages?
22:21:12	Suna	Zix	ok
22:21:17	Suna	Yuri	Naruto
22:21:17	Suna	Zix	you can host chunnin?¿
22:21:20	Suna	Yuri	Naruke
22:21:21	Suna	Yuri	itsm e
22:21:25	Suna	Yuri	Opp
22:21:27	Suna	Yuri	Fangzz
22:21:29	Konoha	Xato	sup zenny
22:21:32	Konoha	Hyuuga Íåìåóéó	naruke
22:21:44	Konoha	Hyuuga Íåìåóéó	do you know how to macro A D F and Z
22:21:49	Suna	Yuri	nm
22:21:56	Konoha	Hyuuga Íåìåóéó	my options delete
22:21:59	Suna	Yuri	im heree to offer you a source the jutsus 
22:22:04	Suna	Yuri	that the officail have
22:22:09	Suna	Yuri	but in return i want
22:22:13	Suna	Yuri	something
22:22:43	Konoha	Hyuuga Íåìåóéó	its anton i typed my name in greek
22:23:06	Konoha	Hyuuga Íåìåóéó	listen i got a bug
22:23:18	Konoha	Juriki	zen i&#39;m gonna make a hyuuga
22:23:21	Konoha	Hyuuga Íåìåóéó	my A D F Z you are deleted by options
22:23:29	Konoha	Zenouva	hehe cool
22:23:30	Konoha	Zenouva	gogogo
22:23:41	Konoha	Hyuuga Íåìåóéó	*from options
22:24:59	Suna	Zix	host chunnin
22:25:00	Suna	Zix	:D
22:25:12	Suna	Zix	13 ppl
22:25:13	Suna	Zix	ON
22:25:14	Suna	Zix	^^
22:25:18	Suna	Zix	ok
22:25:36	Suna	Raditz	Not yet naruke
22:25:37	Konoha	Zenouva	no..
22:25:37	Kiri	Deontay	I
22:25:39	Kiri	General Chime	I
22:26:18	Konoha	Zenouva	admins shouldn´t host chuunin 
22:26:54	Konoha	Hyuuga Juriki	suprise nobody make a nara
22:26:59	Konoha	Hyuuga Juriki	they were op
22:27:01	Kiri	Deontay	naruke you got 2 from mist lol
22:27:20	Suna	Zix	I
22:27:27	Konoha	Zenouva	i need to remake too.
22:27:38	Suna	Zix	radicz
22:27:40	Suna	Zix	wanna mish?
22:27:50	Konoha	Hyuuga Juriki	let me think for a build
22:27:56	Suna	Raditz	sure
22:27:59	Suna	Zix	ok
22:28:01	Suna	Zix	come to kh
22:28:03	Suna	Zix	Im waiting you
22:28:26	Suna	Zix	what you need naru?
22:28:38	Suna	Zix	Your job is to Deliver a package to Buyo who you can find at Cha no Kuni.
22:28:42	Suna	Zix	^^
22:29:25	Suna	Raditz	omw
22:30:40	Konoha	Hyuuga Juriki	exp doenst go up after lvl up
22:30:42	Suna	Raditz	aww
22:30:45	Konoha	Hyuuga Juriki	it eats exp :(
22:30:47	Suna	Raditz	this brings back memories
22:30:51	Suna	Raditz	cha,kawa,ishi
22:33:41	Konoha	Uchiha Shine	Eh.
22:33:44	Konoha	Uchiha Shine	New goa?
22:33:54	Konoha	Hyuuga Juriki	exteban hosting this
22:34:02	Konoha	Uchiha Shine	Exte?
22:34:12	Konoha	Uchiha Shine	lol
22:34:40	Konoha	Hyuuga Juriki	come to dojo let me whoop that mouth!
22:34:41	Konoha	Uchiha Shine	Ah, I&#39;m already level 
22:34:53	Konoha	Uchiha Shine	level 
22:34:57	Konoha	Uchiha Shine	5*
22:35:09	Konoha	Uchiha Shine	Meh, Afk.
22:35:30	Suna	Raditz	Just 10 more levels
22:36:13	Konoha	Uchiha Shine	sony entertainment network is under maintenance
22:36:15	Konoha	Uchiha Shine	Smh
22:36:21	Konoha	Xato	yeah same at mine
22:36:30	Konoha	Xato	sup shine
22:36:32	Konoha	Uchiha Shine	Can´t ****ing log in
22:36:35	Konoha	Uchiha Shine	Yo
22:36:45	Konoha	Xato	add me
22:36:48	Konoha	Xato	Zakoen 
22:36:54	Konoha	Xato	ps3 network
22:36:57	Konoha	Xato	under maintenance
22:37:02	Konoha	Akimichi Zenouva	dam dam dam
22:37:04	Konoha	Uchiha Shine	Idk, I was about to go ham on Fifa,
22:37:06	Konoha	Uchiha Shine	Then
22:37:07	Konoha	Uchiha Shine	l
22:37:18	Konoha	Akimichi Zenouva	is PSN working again ?
22:37:18	Konoha	Uchiha Shine	Mhm
22:37:21	Konoha	Hyuuga Juriki	fail
22:37:27	Konoha	Uchiha Shine	urs to zen=
22:37:39	Konoha	Akimichi Zenouva	idk that´s why i asked.
22:38:19	Konoha	Uchiha Shine	I thought they said 10 pm
22:38:21	Konoha	Uchiha Shine	.
22:38:25	Konoha	Uchiha Shine	-
22:38:28	Konoha	Uchiha Shine	-.-
22:38:43	Konoha	Akimichi Zenouva	it´s not on ?
22:38:55	Konoha	Uchiha Shine	nah
22:39:43	Suna	Zix	lol
22:40:23	Konoha	Hyuuga Juriki	jur jur juice
22:40:51	Suna	Zix	friends
22:40:52	Suna	Zix	mish?
22:40:52	Konoha	Hyuuga Juriki	maybe i need to make a suna
22:40:56	Konoha	Hyuuga Juriki	so you guys have some enemy
22:40:57	Konoha	Hyuuga Juriki	:P
22:41:15	Konoha	Hyuuga Juriki	a hyuuga that kicks 0-.-
22:41:54	Suna	Raditz	zix
22:41:56	Suna	Raditz	heal ?
22:41:58	Konoha	Xato	Yes juriki make a suna
22:41:59	Kiri	Kaguya Light	Hello :D
22:42:06	Konoha	Hyuuga Juriki	you just wanna be kage thats why
22:42:07	Konoha	Xato	be kazekage
22:42:08	Konoha	Akimichi Zenouva	no &lt;.&lt;
22:42:12	Suna	Zix	me
22:42:13	Kiri	Kaguya Light	md
22:42:15	Kiri	Kaguya Light	me
22:42:19	Konoha	Hyuuga Juriki	lets all go to cha dojo
22:42:42	Suna	Raditz	No bounty list...
22:42:46	Kiri	Kaguya Light	im in cha
22:42:46	Konoha	Uchiha Shine	Xato Come dojo.
22:42:48	Kiri	Ruthless J	is this the new goa??
22:42:48	Suna	Zix	idk
22:42:53	Konoha	Xato	pff why?
22:42:53	Kiri	Kaguya Light	yeah
22:42:59	Konoha	Uchiha Shine	Wanna test something
22:43:01	Suna	Zix	naruke bounty list bugged?
22:43:03	Konoha	Uchiha Shine	eaf Dojo
22:43:07	Konoha	Xato	ok coming
22:43:14	Konoha	Xato	ishi atm
22:43:21	Suna	Zix	kk
22:43:29	Suna	Zix	waiting
22:43:32	Suna	Zix	the bounty
22:43:32	Suna	Zix	:D
22:43:59	Kiri	Kaguya Light	is Zix here ? O:o
22:44:03	Suna	Zix	lol
22:45:40	Konoha	Xato	i could do 3/7
22:45:46	Konoha	Hyuuga Juriki	-1/7
22:45:48	Konoha	Hyuuga Juriki	lol
22:45:55	Konoha	Atticus	where&#39;s the black shirt?
22:46:35	Konoha	Hyuuga Nemesis	shine do you know how to macro attack and block?
22:46:43	Konoha	Xato	shine xD
22:46:47	Konoha	Uchiha Shine	A and F?
22:46:55	Konoha	Hyuuga Nemesis	not from options
22:47:02	Konoha	Uchiha Shine	Then Idk
22:47:03	Konoha	Hyuuga Nemesis	i need the macro command
22:47:51	Konoha	Hyuuga Nemesis	i do sec
22:48:06	Konoha	Hyuuga Nemesis	his msn
22:48:19	Konoha	Hyuuga Nemesis	i forgot his pager key o.o
22:48:41	Konoha	Hyuuga Nemesis	how are the mission money?
22:49:10	Kiri	Ruthless J	anyone wanna mish
22:49:19	Suna	Raditz	naruke
22:49:24	Suna	Raditz	Vigilante
22:49:27	Kiri	Ruthless J	who wants to mish
22:49:28	Konoha	Xato	very good
22:49:32	Konoha	Xato	its easy to lvl up
22:49:41	Konoha	Hyuuga Nemesis	the money not the exp
22:49:44	Konoha	Capacity SKittzawana	omg is that xate
22:49:45	Konoha	Xato	money is good 2
22:49:47	Suna	Raditz	I invited him
22:49:48	Konoha	Xato	no
22:49:50	Konoha	Xato	Xato!
22:49:51	Konoha	Capacity SKittzawana	O.
22:49:53	Konoha	Xato	bitc h
22:49:54	Konoha	Hyuuga Juriki	reunion lol
22:50:01	Konoha	Hyuuga Juriki	its been 2 days since goa died?
22:50:02	Konoha	Capacity SKittzawana	lmfao its juriki too
22:50:05	Konoha	Capacity SKittzawana	lmfao
22:50:06	Konoha	Hyuuga Juriki	-.-
22:50:07	Konoha	Hyuuga Nemesis	squad up guys?
22:50:15	Konoha	Capacity SKittzawana	Xate
22:50:43	Konoha	Xato	:P
22:50:48	Konoha	Capacity SKittzawana	yo naruke
22:50:51	Konoha	Hyuuga Nemesis	OH YES
22:50:53	Konoha	Capacity SKittzawana	whats poppin nikka
22:50:56	Konoha	Hyuuga Nemesis	i fould the block macro
22:51:01	Konoha	Hyuuga Nemesis	now for the attack
22:51:18	Suna	Raditz	npc stun is annoying
22:51:21	Kiri	General Chime	ill mission
22:51:21	Konoha	Capacity SKittzawana	brb
22:51:23	Konoha	Hyuuga Nemesis	huys mission?
22:51:27	Kiri	General Chime	wanna mission?
22:51:33	Kiri	Ruthless J	yup come to kh
22:52:25	Konoha	Atticus	huys? who&#39;s that?
22:52:35	Konoha	Hyuuga Nemesis	?
22:52:41	Konoha	Xato	lol
22:54:08	Konoha	Capacity Skittz	Can i b on Naruke?
22:54:24	Konoha	Capacity Skittz	can i b one of the kages?
22:54:36	Suna	Zix	17 people on
22:54:40	Suna	Zix	and cant host chunnin
22:54:42	Suna	Zix	-_-
22:54:46	Konoha	Xato	I am selected bro
22:54:52	Konoha	Capacity Skittz	aff
22:54:53	Suna	Raditz	He can host
22:54:54	Konoha	Xato	teban wants to make a surprise :P
22:54:56	Suna	Raditz	I
22:54:56	Suna	Zix	I
22:54:57	Kiri	Kaguya Light	i knock them twice:(
22:54:58	Suna	Zix	I 
22:54:58	Suna	Zix	I
22:55:02	Suna	Kid Vigi	O
22:55:07	Konoha	Capacity Skittz	nah f dat
22:55:08	Suna	Raditz	vigi!
22:55:09	Suna	Raditz	!
22:55:11	Konoha	Hyuuga Nemesis	i will obviously not join i cant use attack
22:55:13	Konoha	Xato	i got probally the most chance
22:55:13	Suna	Kid Vigi	ohi
22:55:14	Suna	Kid Vigi	!
22:55:14	Konoha	Capacity Skittz	one mroe question naruke
22:55:15	Kiri	Kaguya Light	it was 2 vs 1 :O , we need a medic ninja xD
22:55:18	Suna	Zix	vigi &lt;3
22:55:28	Konoha	Capacity Skittz	is this gonan b just like official?
22:55:30	Kiri	Kaguya Light	x
22:55:47	Suna	Kid Vigi	ohi
22:55:49	Suna	Kid Vigi	&lt;3
22:55:58	Konoha	Hyuuga Nemesis	yeah
22:56:07	Konoha	Uchiha Shine	Start the Exam Naruke
22:56:16	Konoha	Hyuuga Juriki	mf doom - deep fried frenz
22:56:18	Konoha	Hyuuga Juriki	op song
22:56:22	Konoha	Uchiha Shine	They will
22:56:27	Konoha	Uchiha Shine	Just do it &lt;.&lt;
22:56:39	Konoha	Capacity Skittz	shine
22:56:43	Konoha	Capacity Skittz	is a certain person
22:56:44	Konoha	Capacity Skittz	:P
22:56:51	Konoha	Hyuuga Nemesis	dude i got 370 gold from d rank how is that good o.o
22:57:02	Konoha	Xato	wahaha
22:57:08	Kiri	Kaguya Light	Ill join
22:57:10	Konoha	Capacity Skittz	xate you mishin?
22:57:15	Konoha	Sax	wtf is it
22:57:16	Kiri	Kaguya Light	I
22:57:30	Konoha	Capacity Skittz	im not talkign to you &gt;.&gt;
22:57:32	Konoha	Uchiha Shine	16 Players online nice
22:57:44	Konoha	Uchiha Shine	Ight Do it!
22:57:59	Suna	Zix	lol bandage
22:58:15	Konoha	Capacity Skittz	^
22:59:16	Suna	Raditz	:/
22:59:23	Suna	Raditz	what level is he ?
22:59:29	Kiri	Kaguya Light	i invited some
22:59:32	Konoha	Nara Shikamura	ok sorry
22:59:47	Suna	Raditz	he&#39;s a wof
22:59:53	Konoha	Xato	teban has to fix for wofs the bug
22:59:59	Konoha	Xato	that we don&#39;t gain stam
23:00:00	Suna	Raditz	Vigi
23:00:02	Suna	Silent Assassin	mf?
23:00:03	Konoha	Xato	after 100 wounds
23:00:08	Suna	Raditz	..
23:00:09	Suna	Kid Vigi	?
23:00:11	Konoha	Hyuuga Nemesis	its not a bug rly
23:00:13	Suna	Raditz	sup milf
23:00:16	Konoha	Hyuuga Nemesis	in this source
23:00:20	Suna	Kid Vigi	Ohi Silent
23:00:20	Suna	Silent Assassin	haha sup dawg
23:00:21	Suna	Kid Vigi	!
23:00:24	Konoha	Hyuuga Nemesis	they were supposed to have sage mode
23:00:25	Suna	Silent Assassin	sup ni
23:00:26	Suna	Raditz	!
23:00:28	Konoha	Xato	eww
23:00:35	Suna	Silent Assassin	yall be playing this
23:00:37	Konoha	Xato	who wants to join my squad?
23:00:40	Suna	Silent Assassin	without inviting a nigg
23:00:46	Suna	Kid Vigi	Raditz invited me just now
23:00:48	Suna	Kid Vigi	o.o
23:00:48	Konoha	Hyuuga Nemesis	this is a rip source he manipulated
23:00:50	Suna	Silent Assassin	oowh
23:00:50	Kiri	Kaguya Light	ok
23:00:59	Suna	Silent Assassin	hmm mf add me 
23:01:06	Suna	Kid Vigi	this map
23:01:09	Suna	Kid Vigi	makes me wanna fap
23:01:15	Konoha	Xato	wait
23:01:16	Suna	Raditz	fap ?
23:01:21	Konoha	Xato	gonna buy supplies
23:01:22	Suna	Silent Assassin	low lvl naruke
23:01:29	Suna	Kid Vigi	beat mah stick
23:01:36	Suna	Silent Assassin	damn old map
23:01:37	Suna	Silent Assassin	GG
23:01:39	Suna	Silent Assassin	sweet
23:01:44	Suna	Silent Assassin	aiit
23:01:58	Suna	Silent Assassin	hell no
23:02:01	Suna	Silent Assassin	look at xato
23:02:04	Suna	Kid Vigi	lawl
23:02:30	Suna	Silent Assassin	look at xato
23:02:36	Konoha	Capacity Skittz	so who wanna squad
23:02:37	Suna	Raditz	come vigi
23:02:39	Suna	Silent Assassin	i wont join chuunin
23:02:40	Suna	Raditz	and silent
23:02:40	Suna	Kid Vigi	You have Entered Cha no Kuni ... *tears up*
23:02:43	Konoha	Capacity Skittz	ty
23:02:43	Suna	Kid Vigi	nevar!
23:02:45	Suna	Silent Assassin	omfg
23:02:47	Suna	Silent Assassin	wait
23:02:50	Suna	Raditz	haha
23:02:54	Suna	Zix	free scroll?P
23:03:31	Suna	Raditz	ughh..
23:03:38	Konoha	Xato	naruke
23:03:39	Suna	Kid Vigi	there
23:03:40	Suna	Raditz	I forgot how I use to use raditz
23:03:41	Suna	Silent Assassin	teh ****
23:03:42	Konoha	Xato	can we skip FoD?
23:03:45	Suna	Silent Assassin	look at chime
23:03:51	Suna	Silent Assassin	he has clothes like xato
23:03:53	Suna	Raditz	What was my fighting style like
23:04:08	Suna	Silent Assassin	this ****top
23:04:12	Suna	Zix	u can give
23:04:14	Suna	Zix	you not know
23:04:16	Suna	Zix	the command
23:04:18	Suna	Zix	-_-
23:04:21	Suna	Silent Assassin	i dont even have a shirt
23:04:22	Konoha	Xato	only problem is naruke
23:04:29	Suna	Silent Assassin	these ppl already have money
23:04:31	Konoha	Xato	only he can defeat me in 1 vs 1
23:04:38	Konoha	Nara Shikamura	someone for missions?
23:04:38	Suna	Raditz	silent relax
23:04:49	Konoha	Xato	naruke you gonna let me win if we fight?
23:04:53	Suna	Silent Assassin	how the **** can i relax if he says only low lvl in it
23:05:06	Konoha	Xato	yes everyone join exam
23:05:08	Suna	Raditz	Everyone is below lvl 31
23:05:09	Suna	Silent Assassin	xato looks like a ****ing lvl 50
23:05:17	Konoha	Uchiha Siso	naruke is mirarashi naruke?
23:05:18	Konoha	Xato	Teban no!!
23:05:18	Suna	Zix	raditz lvl?
23:05:18	Suna	Kid Vigi	xato looks like a nub
23:05:21	Suna	Raditz	26
23:05:25	Suna	Silent Assassin	teh ****
23:05:28	Suna	Silent Assassin	low lvl my ass
23:05:30	Kiri	Ousamu, Naruke	Level 50 stats?
23:05:31	Suna	Kid Vigi	wht did i join
23:05:34	Suna	Kid Vigi	why
23:05:39	Suna	Zix	?
23:05:45	Suna	Silent Assassin	adsgsdahga
23:05:49	Suna	Silent Assassin	old kawa!
23:05:57	Suna	Silent Assassin	oldd kawa
23:06:17	Suna	Raditz	lol
23:06:21	Suna	Raditz	assassin
23:06:21	Suna	Silent Assassin	negotition
23:06:24	Suna	Raditz	Have over
23:06:26	Kiri	Ruthless J	i need a eath and heaven
23:06:30	Suna	Zix	i have 3 blue
23:06:33	Suna	Silent Assassin	have 2 wind scrols
23:06:34	Suna	Kid Vigi	crap da old kawa
23:06:40	Suna	Kid Vigi	ima suck at this
23:06:45	Konoha	Capacity Skittz	god
23:07:06	Suna	Raditz	me uchiha
23:07:07	Suna	Silent Assassin	me
23:07:42	Suna	Silent Assassin	ssh
23:07:47	Suna	Silent Assassin	our secret
23:08:06	Suna	Raditz	i got three scrolls..
23:08:12	Suna	Raditz	well my squad has 4 in total
23:08:12	Suna	Zix	i need 1 heaven
23:08:14	Konoha	Hyuuga Nemesis	well thats ****ed up Lan knew nothing either
23:08:14	Suna	Silent Assassin	u got earth?
23:08:16	Suna	Zix	i have 3 blue
23:08:26	Suna	Zix	i have 3 earth
23:08:26	Suna	Kid Vigi	You can have mine Zix
23:08:27	Konoha	Uchiha Siso	who make this game?
23:08:29	Suna	Silent Assassin	we can make a deal
23:08:39	Konoha	Hyuuga Nemesis	exte
23:08:48	Konoha	Hyuuga Nemesis	can you figure out the macro for Attack?
23:08:49	Suna	Don	what level is everyone
23:08:53	Suna	Silent Assassin	60
23:08:58	Suna	Don	im 40
23:09:00	Suna	Don	30*
23:09:02	Suna	Silent Assassin	hell no
23:09:04	Suna	Raditz	lol silent
23:09:31	Konoha	Hyuuga Nemesis	its propably something that doesnt make muchsense
23:09:36	Konoha	Hyuuga Nemesis	like kunai is use
23:10:00	Kiri	Deontay	thats happy i missed chuunin
23:10:12	Konoha	Xato	omfg
23:10:14	Konoha	Xato	4 vs 1
23:10:16	Kiri	General Chime	nice light
23:10:18	Konoha	Xato	**** you all...
23:10:20	Kiri	General Chime	i let you have dat
23:10:21	Kiri	Kaguya Light	:)
23:10:25	Konoha	Uchiha Shine	lol
23:10:32	Kiri	Kaguya Light	thank you mate .)
23:10:40	Suna	Raditz	eyy
23:10:42	Suna	Raditz	vigi
23:10:46	Suna	Kid Vigi	?
23:10:50	Konoha	Hyuuga Nemesis	its Mac for macro thats for sure
23:10:57	Konoha	Uchiha -E-	macattack
23:11:04	Konoha	Hyuuga Nemesis	idk the command that represents attack
23:11:07	Suna	Raditz	Why ya&#39;ll be stalking me like
23:11:07	Suna	Silent Assassin	who got earth?
23:11:09	Kiri	Deontay	can i b zapped into FOD plz
23:11:16	Kiri	Ruthless J	fuvk
23:11:17	Suna	Kid Vigi	wut
23:11:29	Konoha	Uchiha -E-	macattack
23:11:33	Konoha	Uchiha -E-	thats the command
23:11:33	Kiri	Kaguya Light	i saw you behind a tree
23:11:34	Suna	Silent Assassin	earth scroll
23:11:36	Kiri	Kaguya Light	:(
23:11:37	Konoha	Hyuuga Nemesis	no exte it doesnt work
23:11:45	Konoha	Hyuuga Nemesis	everything else does that doesnt
23:11:51	Kiri	Ortewix	is there levels?
23:12:11	Konoha	Uchiha -E-	dude, your byond is all ****ed up then
23:12:15	Konoha	Uchiha -E-	all i have to say
23:12:33	Konoha	Hyuuga Nemesis	its not byond thats just weird i did delete the cache and got an older version
23:12:48	Konoha	Uchiha -E-	whats your OS?
23:12:48	Konoha	Hyuuga Nemesis	i did it twice and reinstalled
23:13:00	Suna	Silent Assassin	3 heaven
23:13:06	Suna	Raditz	silent
23:13:06	Konoha	Hyuuga Nemesis	i am obviously not dling something on all goa games
23:13:09	Suna	Raditz	give me one
23:13:11	Suna	Zix	silent
23:13:14	Suna	Zix	i have
23:13:15	Suna	Zix	3 blue
23:13:22	Suna	Silent Assassin	bom left
23:13:23	Konoha	Xato	?
23:13:28	Suna	Raditz	naruke
23:13:35	Suna	Raditz	could you import the new kawa system ?
23:13:41	Kiri	Ortewix	light
23:13:42	Suna	Silent Assassin	no!
23:13:43	Suna	Raditz	A lot of us prefer it more
23:13:45	Konoha	Hyuuga Nemesis	i can click it from the macro bar thought
23:13:46	Kiri	Kaguya Light	?
23:13:48	Kiri	Ortewix	make sure youu win!
23:13:52	Kiri	Kaguya Light	ill try xD
23:13:57	Kiri	Ortewix	^^
23:13:58	Konoha	Xato	wtf
23:14:01	Konoha	Xato	we are a squad
23:14:03	Kiri	Ortewix	Dont worry we mist ninja
23:14:04	Konoha	Uchiha -E-	whats your OS
23:14:05	Konoha	Xato	Uchiha Shine has passed the Forest of Death. ... 
23:14:09	Kiri	Kaguya Light	my parent have arrived home and you know they like to ask you things
23:14:09	Kiri	Ortewix	will run this game hopefully ^^
23:14:11	Kiri	Kaguya Light	:D
23:14:12	Suna	Kid Vigi	hai guyz
23:14:13	Suna	Kid Vigi	!
23:14:16	Konoha	Xato	and i didn&#39;t?
23:14:19	Kiri	Ortewix	hehe
23:14:21	Kiri	Kaguya Light	my parents*
23:14:29	Konoha	Hyuuga Nemesis	**** me nvm i got it
23:14:29	Konoha	Nara Niika	Sup?
23:14:29	Konoha	Uchiha Shine	trolo
23:14:33	Suna	Kid Vigi	fawk you guyz den
23:14:34	Kiri	Kaguya Light	:D
23:14:37	Kiri	Ortewix	Should we cap after chuunin?
23:14:40	Konoha	Xato	teban seriously...
23:14:41	Suna	Raditz	what lol ?
23:15:03	Suna	Silent Assassin	i love this goa
23:15:07	Konoha	Xato	why the whole squad doesn&#39;t pass?
23:15:08	Konoha	Uchiha -E-	what xato?
23:15:10	Konoha	Hyuuga Nemesis	is the new kawa full scale bs?
23:15:19	Konoha	Uchiha -E-	omfg xato just stfu please
23:15:25	Suna	Zix	****
23:15:28	Suna	Silent Assassin	already in
23:15:29	Suna	Zix	im in forest
23:15:31	Suna	Zix	radidz
23:15:32	Suna	Zix	:S
23:15:38	Konoha	Nara Niika	Shika
23:15:52	Konoha	Uchiha -E-	Niika
23:15:57	Konoha	Nara Shikamura	?
23:15:59	Konoha	Nara Niika	=o
23:15:59	Konoha	Xato	...
23:16:02	Konoha	Uchiha -E-	i gave you level 30 already?
23:16:03	Konoha	Hyuuga Nemesis	xato didnt i already explain
23:16:04	Konoha	Nara Shikamura	xD
23:16:04	Kiri	Ortewix	What level are you light?
23:16:07	Konoha	Nara Niika	lvl7
23:16:09	Konoha	Hyuuga Nemesis	no exte lvl me
23:16:10	Konoha	Nara Shikamura	uchiha e
23:16:10	Konoha	Xato	no neme
23:16:11	Konoha	Uchiha Shine	Meh.
23:16:12	Konoha	Hyuuga Nemesis	:D
23:16:16	Kiri	Kaguya Light	35
23:16:23	Kiri	Ortewix	Cool
23:16:24	Suna	Silent Assassin	sweet
23:16:25	Konoha	Xato	**** this i swear...
23:16:26	Konoha	Hyuuga Nemesis	this isnt an official source
23:16:27	Konoha	Nara Niika	Feral close the real goa?
23:16:28	Kiri	Ousamu, Naruke	Light where you at??
23:16:29	Kiri	Kaguya Light	yeah xD
23:16:29	Kiri	Deontay	E how often do yall lan to host chuunin
23:16:29	Suna	Silent Assassin	no S macro tho
23:16:31	Konoha	Hyuuga Nemesis	this is just remodeled
23:16:35	Kiri	Deontay	Plan*
23:16:36	Konoha	Hyuuga Nemesis	from a rip
23:16:36	Kiri	Kaguya Light	but this is my first time using kaguyas xD
23:16:40	Konoha	Nara Niika	xD
23:16:41	Suna	Zix	vigi
23:16:42	Suna	Silent Assassin	-.-&#39;&#39;
23:16:43	Kiri	Ousamu, Naruke	Light where you at??
23:16:44	Konoha	Capacity Skittz	hi exte
23:16:44	Kiri	Ruthless J	come to the dojo
23:16:45	Suna	Zix	give me heaven
23:16:46	Suna	Zix	scroll
23:16:50	Kiri	Kaguya Light	im in Chunnin Arena
23:16:54	Suna	Silent Assassin	exteban no hard feelings
23:16:56	Konoha	Hyuuga Nemesis	btw gj you got the save files done
23:16:58	Kiri	Kaguya Light	well into tower
23:17:05	Kiri	Ortewix	j
23:17:09	Kiri	Roxas	o.o
23:17:09	Kiri	Ortewix	1 sec ill train with u
23:17:09	Kiri	Ruthless J	?
23:17:18	Suna	Silent Assassin	i invited him
23:17:21	Konoha	Nara Shikamura	nikka
23:17:21	Suna	Silent Assassin	naruke
23:17:25	Konoha	Nara Niika	?
23:17:25	Kiri	Roxas	Lol Naruke is adm &#39;.&#39;
23:17:25	Konoha	Nara Shikamura	donde estas?
23:17:29	Konoha	Hyuuga Juriki	finally
23:17:29	Konoha	Nara Niika	en kh
23:17:31	Konoha	Hyuuga Juriki	**** you naruke
23:17:32	Kiri	Kaguya Light	yep
23:17:34	Konoha	Nara Shikamura	ok xD
23:17:36	Konoha	Nara Shikamura	voy para halla
23:17:40	Konoha	Nara Niika	oki
23:17:41	Suna	Kid Vigi	bored already
23:17:42	Konoha	Hyuuga Juriki	why you muted me in the first place!
23:17:44	Kiri	Roxas	Naruke my hoe. gimme lv 100 ;
23:17:45	Suna	Zix	vigi
23:17:47	Suna	Zix	give me heaven
23:17:48	Suna	Kid Vigi	hi
23:17:48	Suna	Zix	lz
23:17:49	Kiri	Roxas	;)
23:17:51	Suna	Zix	plz i need
23:17:52	Suna	Kid Vigi	**** u
23:17:52	Suna	Silent Assassin	raditz you fighting my lil brother troll
23:17:55	Suna	Kid Vigi	come tower
23:18:00	Kiri	Roxas	Hm
23:18:05	Kiri	Roxas	Call me papi?
23:18:06	Kiri	Feinz	what do you mean
23:18:07	Suna	Zix	ty
23:18:07	Kiri	Roxas	;)
23:18:09	Kiri	Feinz	Wat I want?
23:18:10	Suna	Kid Vigi	np
23:18:11	Suna	Kid Vigi	pce
23:18:12	Suna	Zix	:D
23:18:21	Kiri	Feinz	I came to see the game that keps spamming my pager smh
23:18:36	Kiri	Kaguya Light	it is 1vs1vs1
23:18:43	Kiri	Kaguya Light	xD my fight is of three people
23:19:00	Kiri	Kaguya Light	they are from suna it smells team fight xD
23:19:01	Konoha	Uchiha Shine	Meh.
23:19:04	Konoha	Hyuuga Juriki	shine is getting owned
23:19:19	Konoha	Uchiha -E-	SAXI!
23:19:22	Konoha	Hyuuga Nemesis	saxi will be 100 in no time on this
23:19:36	Konoha	Hyuuga Juriki	i give saxi 1 sec
23:19:42	Suna	Zix	go rapidz
23:19:49	Suna	Zix	sorry raditz
23:19:53	Konoha	Nara Niika	who is the kage of leaf?
23:20:00	Konoha	Uchiha -E-	no one
23:20:07	Konoha	Nara Niika	kk
23:20:35	Konoha	Capacity Skittz	WHEN ARE you GUYS GONA PICK KAES?
23:20:36	Konoha	Nara Niika	Naruke?
23:20:37	Konoha	Sax	Shine gettin wrecked 
23:20:37	Suna	Silent Assassin	when is the rate changing?
23:20:44	Kiri	Feinz	Hmm this is interesting..
23:20:47	Kiri	Feinz	very interesting
23:20:48	Suna	Zix	team
23:20:49	Suna	Silent Assassin	team light
23:20:51	Konoha	Nara Niika	areu real naruke?
23:20:52	Kiri	Ortewix	xD
23:20:56	Konoha	Uchiha Shine	Damn that ngga had suPlPlies
23:20:58	Kiri	Feinz	Do you allow guest keys?
23:21:02	Kiri	Feinz	in tis game
23:21:10	Konoha	Nara Niika	xD hi bro
23:21:15	Kiri	Feinz	Naruke... do you allow guest keys on this game
23:21:25	Konoha	Hyuuga Nemesis	&lt;3
23:21:33	Kiri	Feinz	nvm lol
23:21:35	Konoha	Hyuuga Juriki	...
23:21:38	Konoha	Sax	Shine nab
23:21:42	Konoha	Uchiha Shine	SAXI
23:21:44	Konoha	Sax	you just got rapd smg
23:21:44	Konoha	Uchiha Shine	:D
23:21:46	Konoha	Sax	smh*
23:21:47	Konoha	Uchiha Shine	Stfu
23:21:49	Konoha	Hyuuga Juriki	brb
23:21:52	Konoha	Sax	NOB
23:21:54	Konoha	Sax	jajaj 
23:21:57	Kiri	Ortewix	wow..
23:22:00	Konoha	Uchiha Shine	Fack you.
23:22:03	Konoha	Uchiha Shine	:)
23:22:04	Konoha	Sax	u first
23:22:07	Kiri	Kaguya Light	CRAP &gt;.&gt;
23:22:09	Konoha	Uchiha Shine	Im at dojo
23:22:19	Konoha	Sax	well afl.
23:22:21	Konoha	Sax	afk*
23:22:22	Kiri	Feinz	why would I plan
23:22:24	Kiri	Kaguya Light	i hate when target get lost for it
23:22:26	Kiri	Feinz	something sneaky?
23:22:29	Konoha	Uchiha Shine	So here we are again
23:22:33	Konoha	Uchiha Shine	The New Goa!
23:22:35	Konoha	Nara Niika	weel pce leaf ^^
23:22:53	Konoha	Sax	just give us level 100
23:22:55	Konoha	Sax	---
23:23:04	Kiri	Kaguya Light	exteban could you add , not lost target in chunnin arena?
23:23:07	Konoha	Uchiha -E-	.|.
23:23:14	Kiri	Kaguya Light	It is annoying :(
23:23:17	Konoha	Akimichi AntonisKun	back
23:23:21	Konoha	Akimichi AntonisKun	saxi hoe!
23:23:24	Suna	Raditz	lol
23:23:26	Konoha	Sax	.I. to you Exte
23:23:29	Konoha	Sax	Hi Anto
23:23:31	Suna	Raditz	You guys think hosenka is useful
23:23:33	Konoha	Akimichi AntonisKun	Sir*
23:23:37	Kiri	Ruthless J	sso naruke you need a host?
23:23:38	Konoha	Sax	Slut*
23:23:53	Suna	Silent Assassin	it is
23:23:56	Kiri	Ruthless J	i can do it i said
23:23:58	Suna	Raditz	silent..
23:23:58	Suna	Silent Assassin	1-2 wounds
23:23:59	Suna	Zix	-_-
23:24:00	Kiri	Feinz	:/
23:24:06	Konoha	Jur	this is better
23:24:09	Konoha	Sax	Hey
23:24:20	Konoha	Jur	orale saxi
23:24:23	Suna	Silent Assassin	damn spammer
23:24:29	Konoha	Sax	Orale mareno
23:24:29	Suna	Raditz	damn exteban has a lot of missions
23:24:36	Kiri	Ruthless J	no :(
23:24:50	Konoha	Jur	now i need a build
23:24:54	Konoha	Jur	let me think
23:24:57	Konoha	Sax	lmfao Exte 
23:25:04	Kiri	Feinz	so naruke..
23:25:04	Konoha	Sax	3000 rank A jaaja
23:25:04	Konoha	Jur	i got it!
23:25:08	Konoha	Jur	or no
23:25:08	Kiri	Feinz	I guess 
23:25:09	Konoha	Uchiha -E-	ahah saxi
23:25:12	Konoha	Uchiha -E-	Beat that!
23:25:15	Konoha	Sax	jaajjaj 
23:25:21	Konoha	Uchiha -E-	?
23:25:24	Suna	Silent Assassin	-.-
23:25:24	Kiri	Feinz	your no longer
23:25:29	Kiri	Feinz	playing exodus i presume.
23:25:37	Suna	Silent Assassin	im gonna hate zix after this
23:25:38	Kiri	Deontay	O.o
23:25:42	Kiri	Kaguya Light	are you playong exodus?
23:25:47	Kiri	Deontay	dude r you 4 real
23:25:57	Konoha	Jur	gonna use gen o.o
23:25:58	Kiri	Deontay	stfu not u
23:26:18	Konoha	Jur	oeps wrong
23:26:19	Konoha	Jur	-.-
23:26:20	Konoha	Jur	remake
23:26:22	Kiri	Kaguya Agrippec	lol
23:26:22	Kiri	Feinz	k
23:26:25	Kiri	Kaguya Agrippec	what e word exte
23:26:27	Konoha	Akimichi AntonisKun	the E word?
23:26:39	Kiri	Feinz	Lao&#39;s game
23:26:43	Konoha	Sax	E?
23:26:44	Kiri	Kaguya Agrippec	oh
23:26:46	Kiri	Deontay	Exte dont b like that let him hav some freedom of speech lol
23:26:47	Kiri	Feinz	rofl
23:26:51	Kiri	Feinz	Ikr
23:26:53	Kiri	Kaguya Light	yes that one
23:26:55	Kiri	Ortewix	who wants to mish?
23:26:55	Kiri	Kaguya Agrippec	exte mah ****
23:26:56	Kiri	Feinz	Shiiet
23:26:59	Kiri	Kaguya Agrippec	been forever
23:27:04	Kiri	Kaguya Light	me ortewix
23:27:09	Kiri	Kaguya Light	find me in kh
23:27:09	Kiri	Ortewix	meet at bridge
23:27:12	Konoha	Jur	lets try again
23:27:14	Kiri	Ortewix	kk
23:27:24	Kiri	Deontay	omw if thats koo
23:27:29	Kiri	Ortewix	sure
23:27:30	Kiri	Feinz	so guys the second chapter in the bible is Exodus
23:27:36	Konoha	Jur	vato loco!
23:27:39	Kiri	Feinz	anyone go to church :D?
23:27:40	Kiri	Kaguya Agrippec	ban^
23:27:41	Kiri	Kaguya Agrippec	lol
23:27:44	Kiri	Feinz	lol
23:27:49	Kiri	Kaguya Light	church is bored :D
23:28:02	Konoha	Uchiha Shine	tf
23:28:11	Konoha	Uchiha Shine	I see 1-2 at my Load apge lo
23:28:38	Kiri	Deontay	a bbunch of kaguyas on today lol
23:28:53	Kiri	Feinz	Yes doing what?
23:28:57	Kiri	Kaguya Agrippec	im always kaguya
23:29:03	Kiri	Deontay	Guys plz help wats the best ep of eureka 7
23:29:14	Kiri	Feinz	For what?
23:29:35	Kiri	Kaguya Agrippec	starter lvl only lvl 30..
23:29:37	Kiri	Kaguya Agrippec	&gt;&lt;
23:29:38	Konoha	Uchiha Shine	Mhm.
23:29:39	Suna	Silent Assassin	noob
23:29:40	Kiri	Kaguya Agrippec	and 5 rate...
23:29:42	Kiri	Kaguya Agrippec	fu
23:29:49	Kiri	Ousamu, Naruke	Its not really rate 5
23:29:52	Kiri	Ousamu, Naruke	Its 50
23:29:55	Kiri	Feinz	Naruke letting that power get to his head
23:30:06	Kiri	Kaguya Agrippec	feinz do too on e
23:30:07	Kiri	Kaguya Agrippec	lol
23:30:07	Kiri	Ousamu, Naruke	What you talking about?
23:30:15	Kiri	Feinz	nothing sir.
23:30:33	Kiri	Ousamu, Naruke	This is for people who play officials and not used to playing shunshin based games
23:30:35	Konoha	Akimichi Sax	shine...
23:30:41	Suna	SKittz Reborn	cant reavel far from hojme
23:30:43	Suna	SKittz Reborn	:p
23:30:45	Kiri	Kaguya Agrippec	been playing officials since beta...
23:30:48	Kiri	Kaguya Agrippec	im used to it
23:30:49	Suna	SKittz Reborn	fsmn iy ntn
23:30:51	Kiri	Ousamu, Naruke	and Feinz
23:30:57	Kiri	Ousamu, Naruke	I know you aint talking about nobody with some verbs
23:31:06	Kiri	Feinz	Yea but to be honest do you think this will go far? It&#39;s still a rip.
23:31:11	Suna	Zix	LAGGF nOOB naruke
23:31:13	Suna	Zix	lagg
23:31:22	Kiri	Feinz	with rate of 5 and start of level 30 goa 2?
23:31:29	Kiri	Ousamu, Naruke	*50
23:31:30	Kiri	Feinz	Whos going to know about this unless you spam their pager?
23:31:34	Kiri	Feinz	Meh I got 30.
23:31:42	Kiri	Kaguya Agrippec	50 rate
23:31:43	Kiri	Kaguya Agrippec	lol
23:31:44	Kiri	Ousamu, Naruke	Talking about the rate
23:31:52	Kiri	Feinz	I got 5 :/
23:31:56	Kiri	Kaguya Agrippec	its 50
23:31:59	Kiri	Kaguya Agrippec	just say 5
23:32:04	Kiri	Feinz	Meh...
23:32:23	Kiri	Feinz	and I act thee same way with my powers or without it..
23:32:29	Kiri	Feinz	So nty for your comment.
23:32:53	Kiri	Ousamu, Naruke	How am i acting any different?
23:32:59	Kiri	Feinz	:/
23:33:11	Kiri	Ousamu, Naruke	I barely talk in OOC or anything on Exodus
23:33:16	Kiri	Ousamu, Naruke	I just kill people and do missions
23:33:21	Kiri	Feinz	You talk alot when you lose your bijuu..
23:33:26	Kiri	Ousamu, Naruke	LOL
23:33:28	Kiri	Kaguya Agrippec	mute yourself naruke :P
23:33:30	Kiri	Ousamu, Naruke	True
23:33:33	Kiri	Kaguya Agrippec	used e word
23:33:34	Kiri	Kaguya Light	xD
23:33:36	Kiri	Deontay	Feinz !!
23:33:38	Kiri	Feinz	?
23:33:48	Suna	Zix	**** run
23:33:49	Konoha	Shine Hoshigaki	Mhm.
23:33:50	Kiri	Deontay	Plz man plz B A Leader let it go
23:33:58	Kiri	Feinz	Let what go?
23:34:08	Kiri	Kaguya Agrippec	no starting money eh?
23:34:09	Suna	Silent Assassin	hope you lose zix
23:34:10	Kiri	Deontay	if naruke is on both games let him b
23:34:17	Kiri	Feinz	Meh I rather be a loser and win then be a leader and lose :/
23:34:23	Kiri	Feinz	Idc if he on both games.
23:34:27	Kiri	Feinz	Im js
23:34:32	Suna	Ikon SKittz	someone come to dojo
23:34:33	Kiri	Ousamu, Naruke	what is Feinz talking about lol
23:34:39	Suna	Ikon SKittz	amg
23:34:41	Suna	Ikon SKittz	wtf
23:34:41	Kiri	Feinz	Idk w/e deontay is talking bout.
23:34:41	Kiri	Ousamu, Naruke	There is no argument
23:34:44	Kiri	Kaguya Agrippec	lol
23:34:45	Suna	Silent Assassin	do some missions
23:34:47	Kiri	Deontay	yea i feel it dont want nobody stealin poop lol
23:34:55	Kiri	Feinz	:/
23:34:58	Kiri	Kaguya Agrippec	censored words lol
23:35:00	Kiri	Kaguya Agrippec	****
23:35:01	Kiri	Kaguya Agrippec	poop
23:35:02	Kiri	Feinz	Anyways who goes to church?
23:35:03	Kiri	Kaguya Agrippec	dog
23:35:09	Kiri	Feinz	Got to read the bible man.
23:35:20	Suna	Raditz	Good fight
23:35:20	Suna	Silent Assassin	gratz
23:35:34	Suna	Raditz	Yeahyeah
23:36:04	Kiri	Kaguya Agrippec	folk I didnt get my money from my d rank
23:36:07	Kiri	Kaguya Agrippec	gimme my money
23:36:14	Suna	Ikon Skittz	...
23:36:19	Suna	Raditz	ikon skittz
23:36:21	Suna	Raditz	-
23:36:24	Suna	Raditz	
23:36:25	Konoha	Jur	my lw isnt doing damage
23:36:34	Konoha	Shine Hoshigaki	Fail.
23:36:46	Suna	Ikon Skittz	can i join u
23:36:48	Konoha	Akimichi AntonisKun	&lt;3 
23:36:50	Suna	Raditz	Course
23:36:50	Suna	Ikon Skittz	woh mish that i can join?
23:36:55	Suna	Silent Assassin	my
23:37:00	Suna	Ikon Skittz	inv
23:37:08	Suna	Raditz	:o
23:37:11	Konoha	Akimichi AntonisKun	spot for 1 more
23:37:12	Suna	Silent Assassin	teh ****
23:37:16	Kiri	Ousamu, Naruke	Im in your village
23:37:19	Kiri	Ousamu, Naruke	Smart person
23:37:20	Suna	Raditz	Thank you exteban
23:37:22	Kiri	Kaguya Agrippec	ik just noticed
23:37:28	Kiri	Kaguya Agrippec	**** I dont have target passives
23:37:33	Kiri	Kaguya Agrippec	Smart person
23:37:34	Suna	Ikon Skittz	huehuehuehuehue
23:37:40	Suna	Ikon Skittz	i find that hard to believe
23:37:54	Suna	Silent Assassin	Gimme Faction
23:38:00	Kiri	Deontay	E when is next chuunin
23:38:04	Suna	Ikon Skittz	yam mish hoe
23:38:07	Suna	Zix	WTF
23:38:07	Konoha	Hyuuga Tanatoz	time to eze
23:38:08	Suna	Zix	steven
23:38:10	Kiri	Deontay	cant bleve i missed
23:38:11	Suna	Zix	radidz
23:38:12	Suna	Zix	Kage
23:38:13	Konoha	Nara Shikamura	tana
23:38:13	Suna	Zix	WTF
23:38:16	Konoha	Nara Shikamura	sup
23:38:16	Konoha	Akimichi AntonisKun	how sluty 
23:38:16	Suna	Raditz	steven ?
23:38:17	Suna	Zix	he win chunnin
23:38:19	Kiri	Kaguya Agrippec	E claims #300 but we bdk
23:38:19	Suna	Zix	no tourney
23:38:20	Suna	Zix	kage
23:38:23	Suna	Zix	WTH
23:38:38	Kiri	Ousamu, Naruke	LOL
23:38:43	Kiri	Ousamu, Naruke	What Agrippec?
23:38:44	Konoha	Nara Shikamura	yah
23:38:46	Suna	Silent Assassin	skittz
23:38:55	Kiri	Ousamu, Naruke	How you gang bangin?
23:38:57	Suna	Silent Assassin	go all the way right of suna gate
23:39:05	Suna	Silent Assassin	and wait top right of the last map
23:39:11	Suna	Zix	that is your way to get people? All game gets kages tournament
23:39:12	Kiri	My dicksobig	Whats wrong with new chars?
23:39:12	Suna	Silent Assassin	escort
23:39:14	Konoha	Akimichi Sax	Shine nab find me
23:39:30	Suna	Zix	simply because that is not to say that Chunnin this act to kage
23:39:39	Konoha	Shine Hoshigaki	I&#39;ma try out Suna brb
23:39:51	Suna	Zix	lol so are the admin now thought it wise to manage a game I pity
23:39:57	Kiri	My dicksobig	k so
23:40:00	Kiri	Ruthless J	kiri FTW
23:40:01	Kiri	My dicksobig	why as I ooted
23:40:03	Suna	Silent Assassin	shut up noob
23:40:08	Kiri	My dicksobig	cause my dick sobig?
23:40:08	Suna	Zix	silent
23:40:09	Suna	Zix	lol
23:40:10	Kiri	Kaguya Agrippec	a song chill
23:40:15	Suna	Silent Assassin	still mad at u
23:40:19	Suna	Zix	what the hell are you talking about whether or wanted me
23:40:22	Kiri	My dicksobig	I haven&#39;t even been here
23:40:23	Kiri	Kaguya Agrippec	just replaced &#34;these ****s&#34; with e
23:40:24	Konoha	Jur	Hush!
23:40:27	Kiri	My dicksobig	longer then
23:40:33	Kiri	My dicksobig	3 min
23:40:34	Konoha	Akimichi AntonisKun	jur mission with me and shika/
23:40:35	Kiri	Deontay	yo naruke ?? Rocks shinobi r op lol
23:40:38	Suna	Zix	Naruke is the truth all need a tournament game kages
23:40:40	Kiri	My dicksobig	Exteban
23:40:44	Kiri	My dicksobig	continue with what
23:40:46	Suna	Silent Assassin	we dont have rules vkill is allowed
23:40:48	Kiri	My dicksobig	my name?
23:40:56	Suna	Zix	how the hell gives a kage without knowing whether he knows it handle?
23:40:56	Konoha	Akimichi Sax	Yo Exte boot that lackra
23:40:57	Kiri	Kaguya Agrippec	feinz yo poop small
23:40:59	Kiri	Kaguya Agrippec	quit
23:40:59	Kiri	My dicksobig	Get real bro its just a name stop being verb hungry.
23:41:10	Suna	Zix	to do a damn tournament
23:41:12	Kiri	Deontay	lol
23:41:13	Kiri	My dicksobig	Lol I don&#39;t see rules saying I cant name myself dicksobig?
23:41:14	Suna	Silent Assassin	skittz
23:41:14	Kiri	Ortewix	gfgf
23:41:19	Kiri	My dicksobig	It&#39;s allowed on officals &gt;_&gt;
23:41:20	Kiri	Kaguya Light	xD gf o.o
23:41:40	Konoha	Jur	watching movie
23:41:41	Kiri	Kaguya Light	im in cha
23:41:44	Suna	Zix	Exteban I want to fight for kage Exteban
23:41:49	Kiri	Ortewix	wtf
23:41:51	Kiri	Ortewix	o.o
23:41:52	Suna	Silent Assassin	zix you noob
23:41:56	Suna	Zix	I have the right as everyone here
23:41:56	Kiri	Kaguya Light	chunnin arena
23:42:08	Suna	Silent Assassin	u still noob
23:42:14	Suna	Zix	these girls because they&#39;re annoying crap?
23:42:16	Kiri	Kaguya Light	remenber i used shunshin and went out arena targint a wrong person &gt;.&lt;
23:42:22	Suna	Zix	give me shame
23:42:34	Kiri	Kaguya Light	ok naruke :)
23:42:35	Suna	Zix	res that&#39;s what anyone would not want
23:42:52	Kiri	Kaguya Agrippec	naruke gang banging
23:43:00	Kiri	Ousamu, Naruke	lol
23:43:06	Kiri	Kaguya Agrippec	what you claim
23:43:10	Kiri	Kaguya Agrippec	lol
23:43:21	Suna	Zix	if the tournament is given after that devil kage
23:43:32	Suna	Raditz	devil kage ?
23:43:35	Suna	Zix	Kage is granted after the tournament
23:43:37	Suna	Raditz	Are you referring to me ?
23:43:46	Kiri	Ruthless, Shikyo	O **** old school goa?
23:43:58	Kiri	Kaguya Agrippec	stop following me mah ****
23:44:09	Suna	Zix	Naruke know what I mean right?
23:44:16	Suna	Silent Assassin	gimme a faction and Shine wants to join suna
23:44:16	Kiri	Ruthless, Shikyo	huh?
23:44:18	Kiri	My dicksobig	**** da police exodus 4 lyf juu hurd
23:44:20	Kiri	Kaguya Agrippec	nun
23:44:21	Kiri	My dicksobig	exodus in the bible*
23:44:24	Kiri	My dicksobig	chapter 2
23:44:33	Kiri	Kaguya Agrippec	ban hammer
23:44:34	Suna	Zix	that damn world?
23:44:35	Kiri	Ruthless, Shikyo	agri how you doin o-o
23:44:53	Kiri	Kaguya Agrippec	good you o-o
23:44:59	Suna	Zix	if it is lvl 30 he won because my brother was using youtub e
23:44:59	Kiri	Ruthless, Shikyo	ehh decent
23:45:06	Konoha	Akimichi AntonisKun	ohh these are the old lvling reqs ouchh
23:45:17	Suna	Zix	I peude the win and show it
23:45:19	Kiri	Deontay	STR IS TRASH
23:45:23	Kiri	Ruthless, Shikyo	o__O
23:45:27	Kiri	Kaguya Agrippec	****you like lvl 30
23:45:27	Kiri	Ortewix	Deontay
23:45:27	Konoha	Akimichi Sax	...
23:45:30	Suna	Zix	radidz 1vs1
23:45:30	Kiri	Kaguya Agrippec	f outta here
23:45:30	Konoha	Akimichi Sax	it&#39;s the same
23:45:30	Suna	Zix	?
23:45:34	Kiri	Ortewix	ur build should be rflx and con
23:45:38	Kiri	Deontay	Lmao
23:45:38	Kiri	Ruthless, Shikyo	Agri you mishin?
23:45:44	Kiri	Kaguya Agrippec	ya already there
23:45:44	Kiri	Ruthless, Shikyo	=D
23:45:49	Kiri	Kaguya Agrippec	Im finna log off though lol
23:45:52	Kiri	Deontay	the village just want ham on me 
23:45:54	Konoha	Akimichi AntonisKun	the old lvling reqs were lowered twice
23:45:55	Kiri	Ruthless, Shikyo	****
23:45:55	Kiri	Kaguya Agrippec	focus on these books o-o
23:46:01	Kiri	Ruthless J	Kiri FTW
23:46:07	Konoha	Akimichi AntonisKun	by kobata
23:46:09	Kiri	Wawa therapper	is this new server
23:46:09	Kiri	Kaguya Light	o.o
23:46:11	Kiri	Ruthless, Shikyo	OSHI another ruthy
23:46:23	Kiri	Ruthless J	here first btw
23:46:28	Kiri	Ruthless, Shikyo	What a g
23:46:29	Konoha	Akimichi Sax	old leveling req was like 500k to get level 100...
23:46:29	Kiri	Kaguya Agrippec	no I was
23:46:35	Kiri	Ruthless J	no i was
23:46:37	Kiri	Ruthless, Shikyo	Anyone wanna mish?
23:46:37	Kiri	Kaguya Agrippec	I was here before you all :o
23:46:39	Kiri	Ruthless J	lol
23:46:46	Kiri	Kaguya Agrippec	when it was just me and exteban playing lol
23:46:48	Konoha	Akimichi AntonisKun	talking about the per lvl req exp
23:46:49	Suna	Zix	radidz scared?
23:46:51	Kiri	Ruthless J	lol
23:46:59	Kiri	Ruthless, Shikyo	J come help a niqqa mish
23:47:00	Kiri	Kaguya Agrippec	like a month ago o-o
23:47:05	Konoha	Akimichi AntonisKun	its 32500 for 30 on officials? i dont think so
23:47:17	Konoha	Akimichi Sax	yh 30k
23:47:23	Konoha	Akimichi AntonisKun	not important the exp is enouph from missions
23:47:36	Konoha	Uchiha -E-	i already lowered this game exp by 45%
23:47:44	Konoha	Uchiha -E-	imagine like it was before i did it
23:47:46	Konoha	Akimichi AntonisKun	yeah its gonna be fine
23:47:51	Konoha	Akimichi Sax	go 60%
23:47:55	Suna	Caloi	sup suna
23:47:56	Suna	Caloi	xD
23:48:00	Suna	Raditz	alex
23:48:01	Suna	Raditz	sup
23:48:02	Kiri	Ruthless, Shikyo	-.-
23:48:11	Kiri	Ruthless J	wanna grow our terriotory
23:48:18	Kiri	Kaguya Light	as do i
23:48:25	Konoha	Shine Hoshigaki	Yo exte,
23:48:29	Suna	Caloi	its the oficial goa ?
23:48:32	Konoha	Akimichi AntonisKun	this has more than officials had all last week long
23:48:33	Suna	Raditz	No
23:48:34	Konoha	Shine Hoshigaki	Who&#39;s gonna be Leaf&#39;s kage?
23:48:42	Konoha	Akimichi Sax	Shine find me 
23:48:43	Suna	Raditz	But its one that i&#39;m looking foward to
23:48:44	Konoha	Uchiha -E-	idk
23:48:47	Konoha	Akimichi AntonisKun	Juriki the best vet da?
23:49:18	Konoha	Shine Hoshigaki	Let Saxi be kage
23:49:20	Konoha	Shine Hoshigaki	brb
23:49:22	Konoha	Akimichi Sax	Not thx
23:49:38	Konoha	Uchiha -E-	lol gotta love when people wanna say juriki is old
23:49:43	Konoha	Uchiha -E-	and instead say hes a vet
23:49:44	Suna	Caloi	so much lagg 
23:49:48	Konoha	Akimichi AntonisKun	yeah ahha
23:49:53	Kiri	Ruthless J	guys wanna grow our land
23:49:59	Kiri	Ruthless, Shikyo	yeah
23:50:01	Konoha	Jur	Konohagakure (Genin) Akimichi AntonisKun: this has more than officials had all last week long ... 
23:50:05	Konoha	Jur	troll
23:50:21	Konoha	Jur	eh you guys talking abuot me -.-
23:50:22	Suna	Caloi	brb
23:50:27	Kiri	Ruthless J	go top 
23:50:31	Kiri	Kaguya Agrippec	naruke
23:50:38	Konoha	Akimichi Sax	troll
23:50:39	Konoha	Jur	this goa had more people then goa had in 1 month
23:50:41	Konoha	Jur	or no
23:50:44	Missing	Zix	lol noob get kage
23:50:46	Missing	Zix	lol
23:50:48	Konoha	Jur	had more people outside the dojo 
23:50:49	Konoha	Jur	:P
23:50:50	Konoha	Akimichi Sax	who cares
23:50:50	Kiri	Kaguya Agrippec	do genius get the extra sp and stuff here?
23:51:07	Konoha	Jur	saxi dont let me slap you
23:51:14	Kiri	Kaguya Agrippec	hoe answer me o_o
23:51:16	Konoha	Akimichi Sax	Try and you will get pwnd
23:51:22	Suna	Shine Hoshigaki	Shine appears!
23:51:24	Konoha	Jur	whos suna kage?
23:51:26	Konoha	Akimichi AntonisKun	try what
23:51:29	Suna	Silent Assassin	lol
23:51:29	Konoha	Uchiha -E-	yamato
23:51:30	Kiri	Ruthless J	if anyone wanna grow our land come top
23:51:33	Konoha	Akimichi Sax	rofl
23:51:37	Kiri	Ousamu, Naruke	What you need Agrip?
23:51:39	Kiri	Ruthless, Shikyo	where?
23:51:41	Kiri	Ruthless, Shikyo	J
23:51:45	Suna	Shine Hoshigaki	^^
23:51:50	Kiri	Kaguya Agrippec	does genius get the extra sp and passives?
23:51:51	Kiri	Kaguya Agrippec	here
23:51:54	Suna	Silent Assassin	welcome bro
23:51:55	Konoha	Jur	shouldnt he fight for it/&gt;
23:51:56	Kiri	Ruthless J	come top outside village pass the line and go top
23:52:00	Suna	Shine Hoshigaki	Thanks.
23:52:00	Konoha	Uchiha -E-	yes naruke
23:52:02	Kiri	Ruthless, Shikyo	kk
23:52:10	Konoha	Uchiha -E-	they do
23:52:12	Kiri	Ousamu, Naruke	Yeah they do 
23:52:12	Kiri	Kaguya Agrippec	if I remake can I get my stuff bacc?
23:52:28	Kiri	Kaguya Agrippec	I want my lvl 32 and $600 money bacc -.-
23:52:32	Konoha	Nara Shikamura	saxi
23:52:33	Kiri	Ousamu, Naruke	I cant give it back lol
23:52:36	Konoha	Akimichi Sax	?
23:52:36	Konoha	Nara Shikamura	q lvl eres?
23:52:38	Konoha	Jur	i think you should wait a week for kage
23:52:40	Kiri	Kaguya Agrippec	-.-
23:52:41	Konoha	Akimichi Sax	560
23:52:46	Konoha	Nara Shikamura	56?
23:52:49	Konoha	Akimichi Sax	560
23:52:53	Kiri	Ousamu, Naruke	I cant give back levels and stuff
23:52:53	Konoha	Nara Shikamura	-_-
23:52:55	Kiri	Kaguya Agrippec	oh
23:53:11	Kiri	My dicksobig	:/
23:53:16	Kiri	My dicksobig	you knowyou want it
23:53:22	Kiri	My dicksobig	the lovers paradise 
23:53:28	Kiri	My dicksobig	cause you know you wanntt itt
23:53:29	Kiri	Ruthless J	anyone wanna grow our territory come pass the line and go top
23:53:31	Konoha	Nara Shikamura	oye sabes q le paso a goa original?
23:53:44	Konoha	Akimichi Sax	estara off por un tiempo indeterminado
23:53:48	Konoha	Nara Shikamura	o.o
23:53:52	Konoha	Nara Shikamura	q mal
23:54:03	Konoha	Uchiha -E-	roi was here today
23:54:10	Konoha	Uchiha -E-	he told me they are updating it
23:54:16	Konoha	Akimichi Sax	oh
23:54:20	Konoha	Uchiha -E-	they already remade rb
23:54:24	Kiri	My dicksobig	naruke you know want it
23:54:27	Konoha	Jur	rb?
23:54:29	Konoha	Akimichi Sax	well Ferals pc dead
23:54:29	Kiri	My dicksobig	the juicy dick so hard.
23:54:29	Konoha	Uchiha -E-	and doing some changes to the map
23:54:36	Konoha	Akimichi Sax	rebirth
23:54:36	Missing	Zix	naruke i wanna 1vs1
23:54:36	Kiri	My dicksobig	and so luciios you got to phart
23:54:41	Missing	Zix	vs radiz
23:54:42	Konoha	Jur	some changes to map
23:54:44	Konoha	Jur	old map!
23:54:48	Missing	Zix	he have scared for lost
23:54:50	Konoha	Jur	how long will they be busy?
23:54:59	Suna	Raditz	Mission squad at kage house
23:55:06	Suna	Raditz	8 spaces left
23:55:21	Konoha	Uchiha -E-	i believe its a bigger map
23:55:27	Konoha	Uchiha -E-	for what roi asked me
23:55:28	Konoha	Akimichi Sax	jajaj
23:55:30	Konoha	Uchiha -E-	o.o
23:55:32	Konoha	Jur	bigger map...
23:55:42	Konoha	Jur	not because its big its good
23:55:45	Konoha	Jur	this map is the best
23:55:52	Konoha	Akimichi Sax	they were moving leaf from the center
23:56:03	Konoha	Uchiha -E-	naruke
23:56:10	Konoha	Uchiha -E-	could you test something for me?
23:56:11	Konoha	Jur	so exte you gonna vs the real goa?
23:56:14	Kiri	Ousamu, Naruke	Sure
23:56:27	Konoha	Akimichi Sax	It on while goa off Juriki 
23:56:30	Konoha	Uchiha -E-	imma take out your save
23:56:40	Konoha	Uchiha -E-	please remake and stay on for 10 mins
23:56:54	Suna	Silent Assassin	ossy
23:57:01	Konoha	Uchiha -E-	yh
23:57:03	Konoha	Uchiha -E-	ty
23:57:26	Suna	Silent Assassin	-.-&#39;&#39;
23:57:28	Suna	Silent Assassin	Shine
23:57:33	Konoha	Uchiha -E-	and juriki real goa &gt; this anytime
23:57:35	Suna	Shine Hoshigaki	Hey.
23:57:46	Suna	Silent Assassin	kom je met missie meedoen
23:57:56	Suna	Shine Hoshigaki	Lui ^
23:58:05	Suna	Silent Assassin	troll
23:58:08	Konoha	Nara Juriki	dont tell anybody
23:58:14	Missing	Zix	chunnin again?
23:58:18	Konoha	Akimichi Sax	your age?
23:58:22	Konoha	Nara Juriki	...
23:58:26	Konoha	Nara Juriki	i never been a nara
23:58:27	Missing	Zix	naruke i dont have
23:58:31	Missing	Zix	village
23:58:34	Missing	Zix	you can set me
23:58:36	Missing	Zix	1 mish
23:58:37	Missing	Zix	plz
23:58:55	Missing	Zix	not too much to ask
23:59:09	Suna	Silent Assassin	naruke
23:59:18	Suna	Silent Assassin	how long will this rip be up?
23:59:20	Konoha	Uchiha -E-	Saved Mitarashi Naruke (norizon) ... 
23:59:22	Missing	Zix	i need mish
23:59:26	Konoha	Uchiha -E-	need this to show up 3 times
23:59:28	Suna	Agrippec	naruke just sp hoe -.-
23:59:28	Missing	Zix	naruke IM missing
23:59:34	Missing	Zix	i cant see the test guy
23:59:36	Missing	Zix	for get it
23:59:38	Suna	Ikon YellowReborn	yo rad whre you @
23:59:40	Missing	Zix	u can give me
23:59:44	Suna	Raditz	Gates
23:59:47	Suna	Agrippec	i got a host
