21:37:17	Konoha	Hatake -E-	.
21:38:05	Suna	M4CHiiN3	o.o
21:41:04	Suna	Okami Shin	Alderpoop
21:41:08	Suna	Okami Shin	Aldershoot
21:41:09	Suna	M4CHiiN3	:D
21:41:12	Suna	Okami Shin	damn
21:41:14	Suna	M4CHiiN3	lol yo
21:41:20	Suna	Okami Shin	its B Jr
21:41:24	Suna	M4CHiiN3	Sup..
21:41:29	Suna	Okami Shin	nm
21:41:34	Suna	M4CHiiN3	B, invite some people to the game for me eh?
21:41:42	Kiri	Funkerr	Hi
21:42:12	Suna	Okami Shin	ok
21:42:17	Suna	Okami Shin	but how to get Kazekage
21:42:19	Kiri	Funkerr	Damn you should make a Distribute option..
21:42:24	Kiri	Funkerr	600 points manually is alot
21:43:27	Kiri	Funkerr	Already ****ed it up -.-
21:43:28	Konoha	Cifta	yo
21:43:31	Kiri	Funkerr	remaking
21:43:32	Konoha	Hatake -E-	sup
21:43:36	Kiri	Funkerr	or respec me
21:43:40	Konoha	Cifta	anbu? :D
21:43:47	Konoha	Cifta	server is up 5 min
21:43:51	Konoha	Cifta	u are anbu
21:43:52	Konoha	Cifta	xd
21:43:53	Konoha	Cifta	np
21:43:55	Kiri	Funkerr	i know lol, but then it will say my name is in use
21:44:11	Konoha	Cifta	aa admin :D
21:44:17	Konoha	Hatake -E-	owner
21:44:23	Kiri	Funkerr	but really 600 points manually &gt;_&lt;
21:44:29	Konoha	Cifta	ok nice map
21:44:41	Konoha	Cifta	nice clan skills
21:45:01	Konoha	Cifta	i like this kind of goas
21:45:06	Konoha	Cifta	^^
21:45:19	Konoha	Hatake -E-	this is official goa o.O
21:45:23	Konoha	Cifta	ik
21:45:32	Konoha	Cifta	official level 100 ;D
21:49:37	Konoha	Hatake -E-	lol wrong verb
21:51:05	Suna	Okami Shin	Exteban and M4 how do i get Kazekage
21:52:19	Suna	Negrodamus Jr	Cant see
21:52:23	Suna	Tala	m4chiin3 you host or admin?
21:54:16	Konoha	Cifta	m4 spar
21:55:20	Kiri	Funkerr	Finally done
21:55:36	Suna	Okami Shin	M4 tell negro i want to donate some sources with alot of jutsus from officails and others to him
21:55:48	Suna	Negrodamus Jr	not my game
21:55:54	Suna	Okami Shin	who is Exte
21:55:56	Suna	Negrodamus Jr	its exetbans
21:56:02	Suna	Okami Shin	thought so
21:56:12	Suna	Okami Shin	wat happened to yo GOA 2
21:56:37	Konoha	Cifta	lol
21:56:44	Konoha	Cifta	hatake arena plz
21:56:45	Konoha	Cifta	test 
21:56:51	Konoha	Cifta	server fight :D
21:56:55	Suna	Okami Shin	Exte
21:56:59	Suna	Okami Shin	does clones work
21:57:04	Konoha	Cifta	lol cant flicker + creit
21:57:09	Suna	Okami Shin	:(
21:59:24	Konoha	Cifta	lose target
21:59:25	Konoha	Cifta	all times
21:59:27	Konoha	Cifta	full passives
21:59:28	Konoha	Cifta	-.-
21:59:29	Konoha	Hatake -E-	same
22:01:48	Konoha	Cifta	lol
22:01:53	Konoha	Cifta	i cant play 
22:02:00	Konoha	Cifta	this game xd
22:04:17	Konoha	Cifta	bye :D
22:04:22	Konoha	Hatake -E-	bye
22:04:26	Suna	Okami Shin	Exte put me in
22:04:34	Suna	Okami Shin	ill pwn yo ass
22:06:56	Suna	Okami Shin	got me M4
22:07:21	Suna	Okami Shin	wtf
22:07:24	Suna	Okami Shin	wow
22:07:26	Suna	Okami Shin	&gt;.&gt;
22:07:29	Suna	Negrodamus Jr	LETS GO EXTE
22:07:31	Suna	Okami Shin	got lucky though
22:07:32	Suna	Negrodamus Jr	ME AND YOU
22:07:41	Suna	Negrodamus Jr	SOMEONE FIGHT ME
22:07:44	Suna	Okami Shin	Negro think he ready to take on Exte
22:07:51	Suna	Okami Shin	M4 you got lucky
22:07:52	Suna	Negrodamus Jr	&lt;-
22:07:57	Suna	Negrodamus Jr	FIGHT ME THEN HOE
22:07:59	Suna	Okami Shin	my iron skin didnt cool down
22:08:12	Suna	Okami Shin	trust me you would have lost if i had it on
22:08:25	Suna	Okami Shin	i was gonna rebirth but you know im nto a punk
22:10:04	Suna	Okami Shin	M4 i tried invited i even Advertise 3 of the best games at the moment of today
22:10:22	Suna	Okami Shin	Naruto Revenge Of The Fallen, Naruto Exodus, and Naruto ORignal Reborn
22:10:25	Suna	Okami Shin	:(
22:11:05	Suna	Okami Shin	lol i know i thought was yo game at first
22:11:12	Suna	Okami Shin	then i was like masd oh no
22:11:45	Suna	Acuzio	everyone level cap?
22:13:05	Suna	Okami Shin	naw 
22:13:13	Suna	Okami Shin	Acuzio its me
22:13:15	Suna	Okami Shin	:)
22:13:35	Suna	Okami Shin	omg Exteban no ona
22:13:45	Suna	Negrodamus Jr	no sups
22:13:47	Suna	Okami Shin	i tried my hardest
22:14:15	Suna	Okami Shin	Exteban alot of this stuff is from officails lol
22:14:40	Suna	Okami Shin	s
22:15:11	Suna	Negrodamus Jr	yOur laggy af
22:15:13	Suna	Negrodamus Jr	lol
22:15:15	Suna	M4CHiiN3	laggy ?
22:15:17	Suna	M4CHiiN3	the hell
22:15:18	Suna	Negrodamus Jr	runnin way faster
22:15:23	Suna	M4CHiiN3	im the fastest
22:15:25	Suna	M4CHiiN3	player on goa
22:15:44	Suna	M4CHiiN3	gf
22:15:48	Suna	Okami Shin	am i gonna get Kazekage i tried my hardest M4
22:15:50	Suna	Negrodamus Jr	naw i had no sups for your s
22:15:53	Suna	Negrodamus Jr	spamming XD
22:15:55	Suna	Okami Shin	people are just stubborn
22:15:59	Suna	Negrodamus Jr	ripped you at first
