09:34:02	Boots2Asses	Exteban
09:34:02	Boots2Asses	Exteban
09:34:06	Hatake -E-	yo
09:34:06	Hatake -E-	yo
09:34:24	Boots2Asses	Summon me
09:34:24	Boots2Asses	Summon me
09:35:09	Boots2Asses	quais factions tem ?
09:35:09	Boots2Asses	quais factions tem ?
09:35:24	Hatake -E-	rain, sound
09:35:24	Hatake -E-	rain, sound
09:35:29	Hatake -E-	blitz acho
09:35:30	Hatake -E-	blitz acho
09:35:36	Boots2Asses	ei
09:35:36	Boots2Asses	ei
09:35:40	Boots2Asses	está liberado 
09:35:40	Boots2Asses	está liberado 
09:35:44	Boots2Asses	vc n consegue travar?
09:35:44	Boots2Asses	vc n consegue travar?
09:36:15	Hatake -E-	conseguir consigo
09:36:15	Hatake -E-	conseguir consigo
09:36:21	Hatake -E-	mas quer travar pq?
09:36:21	Hatake -E-	mas quer travar pq?
09:36:29	Boots2Asses	pra ficar no mesmo sistema do oficial 
09:36:29	Boots2Asses	pra ficar no mesmo sistema do oficial 
09:36:35	Hatake -E-	eu lembro que tirei porque todo mundo pediu
09:36:35	Hatake -E-	eu lembro que tirei porque todo mundo pediu
09:36:46	Boots2Asses	É muito difícil travar ?
09:36:47	Boots2Asses	É muito difícil travar ?
09:36:50	Hatake -E-	mas sim posso travar facil
09:36:50	Hatake -E-	mas sim posso travar facil
09:37:03	Boots2Asses	Ei, vou relogar 1 segundo
09:37:03	Boots2Asses	Ei, vou relogar 1 segundo
09:38:58	Boots2Asses	exteban
09:38:58	Boots2Asses	exteban
09:39:02	Hatake -E-	?
09:39:02	Hatake -E-	?
09:39:16	Boots2Asses	porque não aparece o simbolo da aldeia no ooc ?
09:39:16	Boots2Asses	porque não aparece o simbolo da aldeia no ooc ?
09:39:35	Hatake -E-	antigamente era assim
09:39:35	Hatake -E-	antigamente era assim
09:39:43	Hatake -E-	nao aparecia no ooc
09:39:43	Hatake -E-	nao aparecia no ooc
09:39:49	Boots2Asses	é dificil de colocar ?
09:39:49	Boots2Asses	é dificil de colocar ?
09:39:51	Boots2Asses	hm
09:39:51	Boots2Asses	hm
09:39:53	Hatake -E-	nope
09:39:54	Hatake -E-	nope
09:39:58	Hatake -E-	facil tambem
09:39:58	Hatake -E-	facil tambem
09:40:32	Boots2Asses	Sword é bom aqui ?
09:40:32	Boots2Asses	Sword é bom aqui ?
09:40:36	Boots2Asses	tem algo nerfado ?
09:40:36	Boots2Asses	tem algo nerfado ?
09:40:48	Boots2Asses	ou está exatamente igual ao antigo ?
09:40:48	Boots2Asses	ou está exatamente igual ao antigo ?
09:40:59	Hatake -E-	vou te por lvl 100 para testares
09:40:59	Boots2Asses	Pode me dar lvl 100 e money pra testar ?
09:41:00	Hatake -E-	vou te por lvl 100 para testares
09:41:00	Boots2Asses	Pode me dar lvl 100 e money pra testar ?
09:41:05	Boots2Asses	Certo
09:41:05	Boots2Asses	Certo
09:41:58	Boots2Asses	Exteban 
09:41:59	Boots2Asses	Exteban 
09:42:14	Hatake -E-	vou so dar reboot para destrancar a source para arranjar essas coisinhas
09:42:15	Hatake -E-	vou so dar reboot para destrancar a source para arranjar essas coisinhas
09:42:23	Boots2Asses	ei
09:42:23	Boots2Asses	ei
09:42:26	Hatake -E-	?
09:42:26	Hatake -E-	?
09:42:33	Boots2Asses	não precisa trancar a sala lá não 
09:42:33	Boots2Asses	não precisa trancar a sala lá não 
09:42:38	Boots2Asses	deixa aberta 
09:42:38	Boots2Asses	deixa aberta 
09:42:43	Hatake -E-	so o ooc entao?
09:42:43	Hatake -E-	so o ooc entao?
09:42:46	Boots2Asses	Sim
09:42:46	Boots2Asses	Sim
09:42:53	Hatake -E-	ta
09:42:53	Hatake -E-	ta
09:42:55	Boots2Asses	Ei
09:42:56	Boots2Asses	Ei
09:43:01	Hatake -E-	=
09:43:02	Hatake -E-	=
09:43:02	Boots2Asses	mas espera eu testar a espada pra ver
09:43:02	Boots2Asses	mas espera eu testar a espada pra ver
09:43:06	Hatake -E-	ok
09:43:06	Hatake -E-	ok
09:43:09	Boots2Asses	me da summon 
09:43:09	Boots2Asses	me da summon 
09:43:45	Boots2Asses	como funciona a mp aqui ?
09:43:45	Boots2Asses	como funciona a mp aqui ?
09:45:26	Hatake -E-	exactamente como funcionava antes
09:45:27	Hatake -E-	exactamente como funcionava antes
09:50:00	Hatake -E-	si?
09:50:00	Hatake -E-	si?
09:50:46	Hatake -E-	2636 6 wounds
09:50:46	Hatake -E-	2636 6 wounds
09:58:31	Boots2Asses	você pode remover o respect desta sala ?
09:58:31	Boots2Asses	você pode remover o respect desta sala ?
09:58:37	Boots2Asses	Tem o item pra vender né ?
09:58:37	Boots2Asses	Tem o item pra vender né ?
09:58:42	Boots2Asses	é difícil remover?
09:58:42	Boots2Asses	é difícil remover?
09:59:17	Boots2Asses	Exteban
09:59:17	Boots2Asses	Exteban
09:59:26	Boots2Asses	é possivel irmos na arena chuunin ??
09:59:26	Boots2Asses	é possivel irmos na arena chuunin ??
10:00:39	Boots2Asses	Precisamos lutar para testar tudo
10:00:39	Boots2Asses	Precisamos lutar para testar tudo
10:02:02	Hatake -E-	esquece tava era escondido
10:02:02	Hatake -E-	esquece tava era escondido
10:02:10	Boots2Asses	kk
10:02:10	Boots2Asses	kk
10:08:06	Boots2Asses	Exteban
10:08:06	Boots2Asses	Exteban
10:08:17	Hatake -E-	?
10:08:17	Hatake -E-	?
10:08:18	Boots2Asses	você vai corrigir isso ?
10:08:18	Boots2Asses	você vai corrigir isso ?
10:08:21	Hatake -E-	o que?
10:08:21	Hatake -E-	o que?
10:08:28	Boots2Asses	quanto vai me vender a rip ?
10:08:28	Boots2Asses	quanto vai me vender a rip ?
10:08:34	Hatake -E-	40$
10:08:34	Hatake -E-	40$
10:08:56	Boots2Asses	40 reais ?
10:08:56	Boots2Asses	40 reais ?
10:09:00	Hatake -E-	dollars
10:09:00	Hatake -E-	dollars
10:09:24	Hatake -E-	acho que e 120 reais +/-
10:09:24	Hatake -E-	acho que e 120 reais +/-
10:10:01	Hatake -E-	131 reais
10:10:01	Hatake -E-	131 reais
10:10:16	Boots2Asses	Você não acha muito alto ?
10:10:16	Boots2Asses	Você não acha muito alto ?
10:10:34	Boots2Asses	Porque eu moro no Brasil
10:10:34	Boots2Asses	Porque eu moro no Brasil
10:10:43	Hatake -E-	nem por isso, isto e uma source que so eu tenho mesmo, nao vai encontrar em mais lado nenhum
10:10:43	Hatake -E-	nem por isso, isto e uma source que so eu tenho mesmo, nao vai encontrar em mais lado nenhum
10:11:16	Hatake -E-	desculpa mas nao posso fazer mais barato so por isso, senao eu nao ganho nada...
10:11:16	Hatake -E-	desculpa mas nao posso fazer mais barato so por isso, senao eu nao ganho nada...
10:11:37	Boots2Asses	você aceita paypal ?
10:11:37	Boots2Asses	você aceita paypal ?
10:11:48	Boots2Asses	Você pode me dar a do reborn de bonus ?
10:11:48	Boots2Asses	Você pode me dar a do reborn de bonus ?
10:11:48	Hatake -E-	sim e so paypal que uso mesmo
10:11:48	Hatake -E-	sim e so paypal que uso mesmo
10:12:18	Hatake -E-	desculpa mas nao posso...a do reborn tambem so eu e o playah que temos...
10:12:18	Hatake -E-	desculpa mas nao posso...a do reborn tambem so eu e o playah que temos...
10:12:40	Hatake -E-	se fossem sources comuns eu vendia barato, mas nao sao de todo
10:12:40	Hatake -E-	se fossem sources comuns eu vendia barato, mas nao sao de todo
10:12:48	Boots2Asses	Tudo bem 
10:12:49	Boots2Asses	Tudo bem 
10:12:52	Boots2Asses	mas 1 coisa
10:12:52	Boots2Asses	mas 1 coisa
10:13:13	Hatake -E-	?
10:13:13	Hatake -E-	?
10:13:41	Boots2Asses	Você vai me passar por onde ?
10:13:42	Boots2Asses	Você vai me passar por onde ?
10:14:00	Hatake -E-	sendspace
10:14:00	Hatake -E-	sendspace
10:14:15	Boots2Asses	Certo 
10:14:15	Boots2Asses	Certo 
10:14:17	Hatake -E-	eu faço upload no sendspace e te dou o link
10:14:17	Hatake -E-	eu faço upload no sendspace e te dou o link
10:14:29	Boots2Asses	você ja concertou o que pedi ?
10:14:30	Boots2Asses	você ja concertou o que pedi ?
10:14:38	Hatake -E-	o coisinho do ooc, ja sim
10:14:38	Hatake -E-	o coisinho do ooc, ja sim
10:14:43	Boots2Asses	me coloca como lider da ame e me da chunin
10:14:43	Boots2Asses	me coloca como lider da ame e me da chunin
10:14:50	Hatake -E-	tenho so que fazer reboot
10:14:50	Hatake -E-	tenho so que fazer reboot
10:15:35	Boots2Asses	relogar
10:15:35	Boots2Asses	relogar
10:16:26	Hatake -E-	e assim, se quiser posso fazer a do reborn e esta por 30$ mas e so se comprar as duas mesmo
10:17:06	Boots2Asses	Exteban
10:17:06	Boots2Asses	Exteban
10:17:11	Hatake -E-	?
10:17:11	Hatake -E-	?
10:18:21	Boots2Asses	Você pode me mandar o jogo
10:18:22	Boots2Asses	Você pode me mandar o jogo
10:18:33	Boots2Asses	e o arquivo da porta byond destravada e 1 destravada ?
10:18:33	Boots2Asses	e o arquivo da porta byond destravada e 1 destravada ?
10:18:44	Boots2Asses	travada* e destravada *
10:18:45	Boots2Asses	travada* e destravada *
10:18:50	Boots2Asses	estou em duvida de qual usar 
10:18:50	Boots2Asses	estou em duvida de qual usar 
10:19:11	Hatake -E-	sim pode ser de boa
10:19:11	Hatake -E-	sim pode ser de boa
10:19:19	Boots2Asses	reboot
10:19:19	Boots2Asses	reboot
10:19:48	Hatake -E-	kk
10:19:48	Hatake -E-	kk
10:21:41	Hatake -E-	.
10:24:13	Hatake -E-	.
10:25:50	Boots2Asses	x
10:25:50	Boots2Asses	x
10:26:17	Boots2Asses	exteba
10:26:18	Boots2Asses	exteba
10:26:40	Hatake -E-	?
10:26:40	Hatake -E-	?
10:31:31	Boots2Asses	View online people
10:31:31	Boots2Asses	View online people
10:31:38	Boots2Asses	is bugged
10:31:38	Boots2Asses	is bugged
10:31:56	Hatake -E-	isso e um bug mesmo das ultimas atualizacoes do byond
10:31:56	Hatake -E-	isso e um bug mesmo das ultimas atualizacoes do byond
10:32:03	Hatake -E-	eles estragaram o browser
10:32:03	Hatake -E-	eles estragaram o browser
10:32:11	Hatake -E-	as vezes mostra outras nao
10:32:11	Hatake -E-	as vezes mostra outras nao
08:52:20	Boots2Asses	x
09:05:17	Boots2Asses	x
09:05:46	Boots2Asses	x
