22:02:44	Fire	Fire	use kawa plz
22:03:04	Fire	Fire	use kawa and move left
22:03:41	Ousamu, Naruke	Ousamu, Naruke	gopgpgp
22:03:43	Ousamu, Naruke	Ousamu, Naruke	gogogogo
22:03:48	Fire	Fire	Bah fawk
22:04:15	Ousamu, Naruke	Ousamu, Naruke	use kawa
22:04:35	Fire	Fire	forgot that xD
22:04:40	Fire	Fire	use kawa
22:04:44	Ousamu, Naruke	Ousamu, Naruke	go
22:04:51	Ousamu, Naruke	Ousamu, Naruke	wtf is that?
22:04:55	Fire	Fire	got dmg?
22:04:59	Ousamu, Naruke	Ousamu, Naruke	no
22:05:01	Fire	Fire	good
22:05:05	Fire	Fire	im stuck
22:05:08	Fire	Fire	xd
22:05:18	Fire	Fire	use again
22:05:35	Fire	Fire	tell me when done
22:05:46	Ousamu, Naruke	Ousamu, Naruke	Go
22:05:51	Fire	Fire	as i thought
22:05:53	Ousamu, Naruke	Ousamu, Naruke	what you just use?
22:05:57	Fire	Fire	didnt do it righr
22:05:59	Ousamu, Naruke	Ousamu, Naruke	poison needles?
22:06:03	Fire	Fire	poison needles
22:06:06	Ousamu, Naruke	Ousamu, Naruke	ah
22:06:24	Fire	Fire	hmm
22:07:02	Fire	Fire	no bird :D
22:07:10	Ousamu, Naruke	Ousamu, Naruke	so thats fixed
22:07:12	Fire	Fire	yh
22:07:23	Fire	Fire	lemme test kawa gates
22:07:41	Ousamu, Naruke	Ousamu, Naruke	gogogogo
22:07:46	Maito Gai	Maito Gai	hmm
22:07:54	Maito Gai	Maito Gai	**** x2
22:09:08	Maito Gai	Maito Gai	xD
22:09:11	Ousamu, Naruke	Ousamu, Naruke	wth was that
22:09:11	Maito Gai	Maito Gai	remember?
22:09:27	Maito Gai	Maito Gai	block
22:09:46	Ousamu, Naruke	Ousamu, Naruke	xDD
22:09:47	Maito Gai	Maito Gai	chakra enhacemend
22:09:48	Ousamu, Naruke	Ousamu, Naruke	you added that
22:09:52	Ousamu, Naruke	Ousamu, Naruke	yeah
22:09:56	Maito Gai	Maito Gai	i luv this thing
22:09:59	Maito Gai	Maito Gai	its addincting
22:10:03	Maito Gai	Maito Gai	addicting*
22:10:34	Ousamu, Naruke	Ousamu, Naruke	see i lost rasengan
22:10:39	Maito Gai	Maito Gai	yh
22:10:40	Ousamu, Naruke	Ousamu, Naruke	even though i kawa&#39;d
22:15:40	Maito Gai	Maito Gai	hmm
22:19:46	Maito Gai	Maito Gai	LOL
22:19:49	Maito Gai	Maito Gai	COMBO
22:19:53	Ousamu, Naruke	Ousamu, Naruke	2op
22:20:01	Maito Gai	Maito Gai	best combo ever
22:20:03	Ousamu, Naruke	Ousamu, Naruke	You gave regular ctr a icon?
22:20:03	Maito Gai	Maito Gai	xD
22:20:10	Maito Gai	Maito Gai	no
22:20:19	Maito Gai	Maito Gai	i gave you it
22:20:39	Maito Gai	Maito Gai	w8 yeh i did
22:20:43	Maito Gai	Maito Gai	my bad xD
22:21:02	Maito Gai	Maito Gai	ahah
22:21:14	Maito Gai	Maito Gai	~ur highest was 672
22:21:19	Ousamu, Naruke	Ousamu, Naruke	t-_-t
22:21:28	Maito Gai	Maito Gai	tanking like a baws
22:21:35	Maito Gai	Maito Gai	~brb gona fix gates
22:21:38	Ousamu, Naruke	Ousamu, Naruke	k
22:42:31	Maito Gai	Maito Gai	gona reboot
22:47:27	Fire	Fire	sry im not even letting you play
22:47:34	Ousamu, Naruke	Ousamu, Naruke	its good
22:47:41	Fire	Fire	use kawa
22:47:55	Fire	Fire	any dmg?
22:47:59	Ousamu, Naruke	Ousamu, Naruke	mpw 
22:48:04	Fire	Fire	&gt;.&gt;
22:48:07	Fire	Fire	revenge?
22:48:09	Fire	Fire	xD
22:48:11	Ousamu, Naruke	Ousamu, Naruke	xDD
22:48:38	Fire	Fire	kawa again plz
22:48:50	Fire	Fire	a ****
22:49:21	Fire	Fire	brb gona test fear
22:49:42	Uchiha -E-	Uchiha -E-	target o.o
22:49:43	Uchiha -E-	Uchiha -E-	plz
22:49:47	Ousamu, Naruke	Ousamu, Naruke	k
22:49:56	Uchiha -E-	Uchiha -E-	moce
22:50:01	Uchiha -E-	Uchiha -E-	hmm
22:50:05	Uchiha -E-	Uchiha -E-	strange
22:50:53	Uchiha -E-	Uchiha -E-	is it slowing you?
22:50:58	Uchiha -E-	Uchiha -E-	mp?
22:51:20	Ousamu, Naruke	Ousamu, Naruke	no
22:51:46	Ousamu, Naruke	Ousamu, Naruke	Yes
22:51:48	Uchiha -E-	Uchiha -E-	ahah
22:51:49	Ousamu, Naruke	Ousamu, Naruke	lol
22:51:50	Uchiha -E-	Uchiha -E-	=)
22:51:55	Uchiha -E-	Uchiha -E-	cool
22:52:01	Uchiha -E-	Uchiha -E-	too op?
22:52:13	Ousamu, Naruke	Ousamu, Naruke	hmm
22:52:15	Ousamu, Naruke	Ousamu, Naruke	nah
22:52:19	Uchiha -E-	Uchiha -E-	k gates now
22:52:45	Maito Gai	Maito Gai	kawa
22:52:50	Ousamu, Naruke	Ousamu, Naruke	go
22:52:59	Maito Gai	Maito Gai	dmg?
22:53:01	Ousamu, Naruke	Ousamu, Naruke	JUST MAKE IT UNTARGET LOL
22:53:07	Ousamu, Naruke	Ousamu, Naruke	nah
22:53:11	Maito Gai	Maito Gai	WOOT
22:53:12	Ousamu, Naruke	Ousamu, Naruke	not until the second hit
22:53:26	Maito Gai	Maito Gai	spam enhacement on me xD
22:53:33	Ousamu, Naruke	Ousamu, Naruke	k
22:53:57	Maito Gai	Maito Gai	xD
22:54:26	Maito Gai	Maito Gai	only rasengan and needles to go
23:25:45	Fire	Fire	sry
23:25:58	Fire	Fire	X + Eyez + Sen vs hashirama
23:26:01	Fire	Fire	they all dies
23:26:04	Ousamu, Naruke	Ousamu, Naruke	xD
23:26:14	Fire	Fire	ãnd he didnt use his strongest move
23:26:23	Fire	Fire	kawa
23:26:24	Ousamu, Naruke	Ousamu, Naruke	Lol that thing is way Op
23:26:26	Ousamu, Naruke	Ousamu, Naruke	Go
23:26:35	Fire	Fire	dmg?
23:26:38	Ousamu, Naruke	Ousamu, Naruke	Nope
23:26:41	Fire	Fire	perfect
23:26:51	Fire	Fire	~dont move
23:26:52	Fire	Fire	kawa
23:26:52	Ousamu, Naruke	Ousamu, Naruke	once more
23:26:56	Ousamu, Naruke	Ousamu, Naruke	go
23:27:00	Fire	Fire	Ah ****
23:27:00	Ousamu, Naruke	Ousamu, Naruke	ew
23:27:05	Fire	Fire	lol
23:27:24	Fire	Fire	**** it, ill fix that later
23:27:27	Fire	Fire	dont tell no one
23:27:29	Fire	Fire	xd
23:27:34	Fire	Fire	fear now
23:27:57	Uchiha -E-	Uchiha -E-	target
23:29:09	Uchiha -E-	Uchiha -E-	tell me when done
23:30:35	Ousamu, Naruke	Ousamu, Naruke	my bad
23:30:38	Ousamu, Naruke	Ousamu, Naruke	go
23:30:47	Ousamu, Naruke	Ousamu, Naruke	Exte?
23:30:50	Uchiha -E-	Uchiha -E-	target 
23:31:03	Uchiha -E-	Uchiha -E-	...
23:31:13	Ousamu, Naruke	Ousamu, Naruke	i am 
23:31:15	Uchiha -E-	Uchiha -E-	Target xD
23:31:16	Ousamu, Naruke	Ousamu, Naruke	targeting you
23:31:22	Uchiha -E-	Uchiha -E-	wtf
23:31:27	Ousamu, Naruke	Ousamu, Naruke	no icon
23:31:29	Ousamu, Naruke	Ousamu, Naruke	but im slowed
23:31:30	Uchiha -E-	Uchiha -E-	yh
23:31:39	Uchiha -E-	Uchiha -E-	what the ****
23:31:59	Uchiha -E-	Uchiha -E-	ah yeh
23:32:11	Ousamu, Naruke	Ousamu, Naruke	lol
23:32:20	Uchiha -E-	Uchiha -E-	reset at use rasengan
23:32:56	Uchiha -E-	Uchiha -E-	&gt;.&lt;
23:34:28	Ousamu, Naruke	Ousamu, Naruke	ready?
23:34:33	Uchiha -E-	Uchiha -E-	go
23:34:39	Ousamu, Naruke	Ousamu, Naruke	?
23:34:39	Uchiha -E-	Uchiha -E-	hmm
23:34:47	Ousamu, Naruke	Ousamu, Naruke	what was suppose to happen?
23:35:02	Uchiha -E-	Uchiha -E-	use kawa
23:35:04	Uchiha -E-	Uchiha -E-	plz
23:35:09	Ousamu, Naruke	Ousamu, Naruke	go
23:35:13	Uchiha -E-	Uchiha -E-	this
23:35:26	Ousamu, Naruke	Ousamu, Naruke	so its fixed or..?
23:35:31	Uchiha -E-	Uchiha -E-	brb
23:35:32	Ousamu, Naruke	Ousamu, Naruke	did you not use kawa?
23:35:48	Fire	Fire	use rasengan
23:36:01	Fire	Fire	fixed
23:36:08	Ousamu, Naruke	Ousamu, Naruke	make untarget!
23:36:11	Ousamu, Naruke	Ousamu, Naruke	make untarget!
23:36:13	Fire	Fire	im trying
23:36:13	Ousamu, Naruke	Ousamu, Naruke	gogogogogo
23:36:16	Fire	Fire	QQ
23:36:24	Ousamu, Naruke	Ousamu, Naruke	lol look at the official source
23:36:28	Fire	Fire	i did
23:36:29	Fire	Fire	QQ
23:36:32	Ousamu, Naruke	Ousamu, Naruke	o.o
23:36:39	Ousamu, Naruke	Ousamu, Naruke	add the officials one
23:36:41	Ousamu, Naruke	Ousamu, Naruke	o.o
23:36:43	Ousamu, Naruke	Ousamu, Naruke	lol
23:36:45	Fire	Fire	HELL NAW
23:36:48	Fire	Fire	i got my pride
23:36:52	Ousamu, Naruke	Ousamu, Naruke	Noo
23:36:55	Ousamu, Naruke	Ousamu, Naruke	Noone will know
23:37:03	Fire	Fire	i will
23:37:07	Ousamu, Naruke	Ousamu, Naruke	!!
23:37:39	Ousamu, Naruke	Ousamu, Naruke	wth
23:37:40	Ousamu, Naruke	Ousamu, Naruke	was tht
23:38:04	the jjhghjghj	jjhghjghj	lol
23:38:46	Ousamu, Naruke	Ousamu, Naruke	xD
23:38:48	Ousamu, Naruke	Ousamu, Naruke	ran out
23:38:52	the jjhghjghj	jjhghjghj	obv
23:39:03	the jjhghjghj	jjhghjghj	lol cheat
23:39:03	Ousamu, Naruke	Ousamu, Naruke	bam!
23:39:09	Ousamu, Naruke	Ousamu, Naruke	naruke-1
23:39:09	the jjhghjghj	jjhghjghj	see
23:39:12	the jjhghjghj	jjhghjghj	its addicting
23:39:18	Ousamu, Naruke	Ousamu, Naruke	jjhghjgh-0
23:39:46	Ousamu, Naruke	Ousamu, Naruke	its gone be OP for my battle when a gater try to step to me
23:39:49	Ousamu, Naruke	Ousamu, Naruke	Yassrab
23:39:51	Ousamu, Naruke	Ousamu, Naruke	here i come
23:40:10	Osama Bin-Laden	Osama Bin-Laden	JAJAJAJAJAJA
23:40:13	Osama Bin-Laden	Osama Bin-Laden	JAJAJAJAJAJAJAJAJAJAJA
23:40:38	Osama Bin-Laden	Osama Bin-Laden	JAJAJAJAJAJAJAJAJAAJA
23:40:44	Osama Bin-Laden	Osama Bin-Laden	JAJAJAJAJAJA
23:40:50	Osama Bin-Laden	Osama Bin-Laden	JAJAJAJAJAJAJAA
23:41:47	Ousamu, Naruke	Ousamu, Naruke	OSAMA BIN LAD?!
23:41:51	Ousamu, Naruke	Ousamu, Naruke	KILL KIL KILL
23:42:48	Osama Bin-Laden	Osama Bin-Laden	JAJAJAJAJAJAJA
23:43:00	Osama Bin-Laden	Osama Bin-Laden	JAJAJAJAJA
23:43:00	Ousamu, Naruke	Ousamu, Naruke	terrorist
23:43:03	Ousamu, Naruke	Ousamu, Naruke	Oh poop
23:43:04	Osama Bin-Laden	Osama Bin-Laden	JAJAJAJAJA
23:43:12	Osama Bin-Laden	Osama Bin-Laden	xD
23:43:22	Osama Bin-Laden	Osama Bin-Laden	Osama ftw
23:43:25	Ousamu, Naruke	Ousamu, Naruke	are you adding that?
23:43:28	Osama Bin-Laden	Osama Bin-Laden	nah
23:43:32	Osama Bin-Laden	Osama Bin-Laden	too op
23:43:35	Ousamu, Naruke	Ousamu, Naruke	yeah
23:43:43	Ousamu, Naruke	Ousamu, Naruke	do that in FoD
23:43:44	Ousamu, Naruke	Ousamu, Naruke	and GG
23:43:45	Osama Bin-Laden	Osama Bin-Laden	but its nice
23:43:47	Osama Bin-Laden	Osama Bin-Laden	for trolls
23:43:50	Ousamu, Naruke	Ousamu, Naruke	Everybody losingthey scroll
23:43:54	Osama Bin-Laden	Osama Bin-Laden	xD
