13:55:32	Guardian	Guardian	Damm ik an op ass build for battle
13:55:40	Uchiha -E-	Uchiha -E-	on what?
13:56:50	Guardian	Guardian	you added S rank mish?
13:56:54	Uchiha -E-	Uchiha -E-	nope
13:56:57	Guardian	Guardian	:/
13:57:06	Uchiha -E-	Uchiha -E-	i just put this up to have some fun
13:57:10	Guardian	Guardian	lol
13:57:11	Uchiha -E-	Uchiha -E-	its not coming back
13:57:14	Guardian	Guardian	aww
13:57:24	Guardian	Guardian	2bad
14:00:28	Uchiha -E-	Uchiha -E-	might as well as open the other server
14:00:36	Guardian	Guardian	:o
14:00:48	Uchiha -E-	Uchiha -E-	the one with more jutsus
14:02:38	Uchiha -E-	Uchiha -E-	lol
14:02:40	Guardian	Guardian	Stop Loling imposter! All knows in real life you are not laughing
14:02:57	Uchiha -E-	Uchiha -E-	i forgot how to make those macros QQ
14:03:16	Uchiha -E-	Uchiha -E-	jajajajja
14:03:19	Guardian	Guardian	:/
14:10:00	Raditz	Raditz	strange
14:10:01	Uchiha -E-	Uchiha -E-	i dont have jutsus...
14:10:03	Uchiha -E-	Uchiha -E-	&gt;.&gt;
14:10:17	Raditz	Raditz	oh crap
14:10:21	Raditz	Raditz	this account is lvl 68
14:10:25	Uchiha -E-	Uchiha -E-	lol
14:10:27	Raditz	Raditz	were is my lvl 90
14:10:35	Uchiha -E-	Uchiha -E-	this is my server
14:10:38	Uchiha -E-	Uchiha -E-	not negro&#39;s
14:10:45	Raditz	Raditz	omgg
14:10:52	Raditz	Raditz	that means i lost my level 90 ?
14:10:53	Uchiha -E-	Uchiha -E-	this isnt coming back anyway
14:11:02	Raditz	Raditz	oh
14:11:49	Uchiha -E-	Uchiha -E-	im opening a new one
14:11:52	Raditz	Raditz	oh
14:11:54	Uchiha -E-	Uchiha -E-	with more jutsus and poop
14:12:08	Raditz	Raditz	can you show me what liger bomb looks like on this 
14:12:16	Uchiha -E-	Uchiha -E-	i didnt add it yet
14:12:21	Uchiha -E-	Uchiha -E-	its disabled
14:12:33	Raditz	Raditz	what justu&#39;s are added that you input in the game
14:13:20	Uchiha -E-	Uchiha -E-	hum?
14:13:58	Raditz	Raditz	exte
14:14:06	Raditz	Raditz	what if one person enters the chunin exam ?
14:14:14	Raditz	Raditz	Do they still get it ? or its bugged
14:14:49	Uchiha -E-	Uchiha -E-	how so get bugged?
14:15:19	Raditz	Raditz	since no one else would in the exam, would that one person still get chunin
14:16:40	Uchiha -E-	Uchiha -E-	nope
14:16:56	Raditz	Raditz	ok
14:17:29	Guardian	Guardian	brb
14:20:27	Guardian	Guardian	lolol
14:20:34	Guardian	Guardian	back
14:20:39	Raditz	Raditz	:)
14:22:02	Guardian	Guardian	tag you it
14:27:29	Raditz	Raditz	sup son
14:27:46	Bloodtaster	Bloodtaster	Sup grandson.
14:30:40	Raditz	Raditz	blood
14:30:43	Raditz	Raditz	leave kiri, come suna
14:30:43	Bloodtaster	Bloodtaster	?
14:30:48	Bloodtaster	Bloodtaster	Haha, nah.
14:31:03	Raditz	Raditz	i&#39;ll tell exteban to take you out of kiri real quick
14:31:15	Bloodtaster	Bloodtaster	Haha
14:32:04	Bloodtaster	Bloodtaster	Ksst.
14:32:07	Raditz	Raditz	YES
14:32:08	Bloodtaster	Bloodtaster	Shoo, go
14:35:24	Guardian	Guardian	Can you add stuff in info cards?
14:35:29	Guardian	Guardian	Or its still bugged?
14:35:40	Raditz	Raditz	i&#39;ll check
14:35:50	Raditz	Raditz	yep, still bugged
