12:44:42	Uchiha -E-	Uchiha -E-	walk
12:44:43	Bloodtaster	Bloodtaster	Hm.
12:44:48	Uchiha -E-	Uchiha -E-	o.o
12:44:50	Bloodtaster	Bloodtaster	Level 60, old save-files, hehe
12:44:53	Uchiha -E-	Uchiha -E-	yh
12:44:56	Uchiha -E-	Uchiha -E-	slowd?
12:44:56	Bloodtaster	Bloodtaster	Wow, oped mp stun.
12:45:28	Uchiha -E-	Uchiha -E-	try to run in hosp
12:45:41	Uchiha -E-	Uchiha -E-	~^
12:45:41	Bloodtaster	Bloodtaster	You may not retreat so soon!
12:45:44	Uchiha -E-	Uchiha -E-	^^
12:45:47	Bloodtaster	Bloodtaster	Nice
12:45:53	Bloodtaster	Bloodtaster	How long does it last?
12:46:02	Uchiha -E-	Uchiha -E-	15 secs
12:46:11	Uchiha -E-	Uchiha -E-	log out
12:46:31	Uchiha -E-	Uchiha -E-	log
12:46:33	Bloodtaster	Bloodtaster	You got to kill me
12:46:36	Uchiha -E-	Uchiha -E-	no
12:46:38	Uchiha -E-	Uchiha -E-	just do it
12:46:40	Bloodtaster	Bloodtaster	You have recieved retribution for trying to escape death by logging out. Do not log out while KO&#39;d. ... 
12:47:03	Uchiha -E-	Uchiha -E-	you logged? lol
12:47:08	Bloodtaster	Bloodtaster	Yup
12:47:12	Uchiha -E-	Uchiha -E-	didnt even see
12:47:22	Uchiha -E-	Uchiha -E-	see its cool
12:47:23	Uchiha -E-	Uchiha -E-	^^
12:47:28	Bloodtaster	Bloodtaster	Nice
12:47:37	Uchiha -E-	Uchiha -E-	what else needed to be fixed
12:47:42	Uchiha -E-	Uchiha -E-	reduces mp slowdiwn
12:47:45	Uchiha -E-	Uchiha -E-	slowdown*
12:47:45	Bloodtaster	Bloodtaster	Yeah.
12:47:47	Bloodtaster	Bloodtaster	Hm..
12:47:50	Uchiha -E-	Uchiha -E-	reduced it already
12:47:59	Bloodtaster	Bloodtaster	Fear gen
12:48:19	Bloodtaster	Bloodtaster	poop lasted like 2-3 k0&#39;s and even after I got healed after dying like 2-3 times.
12:48:23	Bloodtaster	Bloodtaster	It was still there.
12:48:27	Uchiha -E-	Uchiha -E-	hmm
12:48:29	Bloodtaster	Bloodtaster	It&#39;s also makes doton chamber auto-land.
12:48:34	Uchiha -E-	Uchiha -E-	ok imma nerf it
12:48:51	Uchiha -E-	Uchiha -E-	what else?
12:48:54	Uchiha -E-	Uchiha -E-	ah
12:49:07	Uchiha -E-	Uchiha -E-	uhuh
12:49:48	Uchiha -E-	Uchiha -E-	h lol
12:49:55	Uchiha -E-	Uchiha -E-	i need to remove loggersystem
12:49:58	Uchiha -E-	Uchiha -E-	for now...
12:50:03	Bloodtaster	Bloodtaster	Y?
12:50:08	Uchiha -E-	Uchiha -E-	its ****ing saves
12:50:17	Bloodtaster	Bloodtaster	Ah..
12:50:18	Bloodtaster	Bloodtaster	Btw
12:50:31	Bloodtaster	Bloodtaster	Me &amp; Ambulance were talking about it and we came to a conclusion.
12:50:39	Uchiha -E-	Uchiha -E-	?
12:50:40	Bloodtaster	Bloodtaster	You added missing factions way to early.
12:50:45	Uchiha -E-	Uchiha -E-	yh ik
12:50:47	Bloodtaster	Bloodtaster	The villages are starting to get empty
12:50:59	Bloodtaster	Bloodtaster	Everyone&#39;s trying to be a wanna-be rain members or blitz member.
12:51:26	Uchiha -E-	Uchiha -E-	rain doesnt exist
12:51:34	Uchiha -E-	Uchiha -E-	and blitz has a limit of 10 players
12:52:06	Bloodtaster	Bloodtaster	Hm, alright
12:52:16	Uchiha -E-	Uchiha -E-	i think i just fixed the logging system bug
12:52:20	Uchiha -E-	Uchiha -E-	lol
12:52:26	Bloodtaster	Bloodtaster	Wanna test it?
12:52:31	Uchiha -E-	Uchiha -E-	yh imma reboot
12:53:43	Bloodtaster	Bloodtaster	Can I mute Yagura? :P
12:54:28	Bloodtaster	Bloodtaster	Ah, I wanted to do that &gt;:o
12:54:49	Bloodtaster	Bloodtaster	I&#39;ll mute myself I guess
12:54:57	Uchiha -E-	Uchiha -E-	Banned Yagura (Yondaime18000, 236012511) ... Yagura has logged out. ... 
12:55:11	Bloodtaster	Bloodtaster	LOL
12:55:27	Bloodtaster	Bloodtaster	Huh?
12:55:31	Bloodtaster	Bloodtaster	I can&#39;t mute myself? Lulz
12:55:37	Bloodtaster	Bloodtaster	You&#39;re Muted ... Bloodtaster says: LOL ... You&#39;re Muted ... Bloodtaster says: Huh? ... You&#39;re Muted ... Bloodtaster says: I can&#39;t mute myself? Lulz
12:56:03	Uchiha -E-	Uchiha -E-	gona reboot
12:56:10	Bloodtaster	Bloodtaster	Btw
12:59:17	Uchiha -E-	Uchiha -E-	brb
13:00:54	Osama BinLaden	Osama BinLaden	o.o
13:10:00	Bloodtaster	Bloodtaster	Are you going to test anything else?
13:11:21	Uchiha -E-	Uchiha -E-	nah
13:11:23	Uchiha -E-	Uchiha -E-	thx
