12:56:02	Hatake -E-	Hatake -E-	lemme test ruth boost
12:56:08	Hatake -E-	Hatake -E-	see if i fixed
13:24:47	Presence	Presence	So you are hosting again
13:45:43	NemesisRetailed	NemesisRetailed	mission?
13:48:13	Adrenaline	Adrenaline	525 ea at lvl 50
13:48:16	Adrenaline	Adrenaline	poop to OP
13:49:02	Adrenaline	Adrenaline	o.o the new kawa
13:49:17	Adrenaline	Adrenaline	heal
13:51:36	Adrenaline	Adrenaline	does pressure damage give a high boost to ruthy&#39;s here 2?
13:52:00	Adrenaline	Adrenaline	?
13:59:41	Konoha Guard	Uchiha Shauri	It&#39;ll be changed.
14:17:01	Uchiha Shauri	Uchiha Shauri	Are you using Sharingan tomoe 3?
14:17:12	Uchiha Shauri	Uchiha Shauri	Weird.
14:17:16	Uchiha Shauri	Uchiha Shauri	I&#39;ll relog.
14:25:15	Ao	Ao	.
14:29:14	Kaguya Sousuke	Kaguya Sousuke	:!
14:29:28	Kaguya Sousuke	Kaguya Sousuke	lol gg
14:29:39	Kaguya Sousuke	Kaguya Sousuke	everybody passed -_-
14:31:05	Kaguya Sousuke	Kaguya Sousuke	jaja blood.
14:31:33	Hatake -E-	Hatake -E-	im 54 o.o
14:31:38	Hatake -E-	Hatake -E-	and im ruthless
14:31:40	Hatake -E-	Hatake -E-	o.O
14:32:53	Hyuuga Zenouva	Hyuuga Zenouva	C´MON -.-
14:32:58	Uchiha FleX	Uchiha FleX	what?
14:34:26	Kaguya Sousuke	Kaguya Sousuke	sad
14:34:29	Kaguya Sousuke	Kaguya Sousuke	teammers lol
14:35:13	Kaguya Sousuke	Kaguya Sousuke	**** boys sucks lol
14:38:03	Hatake -E-	Hatake -E-	str con ruthless ftw
14:39:50	Hatake -E-	Hatake -E-	you spamed too bro
14:53:29	FooX	FooX	dog
14:55:02	Uchiha Izuna	Uchiha Izuna	dis failed
14:55:31	Uchiha Izuna	Uchiha Izuna	heal.
14:55:42	Uchiha Izuna	Uchiha Izuna	heal.
