06:11:04	Pl	Pl	click me
06:11:14	Uchiha -E-	Uchiha -E-	nice
06:11:35	Pl	Pl	fack im reverting
06:11:42	Pl	Pl	thought youd be happy
06:12:01	Pl	Pl	ill send the source w.o it actually
06:12:07	Uchiha -E-	Uchiha -E-	:(
06:12:11	Uchiha -E-	Uchiha -E-	why so mean?
06:12:28	Pl	Pl	trying to figure out why ages dont save its perplexing me
06:12:36	Uchiha -E-	Uchiha -E-	just something you could fix meybe
06:12:47	Uchiha -E-	Uchiha -E-	when you target off the name and vill should disapear
06:12:57	Pl	Pl	it does
06:13:05	Uchiha -E-	Uchiha -E-	now isnt showing anymore
06:13:15	Pl	Pl	it is o.o
06:13:20	Uchiha -E-	Uchiha -E-	not for me lol
06:13:34	Pl	Pl	DO YOU HAVE ANALYZE
06:13:48	Uchiha -E-	Uchiha -E-	dont need to see this
06:14:00	Pl	Pl	DO YOU HAVE IT ?
06:14:10	Uchiha -E-	Uchiha -E-	sry i cant read caps
06:14:14	Pl	Pl	kk
06:14:15	Uchiha -E-	Uchiha -E-	idk what your saying
06:14:29	Pl	Pl	works dine GG
06:14:37	Uchiha -E-	Uchiha -E-	GG then
06:14:44	Uchiha -E-	Uchiha -E-	why the server lagging so much?
06:14:58	Pl	Pl	Well
06:15:06	Pl	Pl	there is no garbage collecter
06:15:20	Pl	Pl	cause you had no debugger
06:15:37	Pl	Pl	so prob 1000000000 objcts calling procs
06:15:41	Pl	Pl	that shouldnt be there
06:16:02	Pl	Pl	Also have procs running for certain that arent even in the game
06:16:07	Pl	Pl	things*
06:16:31	Pl	Pl	But lets no point fingers
06:16:39	Pl	Pl	cause it wasnt you who did it
06:17:16	Pl	Pl	Finna buy a SSHD
06:19:06	Pl	Pl	fixed
06:19:20	Pl	Pl	something about sand hmm
06:20:23	Uchiha -E-	Uchiha -E-	hmm
06:21:30	Pl	Pl	white based so ugly damn ...
06:21:37	Pl	Pl	bases*
06:23:09	Uchiha -E-	Uchiha -E-	jelous
06:24:53	Pl	Pl	Fixed that
06:24:59	Pl	Pl	Ah Rasengan
06:25:38	Uchiha -E-	Uchiha -E-	go fix atticus plz
06:25:42	Uchiha -E-	Uchiha -E-	his nara bugged again
06:31:23	Pl	Pl	Kill him
06:31:30	Pl	Pl	pretty simple fix
06:31:44	Pl	Pl	im busy
06:31:48	Pl	Pl	be usefull 
06:32:08	Uchiha -E-	Uchiha -E-	never
06:44:58	Uchiha -E-	Uchiha -E-	btw make its so we can see our skills damage on our combat info 
06:46:36	Pl	Pl	OR not
06:49:38	Pl	Pl	...
07:02:06	Pl	Pl	hit me
07:02:15	Pl	Pl	tai
07:02:54	Pl	Pl	again
07:03:31	Pl	Pl	well then o.o
07:04:26	Hatake -E-	Hatake -E-	?
07:04:39	Pl	Pl	counts being happy
07:04:41	Hatake -E-	Hatake -E-	is that bugged?
07:04:47	Hatake -E-	Hatake -E-	lol
07:09:22	Pl	Pl	sometimes when you ask questions you remind me of my ex
07:13:34	Pl	Pl	ogo
07:13:36	Pl	Pl	gogo*
07:13:43	Pl	Pl	sigh
07:14:09	Pl	Pl	i need dash ..
07:14:30	Hatake -E-	Hatake -E-	thats doing too much wounds
07:14:36	Pl	Pl	o.o
07:14:46	Pl	Pl	same as larch
07:15:08	Hatake -E-	Hatake -E-	hmm
07:16:29	Pl	Pl	should stop punching LOL
07:16:38	Hatake -E-	Hatake -E-	yh
07:16:43	Hatake -E-	Hatake -E-	but why your adding that?
07:16:49	Hatake -E-	Hatake -E-	that wasnt on classic
07:17:12	Pl	Pl	Neither was toggle ooc or updates tab
07:17:38	Hatake -E-	Hatake -E-	theres a update tab
07:17:39	Hatake -E-	Hatake -E-	lool
07:17:57	Pl	Pl	Never said i wouldnt change stuff o.o
07:18:22	Hatake -E-	Hatake -E-	atleast add the sand attacking icon then
07:18:41	Pl	Pl	Meh
07:24:24	Pl	Pl	hit me
07:24:49	Pl	Pl	keep
07:24:57	Pl	Pl	sigh
07:24:58	Hatake -E-	Hatake -E-	^^
07:25:01	Hatake -E-	Hatake -E-	i win
07:25:11	Pl	Pl	try to focus
07:26:14	Hatake -E-	Hatake -E-	i cant see it
07:27:06	Hatake -E-	Hatake -E-	hmm
07:27:11	Hatake -E-	Hatake -E-	i didnt see it but meh
07:27:17	Hatake -E-	Hatake -E-	if you say it is i believe
07:27:54	Pl	Pl	thats a surprise
07:28:03	Hatake -E-	Hatake -E-	?
07:28:34	Pl	Pl	do iron skin
07:28:51	Pl	Pl	IRON SKIN
07:29:22	Pl	Pl	this kid
07:29:42	Hatake -E-	Hatake -E-	use chi needles
07:29:50	Pl	Pl	null
07:30:30	Pl	Pl	its a projectile...
07:31:29	Hatake -E-	Hatake -E-	kk
07:31:31	Pl	Pl	not that smar are ya :P
07:31:33	Hatake -E-	Hatake -E-	just making sure
07:31:45	Hatake -E-	Hatake -E-	i expect everything from you
07:32:08	Pl	Pl	in english thats a positive sntence 
07:32:30	Pl	Pl	think you might be trying to say i expect anything from you
