20:09:39	Kiri mishers	Kaguya Light	Kaguya Light	:D
20:09:40	Kiri mishers	Cheewie	Cheewie	to ishi
20:11:12	Kiri mishers	Kaguya Light	Kaguya Light	:D
20:12:58	Kiri mishers	Cheewie	Cheewie	light spar?
20:13:11	Kiri mishers	Kaguya Light	Kaguya Light	wait i ahvent added attribute points
20:13:12	Kiri mishers	Kaguya Light	Kaguya Light	D
20:13:16	Kiri mishers	Cheewie	Cheewie	ooh lol
20:17:00	Kiri mishers	Cheewie	Cheewie	deon spar?
20:44:43	/squad	Db9	Db9	kk
20:45:51	Bomer	Redo	Redo	kawa package
20:46:01	Bomer	Deontay	Deontay	cha
20:46:09	Bomer	Redo	Redo	Kawa then Cha
20:46:35	/squad	Kaguya Light	Kaguya Light	wanna spar in dojo?
20:46:38	/squad	Db9	Db9	kk
20:47:50	/squad	Db9	Db9	near dojo
20:49:16	Bomer	Redo	Redo	Go
20:49:58	/squad	Kaguya Light	Kaguya Light	ff5
20:50:00	/squad	Kaguya Light	Kaguya Light	xD
20:50:03	/squad	Kaguya Light	Kaguya Light	crap
20:51:02	/squad	Kaguya Light	Kaguya Light	hard hits
20:51:40	Bomer	Redo	Redo	spar me mr what your name
20:52:52	/squad	Kaguya Light	Kaguya Light	how much stam do you have?
20:53:58	/squad	Kaguya Light	Kaguya Light	&gt;.&gt;
20:54:45	/squad	Kaguya Light	Kaguya Light	:P
20:59:51	Bomer	Redo	Redo	Levels?
20:59:58	/squad	Kaguya Light	Kaguya Light	im lvl 31
21:00:02	Bomer	Redo	Redo	Same
21:00:03	/squad	Kaguya Light	Kaguya Light	exteban is 40
21:00:08	/squad	Kaguya Light	Kaguya Light	.s
21:05:00	Bomer	Kaguya Light	Kaguya Light	cha to ishi}
21:05:18	Bomer	Kaguya Light	Kaguya Light	i have a c rnak
21:06:11	Bomer	Kaguya Light	Kaguya Light	lets make mine , and after lets make yours
21:06:19	Bomer	Redo	Redo	k
21:06:56	Bomer	Deontay	Deontay	o poop
21:07:00	Bomer	Deontay	Deontay	lmao
21:07:07	Bomer	Deontay	Deontay	i was afk 
21:08:24	Bomer	Kaguya Light	Kaguya Light	is ext with u?
21:10:06	Bomer	Kaguya Light	Kaguya Light	?
21:10:32	Bomer	Kaguya Light	Kaguya Light	what is happening?
21:10:47	Bomer	Redo	Redo	The other rips got people used to free levels
21:21:55	afdsfa	Lee Pai-Long	Lee Pai-Long	cha
21:22:10	afdsfa	Xato	Xato	doing my stats 1 moment pls
21:22:15	afdsfa	Lee Pai-Long	Lee Pai-Long	lol
21:22:16	afdsfa	Lee Pai-Long	Lee Pai-Long	pls
21:22:26	afdsfa	Lee Pai-Long	Lee Pai-Long	what r u?
21:23:37	afdsfa	Lee Pai-Long	Lee Pai-Long	ill run O.o
21:23:55	afdsfa	Xato	Xato	wait
21:24:16	Banger	Ousamu, Naruke	Ousamu, Naruke	Cha Package
21:24:24	Banger	Kaguya Light	Kaguya Light	ht same
21:24:39	afdsfa	Lee Pai-Long	Lee Pai-Long	oh weakspot op ic
21:24:43	afdsfa	Lee Pai-Long	Lee Pai-Long	brb
21:24:49	Banger	Ousamu, Naruke	Ousamu, Naruke	Come 
21:25:19	Banger	Kaguya Light	Kaguya Light	Now?
21:25:28	Banger	Kaguya Light	Kaguya Light	xD crap
21:25:45	Banger	SPQR	SPQR	Come
21:25:53	Banger	Kaguya Light	Kaguya Light	i lost 6000 exp points
21:25:55	Banger	Kaguya Light	Kaguya Light	:(
21:26:03	afdsfa	Xato	Xato	i got cha
21:26:21	Banger	SPQR	SPQR	You guys comin&#39;? ._.
21:27:23	afdsfa	Lee Pai-Long	Lee Pai-Long	where r u?
21:27:56	afdsfa	Xato	Xato	look map
21:28:00	afdsfa	Lee Pai-Long	Lee Pai-Long	i mean
21:28:04	afdsfa	Lee Pai-Long	Lee Pai-Long	y you not Moving
21:28:09	afdsfa	Xato	Xato	omw
21:30:36	Banger	Kaguya Light	Kaguya Light	xD
21:31:58	afdsfa	Lee Pai-Long	Lee Pai-Long	what was that just now ? O.o
21:32:02	afdsfa	Xato	Xato	idk
21:32:06	afdsfa	Lee Pai-Long	Lee Pai-Long	besides the npc jumping on me
21:32:07	afdsfa	Xato	Xato	you killed the game owner
21:32:15	afdsfa	Lee Pai-Long	Lee Pai-Long	they were all on me :/
21:32:32	afdsfa	Lee Pai-Long	Lee Pai-Long	u were on that guy in my team
21:32:37	afdsfa	Lee Pai-Long	Lee Pai-Long	npcs were on me at hosp
21:32:41	afdsfa	Xato	Xato	i was dead
21:32:43	afdsfa	Lee Pai-Long	Lee Pai-Long	then you followed and got in their way
21:32:45	afdsfa	Lee Pai-Long	Lee Pai-Long	u drunk xD
21:32:51	afdsfa	Lee Pai-Long	Lee Pai-Long	talking to exte cuz he raging
21:35:10	afdsfa	Lee Pai-Long	Lee Pai-Long	sry
21:35:17	afdsfa	Lee Pai-Long	Lee Pai-Long	u jump to much
21:35:32	afdsfa	Lee Pai-Long	Lee Pai-Long	omg
21:35:35	afdsfa	Lee Pai-Long	Lee Pai-Long	idc
21:35:38	Banger	Ousamu, Naruke	Ousamu, Naruke	Just a good way to level guys
21:36:11	afdsfa	Lee Pai-Long	Lee Pai-Long	shh
21:36:28	afdsfa	Lee Pai-Long	Lee Pai-Long	where u?
21:36:50	afdsfa	Xato	Xato	lol lvl ousamu?
21:37:54	afdsfa	Lee Pai-Long	Lee Pai-Long	come for my mish
21:38:07	Banger	SPQR	SPQR	.
21:38:38	Banger	Kaguya Light	Kaguya Light	?
21:38:40	afdsfa	Lee Pai-Long	Lee Pai-Long	did you get one?
21:38:52	afdsfa	Xato	Xato	yes
21:38:54	afdsfa	Xato	Xato	wait
21:38:55	afdsfa	Xato	Xato	no
21:39:24	Banger	Kaguya Light	Kaguya Light	naruke are you ruthless?
21:39:31	Banger	Ousamu, Naruke	Ousamu, Naruke	No
21:39:33	Banger	Kaguya Light	Kaguya Light	ohh
21:39:37	afdsfa	Lee Pai-Long	Lee Pai-Long	there a mission guy in cha?
21:39:43	afdsfa	Xato	Xato	no
21:39:46	afdsfa	Lee Pai-Long	Lee Pai-Long	aww
21:39:48	afdsfa	Xato	Xato	ait let me get a mish
21:40:03	Banger	Ousamu, Naruke	Ousamu, Naruke	Im a capcity 
21:40:06	Banger	Ousamu, Naruke	Ousamu, Naruke	Light
21:40:20	Banger	Kaguya Light	Kaguya Light	ohh, i knew it xD
21:40:23	Banger	Kaguya Light	Kaguya Light	stre con?
21:43:11	Banger	Kaguya Light	Kaguya Light	yep
21:43:19	Banger	Ousamu, Naruke	Ousamu, Naruke	Im starting missions again
21:43:21	afdsfa	Lee Pai-Long	Lee Pai-Long	ur mish?
21:44:38	Banger	Kaguya Light	Kaguya Light	im out
21:44:43	Banger	Kaguya Light	Kaguya Light	see you alter guys
21:44:45	afdsfa	Lee Pai-Long	Lee Pai-Long	cya
21:45:13	afdsfa	Xato	Xato	yes
21:45:17	afdsfa	Lee Pai-Long	Lee Pai-Long	where?
21:45:33	afdsfa	Xato	Xato	cha to kawa
21:45:39	afdsfa	Lee Pai-Long	Lee Pai-Long	ok
21:45:50	afdsfa	Lee Pai-Long	Lee Pai-Long	make rate at least 15 then
21:45:52	afdsfa	Lee Pai-Long	Lee Pai-Long	20 mr
21:45:55	afdsfa	Lee Pai-Long	Lee Pai-Long	cuz its way 2 boring
21:47:05	afdsfa	Lee Pai-Long	Lee Pai-Long	if xato starts moving any soon
21:56:52	/squad	Ousamu, Naruke	Ousamu, Naruke	Show me 
21:57:31	/squad	Ousamu, Naruke	Ousamu, Naruke	I dont see what your talking about
21:59:29	/squad	Xato	Xato	Meep
21:59:37	/squad	Xato	Xato	aww
21:59:51	/squad	Xato	Xato	*bugs teban*
22:03:22	/squad	Xato	Xato	what is he saiying?
22:03:57	/squad	Xato	Xato	bye bro
22:04:16	/squad	Xato	Xato	i would like to be lvl 63 again but i don&#39;t want youre help :)
22:05:49	/squad	Ousamu, Naruke	Ousamu, Naruke	You can host?
22:05:55	/squad	Ousamu, Naruke	Ousamu, Naruke	24/7
22:06:23	/squad	Ousamu, Naruke	Ousamu, Naruke	You said you can host right?
22:08:06	123	Deontay	Deontay	not that i know of
22:08:11	123	General Chime	General Chime	cha ishi
22:08:14	123	General Chime	General Chime	do cha first
22:08:20	123	General Chime	General Chime	since we pass through
22:08:40	/squad	Ousamu, Naruke	Ousamu, Naruke	Edit
22:11:01	123	Deontay	Deontay	u doin chuunins
22:11:13	123	General Chime	General Chime	yea
22:11:14	/squad	Ousamu, Naruke	Ousamu, Naruke	Whose in Cha?
22:13:36	Nuts on Zen	Juriki	Juriki	cha pack
22:13:43	Nuts on Zen	Zenouva	Zenouva	same
22:15:28	123	Deontay	Deontay	O.O let the cha games begin
22:16:50	Nuts on Zen	Juriki	Juriki	hey raditz
22:16:53	Nuts on Zen	Zenouva	Zenouva	if you need help tell me.
22:17:18	Nuts on Zen	Juriki	Juriki	i&#39;m owning!
22:17:20	Nuts on Zen	Juriki	Juriki	21
22:17:56	Nuts on Zen	Juriki	Juriki	oh sh.t
22:19:21	123	General Chime	General Chime	brb
22:19:39	123	Deontay	Deontay	kk
22:21:24	Nuts on Zen	Juriki	Juriki	yes
22:21:27	Nuts on Zen	Juriki	Juriki	Senju Juriki
22:21:31	Nuts on Zen	Juriki	Juriki	that was like 3 years ago
22:21:41	Nuts on Zen	Zenouva	Zenouva	:D
22:21:47	Nuts on Zen	Juriki	Juriki	ok 2 years
22:21:47	Nuts on Zen	Juriki	Juriki	:P
22:21:50	Nuts on Zen	Juriki	Juriki	no 3
22:22:10	Nuts on Zen	Juriki	Juriki	then i used sarutobi juriki
22:22:32	Nuts on Zen	Juriki	Juriki	o.o
22:22:35	Nuts on Zen	Juriki	Juriki	normal
22:22:40	Nuts on Zen	Juriki	Juriki	you were strong
22:22:42	uyguh	Zix	Zix	Analyzed Xato: 12% Stamina -- 83% Chakra -- 77% Wounds
22:22:42	/squad	Ousamu, Naruke	Ousamu, Naruke	Raditz was way Op
22:22:45	uyguh	Zix	Zix	run to hosp
22:22:47	uyguh	Zix	Zix	noob
22:23:01	Nuts on Zen	Juriki	Juriki	lol
22:23:06	Nuts on Zen	Juriki	Juriki	why you saying that?
22:23:13	uyguh	Zix	Zix	noob
22:23:17	uyguh	Zix	Zix	Im lvl 21
22:23:50	Nuts on Zen	Juriki	Juriki	but hades and sauce are strong themself
22:24:42	Nuts on Zen	Juriki	Juriki	hades used 75% of jashin
22:24:45	Nuts on Zen	Juriki	Juriki	to act strong
22:24:52	Nuts on Zen	Juriki	Juriki	without that he would much weaker
22:25:01	Nuts on Zen	Juriki	Juriki	but he still got skills
22:25:03	Nuts on Zen	Juriki	Juriki	cant deny
22:25:17	123	General Chime	General Chime	ready 4 another mish?
22:25:25	123	Deontay	Deontay	yup
22:25:31	Nuts on Zen	Juriki	Juriki	i&#39;m gonna make a hyuuga
22:27:35	123	Deontay	Deontay	i got cha
22:28:19	123	General Chime	General Chime	kawa
22:28:46	/squad	Ousamu, Naruke	Ousamu, Naruke	Mattack didnt work?
22:28:56	/squad	Ousamu, Naruke	Ousamu, Naruke	Just Put A 
22:29:01	/squad	Ousamu, Naruke	Ousamu, Naruke	+REP
22:29:25	/squad	Ousamu, Naruke	Ousamu, Naruke	but it doesnt work at all?
22:30:10	/squad	Ousamu, Naruke	Ousamu, Naruke	?
22:30:23	/squad	Ousamu, Naruke	Ousamu, Naruke	Exteban
22:30:39	/squad	Ousamu, Naruke	Ousamu, Naruke	Idk whats going on
22:30:42	uyguh	Zix	Zix	Your job is to Deliver a package to Buyo who you can find at Cha no Kuni.
22:30:45	/squad	Ousamu, Naruke	Ousamu, Naruke	I cant even tell you anything 
22:30:50	/squad	Ousamu, Naruke	Ousamu, Naruke	Because ive never heard of this
22:30:52	/squad	Ousamu, Naruke	Ousamu, Naruke	lol
22:30:59	uyguh	Zix	Zix	cant see the scroll?
22:31:03	123	Deontay	Deontay	2 kawa
22:31:07	123	Deontay	Deontay	?
22:31:12	uyguh	Raditz	Raditz	my mission is at cha
22:31:16	uyguh	Zix	Zix	go to cha
22:31:19	123	General Chime	General Chime	ok
22:32:01	123	General Chime	General Chime	dnt worry
22:32:07	123	General Chime	General Chime	im a jashin wit immortal
22:32:13	123	General Chime	General Chime	he wont kill me
22:32:14	/squad	Ousamu, Naruke	Ousamu, Naruke	macuse
22:32:15	/squad	Ousamu, Naruke	Ousamu, Naruke	my bad
22:32:19	/squad	Ousamu, Naruke	Ousamu, Naruke	macattack
22:32:22	uyguh	Zix	Zix	come to me
22:32:23	/squad	Ousamu, Naruke	Ousamu, Naruke	and macuse
22:32:26	/squad	Ousamu, Naruke	Ousamu, Naruke	i think thats it
22:32:38	/squad	Ousamu, Naruke	Ousamu, Naruke	try putting .macattack
22:32:46	uyguh	Zix	Zix	come to me
22:32:50	/squad	Ousamu, Naruke	Ousamu, Naruke	lol
22:32:53	uyguh	Raditz	Raditz	come
22:32:54	uyguh	Zix	Zix	you now
22:32:58	123	General Chime	General Chime	got him with a tag n a shuriken finish him
22:33:00	uyguh	Zix	Zix	nice
22:33:05	uyguh	Raditz	Raditz	yeah
22:33:13	/squad	Ousamu, Naruke	Ousamu, Naruke	i dont know what it is for block
22:33:21	/squad	Ousamu, Naruke	Ousamu, Naruke	probably macblock though
22:33:38	123	Deontay	Deontay	xato lvl O.o
22:33:40	123	General Chime	General Chime	to kawa?
22:33:48	123	Deontay	Deontay	yea
22:35:46	123	General Chime	General Chime	lolol
22:35:50	uyguh	Raditz	Raditz	4 now
22:35:51	123	General Chime	General Chime	was he sleeping?
22:35:59	123	General Chime	General Chime	30+
22:35:59	123	Deontay	Deontay	31
22:36:55	123	General Chime	General Chime	to kaw
22:36:57	123	General Chime	General Chime	to kawa
22:39:06	afa	Xato	Xato	cha kill
22:39:10	afa	Xato	Xato	whats youre lvl?
22:39:23	afa	Akimichi Zenouva	Akimichi Zenouva	7, i just remade
22:39:28	afa	Akimichi Zenouva	Akimichi Zenouva	u ?
22:39:35	afa	Xato	Xato	34
22:39:36	123	General Chime	General Chime	:)
22:39:40	afa	Xato	Xato	to cha
22:39:40	afa	Akimichi Zenouva	Akimichi Zenouva	and ishi pack
22:39:55	uyguh	Raditz	Raditz	nice
22:39:56	uyguh	Zix	Zix	noob loggers
22:39:57	uyguh	Zix	Zix	lokl
22:39:59	uyguh	Zix	Zix	kiri suck
22:40:12	afa	Xato	Xato	bot left
22:40:28	123	General Chime	General Chime	gf i guess :P
22:40:33	uyguh	Zix	Zix	lol
22:41:05	afa	Akimichi Zenouva	Akimichi Zenouva	no D:
22:41:11	afa	Akimichi Zenouva	Akimichi Zenouva	no D:
22:41:21	afa	Xato	Xato	got it?
22:41:26	afa	Akimichi Zenouva	Akimichi Zenouva	yes
22:41:44	uyguh	Zix	Zix	xd
22:41:48	uyguh	Zix	Zix	waiting
22:41:52	uyguh	Zix	Zix	the haku
22:41:54	uyguh	Zix	Zix	?
22:43:06	uyguh	Raditz	Raditz	zix level ?
22:43:11	uyguh	Zix	Zix	25
22:43:19	uyguh	Zix	Zix	ok
22:43:31	uyguh	Raditz	Raditz	:/
22:43:37	uyguh	Raditz	Raditz	My punches don&#39;t hurt you
22:43:44	uyguh	Zix	Zix	so
22:43:52	uyguh	Raditz	Raditz	You have high rfx ?
22:44:06	uyguh	Zix	Zix	yet
22:44:14	uyguh	Raditz	Raditz	Damage from wind ?
22:44:22	uyguh	Zix	Zix	371
22:44:24	uyguh	Zix	Zix	and me
22:44:25	uyguh	Raditz	Raditz	hmm
22:44:29	uyguh	Raditz	Raditz	again
22:45:34	uyguh	Raditz	Raditz	Thank you
22:45:54	uyguh	Zix	Zix	go to suna
22:45:56	uyguh	Zix	Zix	for mish
22:46:13	Banger	Ousamu, Naruke	Ousamu, Naruke	come light
22:46:24	uyguh	Zix	Zix	come to suna for mish
22:46:47	afa	Xato	Xato	:P
22:46:50	afa	Xato	Xato	yes
22:46:53	afa	Xato	Xato	f is bad
22:46:56	afa	Xato	Xato	do a
22:47:04	Banger	Kaguya Light	Kaguya Light	??
22:47:14	afa	Xato	Xato	ima fight and lvl
22:47:19	afa	Xato	Xato	thats easier
22:48:30	afa	Xato	Xato	shine
22:48:35	afa	Xato	Xato	i only see youre hair
22:48:56	Banger	Kaguya Light	Kaguya Light	1f1ff
22:48:59	Banger	Kaguya Light	Kaguya Light	xD
22:49:01	uyguh	Raditz	Raditz	:D
22:52:37	123	General Chime	General Chime	kawa u?
22:52:44	afa	Xato	Xato	sup
22:52:47	afa	Xato	Xato	ima be kage
22:52:51	Banger	Ousamu, Naruke	Ousamu, Naruke	Sup lol
22:53:16	misson squad	Ruthless J	Ruthless J	where the missing ninja are i forgot whats its called
22:53:21	misson squad	Ruthless J	Ruthless J	cha kill i think
22:53:32	123	General Chime	General Chime	package?
22:53:36	misson squad	Ruthless J	Ruthless J	yeah
22:53:37	123	General Chime	General Chime	...
22:53:43	misson squad	Ruthless J	Ruthless J	invite
22:53:50	misson squad	Ruthless J	Ruthless J	join...
22:54:11	afa	Xato	Xato	eww
22:54:15	Banger	Kaguya Light	Kaguya Light	gf you both guys
22:54:18	afa	Xato	Xato	lol wtf
22:54:20	afa	Xato	Xato	you can heal?
22:54:24	Banger	Kaguya Light	Kaguya Light	i was at phone in the momment you killed me xD
22:54:24	afa	Xato	Xato	Awesome!!
22:54:27	Banger	Ousamu, Naruke	Ousamu, Naruke	DONT HAVE IT
22:54:36	Banger	Kaguya Light	Kaguya Light	i was in phone before you killed me
22:54:41	uyguh	Raditz	Raditz	Oh
22:55:05	uyguh	Zix	Zix	go to mish
22:55:11	uyguh	Zix	Zix	go mish bro
22:55:52	misson squad	Ruthless J	Ruthless J	cant find him
22:56:07	misson squad	Ruthless J	Ruthless J	look for dai
22:56:23	misson squad	General Chime	General Chime	come
22:56:25	misson squad	General Chime	General Chime	hes here
22:56:36	misson squad	General Chime	General Chime	come
22:56:53	misson squad	General Chime	General Chime	come to me
22:57:07	afa	Xato	Xato	hahah
22:57:54	afa	Xato	Xato	xD
22:58:03	uyguh	Zix	Zix	bandgae
22:58:04	uyguh	Zix	Zix	lol
22:59:12	afa	Xato	Xato	xD
22:59:16	afa	Xato	Xato	both dead
22:59:40	afa	Xato	Xato	lol wtf
23:00:42	Banger	Kaguya Light	Kaguya Light	xD
23:01:26	uyguh	Raditz	Raditz	skittz
23:01:27	uyguh	Raditz	Raditz	!
23:01:29	uyguh	Raditz	Raditz	sup
23:01:47	uyguh	Raditz	Raditz	all good man -ikon skittz-
23:02:23	uyguh	Raditz	Raditz	lol
23:02:26	Banger	Kaguya Light	Kaguya Light	xD
23:02:50	misson squad	Ruthless J	Ruthless J	mist join up
23:03:00	afa	Xato	Xato	we got this team..
23:03:12	afa	Xato	Xato	zix is worthless alone
23:03:30	afa	Capacity Skittz	Capacity Skittz	..
23:03:48	asss	Ruthless J	Ruthless J	all mist ill invite you guys
23:04:08	afa	Xato	Xato	&gt;.&lt;
23:04:22	Banger	Kaguya Light	Kaguya Light	?
23:04:37	asss	Ruthless J	Ruthless J	light join
23:04:42	asss	Ruthless J	Ruthless J	and naruke join
23:04:54	Banger	Kaguya Light	Kaguya Light	u can invite just 2 people
23:05:36	uyguh	Raditz	Raditz	zix
23:05:37	afa	Capacity Skittz	Capacity Skittz	fixing buttons
23:05:39	uyguh	Raditz	Raditz	what scroll we need ?
23:05:41	asss	Ruthless J	Ruthless J	i got a earth
23:05:45	uyguh	Zix	Zix	heaven
23:05:54	uyguh	Raditz	Raditz	i have earth
23:06:00	asss	General Chime	General Chime	got heaven lolol
23:06:03	asss	Ruthless J	Ruthless J	i need it
23:06:14	afa	Uchiha Shine	Uchiha Shine	Nuu
23:06:16	uyguh	Zix	Zix	i have
23:06:17	asss	Ruthless J	Ruthless J	wow
23:06:20	uyguh	Zix	Zix	3 earth
23:06:25	asss	General Chime	General Chime	go tower
23:06:44	uyguh	Raditz	Raditz	You have heaevn ?
23:06:47	uyguh	Raditz	Raditz	zix ?
23:06:48	asss	General Chime	General Chime	u said you had
23:06:48	uyguh	Zix	Zix	no
23:06:49	uyguh	Zix	Zix	3 blue
23:06:51	uyguh	Zix	Zix	i have
23:07:16	uyguh	Zix	Zix	give me
23:07:18	uyguh	Zix	Zix	u scroll
23:07:20	uyguh	Zix	Zix	naru
23:07:20	uyguh	Zix	Zix	:D
23:07:23	Banger	Ousamu, Naruke	Ousamu, Naruke	i gave mine away
23:07:29	uyguh	Zix	Zix	plz
23:07:33	Banger	Ousamu, Naruke	Ousamu, Naruke	i gave mine away
23:07:35	Banger	Ousamu, Naruke	Ousamu, Naruke	i gave mine away
23:08:18	afa	Capacity Skittz	Capacity Skittz	xato
23:11:01	afa	Capacity Skittz	Capacity Skittz	xato
23:13:14	afa	Capacity Skittz	Capacity Skittz	eww old kawa
23:13:16	afa	Capacity Skittz	Capacity Skittz	Xato
23:13:19	afa	Uchiha Shine	Uchiha Shine	OO?
23:13:25	afa	Uchiha Shine	Uchiha Shine	To tower
23:13:30	uyguh	Zix	Zix	radict
23:13:31	uyguh	Zix	Zix	come
23:13:37	uyguh	Zix	Zix	bom left
23:14:20	uyguh	Zix	Zix	na
23:14:20	uyguh	Raditz	Raditz	lego
23:14:25	uyguh	Raditz	Raditz	zix
23:14:26	uyguh	Raditz	Raditz	i get it
23:14:40	Banger	Kaguya Light	Kaguya Light	:)
23:17:24	uyguh	Zix	Zix	hey
23:19:39	shikaputin	Nara Niika	Nara Niika	accepta
23:20:39	Banger	Kaguya Light	Kaguya Light	xD zix :P
23:22:46	shikaputin	Nara Niika	Nara Niika	me tengo q ir shika sera otro dia
23:24:54	asss	Ruthless J	Ruthless J	?
23:25:03	Banger	Ousamu, Naruke	Ousamu, Naruke	Can you host 24/7 without lag?
23:25:08	asss	Ruthless J	Ruthless J	yup
23:25:45	Banger	Ousamu, Naruke	Ousamu, Naruke	He siad he can host
23:25:48	Banger	Ousamu, Naruke	Ousamu, Naruke	24/7
23:26:01	Banger	Kaguya Light	Kaguya Light	naruke could you summon me? xD in in kooha please
23:26:01	Banger	Ousamu, Naruke	Ousamu, Naruke	I was gonna give him a warning lol
23:26:16	asss	Ruthless J	Ruthless J	for what?
23:26:44	asss	Ruthless J	Ruthless J	yes
23:26:54	Banger	Ousamu, Naruke	Ousamu, Naruke	Give him a test run
23:26:59	Banger	Ousamu, Naruke	Ousamu, Naruke	Or something
23:27:36	asss	Ruthless J	Ruthless J	i love this game so i want it to be 24/7
23:28:18	asss	Ruthless J	Ruthless J	54
23:28:20	Banger	Ousamu, Naruke	Ousamu, Naruke	Exteban Aggripec needs start levels
23:28:49	Mist Ops	Ortewix	Ortewix	grab
23:28:50	Mist Ops	Kaguya Light	Kaguya Light	xD this is my first kaguya :D
23:28:57	Mist Ops	Ortewix	Ortewix	i love kaguya&#39;s
23:29:02	Mist Ops	Ortewix	Ortewix	bone sword op
23:29:09	Mist Ops	Kaguya Light	Kaguya Light	btw, if you do chunnin exam, be carefull you lost targets
23:29:16	Mist Ops	Kaguya Light	Kaguya Light	and it could happend what happend to me
23:29:17	Mist Ops	Ortewix	Ortewix	mhmm
23:29:25	Mist Ops	Ortewix	Ortewix	Deon
23:29:25	Banger	Ousamu, Naruke	Ousamu, Naruke	Ive been fine
23:29:31	Mist Ops	Ortewix	Ortewix	U got mission?
23:29:31	asss	Ruthless J	Ruthless J	same
23:29:39	Mist Ops	Deontay	Deontay	yea cha
23:29:45	Mist Ops	Ortewix	Ortewix	you light?
23:29:50	Mist Ops	Kaguya Light	Kaguya Light	Your job is to track down Izanami who you can find at Kawa no Kuni and kill him.
23:29:53	Mist Ops	Deontay	Deontay	sorry i mean kawa &gt;&gt;&lt;
23:29:58	Mist Ops	Kaguya Light	Kaguya Light	zix will win
23:29:59	Mist Ops	Ortewix	Ortewix	ok kawa then
23:30:00	afa	Uchiha Shine	Uchiha Shine	Yeah.
23:30:02	Mist Ops	Ortewix	Ortewix	ishi
23:30:04	Mist Ops	Kaguya Light	Kaguya Light	raditz is weak xD
23:30:10	Mist Ops	Ortewix	Ortewix	gogo
23:31:22	asss	Ruthless J	Ruthless J	yup
23:31:51	asss	Ruthless J	Ruthless J	im always active
23:32:12	Mist Ops	Ortewix	Ortewix	guys..
23:32:16	Mist Ops	Kaguya Light	Kaguya Light	deontay
23:32:19	Mist Ops	Ortewix	Ortewix	lets train hard and run this poop!
23:32:24	Mist Ops	Kaguya Light	Kaguya Light	:)
23:32:30	Mist Ops	Deontay	Deontay	here
23:32:53	Mist Ops	Ortewix	Ortewix	ishi
23:32:57	Mist Ops	Deontay	Deontay	i should hav done c rank
23:33:07	asss	Ruthless J	Ruthless J	?
23:34:02	asss	Ruthless J	Ruthless J	do i get to become a jounin if i host as a award for hosting 24/7?
23:34:30	asss	Ruthless J	Ruthless J	we have no kages
23:34:58	asss	Ruthless J	Ruthless J	wouldnt i be a kage since im hosting everything?
23:35:24	asss	Ruthless J	Ruthless J	idc about kage as long as im not a genin you know
23:35:39	Mist Ops	Kaguya Light	Kaguya Light	raditz won :O
23:35:43	Mist Ops	Deontay	Deontay	where 2 guys O&gt;o
23:35:44	Mist Ops	Ortewix	Ortewix	:O
23:35:50	Mist Ops	Ortewix	Ortewix	cha dojo?
23:36:04	asss	Ruthless J	Ruthless J	yes that would be great but if no im ok
23:36:05	Mist Ops	Deontay	Deontay	? kk
23:36:08	asss	Ruthless J	Ruthless J	with it
23:36:09	Mist Ops	Kaguya Light	Kaguya Light	lets to kiri dojo no? when we can do a mission again do it
23:36:16	asss	Ruthless J	Ruthless J	ok
23:36:17	Mist Ops	Ortewix	Ortewix	kk
23:36:29	asss	Ruthless J	Ruthless J	yes sir
23:37:13	uyguh	Raditz	Raditz	I am kage
23:37:24	qwa	Akimichi AntonisKun	Akimichi AntonisKun	shika grab
23:37:56	qwa	Akimichi AntonisKun	Akimichi AntonisKun	accept squad
23:38:07	qwa	Akimichi AntonisKun	Akimichi AntonisKun	why not
23:38:40	qwa	Akimichi AntonisKun	Akimichi AntonisKun	shika grabbed?
23:38:50	asss	Ruthless J	Ruthless J	ok
23:39:04	Me, skittz rule suna	Raditz	Raditz	skittz
23:39:06	Mist Ops	Ortewix	Ortewix	xD
23:39:08	qwa	Nara Shikamura	Nara Shikamura	Your job is to Escort Buyo who you can find at Cha no Kuni, to Ishi no Kuni. 
23:39:11	Me, skittz rule suna	Raditz	Raditz	Grab a d rank
23:39:12	Mist Ops	Kaguya Light	Kaguya Light	hehe
23:39:13	Me, skittz rule suna	Raditz	Raditz	they give you 3k
23:39:15	Mist Ops	Ortewix	Ortewix	im not used to this
23:39:16	qwa	Akimichi AntonisKun	Akimichi AntonisKun	ishi pack
23:39:20	Mist Ops	Kaguya Light	Kaguya Light	xD
23:39:22	Me, skittz rule suna	Ikon Skittz	Ikon Skittz	one sec
23:39:27	Me, skittz rule suna	Raditz	Raditz	lol
23:39:28	Me, skittz rule suna	Ikon Skittz	Ikon Skittz	gotta change buttons
23:39:29	Me, skittz rule suna	Raditz	Raditz	zix is mad
23:39:36	qwa	Nara Shikamura	Nara Shikamura	wait in ishi
23:39:50	Mist Ops	Kaguya Light	Kaguya Light	xD
23:39:56	Mist Ops	Ortewix	Ortewix	xD
23:40:10	Me, skittz rule suna	Ikon Skittz	Ikon Skittz	k can you rank me up?
23:40:52	Me, skittz rule suna	Ikon Skittz	Ikon Skittz	cha pack waht you got?
23:41:05	Me, skittz rule suna	Raditz	Raditz	..
23:41:08	Me, skittz rule suna	Raditz	Raditz	suna ninja
23:41:55	Me, skittz rule suna	Raditz	Raditz	Man 
23:41:59	Me, skittz rule suna	Raditz	Raditz	these are oped
23:42:30	Me, skittz rule suna	Ikon Skittz	Ikon Skittz	cha pack you comin?
23:42:34	Me, skittz rule suna	Raditz	Raditz	sure
23:44:21	Me, skittz rule suna	Ikon Skittz	Ikon Skittz	come
23:44:32	asss	Ruthless J	Ruthless J	&lt;-- prob new host
23:44:32	qwa	Akimichi AntonisKun	Akimichi AntonisKun	come
23:44:39	Banger	Ousamu, Naruke	Ousamu, Naruke	nice
23:44:49	qwa	Akimichi AntonisKun	Akimichi AntonisKun	k that was some exp
23:44:56	qwa	Nara Shikamura	Nara Shikamura	k
23:45:02	Me, skittz rule suna	Raditz	Raditz	guys
23:45:05	Me, skittz rule suna	Raditz	Raditz	I can&#39;t give you factions
23:45:34	Mist Ops	Kaguya Light	Kaguya Light	you have to add reflex to get good str
23:45:40	Me, skittz rule suna	Raditz	Raditz	If i givey you a faction it deletes your character, so until further notice of this problem being fixed i can&#39;t invite no one
23:45:56	Me, skittz rule suna	Silent Assassin	Silent Assassin	gawd
23:46:52	Mist Ops	Kaguya Light	Kaguya Light	:)
23:46:56	Mist Ops	Ortewix	Ortewix	XD Shunshin is not affective
23:47:10	qwa	Nara Shikamura	Nara Shikamura	e
23:47:19	qwa	Nara Shikamura	Nara Shikamura	join to you squad plz&lt;
23:47:22	Mist Ops	Kaguya Light	Kaguya Light	not at all
23:47:24	Mist Ops	Ortewix	Ortewix	xD
23:47:32	Me, skittz rule suna	Silent Assassin	Silent Assassin	leave je village ossy
23:49:09	Me, skittz rule suna	Raditz	Raditz	silent
23:49:11	Me, skittz rule suna	Raditz	Raditz	skittz
23:49:12	Me, skittz rule suna	Raditz	Raditz	come
23:49:14	Me, skittz rule suna	Raditz	Raditz	to me
23:49:32	qwa	Akimichi AntonisKun	Akimichi AntonisKun	ishi to cha
23:49:54	Me, skittz rule suna	Raditz	Raditz	you guys get it ?
23:50:05	Me, skittz rule suna	Silent Assassin	Silent Assassin	yes
23:50:24	qwa	Akimichi AntonisKun	Akimichi AntonisKun	shika grab?
23:50:27	Me, skittz rule suna	Raditz	Raditz	Hmm
23:50:30	Me, skittz rule suna	Raditz	Raditz	And who may you be ?
23:50:38	qwa	Nara Shikamura	Nara Shikamura	hmm wait
23:50:52	Me, skittz rule suna	Raditz	Raditz	I don&#39;t mind since this village has no rules yet
23:50:52	Me, skittz rule suna	Silent Assassin	Silent Assassin	raditz invite shine
23:50:52	qwa	Nara Shikamura	Nara Shikamura	im fight
23:50:58	qwa	Akimichi AntonisKun	Akimichi AntonisKun	k
23:51:06	qwa	Nara Shikamura	Nara Shikamura	i wait in cha
23:51:06	Me, skittz rule suna	Silent Assassin	Silent Assassin	to village
23:51:07	Mist Ops	Kaguya Light	Kaguya Light	the winner of last chunnin got kage xD
23:51:21	qwa	Akimichi AntonisKun	Akimichi AntonisKun	ishi to cha
23:51:37	Me, skittz rule suna	Ikon Skittz	Ikon Skittz	can you rank me up Rad?
23:51:38	Mist Ops	Deontay	Deontay	wat 4 real
23:51:43	Mist Ops	Deontay	Deontay	lol
23:51:44	qwa	Nara Shikamura	Nara Shikamura	bottom left... cha
23:51:54	Mist Ops	Kaguya Light	Kaguya Light	yeah , and some sunnas guys are annoying
23:51:55	qwa	Akimichi AntonisKun	Akimichi AntonisKun	mission?
23:52:03	qwa	Akimichi AntonisKun	Akimichi AntonisKun	wait ill bring my escort
23:52:03	qwa	Nara Shikamura	Nara Shikamura	no i weait bottom left cha
23:52:04	Mist Ops	Kaguya Light	Kaguya Light	that kage was already beaten for one genninx D
23:52:04	qwa	Nara Shikamura	Nara Shikamura	ok?
23:52:10	Me, skittz rule suna	Raditz	Raditz	silent
23:52:11	qwa	Akimichi AntonisKun	Akimichi AntonisKun	il come from ishi
23:52:13	qwa	Akimichi AntonisKun	Akimichi AntonisKun	kk
23:52:14	Me, skittz rule suna	Silent Assassin	Silent Assassin	?
23:52:17	Me, skittz rule suna	Raditz	Raditz	But once exteban fixes the bug
23:52:22	Me, skittz rule suna	Raditz	Raditz	I will give you your faction
23:52:26	Me, skittz rule suna	Silent Assassin	Silent Assassin	aiit
23:52:45	Mist Ops	Deontay	Deontay	Light you dont hav any str do u
23:52:48	Me, skittz rule suna	Ikon Skittz	Ikon Skittz	so waht about my request?
23:52:50	Me, skittz rule suna	Raditz	Raditz	hmm
23:52:51	Mist Ops	Kaguya Light	Kaguya Light	no i dont
23:52:58	Me, skittz rule suna	Raditz	Raditz	What was it skittz ?
23:52:59	asss	Ruthless J	Ruthless J	bring people
23:53:03	Mist Ops	Kaguya Light	Kaguya Light	i have to buy chacra scalpe :s
23:53:15	Me, skittz rule suna	Ikon Skittz	Ikon Skittz	Ikon Skittz says: can you rank me up Rad?
23:53:22	Me, skittz rule suna	Raditz	Raditz	:/
23:53:23	asss	Ruthless, Shikyo	Ruthless, Shikyo	man idk if anyone wants to cap
23:53:26	Me, skittz rule suna	Raditz	Raditz	Get chunin first skittz
23:53:48	Me, skittz rule suna	Ikon Skittz	Ikon Skittz	aff
23:54:11	asss	Ruthless, Shikyo	Ruthless, Shikyo	wanna just mish J?
23:54:16	asss	Ruthless J	Ruthless J	nope
23:54:23	Me, skittz rule suna	Silent Assassin	Silent Assassin	going to suna gate
23:54:23	asss	Ruthless, Shikyo	Ruthless, Shikyo	Lol get some ppl to cap den
23:54:28	Me, skittz rule suna	Silent Assassin	Silent Assassin	still have that cha nerve
23:54:36	Me, skittz rule suna	Ikon Skittz	Ikon Skittz	wait for me
23:54:39	Mist Ops	Ortewix	Ortewix	xD
23:54:40	Me, skittz rule suna	Silent Assassin	Silent Assassin	aiit
23:54:43	Mist Ops	Kaguya Light	Kaguya Light	:s
23:54:49	asss	Ruthless J	Ruthless J	tell me how much dmg
23:54:59	asss	Ruthless J	Ruthless J	?
23:54:59	asss	Ruthless, Shikyo	Ruthless, Shikyo	1.6k
23:55:04	asss	Ruthless, Shikyo	Ruthless, Shikyo	Niice
23:55:24	asss	Ruthless J	Ruthless J	dmg?
23:55:25	asss	Ruthless, Shikyo	Ruthless, Shikyo	1.7k
23:55:28	asss	Ruthless, Shikyo	Ruthless, Shikyo	now stop
23:55:29	asss	Ruthless J	Ruthless J	k good
23:55:32	asss	Ruthless J	Ruthless J	i know i k,now
23:55:35	asss	Ruthless, Shikyo	Ruthless, Shikyo	Lol
23:55:44	Mist Ops	Ortewix	Ortewix	gfgf
23:55:46	asss	Ruthless, Shikyo	Ruthless, Shikyo	wierd moves for a ruthy to have
23:55:47	Mist Ops	Kaguya Light	Kaguya Light	xD
23:55:53	asss	Ruthless, Shikyo	Ruthless, Shikyo	They dont really help yur boost
23:56:01	Mist Ops	Deontay	Deontay	Gendou who you can find at Ishi no Kuni and kill him.
23:56:04	asss	Ruthless J	Ruthless J	i know
23:56:19	Me, skittz rule suna	Ikon Skittz	Ikon Skittz	kawa pack
23:56:21	Mist Ops	Ortewix	Ortewix	brb
23:56:24	Mist Ops	Kaguya Light	Kaguya Light	ok
23:56:34	Me, skittz rule suna	Raditz	Raditz	cha pack
23:56:35	Mist Ops	Kaguya Light	Kaguya Light	call me when you back
23:56:40	Me, skittz rule suna	Silent Assassin	Silent Assassin	kawa ishi escort
23:56:44	Me, skittz rule suna	Raditz	Raditz	silent tell your bro if he wants to join
23:56:48	Me, skittz rule suna	Silent Assassin	Silent Assassin	ossy
23:56:51	Me, skittz rule suna	Silent Assassin	Silent Assassin	ossy
23:56:58	Me, skittz rule suna	Silent Assassin	Silent Assassin	troll
23:57:02	Me, skittz rule suna	Raditz	Raditz	lol
23:57:13	qwa	Nara Shikamura	Nara Shikamura	antoni ask him if he can invite to uchiha E your squad
23:57:30	qwa	Akimichi AntonisKun	Akimichi AntonisKun	what?
23:57:31	asss	Ruthless J	Ruthless J	ima go mish
23:57:36	Mist Ops	Kaguya Light	Kaguya Light	:p
23:57:36	uyguh	Zix	Zix	que maldita
23:57:38	uyguh	Zix	Zix	rabia tengo
23:57:39	asss	Ruthless, Shikyo	Ruthless, Shikyo	kk ill mett you there
23:57:41	Mist Ops	Kaguya Light	Kaguya Light	xDxD
23:57:47	uyguh	Zix	Zix	como quisiera ir con 3 mas
23:57:52	Mist Ops	Kaguya Light	Kaguya Light	yo queria pelear contra radiz de primero :(
23:57:53	uyguh	Zix	Zix	y patearle el tracero
23:57:58	uyguh	Zix	Zix	el es una mierda
23:58:00	qwa	Nara Shikamura	Nara Shikamura	Ask us uchiha e invite your squad
23:58:01	uyguh	Zix	Zix	la vdd
23:58:05	Mist Ops	Kaguya Light	Kaguya Light	ya habra otro chunnin
23:58:05	uyguh	Zix	Zix	lamento haberte
23:58:08	uyguh	Zix	Zix	matado
23:58:08	Me, skittz rule suna	Silent Assassin	Silent Assassin	lazy
23:58:20	qwa	Akimichi AntonisKun	Akimichi AntonisKun	nice now ill escape
23:58:21	Me, skittz rule suna	Raditz	Raditz	he isn&#39;t coming ?
23:58:21	Mist Ops	Kaguya Light	Kaguya Light	haha no hay problema ;)
23:58:25	Me, skittz rule suna	Silent Assassin	Silent Assassin	nope
23:58:28	Me, skittz rule suna	Raditz	Raditz	ok
23:58:29	Me, skittz rule suna	Ikon Skittz	Ikon Skittz	wait let me get mii youth :p
23:58:29	Mist Ops	Kaguya Light	Kaguya Light	ya seras chunnin y mira como peudes ser kage :)
23:58:30	Me, skittz rule suna	Silent Assassin	Silent Assassin	he lazy
23:58:31	asss	Ruthless, Shikyo	Ruthless, Shikyo	ishi machi, you?
23:58:32	Me, skittz rule suna	Raditz	Raditz	to ikon
23:58:34	Me, skittz rule suna	Silent Assassin	Silent Assassin	troll
23:58:35	asss	Ruthless J	Ruthless J	kill cha
23:58:37	Me, skittz rule suna	Raditz	Raditz	kawwa
23:58:50	asss	Ruthless, Shikyo	Ruthless, Shikyo	make sure you dont do it till im on the screen
23:59:03	uyguh	Zix	Zix	si
23:59:06	uyguh	Zix	Zix	pero neceisto dinero
23:59:11	Mist Ops	Kaguya Light	Kaguya Light	has misiones
23:59:14	uyguh	Zix	Zix	no puedo
23:59:16	uyguh	Zix	Zix	soy missing
23:59:20	Mist Ops	Kaguya Light	Kaguya Light	por?
23:59:27	Mist Ops	Kaguya Light	Kaguya Light	&gt;.&gt;
