21:05:58	Exteban	Exteban	hmm
21:06:04	Exteban	Exteban	use kawa plz
21:06:09	Cheewy	Cheewy	im going to try out a wof/gater/needlespammer like kyoshi
21:06:16	Hyuuga Crystal	Hyuuga Crystal	Exteban can you do something for me
21:06:26	Cheewy	Cheewy	dude
21:06:29	Exteban	Exteban	yh
21:06:30	Cheewy	Cheewy	why0.0
21:06:35	Exteban	Exteban	ik whats bugging
21:06:36	Cheewy	Cheewy	lol old kawa is fun
21:06:50	Cheewy	Cheewy	it isnt bugged it works the new kawa
21:07:00	Exteban	Exteban	ãfter you use kawa
21:07:04	Exteban	Exteban	you dont take dmg
21:07:06	Exteban	Exteban	ever again
21:07:11	Cheewy	Cheewy	oh shet
21:07:14	Exteban	Exteban	see
21:07:41	Cheewy	Cheewy	w8 give me lvl 100 and 1v1 me without kaw :P
21:07:46	Cheewy	Cheewy	or nvm fix the bug
21:07:52	Cheewy	Cheewy	how long it going to take
21:14:12	Cheewy	Cheewy	comeatme
21:20:18	Akimichi -Kyro	Akimichi -Kyro	Is Crystal the host? or are you hosting this from your comp?
21:20:51	Akimichi -Kyro	Akimichi -Kyro	So who are all the GMs?
21:20:57	Akimichi -Kyro	Akimichi -Kyro	I can Host
21:21:05	Exteban	Exteban	24/7 lagless?
21:21:13	Akimichi -Kyro	Akimichi -Kyro	Well actually I dont want too, gotta get a new laptop before I continue hosting.
21:21:18	Akimichi -Kyro	Akimichi -Kyro	Yeah I&#39;d have Zero lag
21:21:30	Akimichi -Kyro	Akimichi -Kyro	But this is already filled with enough files from some Byond codders.
21:21:43	Exteban	Exteban	hmm
21:21:52	Akimichi -Kyro	Akimichi -Kyro	Im getting an Alienware laptop soon.
21:22:34	Akimichi -Kyro	Akimichi -Kyro	So uhh, do missions give you a big boost of xp?
21:22:48	Exteban	Exteban	nope this is exactly like officials
21:22:52	Akimichi -Kyro	Akimichi -Kyro	Damn
21:22:59	Akimichi -Kyro	Akimichi -Kyro	I better start leveling then
21:23:06	Akimichi -Kyro	Akimichi -Kyro	Before more people begin to play lol
21:23:11	Exteban	Exteban	xD
21:23:20	Akimichi -Kyro	Akimichi -Kyro	Might aswell be a gen akimichi
21:23:25	Akimichi -Kyro	Akimichi -Kyro	Thanks.
21:24:17	Akimichi -Kyro	Akimichi -Kyro	Yeah, I think gen will be good for me
21:25:54	Cheewy	Cheewy	round of missions?
21:26:00	Akimichi -Kyro	Akimichi -Kyro	Sec
21:26:03	Akimichi -Kyro	Akimichi -Kyro	Doing my skills
21:28:54	Akimichi -Kyro	Akimichi -Kyro	Exte, you should add the arrow keys being as diagnols too.
21:29:11	Akimichi -Kyro	Akimichi -Kyro	Seeing as im on a laptop, its quite difficult for me to use diags.
21:31:13	Akimichi -Kyro	Akimichi -Kyro	Kill in cha
21:31:22	Cheewy	Cheewy	Your job is to Deliver a package to Maki who you can find at Cha no Kuni.
21:31:28	Cheewy	Cheewy	oh shet i grabbed D
21:31:32	Cheewy	Cheewy	2 cha
21:37:11	Cheewy	Cheewy	count
21:39:00	Cheewy	Cheewy	wtf was that
21:39:04	Akimichi -Kyro	Akimichi -Kyro	Idk
21:39:22	Akimichi -Kyro	Akimichi -Kyro	LOL
21:39:31	Cheewy	Cheewy	lol
