23:40:04	/squad	Yassrab	Yassrab	wth was that
23:42:03	/squad	Yassrab	Yassrab	brb
23:44:34	/squad	Yassrab	Yassrab	ou im laggin on this
23:45:01	/squad	Yassrab	Yassrab	old kawa?
23:45:32	/squad	Yassrab	Yassrab	Oh I see
23:45:47	/squad	Yassrab	Yassrab	is that poop in it too?
23:48:58	/squad	Yassrab	Yassrab	someone kill me
23:49:09	/squad	Yassrab	Yassrab	i wana see the jashin thing 
23:49:36	/squad	Yassrab	Yassrab	lemme get up now
23:49:42	/squad	Yassrab	Yassrab	lets see if i fall down
23:50:06	/squad	Yassrab	Yassrab	kk im good
23:50:32	/squad	Yassrab	Yassrab	I will
23:50:50	/squad	Yassrab	Yassrab	Estaban will have to give me a list of all the shiet he fixed
23:50:59	/squad	Yassrab	Yassrab	mhm
23:51:06	/squad	Yassrab	Yassrab	what could it bee
23:51:49	/squad	Yassrab	Yassrab	hit ,e
23:52:31	/squad	Yassrab	Yassrab	I did
23:53:12	/squad	Yassrab	Yassrab	c/d
23:53:21	/squad	Yassrab	Yassrab	now
23:56:48	/squad	Yassrab	Yassrab	fml
23:58:34	/squad	Yassrab	Yassrab	wth
