21:03:57	Konoha	Cheewy	&lt;3 lol
21:04:02	Konoha	Cheewy	&lt;&lt; akuma
21:04:17	Konoha	Cheewy	??
21:05:02	Konoha	Cheewy	what did you fix till now
21:06:33	Suna	Bloodtaster	Hm
21:08:03	Konoha	Exteban	about 5 mins i think
21:08:32	Konoha	Cheewy	Mmk
21:08:44	Konoha	Cheewy	but exte seriously
21:08:58	Konoha	Cheewy	are you doing preupdate or old kawa
21:09:11	Konoha	Exteban	pre update
21:09:42	Konoha	Cheewy	Meeh oke
21:10:04	Konoha	Cheewy	lol k
21:10:13	Suna	Bloodtaster	Edit mehh
21:10:21	Suna	Bloodtaster	Hm. should I make a capa?
21:10:48	Konoha	Cheewy	u gonna fix kawa bug right now?
21:10:53	Konoha	Exteban	yh
21:11:28	Suna	Bloodtaster	Meh, will take to long.
21:11:51	Konoha	Cheewy	what you mean
21:14:56	Konoha	Cheewy	you should give starter lvls since everyone lvl 1 hard to build up no A ranks missions and stuff
21:15:04	Konoha	Cheewy	just saying
21:15:05	Konoha	Exteban	i will
21:15:14	Konoha	Cheewy	^__^
21:15:15	Konoha	Exteban	just making people think im mean
21:15:16	Konoha	Cheewy	brb
21:15:19	Konoha	Cheewy	lololol
21:15:22	Konoha	Exteban	imma give lvl 31
21:15:25	Konoha	Exteban	&gt;.&lt;
21:15:27	Konoha	Cheewy	&lt;3
21:15:44	Konoha	Cheewy	Exte what you think is better
21:16:04	Konoha	Cheewy	Jashin with immortal penis stab/kunai spam | or kyoshi way
21:17:30	Konoha	Akimichi -Kyro	Teban?
21:17:41	Konoha	Akimichi -Kyro	Teban from officials?
21:18:08	Konoha	Exteban	yu
21:18:11	Konoha	Exteban	yh*
21:18:20	Konoha	Akimichi -Kyro	Sup, its me Seiryou
21:18:26	Konoha	Exteban	sup
21:18:32	Konoha	Akimichi -Kyro	I left suna on both my mains lol
21:18:50	Konoha	Akimichi -Kyro	Black mage and White mage seem to have a grip on suna so I was gunna get exiled
21:19:09	Konoha	Exteban	owner
21:19:21	Konoha	Akimichi -Kyro	This yours teban?
21:19:26	Konoha	Exteban	correct
21:19:31	Konoha	Akimichi -Kyro	Ahh
21:19:57	Konoha	Akimichi -Kyro	I saw bloodtaster on this so I thought I might give it a try
21:20:28	Konoha	Exteban	my pc
21:20:33	Konoha	Cheewy	btw exte should i whisp some ppl to join or do you want the game to be cleared up first
21:20:44	Konoha	Exteban	lemme fix this 1st
21:20:49	Konoha	Cheewy	aight
21:20:52	Konoha	Exteban	i need a host ...
21:21:20	Konoha	Cheewy	just page your whole friendlist 
21:22:13	Konoha	Exteban	*looks at list and sees 231 users*
21:22:15	Konoha	Exteban	sure
21:22:17	Konoha	Exteban	&gt;.&gt;
21:22:19	Konoha	Cheewy	lol
21:24:23	Konoha	Cheewy	oh shet i bet ppl gonna qq 
21:24:36	Konoha	Akimichi -Kyro	Yep.
21:24:36	Konoha	Exteban	why?
21:24:38	Konoha	Cheewy	im gonna needle whore/gate/rb/ctr spam
21:24:42	Konoha	Akimichi -Kyro	Lol
21:24:49	Konoha	Akimichi -Kyro	You a youth?
21:24:53	Konoha	Cheewy	Wof
21:25:01	Konoha	Akimichi -Kyro	Im thinking of making this a con/gen akimichi
21:25:03	Konoha	Akimichi -Kyro	3con3int
21:25:03	Konoha	Exteban	&lt;---needle/gate/rb/clone/ctr/full pp whore
21:25:06	Konoha	Akimichi -Kyro	MEdical
21:25:14	Konoha	Cheewy	lolol
21:25:19	Konoha	Akimichi -Kyro	Exte, how you gunna do kages?
21:25:20	Konoha	Cheewy	kyro
21:25:26	Konoha	Akimichi -Kyro	Yes Cheewy?
21:25:28	Konoha	Cheewy	seemd pretty good
21:25:30	Konoha	Hyuuga Crystal	Exteban I was goin to code you in
21:25:34	Konoha	Exteban	ill chose them has they win chuunins
21:25:44	Konoha	Akimichi -Kyro	Ya cheewy con/gen akimichi is op
21:25:46	Konoha	Exteban	Crystal i didnt ask to be coded in
21:28:35	Konoha	Exteban	akuma isnt movement a lil buggy?
21:28:42	Konoha	Exteban	or is just me
21:29:03	Konoha	Cheewy	just you i guess
21:29:09	Konoha	Cheewy	i had that 2 yesterday
21:29:15	Konoha	Exteban	hmm
21:29:16	Konoha	Cheewy	c
21:29:26	Konoha	Exteban	btw yesterday you guys were losing target?
21:29:32	Konoha	Cheewy	kyro come gate when you are ready
21:29:36	Konoha	Cheewy	yup
21:29:40	Konoha	Akimichi -Kyro	k
21:30:31	Konoha	Exteban	hmm
21:30:37	Konoha	Exteban	might have fixed it
21:30:37	Konoha	Akimichi -Kyro	Only thing that sucks about con/int akimichi
21:30:43	Konoha	Akimichi -Kyro	Is not being able to melee good
21:31:01	Konoha	Exteban	hmm
21:31:55	Konoha	Cheewy	btw exte found another bug
21:32:01	Konoha	Exteban	?
21:32:02	Konoha	Cheewy	when you are in a squad and you click map
21:32:13	Konoha	Cheewy	you are supposed to see your squad mate green but its blue
21:32:24	Konoha	Cheewy	so it might be confusing 2 blue dots dont know who you are
21:32:28	Konoha	Exteban	it used to be blue
21:32:33	Konoha	Exteban	o.o
21:32:37	Konoha	Cheewy	...
21:32:41	Konoha	Exteban	pre update didnt have green one
21:32:46	Konoha	Cheewy	ive been playing since 2009-2013
21:32:53	Konoha	Cheewy	2010
21:32:59	Konoha	Akimichi -Kyro	Hurry up Cheewy
21:33:01	Konoha	Cheewy	maybe this new goa got me all into it
21:33:02	Konoha	Akimichi -Kyro	&gt;.&gt;
21:33:26	Konoha	Akimichi -Kyro	Dang Exte
21:33:33	Konoha	Akimichi -Kyro	178 d-ranks already done.
21:33:51	Konoha	Cheewy	oh shet you broke a rule exte nanana
21:34:07	Konoha	Cheewy	Exteban: btw, imma wipe my char next, so people dont say i edit ... 
21:34:44	Konoha	Exteban	i broke a rule?
21:34:47	Konoha	Akimichi -Kyro	Hahaha pills are still op in this game
21:35:02	Konoha	Cheewy	yup
21:35:08	Konoha	Exteban	how? &gt;.&gt;
21:35:13	Konoha	Cheewy	i actually consider it a rule even tho you owner
21:35:19	Konoha	Cheewy	lolloolol
21:35:26	Konoha	Cheewy	You gained 1537 Level Points! ... Congratulations on completing your mission! You recieved 745.175 Dollars! ... 
21:35:27	Konoha	Exteban	owner isnt above the rules
21:35:32	Konoha	Cheewy	oh shet hella lot money
21:35:36	Konoha	Exteban	ugh need to nerf that cash
21:35:48	Konoha	Cheewy	*looks at kyro*
21:35:59	Konoha	Cheewy	**** we gotta spam mish right now
21:36:29	Konoha	Akimichi -Kyro	Im bout to go get something to eat lol
21:36:40	Konoha	Cheewy	mmk spar ?
21:36:41	Konoha	Akimichi -Kyro	So brb
21:36:45	Konoha	Akimichi -Kyro	Ahh sure
21:36:49	Konoha	Cheewy	west cha
21:37:12	Konoha	Akimichi -Kyro	3
21:37:13	Konoha	Akimichi -Kyro	2
21:37:14	Konoha	Akimichi -Kyro	1
21:37:16	Konoha	Akimichi -Kyro	Go!
21:37:18	Konoha	Cheewy	btw no kawa
21:37:20	Konoha	Cheewy	its bugged
21:37:35	Konoha	Cheewy	oh **** i already have the bug from b4
21:37:38	Konoha	Cheewy	let me relog
21:37:53	Konoha	Cheewy	1 sec relogging dont go
21:37:55	Konoha	Exteban	dont
21:38:09	Konoha	Cheewy	back
21:39:08	Konoha	Cheewy	exte did you do this 0.0
21:39:16	Konoha	Cheewy	Analyzed Cheewy: 0 Stamina -- 759 Chakra -- 1035 Wounds ... 
21:39:22	Konoha	Cheewy	maybe the kawa bug
21:39:23	Konoha	Exteban	hmm? no?
21:39:48	Konoha	Akimichi -Kyro	Ahh wtf
21:39:52	Konoha	Akimichi -Kyro	I died too.
21:40:00	Konoha	Akimichi -Kyro	Now im alive again
21:40:14	Konoha	Exteban	aww
21:40:17	Konoha	Cheewy	lol
21:40:19	Konoha	Exteban	isnt working on kyro
21:40:20	Konoha	Exteban	&gt;.&lt;
21:40:21	Konoha	Akimichi -Kyro	Maybe I shoulda been con/str
21:40:27	Konoha	Akimichi -Kyro	Im 2op4u
21:40:46	Konoha	Akimichi -Kyro	Crap Idk if I wanna be con/int or con/str
21:40:56	Konoha	Akimichi -Kyro	Ahh died again.
21:41:06	Konoha	Akimichi -Kyro	Now im back alive
21:41:26	Konoha	Cheewy	id say con/int capa healer
21:41:36	Konoha	Akimichi -Kyro	Im a con/int healer
21:41:43	Konoha	Exteban	use pills kyro
21:41:44	Konoha	Akimichi -Kyro	Maybe capa for the hp I guess
21:41:49	Konoha	Akimichi -Kyro	I did
21:41:57	Konoha	Exteban	use again
21:42:01	Konoha	Akimichi -Kyro	Not taking any wounds from them
